Log file open, 02/23/23 17:02:41
LogWindows: Failed to load 'aqProf.dll' (GetLastError=126)
LogWindows: File 'aqProf.dll' does not exist
LogWindows: Failed to load 'VtuneApi.dll' (GetLastError=126)
LogWindows: File 'VtuneApi.dll' does not exist
LogWindows: Failed to load 'VtuneApi32e.dll' (GetLastError=126)
LogWindows: File 'VtuneApi32e.dll' does not exist
LogConsoleResponse: Display: Failed to find resolution value strings in scalability ini. Falling back to default.
LogConsoleResponse: Display: Failed to find resolution value strings in scalability ini. Falling back to default.
LogInit: Display: Running engine for game: MyProject
LogPlatformFile: Not using cached read wrapper
LogTaskGraph: Started task graph with 5 named threads and 23 total threads with 3 sets of task threads.
LogStats: Stats thread started at 0.441663
LogICUInternationalization: ICU TimeZone Detection - Raw Offset: -3:00, Platform Override: ''
LogInit: Display: Loading text-based GConfig....
LogPluginManager: Mounting plugin MeshPainting
LogPluginManager: Mounting plugin XGEController
LogPluginManager: Mounting plugin Paper2D
LogPluginManager: Mounting plugin LiveLink
LogPluginManager: Mounting plugin AISupport
LogPluginManager: Mounting plugin EnvironmentQueryEditor
LogPluginManager: Mounting plugin LightPropagationVolume
LogPluginManager: Mounting plugin CameraShakePreviewer
LogPluginManager: Mounting plugin GameplayCameras
LogPluginManager: Mounting plugin OodleData
LogPluginManager: Mounting plugin DatasmithContent
LogPluginManager: Mounting plugin VariantManagerContent
LogPluginManager: Mounting plugin Niagara
LogPluginManager: Mounting plugin AlembicImporter
LogPluginManager: Mounting plugin AutomationUtils
LogPluginManager: Mounting plugin BackChannel
LogPluginManager: Mounting plugin ChaosClothEditor
LogPluginManager: Mounting plugin ChaosCloth
LogPluginManager: Mounting plugin AssetManagerEditor
LogPluginManager: Mounting plugin ChaosEditor
LogPluginManager: Mounting plugin AnimationSharing
LogPluginManager: Mounting plugin ChaosNiagara
LogPluginManager: Mounting plugin ChaosSolverPlugin
LogPluginManager: Mounting plugin CharacterAI
LogPluginManager: Mounting plugin CLionSourceCodeAccess
LogPluginManager: Mounting plugin CodeLiteSourceCodeAccess
LogPluginManager: Mounting plugin CryptoKeys
LogPluginManager: Mounting plugin GitSourceControl
LogPluginManager: Mounting plugin CurveEditorTools
LogPluginManager: Mounting plugin KDevelopSourceCodeAccess
LogPluginManager: Mounting plugin DataValidation
LogPluginManager: Mounting plugin FacialAnimation
LogPluginManager: Mounting plugin GeometryCollectionPlugin
LogPluginManager: Mounting plugin GeometryCache
LogPluginManager: Mounting plugin PerforceSourceControl
LogPluginManager: Mounting plugin PixWinPlugin
LogPluginManager: Mounting plugin PlasticSourceControl
LogPluginManager: Mounting plugin PluginUtils
LogPluginManager: Mounting plugin PropertyAccessNode
LogPluginManager: Mounting plugin RiderSourceCodeAccess
LogPluginManager: Mounting plugin SubversionSourceControl
LogPluginManager: Mounting plugin TextureFormatOodle
LogPluginManager: Mounting plugin GameplayTagsEditor
LogPluginManager: Mounting plugin UObjectPlugin
LogPluginManager: Mounting plugin GeometryMode
LogPluginManager: Mounting plugin MacGraphicsSwitching
LogPluginManager: Mounting plugin MaterialAnalyzer
LogPluginManager: Mounting plugin VisualStudioCodeSourceCodeAccess
LogPluginManager: Mounting plugin XCodeSourceCodeAccess
LogPluginManager: Mounting plugin VisualStudioSourceCodeAccess
LogPluginManager: Mounting plugin MobileLauncherProfileWizard
LogPluginManager: Mounting plugin PluginBrowser
LogPluginManager: Mounting plugin SpeedTreeImporter
LogPluginManager: Mounting plugin GeometryProcessing
LogPluginManager: Mounting plugin LuminPlatformFeatures
LogPluginManager: Mounting plugin MagicLeap
LogPluginManager: Mounting plugin MotoSynth
LogPluginManager: Mounting plugin MagicLeapLightEstimation
LogPluginManager: Mounting plugin PlatformCrypto
LogPluginManager: Mounting plugin ProxyLODPlugin
LogPluginManager: Mounting plugin PlanarCut
LogPluginManager: Mounting plugin PythonScriptPlugin
LogPluginManager: Mounting plugin MagicLeapPassableWorld
LogPluginManager: Mounting plugin MLSDK
LogPluginManager: Mounting plugin SkeletalReduction
LogPluginManager: Mounting plugin TcpMessaging
LogPluginManager: Mounting plugin UdpMessaging
LogPluginManager: Mounting plugin AndroidMedia
LogPluginManager: Mounting plugin AvfMedia
LogPluginManager: Mounting plugin MagicLeapMedia
LogPluginManager: Mounting plugin OpenImageDenoise
LogPluginManager: Mounting plugin ImgMedia
LogPluginManager: Mounting plugin MediaCompositing
LogPluginManager: Mounting plugin MediaPlayerEditor
LogPluginManager: Mounting plugin WmfMedia
LogPluginManager: Mounting plugin WebMMedia
LogPluginManager: Mounting plugin OnlineSubsystem
LogPluginManager: Mounting plugin OnlineSubsystemNull
LogPluginManager: Mounting plugin OnlineSubsystemUtils
LogPluginManager: Mounting plugin LauncherChunkInstaller
LogPluginManager: Mounting plugin ActorLayerUtilities
LogPluginManager: Mounting plugin AndroidDeviceProfileSelector
LogPluginManager: Mounting plugin AndroidMoviePlayer
LogPluginManager: Mounting plugin AndroidPermission
LogPluginManager: Mounting plugin AppleImageUtils
LogPluginManager: Mounting plugin AppleMoviePlayer
LogPluginManager: Mounting plugin AssetTags
LogPluginManager: Mounting plugin ArchVisCharacter
LogPluginManager: Mounting plugin AudioCapture
LogPluginManager: Mounting plugin AudioSynesthesia
LogPluginManager: Mounting plugin CustomMeshComponent
LogPluginManager: Mounting plugin CableComponent
LogPluginManager: Mounting plugin ChunkDownloader
LogPluginManager: Mounting plugin EditableMesh
LogPluginManager: Mounting plugin ExampleDeviceProfileSelector
LogPluginManager: Mounting plugin GoogleCloudMessaging
LogPluginManager: Mounting plugin GooglePAD
LogPluginManager: Mounting plugin IOSDeviceProfileSelector
LogPluginManager: Mounting plugin LinuxDeviceProfileSelector
LogPluginManager: Mounting plugin LocationServicesBPLibrary
LogPluginManager: Mounting plugin MobilePatchingUtils
LogPluginManager: Mounting plugin ScreenshotTools
LogPluginManager: Mounting plugin ActorSequence
LogPluginManager: Mounting plugin OpenXR
LogPluginManager: Mounting plugin OpenXREyeTracker
LogPluginManager: Mounting plugin LevelSequenceEditor
LogPluginManager: Mounting plugin OpenXRHandTracking
LogPluginManager: Mounting plugin MatineeToLevelSequence
LogPluginManager: Mounting plugin TemplateSequence
LogPluginManager: Mounting plugin PhysXVehicles
LogPluginManager: Mounting plugin PostSplashScreen
LogPluginManager: Mounting plugin ProceduralMeshComponent
LogPluginManager: Mounting plugin PropertyAccessEditor
LogPluginManager: Mounting plugin SoundFields
LogPluginManager: Mounting plugin SignificanceManager
LogPluginManager: Mounting plugin Synthesis
LogPluginManager: Mounting plugin RuntimePhysXCooking
LogPluginManager: Mounting plugin WebMMoviePlayer
LogPluginManager: Mounting plugin WindowsMoviePlayer
LogPluginManager: Mounting plugin Takes
LogPluginManager: Mounting plugin OodleNetwork
LogPluginManager: Mounting plugin NullSourceCodeAccess
LogPluginManager: Mounting plugin ContentBrowserAssetDataSource
LogPluginManager: Mounting plugin ContentBrowserClassDataSource
LogPluginManager: Mounting plugin ContentBrowserFileDataSource
LogPluginManager: Mounting plugin OnlineSubsystemGooglePlay
LogPluginManager: Mounting plugin OnlineSubsystemIOS
LogPluginManager: Mounting plugin OculusVR
LogPluginManager: Mounting plugin SteamVR
PixWinPlugin: PIX capture plugin failed to initialize! Check that the process is launched from PIX.
LogInit: Using libcurl 7.55.1-DEV
LogInit:  - built for x86_64-pc-win32
LogInit:  - supports SSL with OpenSSL/1.1.1
LogInit:  - supports HTTP deflate (compression) using libz 1.2.8
LogInit:  - other features:
LogInit:      CURL_VERSION_SSL
LogInit:      CURL_VERSION_LIBZ
LogInit:      CURL_VERSION_IPV6
LogInit:      CURL_VERSION_ASYNCHDNS
LogInit:      CURL_VERSION_LARGEFILE
LogInit:      CURL_VERSION_IDN
LogInit:  CurlRequestOptions (configurable via config and command line):
LogInit:  - bVerifyPeer = true  - Libcurl will verify peer certificate
LogInit:  - bUseHttpProxy = false  - Libcurl will NOT use HTTP proxy
LogInit:  - bDontReuseConnections = false  - Libcurl will reuse connections
LogInit:  - MaxHostConnections = 16  - Libcurl will limit the number of connections to a host
LogInit:  - LocalHostAddr = Default
LogInit:  - BufferSize = 65536
LogOnline: OSS: Creating online subsystem instance for: NULL
LogInit: WinSock: version 1.1 (2.2), MaxSocks=32767, MaxUdp=65467
LogOnline: OSS: TryLoadSubsystemAndSetDefault: Loaded subsystem for module [NULL]
LogOculusPluginWrapper: OculusPlugin initialized successfully
LogHMD: Failed initializing OVRPlugin 1.59.0
LogInit: Build: ++UE4+Release-4.27-CL-18319896
LogInit: Engine Version: 4.27.2-18319896+++UE4+Release-4.27
LogInit: Compatible Engine Version: 4.27.0-17155196+++UE4+Release-4.27
LogInit: Net CL: 17155196
LogInit: OS: Windows 10 (Release 2009) (), CPU: Intel(R) Core(TM) i7-7820HK CPU @ 2.90GHz, GPU: NVIDIA GeForce GTX 1080
LogInit: Compiled (64-bit): Nov 30 2021 07:12:08
LogInit: Compiled with Visual C++: 19.24.28315.00
LogInit: Build Configuration: Development
LogInit: Branch Name: ++UE4+Release-4.27
LogInit: Command Line:  -skipcompile
LogInit: Base Directory: C:/Program Files/Epic Games/UE_4.27/Engine/Binaries/Win64/
LogInit: Allocator: TBB
LogInit: Installed Engine Build: 1
LogDevObjectVersion: Number of dev versions registered: 29
LogDevObjectVersion:   Dev-Blueprints (B0D832E4-1F89-4F0D-ACCF-7EB736FD4AA2): 10
LogDevObjectVersion:   Dev-Build (E1C64328-A22C-4D53-A36C-8E866417BD8C): 0
LogDevObjectVersion:   Dev-Core (375EC13C-06E4-48FB-B500-84F0262A717E): 4
LogDevObjectVersion:   Dev-Editor (E4B068ED-F494-42E9-A231-DA0B2E46BB41): 40
LogDevObjectVersion:   Dev-Framework (CFFC743F-43B0-4480-9391-14DF171D2073): 37
LogDevObjectVersion:   Dev-Mobile (B02B49B5-BB20-44E9-A304-32B752E40360): 3
LogDevObjectVersion:   Dev-Networking (A4E4105C-59A1-49B5-A7C5-40C4547EDFEE): 0
LogDevObjectVersion:   Dev-Online (39C831C9-5AE6-47DC-9A44-9C173E1C8E7C): 0
LogDevObjectVersion:   Dev-Physics (78F01B33-EBEA-4F98-B9B4-84EACCB95AA2): 14
LogDevObjectVersion:   Dev-Platform (6631380F-2D4D-43E0-8009-CF276956A95A): 0
LogDevObjectVersion:   Dev-Rendering (12F88B9F-8875-4AFC-A67C-D90C383ABD29): 45
LogDevObjectVersion:   Dev-Sequencer (7B5AE74C-D270-4C10-A958-57980B212A5A): 13
LogDevObjectVersion:   Dev-VR (D7296918-1DD6-4BDD-9DE2-64A83CC13884): 3
LogDevObjectVersion:   Dev-LoadTimes (C2A15278-BFE7-4AFE-6C17-90FF531DF755): 1
LogDevObjectVersion:   Private-Geometry (6EACA3D4-40EC-4CC1-B786-8BED09428FC5): 3
LogDevObjectVersion:   Dev-AnimPhys (29E575DD-E0A3-4627-9D10-D276232CDCEA): 17
LogDevObjectVersion:   Dev-Anim (AF43A65D-7FD3-4947-9873-3E8ED9C1BB05): 15
LogDevObjectVersion:   Dev-ReflectionCapture (6B266CEC-1EC7-4B8F-A30B-E4D90942FC07): 1
LogDevObjectVersion:   Dev-Automation (0DF73D61-A23F-47EA-B727-89E90C41499A): 1
LogDevObjectVersion:   FortniteMain (601D1886-AC64-4F84-AA16-D3DE0DEAC7D6): 47
LogDevObjectVersion:   FortniteRelease (E7086368-6B23-4C58-8439-1B7016265E91): 1
LogDevObjectVersion:   Dev-Enterprise (9DFFBCD6-494F-0158-E221-12823C92A888): 10
LogDevObjectVersion:   Dev-Niagara (F2AED0AC-9AFE-416F-8664-AA7FFA26D6FC): 1
LogDevObjectVersion:   Dev-Destruction (174F1F0B-B4C6-45A5-B13F-2EE8D0FB917D): 10
LogDevObjectVersion:   Dev-Physics-Ext (35F94A83-E258-406C-A318-09F59610247C): 41
LogDevObjectVersion:   Dev-PhysicsMaterial-Chaos (B68FC16E-8B1B-42E2-B453-215C058844FE): 1
LogDevObjectVersion:   Dev-CineCamera (B2E18506-4273-CFC2-A54E-F4BB758BBA07): 1
LogDevObjectVersion:   Dev-VirtualProduction (64F58936-FD1B-42BA-BA96-7289D5D0FA4E): 1
LogDevObjectVersion:   Dev-MediaFramework (6F0ED827-A609-4895-9C91-998D90180EA4): 2
LogInit: Presizing for max 25165824 objects, including 0 objects not considered by GC, pre-allocating 0 bytes for permanent pool.
LogConfig: Applying CVar settings from Section [/Script/Engine.StreamingSettings] File [C:/Users/beatriz.fulgencio/Documents/GitHub/Ue4-c-Course/MyProject/Saved/Config/Windows/Engine.ini]
LogConfig: Setting CVar [[s.MinBulkDataSizeForAsyncLoading:131072]]
LogConfig: Setting CVar [[s.AsyncLoadingThreadEnabled:0]]
LogConfig: Setting CVar [[s.EventDrivenLoaderEnabled:1]]
LogConfig: Setting CVar [[s.WarnIfTimeLimitExceeded:0]]
LogConfig: Setting CVar [[s.TimeLimitExceededMultiplier:1.5]]
LogConfig: Setting CVar [[s.TimeLimitExceededMinTime:0.005]]
LogConfig: Setting CVar [[s.UseBackgroundLevelStreaming:1]]
LogConfig: Setting CVar [[s.PriorityAsyncLoadingExtraTime:15.0]]
LogConfig: Setting CVar [[s.LevelStreamingActorsUpdateTimeLimit:5.0]]
LogConfig: Setting CVar [[s.PriorityLevelStreamingActorsUpdateExtraTime:5.0]]
LogConfig: Setting CVar [[s.LevelStreamingComponentsRegistrationGranularity:10]]
LogConfig: Setting CVar [[s.UnregisterComponentsTimeLimit:1.0]]
LogConfig: Setting CVar [[s.LevelStreamingComponentsUnregistrationGranularity:5]]
LogConfig: Setting CVar [[s.FlushStreamingOnExit:1]]
LogInit: Object subsystem initialized
LogConfig: Setting CVar [[con.DebugEarlyDefault:1]]
LogConfig: Setting CVar [[r.setres:1280x720]]
[2023.02.23-20.02.43:178][  0]LogConfig: Setting CVar [[r.VSync:0]]
[2023.02.23-20.02.43:178][  0]LogConfig: Setting CVar [[r.RHICmdBypass:0]]
[2023.02.23-20.02.43:178][  0]LogConfig: Applying CVar settings from Section [/Script/Engine.RendererSettings] File [C:/Users/beatriz.fulgencio/Documents/GitHub/Ue4-c-Course/MyProject/Saved/Config/Windows/Engine.ini]
[2023.02.23-20.02.43:178][  0]LogConfig: Setting CVar [[r.GPUCrashDebugging:0]]
[2023.02.23-20.02.43:178][  0]LogConfig: Applying CVar settings from Section [/Script/Engine.RendererOverrideSettings] File [C:/Users/beatriz.fulgencio/Documents/GitHub/Ue4-c-Course/MyProject/Saved/Config/Windows/Engine.ini]
[2023.02.23-20.02.43:179][  0]LogConfig: Applying CVar settings from Section [/Script/Engine.StreamingSettings] File [C:/Users/beatriz.fulgencio/Documents/GitHub/Ue4-c-Course/MyProject/Saved/Config/Windows/Engine.ini]
[2023.02.23-20.02.43:179][  0]LogConfig: Setting CVar [[s.MinBulkDataSizeForAsyncLoading:131072]]
[2023.02.23-20.02.43:179][  0]LogConfig: Setting CVar [[s.AsyncLoadingThreadEnabled:0]]
[2023.02.23-20.02.43:179][  0]LogConfig: Setting CVar [[s.EventDrivenLoaderEnabled:1]]
[2023.02.23-20.02.43:179][  0]LogConfig: Setting CVar [[s.WarnIfTimeLimitExceeded:0]]
[2023.02.23-20.02.43:179][  0]LogConfig: Setting CVar [[s.TimeLimitExceededMultiplier:1.5]]
[2023.02.23-20.02.43:179][  0]LogConfig: Setting CVar [[s.TimeLimitExceededMinTime:0.005]]
[2023.02.23-20.02.43:179][  0]LogConfig: Setting CVar [[s.UseBackgroundLevelStreaming:1]]
[2023.02.23-20.02.43:179][  0]LogConfig: Setting CVar [[s.PriorityAsyncLoadingExtraTime:15.0]]
[2023.02.23-20.02.43:179][  0]LogConfig: Setting CVar [[s.LevelStreamingActorsUpdateTimeLimit:5.0]]
[2023.02.23-20.02.43:179][  0]LogConfig: Setting CVar [[s.PriorityLevelStreamingActorsUpdateExtraTime:5.0]]
[2023.02.23-20.02.43:179][  0]LogConfig: Setting CVar [[s.LevelStreamingComponentsRegistrationGranularity:10]]
[2023.02.23-20.02.43:179][  0]LogConfig: Setting CVar [[s.UnregisterComponentsTimeLimit:1.0]]
[2023.02.23-20.02.43:179][  0]LogConfig: Setting CVar [[s.LevelStreamingComponentsUnregistrationGranularity:5]]
[2023.02.23-20.02.43:179][  0]LogConfig: Setting CVar [[s.FlushStreamingOnExit:1]]
[2023.02.23-20.02.43:179][  0]LogConfig: Applying CVar settings from Section [/Script/Engine.GarbageCollectionSettings] File [C:/Users/beatriz.fulgencio/Documents/GitHub/Ue4-c-Course/MyProject/Saved/Config/Windows/Engine.ini]
[2023.02.23-20.02.43:179][  0]LogConfig: Setting CVar [[gc.MaxObjectsNotConsideredByGC:1]]
[2023.02.23-20.02.43:180][  0]LogConfig: Setting CVar [[gc.SizeOfPermanentObjectPool:0]]
[2023.02.23-20.02.43:180][  0]LogConfig: Setting CVar [[gc.FlushStreamingOnGC:0]]
[2023.02.23-20.02.43:180][  0]LogConfig: Setting CVar [[gc.NumRetriesBeforeForcingGC:10]]
[2023.02.23-20.02.43:180][  0]LogConfig: Setting CVar [[gc.AllowParallelGC:1]]
[2023.02.23-20.02.43:180][  0]LogConfig: Setting CVar [[gc.TimeBetweenPurgingPendingKillObjects:61.1]]
[2023.02.23-20.02.43:180][  0]LogConfig: Setting CVar [[gc.MaxObjectsInEditor:25165824]]
[2023.02.23-20.02.43:180][  0]LogConfig: Setting CVar [[gc.IncrementalBeginDestroyEnabled:1]]
[2023.02.23-20.02.43:180][  0]LogConfig: Setting CVar [[gc.CreateGCClusters:1]]
[2023.02.23-20.02.43:180][  0]LogConfig: Setting CVar [[gc.MinGCClusterSize:5]]
[2023.02.23-20.02.43:180][  0]LogConfig: Setting CVar [[gc.ActorClusteringEnabled:0]]
[2023.02.23-20.02.43:180][  0]LogConfig: Setting CVar [[gc.BlueprintClusteringEnabled:0]]
[2023.02.23-20.02.43:180][  0]LogConfig: Setting CVar [[gc.UseDisregardForGCOnDedicatedServers:0]]
[2023.02.23-20.02.43:180][  0]LogConfig: Setting CVar [[gc.MultithreadedDestructionEnabled:1]]
[2023.02.23-20.02.43:180][  0]LogConfig: Applying CVar settings from Section [/Script/Engine.NetworkSettings] File [C:/Users/beatriz.fulgencio/Documents/GitHub/Ue4-c-Course/MyProject/Saved/Config/Windows/Engine.ini]
[2023.02.23-20.02.43:180][  0]LogConfig: Applying CVar settings from Section [/Script/UnrealEd.CookerSettings] File [C:/Users/beatriz.fulgencio/Documents/GitHub/Ue4-c-Course/MyProject/Saved/Config/Windows/Engine.ini]
[2023.02.23-20.02.43:203][  0]LogConfig: Applying CVar settings from Section [ViewDistanceQuality@3] File [C:/Users/beatriz.fulgencio/Documents/GitHub/Ue4-c-Course/MyProject/Saved/Config/Windows/Scalability.ini]
[2023.02.23-20.02.43:203][  0]LogConfig: Setting CVar [[r.SkeletalMeshLODBias:0]]
[2023.02.23-20.02.43:203][  0]LogConfig: Setting CVar [[r.ViewDistanceScale:1.0]]
[2023.02.23-20.02.43:203][  0]LogConfig: Applying CVar settings from Section [AntiAliasingQuality@3] File [C:/Users/beatriz.fulgencio/Documents/GitHub/Ue4-c-Course/MyProject/Saved/Config/Windows/Scalability.ini]
[2023.02.23-20.02.43:203][  0]LogConfig: Setting CVar [[r.PostProcessAAQuality:4]]
[2023.02.23-20.02.43:203][  0]LogConfig: Applying CVar settings from Section [ShadowQuality@3] File [C:/Users/beatriz.fulgencio/Documents/GitHub/Ue4-c-Course/MyProject/Saved/Config/Windows/Scalability.ini]
[2023.02.23-20.02.43:203][  0]LogConfig: Setting CVar [[r.LightFunctionQuality:1]]
[2023.02.23-20.02.43:203][  0]LogConfig: Setting CVar [[r.ShadowQuality:5]]
[2023.02.23-20.02.43:203][  0]LogConfig: Setting CVar [[r.Shadow.CSM.MaxCascades:10]]
[2023.02.23-20.02.43:203][  0]LogConfig: Setting CVar [[r.Shadow.MaxResolution:2048]]
[2023.02.23-20.02.43:204][  0]LogConfig: Setting CVar [[r.Shadow.MaxCSMResolution:2048]]
[2023.02.23-20.02.43:204][  0]LogConfig: Setting CVar [[r.Shadow.RadiusThreshold:0.01]]
[2023.02.23-20.02.43:204][  0]LogConfig: Setting CVar [[r.Shadow.DistanceScale:1.0]]
[2023.02.23-20.02.43:204][  0]LogConfig: Setting CVar [[r.Shadow.CSM.TransitionScale:1.0]]
[2023.02.23-20.02.43:204][  0]LogConfig: Setting CVar [[r.Shadow.PreShadowResolutionFactor:1.0]]
[2023.02.23-20.02.43:204][  0]LogConfig: Setting CVar [[r.DistanceFieldShadowing:1]]
[2023.02.23-20.02.43:204][  0]LogConfig: Setting CVar [[r.DistanceFieldAO:1]]
[2023.02.23-20.02.43:204][  0]LogConfig: Setting CVar [[r.AOQuality:2]]
[2023.02.23-20.02.43:204][  0]LogConfig: Setting CVar [[r.VolumetricFog:1]]
[2023.02.23-20.02.43:204][  0]LogConfig: Setting CVar [[r.VolumetricFog.GridPixelSize:8]]
[2023.02.23-20.02.43:204][  0]LogConfig: Setting CVar [[r.VolumetricFog.GridSizeZ:128]]
[2023.02.23-20.02.43:204][  0]LogConfig: Setting CVar [[r.VolumetricFog.HistoryMissSupersampleCount:4]]
[2023.02.23-20.02.43:204][  0]LogConfig: Setting CVar [[r.LightMaxDrawDistanceScale:1]]
[2023.02.23-20.02.43:204][  0]LogConfig: Setting CVar [[r.CapsuleShadows:1]]
[2023.02.23-20.02.43:204][  0]LogConfig: Applying CVar settings from Section [PostProcessQuality@3] File [C:/Users/beatriz.fulgencio/Documents/GitHub/Ue4-c-Course/MyProject/Saved/Config/Windows/Scalability.ini]
[2023.02.23-20.02.43:204][  0]LogConfig: Setting CVar [[r.MotionBlurQuality:4]]
[2023.02.23-20.02.43:204][  0]LogConfig: Setting CVar [[r.AmbientOcclusionMipLevelFactor:0.4]]
[2023.02.23-20.02.43:204][  0]LogConfig: Setting CVar [[r.AmbientOcclusionMaxQuality:100]]
[2023.02.23-20.02.43:204][  0]LogConfig: Setting CVar [[r.AmbientOcclusionLevels:-1]]
[2023.02.23-20.02.43:205][  0]LogConfig: Setting CVar [[r.AmbientOcclusionRadiusScale:1.0]]
[2023.02.23-20.02.43:205][  0]LogConfig: Setting CVar [[r.DepthOfFieldQuality:2]]
[2023.02.23-20.02.43:205][  0]LogConfig: Setting CVar [[r.RenderTargetPoolMin:400]]
[2023.02.23-20.02.43:205][  0]LogConfig: Setting CVar [[r.LensFlareQuality:2]]
[2023.02.23-20.02.43:205][  0]LogConfig: Setting CVar [[r.SceneColorFringeQuality:1]]
[2023.02.23-20.02.43:205][  0]LogConfig: Setting CVar [[r.EyeAdaptationQuality:2]]
[2023.02.23-20.02.43:205][  0]LogConfig: Setting CVar [[r.BloomQuality:5]]
[2023.02.23-20.02.43:205][  0]LogConfig: Setting CVar [[r.FastBlurThreshold:100]]
[2023.02.23-20.02.43:205][  0]LogConfig: Setting CVar [[r.Upscale.Quality:3]]
[2023.02.23-20.02.43:205][  0]LogConfig: Setting CVar [[r.Tonemapper.GrainQuantization:1]]
[2023.02.23-20.02.43:205][  0]LogConfig: Setting CVar [[r.LightShaftQuality:1]]
[2023.02.23-20.02.43:205][  0]LogConfig: Setting CVar [[r.Filter.SizeScale:1]]
[2023.02.23-20.02.43:205][  0]LogConfig: Setting CVar [[r.Tonemapper.Quality:5]]
[2023.02.23-20.02.43:205][  0]LogConfig: Setting CVar [[r.DOF.Gather.AccumulatorQuality:1        ; higher gathering accumulator quality]]
[2023.02.23-20.02.43:205][  0]LogConfig: Setting CVar [[r.DOF.Gather.PostfilterMethod:1          ; Median3x3 postfilering method]]
[2023.02.23-20.02.43:205][  0]LogConfig: Setting CVar [[r.DOF.Gather.EnableBokehSettings:0       ; no bokeh simulation when gathering]]
[2023.02.23-20.02.43:205][  0]LogConfig: Setting CVar [[r.DOF.Gather.RingCount:4                 ; medium number of samples when gathering]]
[2023.02.23-20.02.43:205][  0]LogConfig: Setting CVar [[r.DOF.Scatter.ForegroundCompositing:1    ; additive foreground scattering]]
[2023.02.23-20.02.43:205][  0]LogConfig: Setting CVar [[r.DOF.Scatter.BackgroundCompositing:2    ; additive background scattering]]
[2023.02.23-20.02.43:206][  0]LogConfig: Setting CVar [[r.DOF.Scatter.EnableBokehSettings:1      ; bokeh simulation when scattering]]
[2023.02.23-20.02.43:206][  0]LogConfig: Setting CVar [[r.DOF.Scatter.MaxSpriteRatio:0.1         ; only a maximum of 10% of scattered bokeh]]
[2023.02.23-20.02.43:206][  0]LogConfig: Setting CVar [[r.DOF.Recombine.Quality:1                ; cheap slight out of focus]]
[2023.02.23-20.02.43:206][  0]LogConfig: Setting CVar [[r.DOF.Recombine.EnableBokehSettings:0    ; no bokeh simulation on slight out of focus]]
[2023.02.23-20.02.43:206][  0]LogConfig: Setting CVar [[r.DOF.TemporalAAQuality:1                ; more stable temporal accumulation]]
[2023.02.23-20.02.43:206][  0]LogConfig: Setting CVar [[r.DOF.Kernel.MaxForegroundRadius:0.025]]
[2023.02.23-20.02.43:206][  0]LogConfig: Setting CVar [[r.DOF.Kernel.MaxBackgroundRadius:0.025]]
[2023.02.23-20.02.43:206][  0]LogConfig: Applying CVar settings from Section [TextureQuality@3] File [C:/Users/beatriz.fulgencio/Documents/GitHub/Ue4-c-Course/MyProject/Saved/Config/Windows/Scalability.ini]
[2023.02.23-20.02.43:206][  0]LogConfig: Setting CVar [[r.Streaming.MipBias:0]]
[2023.02.23-20.02.43:206][  0]LogConfig: Setting CVar [[r.Streaming.AmortizeCPUToGPUCopy:0]]
[2023.02.23-20.02.43:206][  0]LogConfig: Setting CVar [[r.Streaming.MaxNumTexturesToStreamPerFrame:0]]
[2023.02.23-20.02.43:206][  0]LogConfig: Setting CVar [[r.Streaming.Boost:1]]
[2023.02.23-20.02.43:206][  0]LogConfig: Setting CVar [[r.MaxAnisotropy:8]]
[2023.02.23-20.02.43:206][  0]LogConfig: Setting CVar [[r.VT.MaxAnisotropy:8]]
[2023.02.23-20.02.43:206][  0]LogConfig: Setting CVar [[r.Streaming.LimitPoolSizeToVRAM:0]]
[2023.02.23-20.02.43:206][  0]LogConfig: Setting CVar [[r.Streaming.PoolSize:1000]]
[2023.02.23-20.02.43:206][  0]LogConfig: Setting CVar [[r.Streaming.MaxEffectiveScreenSize:0]]
[2023.02.23-20.02.43:206][  0]LogConfig: Applying CVar settings from Section [EffectsQuality@3] File [C:/Users/beatriz.fulgencio/Documents/GitHub/Ue4-c-Course/MyProject/Saved/Config/Windows/Scalability.ini]
[2023.02.23-20.02.43:206][  0]LogConfig: Setting CVar [[r.TranslucencyLightingVolumeDim:64]]
[2023.02.23-20.02.43:207][  0]LogConfig: Setting CVar [[r.RefractionQuality:2]]
[2023.02.23-20.02.43:207][  0]LogConfig: Setting CVar [[r.SSR.Quality:3]]
[2023.02.23-20.02.43:207][  0]LogConfig: Setting CVar [[r.SSR.HalfResSceneColor:0]]
[2023.02.23-20.02.43:207][  0]LogConfig: Setting CVar [[r.SceneColorFormat:4]]
[2023.02.23-20.02.43:207][  0]LogConfig: Setting CVar [[r.DetailMode:2]]
[2023.02.23-20.02.43:207][  0]LogConfig: Setting CVar [[r.TranslucencyVolumeBlur:1]]
[2023.02.23-20.02.43:207][  0]LogConfig: Setting CVar [[r.MaterialQualityLevel:1 ; High quality]]
[2023.02.23-20.02.43:207][  0]LogConfig: Setting CVar [[r.AnisotropicMaterials:1]]
[2023.02.23-20.02.43:207][  0]LogConfig: Setting CVar [[r.SSS.Scale:1]]
[2023.02.23-20.02.43:207][  0]LogConfig: Setting CVar [[r.SSS.SampleSet:2]]
[2023.02.23-20.02.43:207][  0]LogConfig: Setting CVar [[r.SSS.Quality:1]]
[2023.02.23-20.02.43:207][  0]LogConfig: Setting CVar [[r.SSS.HalfRes:0]]
[2023.02.23-20.02.43:207][  0]LogConfig: Setting CVar [[r.SSGI.Quality:3]]
[2023.02.23-20.02.43:207][  0]LogConfig: Setting CVar [[r.EmitterSpawnRateScale:1.0]]
[2023.02.23-20.02.43:207][  0]LogConfig: Setting CVar [[r.ParticleLightQuality:2]]
[2023.02.23-20.02.43:207][  0]LogConfig: Setting CVar [[r.SkyAtmosphere.AerialPerspectiveLUT.FastApplyOnOpaque:1 ; Always have FastSkyLUT 1 in this case to avoid wrong sky]]
[2023.02.23-20.02.43:207][  0]LogConfig: Setting CVar [[r.SkyAtmosphere.AerialPerspectiveLUT.SampleCountMaxPerSlice:4]]
[2023.02.23-20.02.43:207][  0]LogConfig: Setting CVar [[r.SkyAtmosphere.AerialPerspectiveLUT.DepthResolution:16.0]]
[2023.02.23-20.02.43:207][  0]LogConfig: Setting CVar [[r.SkyAtmosphere.FastSkyLUT:1]]
[2023.02.23-20.02.43:207][  0]LogConfig: Setting CVar [[r.SkyAtmosphere.FastSkyLUT.SampleCountMin:4.0]]
[2023.02.23-20.02.43:208][  0]LogConfig: Setting CVar [[r.SkyAtmosphere.FastSkyLUT.SampleCountMax:128.0]]
[2023.02.23-20.02.43:208][  0]LogConfig: Setting CVar [[r.SkyAtmosphere.SampleCountMin:4.0]]
[2023.02.23-20.02.43:208][  0]LogConfig: Setting CVar [[r.SkyAtmosphere.SampleCountMax:128.0]]
[2023.02.23-20.02.43:208][  0]LogConfig: Setting CVar [[r.SkyAtmosphere.TransmittanceLUT.UseSmallFormat:0]]
[2023.02.23-20.02.43:208][  0]LogConfig: Setting CVar [[r.SkyAtmosphere.TransmittanceLUT.SampleCount:10.0]]
[2023.02.23-20.02.43:208][  0]LogConfig: Setting CVar [[r.SkyAtmosphere.MultiScatteringLUT.SampleCount:15.0]]
[2023.02.23-20.02.43:208][  0]LogConfig: Setting CVar [[r.SkyLight.RealTimeReflectionCapture:1]]
[2023.02.23-20.02.43:208][  0]LogConfig: Applying CVar settings from Section [FoliageQuality@3] File [C:/Users/beatriz.fulgencio/Documents/GitHub/Ue4-c-Course/MyProject/Saved/Config/Windows/Scalability.ini]
[2023.02.23-20.02.43:208][  0]LogConfig: Setting CVar [[foliage.DensityScale:1.0]]
[2023.02.23-20.02.43:208][  0]LogConfig: Setting CVar [[grass.DensityScale:1.0]]
[2023.02.23-20.02.43:208][  0]LogConfig: Applying CVar settings from Section [ShadingQuality@3] File [C:/Users/beatriz.fulgencio/Documents/GitHub/Ue4-c-Course/MyProject/Saved/Config/Windows/Scalability.ini]
[2023.02.23-20.02.43:208][  0]LogConfig: Setting CVar [[r.HairStrands.SkyLighting.IntegrationType:2]]
[2023.02.23-20.02.43:208][  0]LogConfig: Setting CVar [[r.HairStrands.SkyAO.SampleCount:4]]
[2023.02.23-20.02.43:208][  0]LogConfig: Setting CVar [[r.HairStrands.Visibility.MSAA.SamplePerPixel:4]]
[2023.02.23-20.02.43:208][  0]LogInit: Selected Device Profile: [Windows]
[2023.02.23-20.02.43:208][  0]LogInit: Applying CVar settings loaded from the selected device profile: [Windows]
[2023.02.23-20.02.43:209][  0]LogHAL: Display: Platform has ~ 24 GB [25706741760 / 34359738368 / 24], which maps to Larger [LargestMinGB=32, LargerMinGB=12, DefaultMinGB=8, SmallerMinGB=6, SmallestMinGB=0)
[2023.02.23-20.02.43:209][  0]LogInit: Going up to parent DeviceProfile []
[2023.02.23-20.02.43:209][  0]LogConfig: Applying CVar settings from Section [ViewDistanceQuality@3] File [C:/Users/beatriz.fulgencio/Documents/GitHub/Ue4-c-Course/MyProject/Saved/Config/Windows/Scalability.ini]
[2023.02.23-20.02.43:209][  0]LogConfig: Setting CVar [[r.SkeletalMeshLODBias:0]]
[2023.02.23-20.02.43:209][  0]LogConfig: Setting CVar [[r.ViewDistanceScale:1.0]]
[2023.02.23-20.02.43:209][  0]LogConfig: Applying CVar settings from Section [AntiAliasingQuality@3] File [C:/Users/beatriz.fulgencio/Documents/GitHub/Ue4-c-Course/MyProject/Saved/Config/Windows/Scalability.ini]
[2023.02.23-20.02.43:209][  0]LogConfig: Setting CVar [[r.PostProcessAAQuality:4]]
[2023.02.23-20.02.43:209][  0]LogConfig: Applying CVar settings from Section [ShadowQuality@3] File [C:/Users/beatriz.fulgencio/Documents/GitHub/Ue4-c-Course/MyProject/Saved/Config/Windows/Scalability.ini]
[2023.02.23-20.02.43:209][  0]LogConfig: Setting CVar [[r.LightFunctionQuality:1]]
[2023.02.23-20.02.43:209][  0]LogConfig: Setting CVar [[r.ShadowQuality:5]]
[2023.02.23-20.02.43:209][  0]LogConfig: Setting CVar [[r.Shadow.CSM.MaxCascades:10]]
[2023.02.23-20.02.43:209][  0]LogConfig: Setting CVar [[r.Shadow.MaxResolution:2048]]
[2023.02.23-20.02.43:209][  0]LogConfig: Setting CVar [[r.Shadow.MaxCSMResolution:2048]]
[2023.02.23-20.02.43:209][  0]LogConfig: Setting CVar [[r.Shadow.RadiusThreshold:0.01]]
[2023.02.23-20.02.43:209][  0]LogConfig: Setting CVar [[r.Shadow.DistanceScale:1.0]]
[2023.02.23-20.02.43:210][  0]LogConfig: Setting CVar [[r.Shadow.CSM.TransitionScale:1.0]]
[2023.02.23-20.02.43:210][  0]LogConfig: Setting CVar [[r.Shadow.PreShadowResolutionFactor:1.0]]
[2023.02.23-20.02.43:210][  0]LogConfig: Setting CVar [[r.DistanceFieldShadowing:1]]
[2023.02.23-20.02.43:210][  0]LogConfig: Setting CVar [[r.DistanceFieldAO:1]]
[2023.02.23-20.02.43:210][  0]LogConfig: Setting CVar [[r.AOQuality:2]]
[2023.02.23-20.02.43:210][  0]LogConfig: Setting CVar [[r.VolumetricFog:1]]
[2023.02.23-20.02.43:210][  0]LogConfig: Setting CVar [[r.VolumetricFog.GridPixelSize:8]]
[2023.02.23-20.02.43:210][  0]LogConfig: Setting CVar [[r.VolumetricFog.GridSizeZ:128]]
[2023.02.23-20.02.43:210][  0]LogConfig: Setting CVar [[r.VolumetricFog.HistoryMissSupersampleCount:4]]
[2023.02.23-20.02.43:210][  0]LogConfig: Setting CVar [[r.LightMaxDrawDistanceScale:1]]
[2023.02.23-20.02.43:210][  0]LogConfig: Setting CVar [[r.CapsuleShadows:1]]
[2023.02.23-20.02.43:210][  0]LogConfig: Applying CVar settings from Section [PostProcessQuality@3] File [C:/Users/beatriz.fulgencio/Documents/GitHub/Ue4-c-Course/MyProject/Saved/Config/Windows/Scalability.ini]
[2023.02.23-20.02.43:210][  0]LogConfig: Setting CVar [[r.MotionBlurQuality:4]]
[2023.02.23-20.02.43:210][  0]LogConfig: Setting CVar [[r.AmbientOcclusionMipLevelFactor:0.4]]
[2023.02.23-20.02.43:210][  0]LogConfig: Setting CVar [[r.AmbientOcclusionMaxQuality:100]]
[2023.02.23-20.02.43:210][  0]LogConfig: Setting CVar [[r.AmbientOcclusionLevels:-1]]
[2023.02.23-20.02.43:211][  0]LogConfig: Setting CVar [[r.AmbientOcclusionRadiusScale:1.0]]
[2023.02.23-20.02.43:211][  0]LogConfig: Setting CVar [[r.DepthOfFieldQuality:2]]
[2023.02.23-20.02.43:211][  0]LogConfig: Setting CVar [[r.RenderTargetPoolMin:400]]
[2023.02.23-20.02.43:211][  0]LogConfig: Setting CVar [[r.LensFlareQuality:2]]
[2023.02.23-20.02.43:211][  0]LogConfig: Setting CVar [[r.SceneColorFringeQuality:1]]
[2023.02.23-20.02.43:211][  0]LogConfig: Setting CVar [[r.EyeAdaptationQuality:2]]
[2023.02.23-20.02.43:211][  0]LogConfig: Setting CVar [[r.BloomQuality:5]]
[2023.02.23-20.02.43:211][  0]LogConfig: Setting CVar [[r.FastBlurThreshold:100]]
[2023.02.23-20.02.43:211][  0]LogConfig: Setting CVar [[r.Upscale.Quality:3]]
[2023.02.23-20.02.43:211][  0]LogConfig: Setting CVar [[r.Tonemapper.GrainQuantization:1]]
[2023.02.23-20.02.43:211][  0]LogConfig: Setting CVar [[r.LightShaftQuality:1]]
[2023.02.23-20.02.43:211][  0]LogConfig: Setting CVar [[r.Filter.SizeScale:1]]
[2023.02.23-20.02.43:211][  0]LogConfig: Setting CVar [[r.Tonemapper.Quality:5]]
[2023.02.23-20.02.43:211][  0]LogConfig: Setting CVar [[r.DOF.Gather.AccumulatorQuality:1        ; higher gathering accumulator quality]]
[2023.02.23-20.02.43:211][  0]LogConfig: Setting CVar [[r.DOF.Gather.PostfilterMethod:1          ; Median3x3 postfilering method]]
[2023.02.23-20.02.43:211][  0]LogConfig: Setting CVar [[r.DOF.Gather.EnableBokehSettings:0       ; no bokeh simulation when gathering]]
[2023.02.23-20.02.43:211][  0]LogConfig: Setting CVar [[r.DOF.Gather.RingCount:4                 ; medium number of samples when gathering]]
[2023.02.23-20.02.43:212][  0]LogConfig: Setting CVar [[r.DOF.Scatter.ForegroundCompositing:1    ; additive foreground scattering]]
[2023.02.23-20.02.43:212][  0]LogConfig: Setting CVar [[r.DOF.Scatter.BackgroundCompositing:2    ; additive background scattering]]
[2023.02.23-20.02.43:212][  0]LogConfig: Setting CVar [[r.DOF.Scatter.EnableBokehSettings:1      ; bokeh simulation when scattering]]
[2023.02.23-20.02.43:212][  0]LogConfig: Setting CVar [[r.DOF.Scatter.MaxSpriteRatio:0.1         ; only a maximum of 10% of scattered bokeh]]
[2023.02.23-20.02.43:212][  0]LogConfig: Setting CVar [[r.DOF.Recombine.Quality:1                ; cheap slight out of focus]]
[2023.02.23-20.02.43:212][  0]LogConfig: Setting CVar [[r.DOF.Recombine.EnableBokehSettings:0    ; no bokeh simulation on slight out of focus]]
[2023.02.23-20.02.43:212][  0]LogConfig: Setting CVar [[r.DOF.TemporalAAQuality:1                ; more stable temporal accumulation]]
[2023.02.23-20.02.43:212][  0]LogConfig: Setting CVar [[r.DOF.Kernel.MaxForegroundRadius:0.025]]
[2023.02.23-20.02.43:212][  0]LogConfig: Setting CVar [[r.DOF.Kernel.MaxBackgroundRadius:0.025]]
[2023.02.23-20.02.43:212][  0]LogConfig: Applying CVar settings from Section [TextureQuality@3] File [C:/Users/beatriz.fulgencio/Documents/GitHub/Ue4-c-Course/MyProject/Saved/Config/Windows/Scalability.ini]
[2023.02.23-20.02.43:212][  0]LogConfig: Setting CVar [[r.Streaming.MipBias:0]]
[2023.02.23-20.02.43:212][  0]LogConfig: Setting CVar [[r.Streaming.AmortizeCPUToGPUCopy:0]]
[2023.02.23-20.02.43:212][  0]LogConfig: Setting CVar [[r.Streaming.MaxNumTexturesToStreamPerFrame:0]]
[2023.02.23-20.02.43:212][  0]LogConfig: Setting CVar [[r.Streaming.Boost:1]]
[2023.02.23-20.02.43:212][  0]LogConfig: Setting CVar [[r.MaxAnisotropy:8]]
[2023.02.23-20.02.43:212][  0]LogConfig: Setting CVar [[r.VT.MaxAnisotropy:8]]
[2023.02.23-20.02.43:213][  0]LogConfig: Setting CVar [[r.Streaming.LimitPoolSizeToVRAM:0]]
[2023.02.23-20.02.43:213][  0]LogConfig: Setting CVar [[r.Streaming.PoolSize:1000]]
[2023.02.23-20.02.43:213][  0]LogConfig: Setting CVar [[r.Streaming.MaxEffectiveScreenSize:0]]
[2023.02.23-20.02.43:213][  0]LogConfig: Applying CVar settings from Section [EffectsQuality@3] File [C:/Users/beatriz.fulgencio/Documents/GitHub/Ue4-c-Course/MyProject/Saved/Config/Windows/Scalability.ini]
[2023.02.23-20.02.43:213][  0]LogConfig: Setting CVar [[r.TranslucencyLightingVolumeDim:64]]
[2023.02.23-20.02.43:213][  0]LogConfig: Setting CVar [[r.RefractionQuality:2]]
[2023.02.23-20.02.43:213][  0]LogConfig: Setting CVar [[r.SSR.Quality:3]]
[2023.02.23-20.02.43:213][  0]LogConfig: Setting CVar [[r.SSR.HalfResSceneColor:0]]
[2023.02.23-20.02.43:213][  0]LogConfig: Setting CVar [[r.SceneColorFormat:4]]
[2023.02.23-20.02.43:213][  0]LogConfig: Setting CVar [[r.DetailMode:2]]
[2023.02.23-20.02.43:213][  0]LogConfig: Setting CVar [[r.TranslucencyVolumeBlur:1]]
[2023.02.23-20.02.43:213][  0]LogConfig: Setting CVar [[r.MaterialQualityLevel:1 ; High quality]]
[2023.02.23-20.02.43:213][  0]LogConfig: Setting CVar [[r.AnisotropicMaterials:1]]
[2023.02.23-20.02.43:213][  0]LogConfig: Setting CVar [[r.SSS.Scale:1]]
[2023.02.23-20.02.43:213][  0]LogConfig: Setting CVar [[r.SSS.SampleSet:2]]
[2023.02.23-20.02.43:213][  0]LogConfig: Setting CVar [[r.SSS.Quality:1]]
[2023.02.23-20.02.43:213][  0]LogConfig: Setting CVar [[r.SSS.HalfRes:0]]
[2023.02.23-20.02.43:214][  0]LogConfig: Setting CVar [[r.SSGI.Quality:3]]
[2023.02.23-20.02.43:214][  0]LogConfig: Setting CVar [[r.EmitterSpawnRateScale:1.0]]
[2023.02.23-20.02.43:214][  0]LogConfig: Setting CVar [[r.ParticleLightQuality:2]]
[2023.02.23-20.02.43:214][  0]LogConfig: Setting CVar [[r.SkyAtmosphere.AerialPerspectiveLUT.FastApplyOnOpaque:1 ; Always have FastSkyLUT 1 in this case to avoid wrong sky]]
[2023.02.23-20.02.43:214][  0]LogConfig: Setting CVar [[r.SkyAtmosphere.AerialPerspectiveLUT.SampleCountMaxPerSlice:4]]
[2023.02.23-20.02.43:214][  0]LogConfig: Setting CVar [[r.SkyAtmosphere.AerialPerspectiveLUT.DepthResolution:16.0]]
[2023.02.23-20.02.43:214][  0]LogConfig: Setting CVar [[r.SkyAtmosphere.FastSkyLUT:1]]
[2023.02.23-20.02.43:214][  0]LogConfig: Setting CVar [[r.SkyAtmosphere.FastSkyLUT.SampleCountMin:4.0]]
[2023.02.23-20.02.43:214][  0]LogConfig: Setting CVar [[r.SkyAtmosphere.FastSkyLUT.SampleCountMax:128.0]]
[2023.02.23-20.02.43:214][  0]LogConfig: Setting CVar [[r.SkyAtmosphere.SampleCountMin:4.0]]
[2023.02.23-20.02.43:214][  0]LogConfig: Setting CVar [[r.SkyAtmosphere.SampleCountMax:128.0]]
[2023.02.23-20.02.43:214][  0]LogConfig: Setting CVar [[r.SkyAtmosphere.TransmittanceLUT.UseSmallFormat:0]]
[2023.02.23-20.02.43:214][  0]LogConfig: Setting CVar [[r.SkyAtmosphere.TransmittanceLUT.SampleCount:10.0]]
[2023.02.23-20.02.43:214][  0]LogConfig: Setting CVar [[r.SkyAtmosphere.MultiScatteringLUT.SampleCount:15.0]]
[2023.02.23-20.02.43:214][  0]LogConfig: Setting CVar [[r.SkyLight.RealTimeReflectionCapture:1]]
[2023.02.23-20.02.43:214][  0]LogConfig: Applying CVar settings from Section [FoliageQuality@3] File [C:/Users/beatriz.fulgencio/Documents/GitHub/Ue4-c-Course/MyProject/Saved/Config/Windows/Scalability.ini]
[2023.02.23-20.02.43:215][  0]LogConfig: Setting CVar [[foliage.DensityScale:1.0]]
[2023.02.23-20.02.43:215][  0]LogConfig: Setting CVar [[grass.DensityScale:1.0]]
[2023.02.23-20.02.43:215][  0]LogConfig: Applying CVar settings from Section [ShadingQuality@3] File [C:/Users/beatriz.fulgencio/Documents/GitHub/Ue4-c-Course/MyProject/Saved/Config/Windows/Scalability.ini]
[2023.02.23-20.02.43:215][  0]LogConfig: Setting CVar [[r.HairStrands.SkyLighting.IntegrationType:2]]
[2023.02.23-20.02.43:215][  0]LogConfig: Setting CVar [[r.HairStrands.SkyAO.SampleCount:4]]
[2023.02.23-20.02.43:215][  0]LogConfig: Setting CVar [[r.HairStrands.Visibility.MSAA.SamplePerPixel:4]]
[2023.02.23-20.02.43:215][  0]LogConfig: Applying CVar settings from Section [Startup] File [../../../Engine/Config/ConsoleVariables.ini]
[2023.02.23-20.02.43:216][  0]LogConfig: Setting CVar [[net.UseAdaptiveNetUpdateFrequency:0]]
[2023.02.23-20.02.43:216][  0]LogConfig: Setting CVar [[p.chaos.AllowCreatePhysxBodies:1]]
[2023.02.23-20.02.43:216][  0]LogConfig: Setting CVar [[fx.SkipVectorVMBackendOptimizations:1]]
[2023.02.23-20.02.43:216][  0]LogConfig: Applying CVar settings from Section [ConsoleVariables] File [C:/Users/beatriz.fulgencio/Documents/GitHub/Ue4-c-Course/MyProject/Saved/Config/Windows/Engine.ini]
[2023.02.23-20.02.43:216][  0]LogConfig: Applying CVar settings from Section [ConsoleVariables] File [C:/Users/beatriz.fulgencio/Documents/GitHub/Ue4-c-Course/MyProject/Saved/Config/Windows/Editor.ini]
[2023.02.23-20.02.43:216][  0]LogInit: Computer: IMDESIGNS-BPC27
[2023.02.23-20.02.43:216][  0]LogInit: User: beatrizfulgencio
[2023.02.23-20.02.43:216][  0]LogInit: CPU Page size=4096, Cores=4
[2023.02.23-20.02.43:216][  0]LogInit: High frequency timer resolution =10.000000 MHz
[2023.02.23-20.02.43:217][  0]LogMemory: Memory total: Physical=23.9GB (24GB approx)
[2023.02.23-20.02.43:217][  0]LogMemory: Platform Memory Stats for Windows
[2023.02.23-20.02.43:217][  0]LogMemory: Process Physical Memory: 140.53 MB used, 140.53 MB peak
[2023.02.23-20.02.43:217][  0]LogMemory: Process Virtual Memory: 118.37 MB used, 118.37 MB peak
[2023.02.23-20.02.43:217][  0]LogMemory: Physical Memory: 11510.13 MB used,  13005.73 MB free, 24515.86 MB total
[2023.02.23-20.02.43:217][  0]LogMemory: Virtual Memory: 134174704.00 MB used,  43025.11 MB free, 134217728.00 MB total
[2023.02.23-20.02.43:235][  0]LogWindows: WindowsPlatformFeatures enabled
[2023.02.23-20.02.43:546][  0]LogInit: Physics initialised using underlying interface: PhysX
[2023.02.23-20.02.43:548][  0]LogInit: Using OS detected language (en-US).
[2023.02.23-20.02.43:548][  0]LogInit: Using OS detected locale (pt-BR).
[2023.02.23-20.02.43:552][  0]LogTextLocalizationManager: No specific localization for 'en-US' exists, so the 'en' localization will be used.
[2023.02.23-20.02.43:889][  0]LogInit: Setting process to per monitor DPI aware
[2023.02.23-20.02.43:950][  0]LogWindowsTextInputMethodSystem: Display: IME system deactivated.
[2023.02.23-20.02.44:017][  0]LogSlate: New Slate User Created.  User Index 0, Is Virtual User: 0
[2023.02.23-20.02.44:039][  0]LogSlate: Slate User Registered.  User Index 0, Is Virtual User: 0
[2023.02.23-20.02.44:267][  0]LogD3D11RHI: Loaded GFSDK_Aftermath_Lib.x64.dll
[2023.02.23-20.02.44:290][  0]LogHMD: Failed to initialize OpenVR with code 110
[2023.02.23-20.02.44:291][  0]LogD3D11RHI: D3D11 min allowed feature level: 11_0
[2023.02.23-20.02.44:291][  0]LogD3D11RHI: D3D11 max allowed feature level: 11_0
[2023.02.23-20.02.44:291][  0]LogD3D11RHI: D3D11 adapters:
[2023.02.23-20.02.44:498][  0]LogD3D11RHI:    0. 'NVIDIA GeForce GTX 1080' (Feature Level 11_0)
[2023.02.23-20.02.44:498][  0]LogD3D11RHI:       8079/0/12257 MB DedicatedVideo/DedicatedSystem/SharedSystem, Outputs:2, VendorId:0x10de
[2023.02.23-20.02.44:506][  0]LogD3D11RHI:    1. 'Microsoft Basic Render Driver' (Feature Level 11_0)
[2023.02.23-20.02.44:506][  0]LogD3D11RHI:       0/0/12257 MB DedicatedVideo/DedicatedSystem/SharedSystem, Outputs:0, VendorId:0x1414
[2023.02.23-20.02.44:506][  0]LogD3D11RHI: Chosen D3D11 Adapter:
[2023.02.23-20.02.44:506][  0]LogD3D11RHI:     Description : NVIDIA GeForce GTX 1080
[2023.02.23-20.02.44:506][  0]LogD3D11RHI:     VendorId    : 10de
[2023.02.23-20.02.44:506][  0]LogD3D11RHI:     DeviceId    : 1ba0
[2023.02.23-20.02.44:506][  0]LogD3D11RHI:     SubSysId    : 8375103c
[2023.02.23-20.02.44:506][  0]LogD3D11RHI:     Revision    : 00a1
[2023.02.23-20.02.44:506][  0]LogD3D11RHI:     DedicatedVideoMemory : 8471445504 bytes
[2023.02.23-20.02.44:506][  0]LogD3D11RHI:     DedicatedSystemMemory : 0 bytes
[2023.02.23-20.02.44:506][  0]LogD3D11RHI:     SharedSystemMemory : 12853370880 bytes
[2023.02.23-20.02.44:506][  0]LogD3D11RHI:     AdapterLuid : 0 73508
[2023.02.23-20.02.44:514][  0]LogD3D11RHI: Creating new Direct3DDevice
[2023.02.23-20.02.44:515][  0]LogD3D11RHI:     GPU DeviceId: 0x1ba0 (for the marketing name, search the web for "GPU Device Id")
[2023.02.23-20.02.44:515][  0]LogWindows: EnumDisplayDevices:
[2023.02.23-20.02.44:515][  0]LogWindows:    0. 'NVIDIA GeForce GTX 1080' (P:0 D:1)
[2023.02.23-20.02.44:515][  0]LogWindows:    1. 'NVIDIA GeForce GTX 1080' (P:1 D:1)
[2023.02.23-20.02.44:516][  0]LogWindows:    2. 'NVIDIA GeForce GTX 1080' (P:0 D:0)
[2023.02.23-20.02.44:516][  0]LogWindows:    3. 'NVIDIA GeForce GTX 1080' (P:0 D:0)
[2023.02.23-20.02.44:517][  0]LogWindows: DebugString: FoundDriverCount:4 
[2023.02.23-20.02.44:517][  0]LogD3D11RHI:     Adapter Name: NVIDIA GeForce GTX 1080
[2023.02.23-20.02.44:517][  0]LogD3D11RHI:   Driver Version: 511.65 (internal:30.0.15.1165, unified:511.65)
[2023.02.23-20.02.44:518][  0]LogD3D11RHI:      Driver Date: 1-28-2022
[2023.02.23-20.02.44:518][  0]LogRHI: Texture pool is 5655 MB (70% of 8079 MB)
[2023.02.23-20.02.44:518][  0]LogD3D11RHI: Creating D3DDevice using adapter:
[2023.02.23-20.02.44:518][  0]LogD3D11RHI:     Description : NVIDIA GeForce GTX 1080
[2023.02.23-20.02.44:518][  0]LogD3D11RHI:     VendorId    : 10de
[2023.02.23-20.02.44:518][  0]LogD3D11RHI:     DeviceId    : 1ba0
[2023.02.23-20.02.44:519][  0]LogD3D11RHI:     SubSysId    : 8375103c
[2023.02.23-20.02.44:519][  0]LogD3D11RHI:     Revision    : 00a1
[2023.02.23-20.02.44:519][  0]LogD3D11RHI:     DedicatedVideoMemory : 8471445504 bytes
[2023.02.23-20.02.44:522][  0]LogD3D11RHI:     DedicatedSystemMemory : 0 bytes
[2023.02.23-20.02.44:522][  0]LogD3D11RHI:     SharedSystemMemory : 12853370880 bytes
[2023.02.23-20.02.44:522][  0]LogD3D11RHI:     AdapterLuid : 0 73508
[2023.02.23-20.02.44:679][  0]LogD3D11RHI: RHI has support for 64 bit atomics
[2023.02.23-20.02.44:679][  0]LogD3D11RHI: Async texture creation enabled
[2023.02.23-20.02.44:680][  0]LogD3D11RHI: Array index from any shader is supported
[2023.02.23-20.02.44:704][  0]LogD3D11RHI: GPU Timing Frequency: 1000.000000 (Debug: 2 1)
[2023.02.23-20.02.44:796][  0]LogRHI: GeForceNow SDK initialized: 1
[2023.02.23-20.02.45:194][  0]LogTargetPlatformManager: Display: Loaded TargetPlatform 'AllDesktop'
[2023.02.23-20.02.45:226][  0]LogTargetPlatformManager: Display: Loaded TargetPlatform 'Android'
[2023.02.23-20.02.45:226][  0]LogTargetPlatformManager: Display: Loaded TargetPlatform 'Android_ASTC'
[2023.02.23-20.02.45:226][  0]LogTargetPlatformManager: Display: Loaded TargetPlatform 'Android_DXT'
[2023.02.23-20.02.45:226][  0]LogTargetPlatformManager: Display: Loaded TargetPlatform 'Android_ETC2'
[2023.02.23-20.02.45:226][  0]LogTargetPlatformManager: Display: Loaded TargetPlatform 'AndroidClient'
[2023.02.23-20.02.45:226][  0]LogTargetPlatformManager: Display: Loaded TargetPlatform 'Android_ASTCClient'
[2023.02.23-20.02.45:226][  0]LogTargetPlatformManager: Display: Loaded TargetPlatform 'Android_DXTClient'
[2023.02.23-20.02.45:226][  0]LogTargetPlatformManager: Display: Loaded TargetPlatform 'Android_ETC2Client'
[2023.02.23-20.02.45:226][  0]LogTargetPlatformManager: Display: Loaded TargetPlatform 'Android_Multi'
[2023.02.23-20.02.45:226][  0]LogTargetPlatformManager: Display: Loaded TargetPlatform 'Android_MultiClient'
[2023.02.23-20.02.45:258][  0]LogTargetPlatformManager: Display: Loaded TargetPlatform 'IOSClient'
[2023.02.23-20.02.45:258][  0]LogTargetPlatformManager: Display: Loaded TargetPlatform 'IOS'
[2023.02.23-20.02.45:274][  0]LogTargetPlatformManager: Display: Loaded TargetPlatform 'Linux'
[2023.02.23-20.02.45:281][  0]LogTargetPlatformManager: Display: Loaded TargetPlatform 'LinuxNoEditor'
[2023.02.23-20.02.45:290][  0]LogTargetPlatformManager: Display: Loaded TargetPlatform 'LinuxClient'
[2023.02.23-20.02.45:298][  0]LogTargetPlatformManager: Display: Loaded TargetPlatform 'LinuxServer'
[2023.02.23-20.02.45:313][  0]LogTargetPlatformManager: Display: Loaded TargetPlatform 'LinuxAArch64NoEditor'
[2023.02.23-20.02.45:321][  0]LogTargetPlatformManager: Display: Loaded TargetPlatform 'LinuxAArch64Client'
[2023.02.23-20.02.45:329][  0]LogTargetPlatformManager: Display: Loaded TargetPlatform 'LinuxAArch64Server'
[2023.02.23-20.02.45:368][  0]LogTargetPlatformManager: Display: Loaded TargetPlatform 'Lumin'
[2023.02.23-20.02.45:368][  0]LogTargetPlatformManager: Display: Loaded TargetPlatform 'LuminClient'
[2023.02.23-20.02.45:383][  0]LogTargetPlatformManager: Display: Loaded TargetPlatform 'MacNoEditor'
[2023.02.23-20.02.45:391][  0]LogTargetPlatformManager: Display: Loaded TargetPlatform 'Mac'
[2023.02.23-20.02.45:402][  0]LogTargetPlatformManager: Display: Loaded TargetPlatform 'MacClient'
[2023.02.23-20.02.45:412][  0]LogTargetPlatformManager: Display: Loaded TargetPlatform 'MacServer'
[2023.02.23-20.02.45:432][  0]LogTargetPlatformManager: Display: Loaded TargetPlatform 'TVOSClient'
[2023.02.23-20.02.45:432][  0]LogTargetPlatformManager: Display: Loaded TargetPlatform 'TVOS'
[2023.02.23-20.02.45:448][  0]LogTargetPlatformManager: Display: Loaded TargetPlatform 'WindowsNoEditor'
[2023.02.23-20.02.45:457][  0]LogTargetPlatformManager: Display: Loaded TargetPlatform 'Windows'
[2023.02.23-20.02.45:465][  0]LogTargetPlatformManager: Display: Loaded TargetPlatform 'WindowsClient'
[2023.02.23-20.02.45:474][  0]LogTargetPlatformManager: Display: Loaded TargetPlatform 'WindowsServer'
[2023.02.23-20.02.45:474][  0]LogTargetPlatformManager: Display: Building Assets For Windows
[2023.02.23-20.02.45:492][  0]LogAudioDebug: Display: Lib vorbis DLL was dynamically loaded.
[2023.02.23-20.02.45:563][  0]LogTextureFormatOodle: Display: Oodle Texture 2.9.0 init RDO Off
[2023.02.23-20.02.45:647][  0]LogRendererCore: Ray tracing is disabled. Reason: r.RayTracing=0.
[2023.02.23-20.02.45:648][  0]LogShaderCompilers: Guid format shader working directory is -23 characters bigger than the processId version (../../../../../../Users/beatriz.fulgencio/Documents/GitHub/Ue4-c-Course/MyProject/Intermediate/Shaders/WorkingDirectory/1156/).
[2023.02.23-20.02.45:648][  0]LogShaderCompilers: Cleaned the shader compiler working directory 'C:/Users/beatriz.fulgencio/AppData/Local/Temp/UnrealShaderWorkingDir/A724666C498DB70BCB0147B18BECE85C/'.
[2023.02.23-20.02.45:648][  0]LogXGEController: Cannot use XGE Controller as Incredibuild is not installed on this machine.
[2023.02.23-20.02.45:648][  0]LogShaderCompilers: Cannot use XGE Shader Compiler as Incredibuild is not installed on this machine.
[2023.02.23-20.02.45:649][  0]LogShaderCompilers: Display: Using Local Shader Compiler.
[2023.02.23-20.02.46:644][  0]LogDerivedDataCache: Display: Max Cache Size: 512 MB
[2023.02.23-20.02.46:712][  0]LogDerivedDataCache: Loaded boot cache 0.07s 94MB C:/Users/beatriz.fulgencio/AppData/Local/UnrealEngine/4.27/DerivedDataCache/Boot.ddc.
[2023.02.23-20.02.46:712][  0]LogDerivedDataCache: Display: Loaded Boot cache: C:/Users/beatriz.fulgencio/AppData/Local/UnrealEngine/4.27/DerivedDataCache/Boot.ddc
[2023.02.23-20.02.46:712][  0]LogDerivedDataCache: FDerivedDataBackendGraph:  Pak pak cache file ../../../../../../Users/beatriz.fulgencio/Documents/GitHub/Ue4-c-Course/MyProject/DerivedDataCache/DDC.ddp not found, will not use a pak cache.
[2023.02.23-20.02.46:712][  0]LogDerivedDataCache: Unable to find inner node Pak for hierarchical cache Hierarchy.
[2023.02.23-20.02.46:713][  0]LogDerivedDataCache: FDerivedDataBackendGraph:  CompressedPak pak cache file ../../../../../../Users/beatriz.fulgencio/Documents/GitHub/Ue4-c-Course/MyProject/DerivedDataCache/Compressed.ddp not found, will not use a pak cache.
[2023.02.23-20.02.46:713][  0]LogDerivedDataCache: Unable to find inner node CompressedPak for hierarchical cache Hierarchy.
[2023.02.23-20.02.46:734][  0]LogDerivedDataCache: Display: Pak cache opened for reading ../../../Engine/DerivedDataCache/Compressed.ddp.
[2023.02.23-20.02.46:735][  0]LogDerivedDataCache: FDerivedDataBackendGraph:  EnterprisePak pak cache file ../../../Enterprise/DerivedDataCache/Compressed.ddp not found, will not use a pak cache.
[2023.02.23-20.02.46:735][  0]LogDerivedDataCache: Unable to find inner node EnterprisePak for hierarchical cache Hierarchy.
[2023.02.23-20.02.46:748][  0]LogDerivedDataCache: Speed tests for C:/Users/beatriz.fulgencio/AppData/Local/UnrealEngine/Common/DerivedDataCache took 0.01 seconds
[2023.02.23-20.02.46:748][  0]LogDerivedDataCache: Display: Performance to C:/Users/beatriz.fulgencio/AppData/Local/UnrealEngine/Common/DerivedDataCache: Latency=0.05ms. RandomReadSpeed=171.24MBs, RandomWriteSpeed=142.51MBs. Assigned SpeedClass 'Local'
[2023.02.23-20.02.46:751][  0]LogDerivedDataCache: Using Local data cache path C:/Users/beatriz.fulgencio/AppData/Local/UnrealEngine/Common/DerivedDataCache: Writable
[2023.02.23-20.02.46:751][  0]LogDerivedDataCache: Shared data cache path not found in *engine.ini, will not use an Shared cache.
[2023.02.23-20.02.46:751][  0]LogDerivedDataCache: Unable to find inner node Shared for hierarchical cache Hierarchy.
[2023.02.23-20.02.46:811][  0]LogSlate: Using FreeType 2.10.0
[2023.02.23-20.02.46:812][  0]LogSlate: SlateFontServices - WITH_FREETYPE: 1, WITH_HARFBUZZ: 1
[2023.02.23-20.02.46:848][  0]LogAssetRegistry: FAssetRegistry took 0.0076 seconds to start up
[2023.02.23-20.02.47:137][  0]LogInit: Selected Device Profile: [Windows]
[2023.02.23-20.02.47:137][  0]LogInit: Active device profile: [000002455E9B2C00][000002455C4A2300 49] Windows
[2023.02.23-20.02.47:138][  0]LogInit: Profiles: [000002455E9B2C00][000002455C4A2300 49] Windows, [000002455E941400][000002455C188480 49] WindowsNoEditor, [000002455E9B2300][000002455A06A600 49] WindowsServer, [000002455E941C00][000002455D8F2780 49] WindowsClient, [000002455E9B3900][00000245565FA900 49] IOS, [000002455E943400][00000245565FEA80 49] iPadAir, [000002455E940500][000002455400EBC0 49] iPadAir2, [000002455E8E5200][0000024556606E00 49] IPadPro, [000002455E8E5300][0000024556602E40 49] iPadAir3, [000002455E9B1400][000002455660AF80 49] iPadAir4, [000002455E8E4200][0000024556613100 49] iPadMini2, [000002455E9B1300][0000024556617280 49] iPadMini3, [000002455E8E7100][000002455661B400 49] iPadMini4, [000002455E940700][0000024554013580 49] iPadMini5, [000002455E900B00][000002455401B840 49] iPhone6, [000002455E900C00][0000024554017880 49] iPodTouch6, [000002455E8E7A00][0000024554023B40 49] iPhone7, [000002455E8E7900][000002455401FB80 49] iPodTouch7, [000002455E900400][0000024554026180 49] iPhone5S, [000002455E8E5D00][000002455402A300 49] iPhone6Plus, [000002455E901400][000002455402E480 49] iPhone6S, [000002455E8E5400][0000024554032600 49] iPhone6SPlus, [000002455E903F00][0000024554036780 49] iPhone7Plus, [000002455E8E7200][000002455D6BA900 49] iPhoneSE, [000002455E901C00][000002455D6BEA80 49] iPhone8, [000002455E8E4700][000002455D6C2C00 49] iPhone8Plus, [000002455E903400][000002455660ED40 49] iPhoneX, [000002455E8E6500][000002455D6C6E80 49] iPhoneXS, [000002455E902300][000002455D6CAFC0 49] iPhoneXSMax, [000002455E8E5F00][000002455D6CF100 49] iPhoneXR, [000002455E903000][000002455D6D7280 49] iPhone11, [000002455E8E6800][000002455D6DB400 49] iPhone11Pro, [000002455E900F00][000002455D6DF580 49] iPhone11ProMax, [000002455E8E5900][000002455D6E3700 49] iPhoneSE2, [000002455E901700][000002455D6E7880 49] iPhone12Mini, [000002455E8E7800][000002455D6EBA00 49] iPhone12, [000002455E903E00][000002455D6EFB80 49] iPhone12Pro, [000002455E8E7B00][000002455D6F2180 49] iPhone12ProMax, [000002455E900500][000002455D6F6300 49] iPadPro105, [000002455E8E5B00][000002455D6FA480 49] iPadPro129, [000002455E901500][000002455D6FE600 49] iPadPro97, [000002455E8E6600][000002455D702780 49] iPadPro2_129, [000002455E902500][000002455D706900 49] iPad5, [000002455E8E7400][000002455D70AA80 49] iPad6, [000002455E900A00][000002455D70EC00 49] iPad7, [000002455E8E7700][000002455D712D80 49] iPad8, [000002455E903700][000002455D716F00 49] iPadPro11, [000002455E8E6F00][000002455D6D3040 49] iPadPro2_11, [000002455E901B00][000002455D71B180 49] iPadPro3_129, [000002455E8E5000][000002455D71F2C0 49] iPadPro4_129, [000002455E902D00][000002455D727440 49] AppleTV, [000002455E8E4600][000002455D59B5C0 49] AppleTV4K, [000002455E900600][000002455D59F740 49] TVOS, [000002455E8E6D00][000002455D5A38C0 49] Mac, [000002455E902900][000002455D5A7A40 49] MacClient, [000002455E8E7000][000002455D5ABBC0 49] MacNoEditor, [000002455E901900][000002455D5AE1C0 49] MacServer, [000002455E8E4B00][000002455D5B2340 49] Linux, [000002455E900700][000002455D5B64C0 49] LinuxAArch64, [000002455E8E5500][000002455D5BA640 49] LinuxNoEditor, [000002455E902F00][000002455D5BE7C0 49] LinuxAArch64NoEditor, [000002455E8E5800][000002455D5C2940 49] LinuxClient, [000002455E903500][000002455D5C6AC0 49] LinuxAArch64Client, [000002455E8E4A00][000002455D5CAC40 49] LinuxServer, [000002455E901200][000002455D5CEDC0 49] LinuxAArch64Server, [000002455E8E6900][000002455D5D2F40 49] Android, [000002455E901800][000002455D5D70C0 49] Android_Low, [000002455E8E7600][000002455D723200 49] Android_Mid, [000002455E903200][000002455D5DB340 49] Android_High, [000002455E8E5700][000002455D5DF480 49] Android_Default, [000002455E900D00][000002455D5E35C0 49] Android_Adreno4xx, [000002455E8E7C00][000002455D5EB740 49] Android_Adreno5xx_Low, [000002455E9B3600][000002455D5EF8C0 49] Android_Adreno5xx, [000002455E943E00][000002455D5F3A40 49] Android_Adreno6xx, [000002455E9B2200][000002455D5F7BC0 49] Android_Adreno6xx_Vulkan, [000002455E942200][000002455D5FA1C0 49] Android_Mali_T6xx, [000002455E9B3100][000002455D5FE340 49] Android_Mali_T7xx, [000002455E940E00][000002455D6024C0 49] Android_Mali_T8xx, [000002455E9B1800][000002455D606640 49] Android_Mali_G71, [000002455E940600][000002455D60A7C0 49] Android_Mali_G72, [000002455E9B1600][000002455D60E940 49] Android_Mali_G72_Vulkan, [000002455E941500][000002455D612AC0 49] Android_Mali_G76, [000002455E9B3000][000002455D616C40 49] Android_Mali_G76_Vulkan, [000002455E942300][000002455D61ADC0 49] Android_Mali_G77, [000002455E9B1C00][000002455D61EF40 49] Android_Mali_G77_Vulkan, [000002455E943600][000002455D6230C0 49] Android_Mali_G78, [000002455E9B0F00][000002455D627240 49] Android_Mali_G78_Vulkan, [000002455E942700][000002455D5E7380 49] Android_Mali_G710, [000002455E9B2600][000002455D62B4C0 49] Android_Mali_G710_Vulkan, [000002455E943F00][000002455D62F600 49] Android_Vulkan_SM5, [000002455E9B1D00][000002455D633740 49] Android_PowerVR_G6xxx, [000002455E940200][000002455D63B8C0 49] Android_PowerVR_GT7xxx, [000002455E9B0700][000002455D63FA40 49] Android_PowerVR_GE8xxx, [000002455E943C00][000002455D643BC0 49] Android_PowerVR_GM9xxx, [000002455E9B1E00][000002455D6461C0 49] Android_PowerVR_GM9xxx_Vulkan, [000002455E941600][000002455D64A340 49] Android_TegraK1, [000002455E9B0A00][000002455D64E4C0 49] Android_Unknown_Vulkan, [000002455E940D00][000002455D652640 49] Lumin, [000002455E9B0500][000002455D6567C0 49] Lumin_Desktop, [000002455E903800][000002455D65A940 49] HoloLens, 
[2023.02.23-20.02.47:322][  0]LogMeshReduction: Using QuadricMeshReduction for automatic static mesh reduction
[2023.02.23-20.02.47:322][  0]LogMeshReduction: Using SimplygonMeshReduction for automatic skeletal mesh reduction
[2023.02.23-20.02.47:322][  0]LogMeshReduction: Using ProxyLODMeshReduction for automatic mesh merging
[2023.02.23-20.02.47:322][  0]LogMeshReduction: No distributed automatic mesh merging module available
[2023.02.23-20.02.47:322][  0]LogMeshMerging: No distributed automatic mesh merging module available
[2023.02.23-20.02.47:348][  0]LogNetVersion: MyProject 1.0.0, NetCL: 17155196, EngineNetVer: 17, GameNetVer: 0 (Checksum: 3629800737)
[2023.02.23-20.02.47:800][  0]LogTexture: Default maximum texture size for cubemaps generated from long-lat sources has been changed from 512 to unlimited. In order to preserve old behaiour for '/Engine/MapTemplates/Sky/DaylightAmbientCubemap.DaylightAmbientCubemap', its maximum texture size has been explicitly set to 512.
[2023.02.23-20.02.47:874][  0]LogHMD: PokeAHoleMaterial loaded successfully
[2023.02.23-20.02.47:880][  0]LogUObjectArray: 17178 objects as part of root set at end of initial load.
[2023.02.23-20.02.47:880][  0]LogUObjectAllocator: 4302048 out of 0 bytes used by permanent object pool.
[2023.02.23-20.02.47:880][  0]LogUObjectArray: CloseDisregardForGC: 0/0 objects in disregard for GC pool
[2023.02.23-20.02.48:169][  0]LogNiagaraDebuggerClient: Niagara Debugger Client Initialized | Session: C83C537842C2BE0D3E9541939346FDC3 | Instance: 24EF57CB4F6455A1FD1193A46C6130F5 (IMDESIGNS-BPC27-1156).
[2023.02.23-20.02.48:535][  0]LogPython: Using Python 3.7.7
