Log file open, 02/23/23 14:28:30
LogWindows: Failed to load 'aqProf.dll' (GetLastError=126)
LogWindows: File 'aqProf.dll' does not exist
LogWindows: Failed to load 'VtuneApi.dll' (GetLastError=126)
LogWindows: File 'VtuneApi.dll' does not exist
LogWindows: Failed to load 'VtuneApi32e.dll' (GetLastError=126)
LogWindows: File 'VtuneApi32e.dll' does not exist
LogConsoleResponse: Display: Failed to find resolution value strings in scalability ini. Falling back to default.
LogConsoleResponse: Display: Failed to find resolution value strings in scalability ini. Falling back to default.
LogInit: Display: Running engine for game: MyProject
LogPlatformFile: Not using cached read wrapper
LogTaskGraph: Started task graph with 5 named threads and 23 total threads with 3 sets of task threads.
LogStats: Stats thread started at 0.379056
LogICUInternationalization: ICU TimeZone Detection - Raw Offset: -3:00, Platform Override: ''
LogInit: Display: Loading text-based GConfig....
LogPluginManager: Mounting plugin MeshPainting
LogPluginManager: Mounting plugin XGEController
LogPluginManager: Mounting plugin Paper2D
LogPluginManager: Mounting plugin LiveLink
LogPluginManager: Mounting plugin CameraShakePreviewer
LogPluginManager: Mounting plugin LightPropagationVolume
LogPluginManager: Mounting plugin GameplayCameras
LogPluginManager: Mounting plugin AISupport
LogPluginManager: Mounting plugin EnvironmentQueryEditor
LogPluginManager: Mounting plugin OodleData
LogPluginManager: Mounting plugin OodleNetwork
LogPluginManager: Mounting plugin AnimationSharing
LogPluginManager: Mounting plugin CLionSourceCodeAccess
LogPluginManager: Mounting plugin CodeLiteSourceCodeAccess
LogPluginManager: Mounting plugin GitSourceControl
LogPluginManager: Mounting plugin NullSourceCodeAccess
LogPluginManager: Mounting plugin PerforceSourceControl
LogPluginManager: Mounting plugin PixWinPlugin
LogPluginManager: Mounting plugin PlasticSourceControl
LogPluginManager: Mounting plugin PluginUtils
LogPluginManager: Mounting plugin PropertyAccessNode
LogPluginManager: Mounting plugin RiderSourceCodeAccess
LogPluginManager: Mounting plugin SubversionSourceControl
LogPluginManager: Mounting plugin TextureFormatOodle
LogPluginManager: Mounting plugin UObjectPlugin
LogPluginManager: Mounting plugin VisualStudioCodeSourceCodeAccess
LogPluginManager: Mounting plugin XCodeSourceCodeAccess
LogPluginManager: Mounting plugin AssetManagerEditor
LogPluginManager: Mounting plugin CurveEditorTools
LogPluginManager: Mounting plugin CryptoKeys
LogPluginManager: Mounting plugin VisualStudioSourceCodeAccess
LogPluginManager: Mounting plugin DataValidation
LogPluginManager: Mounting plugin FacialAnimation
LogPluginManager: Mounting plugin GameplayTagsEditor
LogPluginManager: Mounting plugin GeometryMode
LogPluginManager: Mounting plugin MacGraphicsSwitching
LogPluginManager: Mounting plugin MaterialAnalyzer
LogPluginManager: Mounting plugin MobileLauncherProfileWizard
LogPluginManager: Mounting plugin PluginBrowser
LogPluginManager: Mounting plugin SpeedTreeImporter
LogPluginManager: Mounting plugin DatasmithContent
LogPluginManager: Mounting plugin VariantManagerContent
LogPluginManager: Mounting plugin Niagara
LogPluginManager: Mounting plugin AlembicImporter
LogPluginManager: Mounting plugin BackChannel
LogPluginManager: Mounting plugin AutomationUtils
LogPluginManager: Mounting plugin ChaosCloth
LogPluginManager: Mounting plugin ChaosClothEditor
LogPluginManager: Mounting plugin ChaosEditor
LogPluginManager: Mounting plugin ChaosNiagara
LogPluginManager: Mounting plugin ChaosSolverPlugin
LogPluginManager: Mounting plugin CharacterAI
LogPluginManager: Mounting plugin KDevelopSourceCodeAccess
LogPluginManager: Mounting plugin GeometryCache
LogPluginManager: Mounting plugin GeometryCollectionPlugin
LogPluginManager: Mounting plugin GeometryProcessing
LogPluginManager: Mounting plugin MotoSynth
LogPluginManager: Mounting plugin OpenImageDenoise
LogPluginManager: Mounting plugin PlanarCut
LogPluginManager: Mounting plugin PlatformCrypto
LogPluginManager: Mounting plugin ProxyLODPlugin
LogPluginManager: Mounting plugin PythonScriptPlugin
LogPluginManager: Mounting plugin SkeletalReduction
LogPluginManager: Mounting plugin LuminPlatformFeatures
LogPluginManager: Mounting plugin MagicLeap
LogPluginManager: Mounting plugin MagicLeapLightEstimation
LogPluginManager: Mounting plugin MagicLeapMedia
LogPluginManager: Mounting plugin MagicLeapPassableWorld
LogPluginManager: Mounting plugin MLSDK
LogPluginManager: Mounting plugin AndroidMedia
LogPluginManager: Mounting plugin AvfMedia
LogPluginManager: Mounting plugin ImgMedia
LogPluginManager: Mounting plugin MediaCompositing
LogPluginManager: Mounting plugin MediaPlayerEditor
LogPluginManager: Mounting plugin WebMMedia
LogPluginManager: Mounting plugin WmfMedia
LogPluginManager: Mounting plugin TcpMessaging
LogPluginManager: Mounting plugin UdpMessaging
LogPluginManager: Mounting plugin ActorSequence
LogPluginManager: Mounting plugin LevelSequenceEditor
LogPluginManager: Mounting plugin MatineeToLevelSequence
LogPluginManager: Mounting plugin TemplateSequence
LogPluginManager: Mounting plugin OnlineSubsystem
LogPluginManager: Mounting plugin OnlineSubsystemNull
LogPluginManager: Mounting plugin OnlineSubsystemUtils
LogPluginManager: Mounting plugin LauncherChunkInstaller
LogPluginManager: Mounting plugin ActorLayerUtilities
LogPluginManager: Mounting plugin AndroidDeviceProfileSelector
LogPluginManager: Mounting plugin AndroidMoviePlayer
LogPluginManager: Mounting plugin AndroidPermission
LogPluginManager: Mounting plugin AppleImageUtils
LogPluginManager: Mounting plugin AppleMoviePlayer
LogPluginManager: Mounting plugin ArchVisCharacter
LogPluginManager: Mounting plugin AssetTags
LogPluginManager: Mounting plugin AudioSynesthesia
LogPluginManager: Mounting plugin CableComponent
LogPluginManager: Mounting plugin ChunkDownloader
LogPluginManager: Mounting plugin CustomMeshComponent
LogPluginManager: Mounting plugin EditableMesh
LogPluginManager: Mounting plugin ExampleDeviceProfileSelector
LogPluginManager: Mounting plugin GoogleCloudMessaging
LogPluginManager: Mounting plugin GooglePAD
LogPluginManager: Mounting plugin IOSDeviceProfileSelector
LogPluginManager: Mounting plugin LinuxDeviceProfileSelector
LogPluginManager: Mounting plugin LocationServicesBPLibrary
LogPluginManager: Mounting plugin AudioCapture
LogPluginManager: Mounting plugin MobilePatchingUtils
LogPluginManager: Mounting plugin OpenXR
LogPluginManager: Mounting plugin OpenXREyeTracker
LogPluginManager: Mounting plugin OpenXRHandTracking
LogPluginManager: Mounting plugin PhysXVehicles
LogPluginManager: Mounting plugin ScreenshotTools
LogPluginManager: Mounting plugin PostSplashScreen
LogPluginManager: Mounting plugin ProceduralMeshComponent
LogPluginManager: Mounting plugin PropertyAccessEditor
LogPluginManager: Mounting plugin RuntimePhysXCooking
LogPluginManager: Mounting plugin SignificanceManager
LogPluginManager: Mounting plugin SoundFields
LogPluginManager: Mounting plugin Synthesis
LogPluginManager: Mounting plugin WebMMoviePlayer
LogPluginManager: Mounting plugin WindowsMoviePlayer
LogPluginManager: Mounting plugin Takes
LogPluginManager: Mounting plugin ContentBrowserAssetDataSource
LogPluginManager: Mounting plugin ContentBrowserClassDataSource
LogPluginManager: Mounting plugin ContentBrowserFileDataSource
LogPluginManager: Mounting plugin OnlineSubsystemGooglePlay
LogPluginManager: Mounting plugin OnlineSubsystemIOS
LogPluginManager: Mounting plugin OculusVR
LogPluginManager: Mounting plugin SteamVR
PixWinPlugin: PIX capture plugin failed to initialize! Check that the process is launched from PIX.
LogInit: Using libcurl 7.55.1-DEV
LogInit:  - built for x86_64-pc-win32
LogInit:  - supports SSL with OpenSSL/1.1.1
LogInit:  - supports HTTP deflate (compression) using libz 1.2.8
LogInit:  - other features:
LogInit:      CURL_VERSION_SSL
LogInit:      CURL_VERSION_LIBZ
LogInit:      CURL_VERSION_IPV6
LogInit:      CURL_VERSION_ASYNCHDNS
LogInit:      CURL_VERSION_LARGEFILE
LogInit:      CURL_VERSION_IDN
LogInit:  CurlRequestOptions (configurable via config and command line):
LogInit:  - bVerifyPeer = true  - Libcurl will verify peer certificate
LogInit:  - bUseHttpProxy = false  - Libcurl will NOT use HTTP proxy
LogInit:  - bDontReuseConnections = false  - Libcurl will reuse connections
LogInit:  - MaxHostConnections = 16  - Libcurl will limit the number of connections to a host
LogInit:  - LocalHostAddr = Default
LogInit:  - BufferSize = 65536
LogOnline: OSS: Creating online subsystem instance for: NULL
LogInit: WinSock: version 1.1 (2.2), MaxSocks=32767, MaxUdp=65467
LogOnline: OSS: TryLoadSubsystemAndSetDefault: Loaded subsystem for module [NULL]
LogOculusPluginWrapper: OculusPlugin initialized successfully
LogHMD: Failed initializing OVRPlugin 1.59.0
LogInit: Build: ++UE4+Release-4.27-CL-18319896
LogInit: Engine Version: 4.27.2-18319896+++UE4+Release-4.27
LogInit: Compatible Engine Version: 4.27.0-17155196+++UE4+Release-4.27
LogInit: Net CL: 17155196
LogInit: OS: Windows 10 (Release 2009) (), CPU: Intel(R) Core(TM) i7-7820HK CPU @ 2.90GHz, GPU: NVIDIA GeForce GTX 1080
LogInit: Compiled (64-bit): Nov 30 2021 07:12:08
LogInit: Compiled with Visual C++: 19.24.28315.00
LogInit: Build Configuration: Development
LogInit: Branch Name: ++UE4+Release-4.27
LogInit: Command Line:  -skipcompile
LogInit: Base Directory: C:/Program Files/Epic Games/UE_4.27/Engine/Binaries/Win64/
LogInit: Allocator: TBB
LogInit: Installed Engine Build: 1
LogDevObjectVersion: Number of dev versions registered: 29
LogDevObjectVersion:   Dev-Blueprints (B0D832E4-1F89-4F0D-ACCF-7EB736FD4AA2): 10
LogDevObjectVersion:   Dev-Build (E1C64328-A22C-4D53-A36C-8E866417BD8C): 0
LogDevObjectVersion:   Dev-Core (375EC13C-06E4-48FB-B500-84F0262A717E): 4
LogDevObjectVersion:   Dev-Editor (E4B068ED-F494-42E9-A231-DA0B2E46BB41): 40
LogDevObjectVersion:   Dev-Framework (CFFC743F-43B0-4480-9391-14DF171D2073): 37
LogDevObjectVersion:   Dev-Mobile (B02B49B5-BB20-44E9-A304-32B752E40360): 3
LogDevObjectVersion:   Dev-Networking (A4E4105C-59A1-49B5-A7C5-40C4547EDFEE): 0
LogDevObjectVersion:   Dev-Online (39C831C9-5AE6-47DC-9A44-9C173E1C8E7C): 0
LogDevObjectVersion:   Dev-Physics (78F01B33-EBEA-4F98-B9B4-84EACCB95AA2): 14
LogDevObjectVersion:   Dev-Platform (6631380F-2D4D-43E0-8009-CF276956A95A): 0
LogDevObjectVersion:   Dev-Rendering (12F88B9F-8875-4AFC-A67C-D90C383ABD29): 45
LogDevObjectVersion:   Dev-Sequencer (7B5AE74C-D270-4C10-A958-57980B212A5A): 13
LogDevObjectVersion:   Dev-VR (D7296918-1DD6-4BDD-9DE2-64A83CC13884): 3
LogDevObjectVersion:   Dev-LoadTimes (C2A15278-BFE7-4AFE-6C17-90FF531DF755): 1
LogDevObjectVersion:   Private-Geometry (6EACA3D4-40EC-4CC1-B786-8BED09428FC5): 3
LogDevObjectVersion:   Dev-AnimPhys (29E575DD-E0A3-4627-9D10-D276232CDCEA): 17
LogDevObjectVersion:   Dev-Anim (AF43A65D-7FD3-4947-9873-3E8ED9C1BB05): 15
LogDevObjectVersion:   Dev-ReflectionCapture (6B266CEC-1EC7-4B8F-A30B-E4D90942FC07): 1
LogDevObjectVersion:   Dev-Automation (0DF73D61-A23F-47EA-B727-89E90C41499A): 1
LogDevObjectVersion:   FortniteMain (601D1886-AC64-4F84-AA16-D3DE0DEAC7D6): 47
LogDevObjectVersion:   FortniteRelease (E7086368-6B23-4C58-8439-1B7016265E91): 1
LogDevObjectVersion:   Dev-Enterprise (9DFFBCD6-494F-0158-E221-12823C92A888): 10
LogDevObjectVersion:   Dev-Niagara (F2AED0AC-9AFE-416F-8664-AA7FFA26D6FC): 1
LogDevObjectVersion:   Dev-Destruction (174F1F0B-B4C6-45A5-B13F-2EE8D0FB917D): 10
LogDevObjectVersion:   Dev-Physics-Ext (35F94A83-E258-406C-A318-09F59610247C): 41
LogDevObjectVersion:   Dev-PhysicsMaterial-Chaos (B68FC16E-8B1B-42E2-B453-215C058844FE): 1
LogDevObjectVersion:   Dev-CineCamera (B2E18506-4273-CFC2-A54E-F4BB758BBA07): 1
LogDevObjectVersion:   Dev-VirtualProduction (64F58936-FD1B-42BA-BA96-7289D5D0FA4E): 1
LogDevObjectVersion:   Dev-MediaFramework (6F0ED827-A609-4895-9C91-998D90180EA4): 2
LogInit: Presizing for max 25165824 objects, including 0 objects not considered by GC, pre-allocating 0 bytes for permanent pool.
LogConfig: Applying CVar settings from Section [/Script/Engine.StreamingSettings] File [C:/Users/beatriz.fulgencio/Documents/GitHub/Ue4-c-Course/MyProject/Saved/Config/Windows/Engine.ini]
LogConfig: Setting CVar [[s.MinBulkDataSizeForAsyncLoading:131072]]
LogConfig: Setting CVar [[s.AsyncLoadingThreadEnabled:0]]
LogConfig: Setting CVar [[s.EventDrivenLoaderEnabled:1]]
LogConfig: Setting CVar [[s.WarnIfTimeLimitExceeded:0]]
LogConfig: Setting CVar [[s.TimeLimitExceededMultiplier:1.5]]
LogConfig: Setting CVar [[s.TimeLimitExceededMinTime:0.005]]
LogConfig: Setting CVar [[s.UseBackgroundLevelStreaming:1]]
LogConfig: Setting CVar [[s.PriorityAsyncLoadingExtraTime:15.0]]
LogConfig: Setting CVar [[s.LevelStreamingActorsUpdateTimeLimit:5.0]]
LogConfig: Setting CVar [[s.PriorityLevelStreamingActorsUpdateExtraTime:5.0]]
LogConfig: Setting CVar [[s.LevelStreamingComponentsRegistrationGranularity:10]]
LogConfig: Setting CVar [[s.UnregisterComponentsTimeLimit:1.0]]
LogConfig: Setting CVar [[s.LevelStreamingComponentsUnregistrationGranularity:5]]
LogConfig: Setting CVar [[s.FlushStreamingOnExit:1]]
LogInit: Object subsystem initialized
LogConfig: Setting CVar [[con.DebugEarlyDefault:1]]
LogConfig: Setting CVar [[r.setres:1280x720]]
[2023.02.23-17.28.32:024][  0]LogConfig: Setting CVar [[r.VSync:0]]
[2023.02.23-17.28.32:024][  0]LogConfig: Setting CVar [[r.RHICmdBypass:0]]
[2023.02.23-17.28.32:025][  0]LogConfig: Applying CVar settings from Section [/Script/Engine.RendererSettings] File [C:/Users/beatriz.fulgencio/Documents/GitHub/Ue4-c-Course/MyProject/Saved/Config/Windows/Engine.ini]
[2023.02.23-17.28.32:025][  0]LogConfig: Setting CVar [[r.GPUCrashDebugging:0]]
[2023.02.23-17.28.32:025][  0]LogConfig: Applying CVar settings from Section [/Script/Engine.RendererOverrideSettings] File [C:/Users/beatriz.fulgencio/Documents/GitHub/Ue4-c-Course/MyProject/Saved/Config/Windows/Engine.ini]
[2023.02.23-17.28.32:025][  0]LogConfig: Applying CVar settings from Section [/Script/Engine.StreamingSettings] File [C:/Users/beatriz.fulgencio/Documents/GitHub/Ue4-c-Course/MyProject/Saved/Config/Windows/Engine.ini]
[2023.02.23-17.28.32:025][  0]LogConfig: Setting CVar [[s.MinBulkDataSizeForAsyncLoading:131072]]
[2023.02.23-17.28.32:025][  0]LogConfig: Setting CVar [[s.AsyncLoadingThreadEnabled:0]]
[2023.02.23-17.28.32:025][  0]LogConfig: Setting CVar [[s.EventDrivenLoaderEnabled:1]]
[2023.02.23-17.28.32:025][  0]LogConfig: Setting CVar [[s.WarnIfTimeLimitExceeded:0]]
[2023.02.23-17.28.32:025][  0]LogConfig: Setting CVar [[s.TimeLimitExceededMultiplier:1.5]]
[2023.02.23-17.28.32:025][  0]LogConfig: Setting CVar [[s.TimeLimitExceededMinTime:0.005]]
[2023.02.23-17.28.32:025][  0]LogConfig: Setting CVar [[s.UseBackgroundLevelStreaming:1]]
[2023.02.23-17.28.32:025][  0]LogConfig: Setting CVar [[s.PriorityAsyncLoadingExtraTime:15.0]]
[2023.02.23-17.28.32:025][  0]LogConfig: Setting CVar [[s.LevelStreamingActorsUpdateTimeLimit:5.0]]
[2023.02.23-17.28.32:025][  0]LogConfig: Setting CVar [[s.PriorityLevelStreamingActorsUpdateExtraTime:5.0]]
[2023.02.23-17.28.32:025][  0]LogConfig: Setting CVar [[s.LevelStreamingComponentsRegistrationGranularity:10]]
[2023.02.23-17.28.32:025][  0]LogConfig: Setting CVar [[s.UnregisterComponentsTimeLimit:1.0]]
[2023.02.23-17.28.32:025][  0]LogConfig: Setting CVar [[s.LevelStreamingComponentsUnregistrationGranularity:5]]
[2023.02.23-17.28.32:025][  0]LogConfig: Setting CVar [[s.FlushStreamingOnExit:1]]
[2023.02.23-17.28.32:025][  0]LogConfig: Applying CVar settings from Section [/Script/Engine.GarbageCollectionSettings] File [C:/Users/beatriz.fulgencio/Documents/GitHub/Ue4-c-Course/MyProject/Saved/Config/Windows/Engine.ini]
[2023.02.23-17.28.32:026][  0]LogConfig: Setting CVar [[gc.MaxObjectsNotConsideredByGC:1]]
[2023.02.23-17.28.32:026][  0]LogConfig: Setting CVar [[gc.SizeOfPermanentObjectPool:0]]
[2023.02.23-17.28.32:026][  0]LogConfig: Setting CVar [[gc.FlushStreamingOnGC:0]]
[2023.02.23-17.28.32:026][  0]LogConfig: Setting CVar [[gc.NumRetriesBeforeForcingGC:10]]
[2023.02.23-17.28.32:026][  0]LogConfig: Setting CVar [[gc.AllowParallelGC:1]]
[2023.02.23-17.28.32:026][  0]LogConfig: Setting CVar [[gc.TimeBetweenPurgingPendingKillObjects:61.1]]
[2023.02.23-17.28.32:026][  0]LogConfig: Setting CVar [[gc.MaxObjectsInEditor:25165824]]
[2023.02.23-17.28.32:026][  0]LogConfig: Setting CVar [[gc.IncrementalBeginDestroyEnabled:1]]
[2023.02.23-17.28.32:026][  0]LogConfig: Setting CVar [[gc.CreateGCClusters:1]]
[2023.02.23-17.28.32:026][  0]LogConfig: Setting CVar [[gc.MinGCClusterSize:5]]
[2023.02.23-17.28.32:026][  0]LogConfig: Setting CVar [[gc.ActorClusteringEnabled:0]]
[2023.02.23-17.28.32:026][  0]LogConfig: Setting CVar [[gc.BlueprintClusteringEnabled:0]]
[2023.02.23-17.28.32:026][  0]LogConfig: Setting CVar [[gc.UseDisregardForGCOnDedicatedServers:0]]
[2023.02.23-17.28.32:027][  0]LogConfig: Setting CVar [[gc.MultithreadedDestructionEnabled:1]]
[2023.02.23-17.28.32:027][  0]LogConfig: Applying CVar settings from Section [/Script/Engine.NetworkSettings] File [C:/Users/beatriz.fulgencio/Documents/GitHub/Ue4-c-Course/MyProject/Saved/Config/Windows/Engine.ini]
[2023.02.23-17.28.32:027][  0]LogConfig: Applying CVar settings from Section [/Script/UnrealEd.CookerSettings] File [C:/Users/beatriz.fulgencio/Documents/GitHub/Ue4-c-Course/MyProject/Saved/Config/Windows/Engine.ini]
[2023.02.23-17.28.32:094][  0]LogConfig: Applying CVar settings from Section [ViewDistanceQuality@3] File [C:/Users/beatriz.fulgencio/Documents/GitHub/Ue4-c-Course/MyProject/Saved/Config/Windows/Scalability.ini]
[2023.02.23-17.28.32:097][  0]LogConfig: Setting CVar [[r.SkeletalMeshLODBias:0]]
[2023.02.23-17.28.32:097][  0]LogConfig: Setting CVar [[r.ViewDistanceScale:1.0]]
[2023.02.23-17.28.32:098][  0]LogConfig: Applying CVar settings from Section [AntiAliasingQuality@3] File [C:/Users/beatriz.fulgencio/Documents/GitHub/Ue4-c-Course/MyProject/Saved/Config/Windows/Scalability.ini]
[2023.02.23-17.28.32:099][  0]LogConfig: Setting CVar [[r.PostProcessAAQuality:4]]
[2023.02.23-17.28.32:099][  0]LogConfig: Applying CVar settings from Section [ShadowQuality@3] File [C:/Users/beatriz.fulgencio/Documents/GitHub/Ue4-c-Course/MyProject/Saved/Config/Windows/Scalability.ini]
[2023.02.23-17.28.32:099][  0]LogConfig: Setting CVar [[r.LightFunctionQuality:1]]
[2023.02.23-17.28.32:100][  0]LogConfig: Setting CVar [[r.ShadowQuality:5]]
[2023.02.23-17.28.32:100][  0]LogConfig: Setting CVar [[r.Shadow.CSM.MaxCascades:10]]
[2023.02.23-17.28.32:100][  0]LogConfig: Setting CVar [[r.Shadow.MaxResolution:2048]]
[2023.02.23-17.28.32:101][  0]LogConfig: Setting CVar [[r.Shadow.MaxCSMResolution:2048]]
[2023.02.23-17.28.32:101][  0]LogConfig: Setting CVar [[r.Shadow.RadiusThreshold:0.01]]
[2023.02.23-17.28.32:101][  0]LogConfig: Setting CVar [[r.Shadow.DistanceScale:1.0]]
[2023.02.23-17.28.32:101][  0]LogConfig: Setting CVar [[r.Shadow.CSM.TransitionScale:1.0]]
[2023.02.23-17.28.32:102][  0]LogConfig: Setting CVar [[r.Shadow.PreShadowResolutionFactor:1.0]]
[2023.02.23-17.28.32:102][  0]LogConfig: Setting CVar [[r.DistanceFieldShadowing:1]]
[2023.02.23-17.28.32:102][  0]LogConfig: Setting CVar [[r.DistanceFieldAO:1]]
[2023.02.23-17.28.32:102][  0]LogConfig: Setting CVar [[r.AOQuality:2]]
[2023.02.23-17.28.32:103][  0]LogConfig: Setting CVar [[r.VolumetricFog:1]]
[2023.02.23-17.28.32:103][  0]LogConfig: Setting CVar [[r.VolumetricFog.GridPixelSize:8]]
[2023.02.23-17.28.32:103][  0]LogConfig: Setting CVar [[r.VolumetricFog.GridSizeZ:128]]
[2023.02.23-17.28.32:103][  0]LogConfig: Setting CVar [[r.VolumetricFog.HistoryMissSupersampleCount:4]]
[2023.02.23-17.28.32:103][  0]LogConfig: Setting CVar [[r.LightMaxDrawDistanceScale:1]]
[2023.02.23-17.28.32:106][  0]LogConfig: Setting CVar [[r.CapsuleShadows:1]]
[2023.02.23-17.28.32:106][  0]LogConfig: Applying CVar settings from Section [PostProcessQuality@3] File [C:/Users/beatriz.fulgencio/Documents/GitHub/Ue4-c-Course/MyProject/Saved/Config/Windows/Scalability.ini]
[2023.02.23-17.28.32:106][  0]LogConfig: Setting CVar [[r.MotionBlurQuality:4]]
[2023.02.23-17.28.32:106][  0]LogConfig: Setting CVar [[r.AmbientOcclusionMipLevelFactor:0.4]]
[2023.02.23-17.28.32:107][  0]LogConfig: Setting CVar [[r.AmbientOcclusionMaxQuality:100]]
[2023.02.23-17.28.32:107][  0]LogConfig: Setting CVar [[r.AmbientOcclusionLevels:-1]]
[2023.02.23-17.28.32:107][  0]LogConfig: Setting CVar [[r.AmbientOcclusionRadiusScale:1.0]]
[2023.02.23-17.28.32:107][  0]LogConfig: Setting CVar [[r.DepthOfFieldQuality:2]]
[2023.02.23-17.28.32:107][  0]LogConfig: Setting CVar [[r.RenderTargetPoolMin:400]]
[2023.02.23-17.28.32:108][  0]LogConfig: Setting CVar [[r.LensFlareQuality:2]]
[2023.02.23-17.28.32:108][  0]LogConfig: Setting CVar [[r.SceneColorFringeQuality:1]]
[2023.02.23-17.28.32:108][  0]LogConfig: Setting CVar [[r.EyeAdaptationQuality:2]]
[2023.02.23-17.28.32:109][  0]LogConfig: Setting CVar [[r.BloomQuality:5]]
[2023.02.23-17.28.32:109][  0]LogConfig: Setting CVar [[r.FastBlurThreshold:100]]
[2023.02.23-17.28.32:109][  0]LogConfig: Setting CVar [[r.Upscale.Quality:3]]
[2023.02.23-17.28.32:109][  0]LogConfig: Setting CVar [[r.Tonemapper.GrainQuantization:1]]
[2023.02.23-17.28.32:109][  0]LogConfig: Setting CVar [[r.LightShaftQuality:1]]
[2023.02.23-17.28.32:109][  0]LogConfig: Setting CVar [[r.Filter.SizeScale:1]]
[2023.02.23-17.28.32:110][  0]LogConfig: Setting CVar [[r.Tonemapper.Quality:5]]
[2023.02.23-17.28.32:110][  0]LogConfig: Setting CVar [[r.DOF.Gather.AccumulatorQuality:1        ; higher gathering accumulator quality]]
[2023.02.23-17.28.32:111][  0]LogConfig: Setting CVar [[r.DOF.Gather.PostfilterMethod:1          ; Median3x3 postfilering method]]
[2023.02.23-17.28.32:111][  0]LogConfig: Setting CVar [[r.DOF.Gather.EnableBokehSettings:0       ; no bokeh simulation when gathering]]
[2023.02.23-17.28.32:112][  0]LogConfig: Setting CVar [[r.DOF.Gather.RingCount:4                 ; medium number of samples when gathering]]
[2023.02.23-17.28.32:112][  0]LogConfig: Setting CVar [[r.DOF.Scatter.ForegroundCompositing:1    ; additive foreground scattering]]
[2023.02.23-17.28.32:112][  0]LogConfig: Setting CVar [[r.DOF.Scatter.BackgroundCompositing:2    ; additive background scattering]]
[2023.02.23-17.28.32:112][  0]LogConfig: Setting CVar [[r.DOF.Scatter.EnableBokehSettings:1      ; bokeh simulation when scattering]]
[2023.02.23-17.28.32:112][  0]LogConfig: Setting CVar [[r.DOF.Scatter.MaxSpriteRatio:0.1         ; only a maximum of 10% of scattered bokeh]]
[2023.02.23-17.28.32:112][  0]LogConfig: Setting CVar [[r.DOF.Recombine.Quality:1                ; cheap slight out of focus]]
[2023.02.23-17.28.32:113][  0]LogConfig: Setting CVar [[r.DOF.Recombine.EnableBokehSettings:0    ; no bokeh simulation on slight out of focus]]
[2023.02.23-17.28.32:113][  0]LogConfig: Setting CVar [[r.DOF.TemporalAAQuality:1                ; more stable temporal accumulation]]
[2023.02.23-17.28.32:113][  0]LogConfig: Setting CVar [[r.DOF.Kernel.MaxForegroundRadius:0.025]]
[2023.02.23-17.28.32:114][  0]LogConfig: Setting CVar [[r.DOF.Kernel.MaxBackgroundRadius:0.025]]
[2023.02.23-17.28.32:114][  0]LogConfig: Applying CVar settings from Section [TextureQuality@3] File [C:/Users/beatriz.fulgencio/Documents/GitHub/Ue4-c-Course/MyProject/Saved/Config/Windows/Scalability.ini]
[2023.02.23-17.28.32:114][  0]LogConfig: Setting CVar [[r.Streaming.MipBias:0]]
[2023.02.23-17.28.32:114][  0]LogConfig: Setting CVar [[r.Streaming.AmortizeCPUToGPUCopy:0]]
[2023.02.23-17.28.32:115][  0]LogConfig: Setting CVar [[r.Streaming.MaxNumTexturesToStreamPerFrame:0]]
[2023.02.23-17.28.32:115][  0]LogConfig: Setting CVar [[r.Streaming.Boost:1]]
[2023.02.23-17.28.32:115][  0]LogConfig: Setting CVar [[r.MaxAnisotropy:8]]
[2023.02.23-17.28.32:115][  0]LogConfig: Setting CVar [[r.VT.MaxAnisotropy:8]]
[2023.02.23-17.28.32:116][  0]LogConfig: Setting CVar [[r.Streaming.LimitPoolSizeToVRAM:0]]
[2023.02.23-17.28.32:116][  0]LogConfig: Setting CVar [[r.Streaming.PoolSize:1000]]
[2023.02.23-17.28.32:116][  0]LogConfig: Setting CVar [[r.Streaming.MaxEffectiveScreenSize:0]]
[2023.02.23-17.28.32:116][  0]LogConfig: Applying CVar settings from Section [EffectsQuality@3] File [C:/Users/beatriz.fulgencio/Documents/GitHub/Ue4-c-Course/MyProject/Saved/Config/Windows/Scalability.ini]
[2023.02.23-17.28.32:116][  0]LogConfig: Setting CVar [[r.TranslucencyLightingVolumeDim:64]]
[2023.02.23-17.28.32:116][  0]LogConfig: Setting CVar [[r.RefractionQuality:2]]
[2023.02.23-17.28.32:116][  0]LogConfig: Setting CVar [[r.SSR.Quality:3]]
[2023.02.23-17.28.32:117][  0]LogConfig: Setting CVar [[r.SSR.HalfResSceneColor:0]]
[2023.02.23-17.28.32:117][  0]LogConfig: Setting CVar [[r.SceneColorFormat:4]]
[2023.02.23-17.28.32:117][  0]LogConfig: Setting CVar [[r.DetailMode:2]]
[2023.02.23-17.28.32:118][  0]LogConfig: Setting CVar [[r.TranslucencyVolumeBlur:1]]
[2023.02.23-17.28.32:118][  0]LogConfig: Setting CVar [[r.MaterialQualityLevel:1 ; High quality]]
[2023.02.23-17.28.32:119][  0]LogConfig: Setting CVar [[r.AnisotropicMaterials:1]]
[2023.02.23-17.28.32:119][  0]LogConfig: Setting CVar [[r.SSS.Scale:1]]
[2023.02.23-17.28.32:119][  0]LogConfig: Setting CVar [[r.SSS.SampleSet:2]]
[2023.02.23-17.28.32:119][  0]LogConfig: Setting CVar [[r.SSS.Quality:1]]
[2023.02.23-17.28.32:120][  0]LogConfig: Setting CVar [[r.SSS.HalfRes:0]]
[2023.02.23-17.28.32:122][  0]LogConfig: Setting CVar [[r.SSGI.Quality:3]]
[2023.02.23-17.28.32:122][  0]LogConfig: Setting CVar [[r.EmitterSpawnRateScale:1.0]]
[2023.02.23-17.28.32:123][  0]LogConfig: Setting CVar [[r.ParticleLightQuality:2]]
[2023.02.23-17.28.32:123][  0]LogConfig: Setting CVar [[r.SkyAtmosphere.AerialPerspectiveLUT.FastApplyOnOpaque:1 ; Always have FastSkyLUT 1 in this case to avoid wrong sky]]
[2023.02.23-17.28.32:123][  0]LogConfig: Setting CVar [[r.SkyAtmosphere.AerialPerspectiveLUT.SampleCountMaxPerSlice:4]]
[2023.02.23-17.28.32:124][  0]LogConfig: Setting CVar [[r.SkyAtmosphere.AerialPerspectiveLUT.DepthResolution:16.0]]
[2023.02.23-17.28.32:124][  0]LogConfig: Setting CVar [[r.SkyAtmosphere.FastSkyLUT:1]]
[2023.02.23-17.28.32:124][  0]LogConfig: Setting CVar [[r.SkyAtmosphere.FastSkyLUT.SampleCountMin:4.0]]
[2023.02.23-17.28.32:124][  0]LogConfig: Setting CVar [[r.SkyAtmosphere.FastSkyLUT.SampleCountMax:128.0]]
[2023.02.23-17.28.32:124][  0]LogConfig: Setting CVar [[r.SkyAtmosphere.SampleCountMin:4.0]]
[2023.02.23-17.28.32:125][  0]LogConfig: Setting CVar [[r.SkyAtmosphere.SampleCountMax:128.0]]
[2023.02.23-17.28.32:125][  0]LogConfig: Setting CVar [[r.SkyAtmosphere.TransmittanceLUT.UseSmallFormat:0]]
[2023.02.23-17.28.32:125][  0]LogConfig: Setting CVar [[r.SkyAtmosphere.TransmittanceLUT.SampleCount:10.0]]
[2023.02.23-17.28.32:125][  0]LogConfig: Setting CVar [[r.SkyAtmosphere.MultiScatteringLUT.SampleCount:15.0]]
[2023.02.23-17.28.32:125][  0]LogConfig: Setting CVar [[r.SkyLight.RealTimeReflectionCapture:1]]
[2023.02.23-17.28.32:126][  0]LogConfig: Applying CVar settings from Section [FoliageQuality@3] File [C:/Users/beatriz.fulgencio/Documents/GitHub/Ue4-c-Course/MyProject/Saved/Config/Windows/Scalability.ini]
[2023.02.23-17.28.32:126][  0]LogConfig: Setting CVar [[foliage.DensityScale:1.0]]
[2023.02.23-17.28.32:126][  0]LogConfig: Setting CVar [[grass.DensityScale:1.0]]
[2023.02.23-17.28.32:126][  0]LogConfig: Applying CVar settings from Section [ShadingQuality@3] File [C:/Users/beatriz.fulgencio/Documents/GitHub/Ue4-c-Course/MyProject/Saved/Config/Windows/Scalability.ini]
[2023.02.23-17.28.32:127][  0]LogConfig: Setting CVar [[r.HairStrands.SkyLighting.IntegrationType:2]]
[2023.02.23-17.28.32:127][  0]LogConfig: Setting CVar [[r.HairStrands.SkyAO.SampleCount:4]]
[2023.02.23-17.28.32:127][  0]LogConfig: Setting CVar [[r.HairStrands.Visibility.MSAA.SamplePerPixel:4]]
[2023.02.23-17.28.32:127][  0]LogInit: Selected Device Profile: [Windows]
[2023.02.23-17.28.32:127][  0]LogInit: Applying CVar settings loaded from the selected device profile: [Windows]
[2023.02.23-17.28.32:127][  0]LogHAL: Display: Platform has ~ 24 GB [25706741760 / 34359738368 / 24], which maps to Larger [LargestMinGB=32, LargerMinGB=12, DefaultMinGB=8, SmallerMinGB=6, SmallestMinGB=0)
[2023.02.23-17.28.32:128][  0]LogInit: Going up to parent DeviceProfile []
[2023.02.23-17.28.32:130][  0]LogConfig: Applying CVar settings from Section [ViewDistanceQuality@3] File [C:/Users/beatriz.fulgencio/Documents/GitHub/Ue4-c-Course/MyProject/Saved/Config/Windows/Scalability.ini]
[2023.02.23-17.28.32:130][  0]LogConfig: Setting CVar [[r.SkeletalMeshLODBias:0]]
[2023.02.23-17.28.32:131][  0]LogConfig: Setting CVar [[r.ViewDistanceScale:1.0]]
[2023.02.23-17.28.32:131][  0]LogConfig: Applying CVar settings from Section [AntiAliasingQuality@3] File [C:/Users/beatriz.fulgencio/Documents/GitHub/Ue4-c-Course/MyProject/Saved/Config/Windows/Scalability.ini]
[2023.02.23-17.28.32:132][  0]LogConfig: Setting CVar [[r.PostProcessAAQuality:4]]
[2023.02.23-17.28.32:132][  0]LogConfig: Applying CVar settings from Section [ShadowQuality@3] File [C:/Users/beatriz.fulgencio/Documents/GitHub/Ue4-c-Course/MyProject/Saved/Config/Windows/Scalability.ini]
[2023.02.23-17.28.32:133][  0]LogConfig: Setting CVar [[r.LightFunctionQuality:1]]
[2023.02.23-17.28.32:133][  0]LogConfig: Setting CVar [[r.ShadowQuality:5]]
[2023.02.23-17.28.32:133][  0]LogConfig: Setting CVar [[r.Shadow.CSM.MaxCascades:10]]
[2023.02.23-17.28.32:133][  0]LogConfig: Setting CVar [[r.Shadow.MaxResolution:2048]]
[2023.02.23-17.28.32:133][  0]LogConfig: Setting CVar [[r.Shadow.MaxCSMResolution:2048]]
[2023.02.23-17.28.32:134][  0]LogConfig: Setting CVar [[r.Shadow.RadiusThreshold:0.01]]
[2023.02.23-17.28.32:134][  0]LogConfig: Setting CVar [[r.Shadow.DistanceScale:1.0]]
[2023.02.23-17.28.32:134][  0]LogConfig: Setting CVar [[r.Shadow.CSM.TransitionScale:1.0]]
[2023.02.23-17.28.32:134][  0]LogConfig: Setting CVar [[r.Shadow.PreShadowResolutionFactor:1.0]]
[2023.02.23-17.28.32:135][  0]LogConfig: Setting CVar [[r.DistanceFieldShadowing:1]]
[2023.02.23-17.28.32:135][  0]LogConfig: Setting CVar [[r.DistanceFieldAO:1]]
[2023.02.23-17.28.32:135][  0]LogConfig: Setting CVar [[r.AOQuality:2]]
[2023.02.23-17.28.32:135][  0]LogConfig: Setting CVar [[r.VolumetricFog:1]]
[2023.02.23-17.28.32:137][  0]LogConfig: Setting CVar [[r.VolumetricFog.GridPixelSize:8]]
[2023.02.23-17.28.32:137][  0]LogConfig: Setting CVar [[r.VolumetricFog.GridSizeZ:128]]
[2023.02.23-17.28.32:137][  0]LogConfig: Setting CVar [[r.VolumetricFog.HistoryMissSupersampleCount:4]]
[2023.02.23-17.28.32:137][  0]LogConfig: Setting CVar [[r.LightMaxDrawDistanceScale:1]]
[2023.02.23-17.28.32:139][  0]LogConfig: Setting CVar [[r.CapsuleShadows:1]]
[2023.02.23-17.28.32:139][  0]LogConfig: Applying CVar settings from Section [PostProcessQuality@3] File [C:/Users/beatriz.fulgencio/Documents/GitHub/Ue4-c-Course/MyProject/Saved/Config/Windows/Scalability.ini]
[2023.02.23-17.28.32:139][  0]LogConfig: Setting CVar [[r.MotionBlurQuality:4]]
[2023.02.23-17.28.32:140][  0]LogConfig: Setting CVar [[r.AmbientOcclusionMipLevelFactor:0.4]]
[2023.02.23-17.28.32:140][  0]LogConfig: Setting CVar [[r.AmbientOcclusionMaxQuality:100]]
[2023.02.23-17.28.32:140][  0]LogConfig: Setting CVar [[r.AmbientOcclusionLevels:-1]]
[2023.02.23-17.28.32:140][  0]LogConfig: Setting CVar [[r.AmbientOcclusionRadiusScale:1.0]]
[2023.02.23-17.28.32:141][  0]LogConfig: Setting CVar [[r.DepthOfFieldQuality:2]]
[2023.02.23-17.28.32:141][  0]LogConfig: Setting CVar [[r.RenderTargetPoolMin:400]]
[2023.02.23-17.28.32:141][  0]LogConfig: Setting CVar [[r.LensFlareQuality:2]]
[2023.02.23-17.28.32:142][  0]LogConfig: Setting CVar [[r.SceneColorFringeQuality:1]]
[2023.02.23-17.28.32:143][  0]LogConfig: Setting CVar [[r.EyeAdaptationQuality:2]]
[2023.02.23-17.28.32:143][  0]LogConfig: Setting CVar [[r.BloomQuality:5]]
[2023.02.23-17.28.32:144][  0]LogConfig: Setting CVar [[r.FastBlurThreshold:100]]
[2023.02.23-17.28.32:144][  0]LogConfig: Setting CVar [[r.Upscale.Quality:3]]
[2023.02.23-17.28.32:145][  0]LogConfig: Setting CVar [[r.Tonemapper.GrainQuantization:1]]
[2023.02.23-17.28.32:146][  0]LogConfig: Setting CVar [[r.LightShaftQuality:1]]
[2023.02.23-17.28.32:146][  0]LogConfig: Setting CVar [[r.Filter.SizeScale:1]]
[2023.02.23-17.28.32:146][  0]LogConfig: Setting CVar [[r.Tonemapper.Quality:5]]
[2023.02.23-17.28.32:146][  0]LogConfig: Setting CVar [[r.DOF.Gather.AccumulatorQuality:1        ; higher gathering accumulator quality]]
[2023.02.23-17.28.32:146][  0]LogConfig: Setting CVar [[r.DOF.Gather.PostfilterMethod:1          ; Median3x3 postfilering method]]
[2023.02.23-17.28.32:146][  0]LogConfig: Setting CVar [[r.DOF.Gather.EnableBokehSettings:0       ; no bokeh simulation when gathering]]
[2023.02.23-17.28.32:146][  0]LogConfig: Setting CVar [[r.DOF.Gather.RingCount:4                 ; medium number of samples when gathering]]
[2023.02.23-17.28.32:146][  0]LogConfig: Setting CVar [[r.DOF.Scatter.ForegroundCompositing:1    ; additive foreground scattering]]
[2023.02.23-17.28.32:146][  0]LogConfig: Setting CVar [[r.DOF.Scatter.BackgroundCompositing:2    ; additive background scattering]]
[2023.02.23-17.28.32:147][  0]LogConfig: Setting CVar [[r.DOF.Scatter.EnableBokehSettings:1      ; bokeh simulation when scattering]]
[2023.02.23-17.28.32:147][  0]LogConfig: Setting CVar [[r.DOF.Scatter.MaxSpriteRatio:0.1         ; only a maximum of 10% of scattered bokeh]]
[2023.02.23-17.28.32:147][  0]LogConfig: Setting CVar [[r.DOF.Recombine.Quality:1                ; cheap slight out of focus]]
[2023.02.23-17.28.32:147][  0]LogConfig: Setting CVar [[r.DOF.Recombine.EnableBokehSettings:0    ; no bokeh simulation on slight out of focus]]
[2023.02.23-17.28.32:147][  0]LogConfig: Setting CVar [[r.DOF.TemporalAAQuality:1                ; more stable temporal accumulation]]
[2023.02.23-17.28.32:147][  0]LogConfig: Setting CVar [[r.DOF.Kernel.MaxForegroundRadius:0.025]]
[2023.02.23-17.28.32:147][  0]LogConfig: Setting CVar [[r.DOF.Kernel.MaxBackgroundRadius:0.025]]
[2023.02.23-17.28.32:147][  0]LogConfig: Applying CVar settings from Section [TextureQuality@3] File [C:/Users/beatriz.fulgencio/Documents/GitHub/Ue4-c-Course/MyProject/Saved/Config/Windows/Scalability.ini]
[2023.02.23-17.28.32:147][  0]LogConfig: Setting CVar [[r.Streaming.MipBias:0]]
[2023.02.23-17.28.32:147][  0]LogConfig: Setting CVar [[r.Streaming.AmortizeCPUToGPUCopy:0]]
[2023.02.23-17.28.32:147][  0]LogConfig: Setting CVar [[r.Streaming.MaxNumTexturesToStreamPerFrame:0]]
[2023.02.23-17.28.32:148][  0]LogConfig: Setting CVar [[r.Streaming.Boost:1]]
[2023.02.23-17.28.32:148][  0]LogConfig: Setting CVar [[r.MaxAnisotropy:8]]
[2023.02.23-17.28.32:148][  0]LogConfig: Setting CVar [[r.VT.MaxAnisotropy:8]]
[2023.02.23-17.28.32:148][  0]LogConfig: Setting CVar [[r.Streaming.LimitPoolSizeToVRAM:0]]
[2023.02.23-17.28.32:148][  0]LogConfig: Setting CVar [[r.Streaming.PoolSize:1000]]
[2023.02.23-17.28.32:148][  0]LogConfig: Setting CVar [[r.Streaming.MaxEffectiveScreenSize:0]]
[2023.02.23-17.28.32:148][  0]LogConfig: Applying CVar settings from Section [EffectsQuality@3] File [C:/Users/beatriz.fulgencio/Documents/GitHub/Ue4-c-Course/MyProject/Saved/Config/Windows/Scalability.ini]
[2023.02.23-17.28.32:148][  0]LogConfig: Setting CVar [[r.TranslucencyLightingVolumeDim:64]]
[2023.02.23-17.28.32:148][  0]LogConfig: Setting CVar [[r.RefractionQuality:2]]
[2023.02.23-17.28.32:148][  0]LogConfig: Setting CVar [[r.SSR.Quality:3]]
[2023.02.23-17.28.32:148][  0]LogConfig: Setting CVar [[r.SSR.HalfResSceneColor:0]]
[2023.02.23-17.28.32:149][  0]LogConfig: Setting CVar [[r.SceneColorFormat:4]]
[2023.02.23-17.28.32:149][  0]LogConfig: Setting CVar [[r.DetailMode:2]]
[2023.02.23-17.28.32:149][  0]LogConfig: Setting CVar [[r.TranslucencyVolumeBlur:1]]
[2023.02.23-17.28.32:149][  0]LogConfig: Setting CVar [[r.MaterialQualityLevel:1 ; High quality]]
[2023.02.23-17.28.32:149][  0]LogConfig: Setting CVar [[r.AnisotropicMaterials:1]]
[2023.02.23-17.28.32:149][  0]LogConfig: Setting CVar [[r.SSS.Scale:1]]
[2023.02.23-17.28.32:149][  0]LogConfig: Setting CVar [[r.SSS.SampleSet:2]]
[2023.02.23-17.28.32:149][  0]LogConfig: Setting CVar [[r.SSS.Quality:1]]
[2023.02.23-17.28.32:149][  0]LogConfig: Setting CVar [[r.SSS.HalfRes:0]]
[2023.02.23-17.28.32:149][  0]LogConfig: Setting CVar [[r.SSGI.Quality:3]]
[2023.02.23-17.28.32:149][  0]LogConfig: Setting CVar [[r.EmitterSpawnRateScale:1.0]]
[2023.02.23-17.28.32:149][  0]LogConfig: Setting CVar [[r.ParticleLightQuality:2]]
[2023.02.23-17.28.32:149][  0]LogConfig: Setting CVar [[r.SkyAtmosphere.AerialPerspectiveLUT.FastApplyOnOpaque:1 ; Always have FastSkyLUT 1 in this case to avoid wrong sky]]
[2023.02.23-17.28.32:150][  0]LogConfig: Setting CVar [[r.SkyAtmosphere.AerialPerspectiveLUT.SampleCountMaxPerSlice:4]]
[2023.02.23-17.28.32:150][  0]LogConfig: Setting CVar [[r.SkyAtmosphere.AerialPerspectiveLUT.DepthResolution:16.0]]
[2023.02.23-17.28.32:150][  0]LogConfig: Setting CVar [[r.SkyAtmosphere.FastSkyLUT:1]]
[2023.02.23-17.28.32:150][  0]LogConfig: Setting CVar [[r.SkyAtmosphere.FastSkyLUT.SampleCountMin:4.0]]
[2023.02.23-17.28.32:150][  0]LogConfig: Setting CVar [[r.SkyAtmosphere.FastSkyLUT.SampleCountMax:128.0]]
[2023.02.23-17.28.32:150][  0]LogConfig: Setting CVar [[r.SkyAtmosphere.SampleCountMin:4.0]]
[2023.02.23-17.28.32:150][  0]LogConfig: Setting CVar [[r.SkyAtmosphere.SampleCountMax:128.0]]
[2023.02.23-17.28.32:150][  0]LogConfig: Setting CVar [[r.SkyAtmosphere.TransmittanceLUT.UseSmallFormat:0]]
[2023.02.23-17.28.32:150][  0]LogConfig: Setting CVar [[r.SkyAtmosphere.TransmittanceLUT.SampleCount:10.0]]
[2023.02.23-17.28.32:150][  0]LogConfig: Setting CVar [[r.SkyAtmosphere.MultiScatteringLUT.SampleCount:15.0]]
[2023.02.23-17.28.32:150][  0]LogConfig: Setting CVar [[r.SkyLight.RealTimeReflectionCapture:1]]
[2023.02.23-17.28.32:154][  0]LogConfig: Applying CVar settings from Section [FoliageQuality@3] File [C:/Users/beatriz.fulgencio/Documents/GitHub/Ue4-c-Course/MyProject/Saved/Config/Windows/Scalability.ini]
[2023.02.23-17.28.32:155][  0]LogConfig: Setting CVar [[foliage.DensityScale:1.0]]
[2023.02.23-17.28.32:156][  0]LogConfig: Setting CVar [[grass.DensityScale:1.0]]
[2023.02.23-17.28.32:157][  0]LogConfig: Applying CVar settings from Section [ShadingQuality@3] File [C:/Users/beatriz.fulgencio/Documents/GitHub/Ue4-c-Course/MyProject/Saved/Config/Windows/Scalability.ini]
[2023.02.23-17.28.32:157][  0]LogConfig: Setting CVar [[r.HairStrands.SkyLighting.IntegrationType:2]]
[2023.02.23-17.28.32:157][  0]LogConfig: Setting CVar [[r.HairStrands.SkyAO.SampleCount:4]]
[2023.02.23-17.28.32:157][  0]LogConfig: Setting CVar [[r.HairStrands.Visibility.MSAA.SamplePerPixel:4]]
[2023.02.23-17.28.32:158][  0]LogConfig: Applying CVar settings from Section [Startup] File [../../../Engine/Config/ConsoleVariables.ini]
[2023.02.23-17.28.32:159][  0]LogConfig: Setting CVar [[net.UseAdaptiveNetUpdateFrequency:0]]
[2023.02.23-17.28.32:159][  0]LogConfig: Setting CVar [[p.chaos.AllowCreatePhysxBodies:1]]
[2023.02.23-17.28.32:159][  0]LogConfig: Setting CVar [[fx.SkipVectorVMBackendOptimizations:1]]
[2023.02.23-17.28.32:159][  0]LogConfig: Applying CVar settings from Section [ConsoleVariables] File [C:/Users/beatriz.fulgencio/Documents/GitHub/Ue4-c-Course/MyProject/Saved/Config/Windows/Engine.ini]
[2023.02.23-17.28.32:159][  0]LogConfig: Applying CVar settings from Section [ConsoleVariables] File [C:/Users/beatriz.fulgencio/Documents/GitHub/Ue4-c-Course/MyProject/Saved/Config/Windows/Editor.ini]
[2023.02.23-17.28.32:160][  0]LogInit: Computer: IMDESIGNS-BPC27
[2023.02.23-17.28.32:160][  0]LogInit: User: beatrizfulgencio
[2023.02.23-17.28.32:160][  0]LogInit: CPU Page size=4096, Cores=4
[2023.02.23-17.28.32:160][  0]LogInit: High frequency timer resolution =10.000000 MHz
[2023.02.23-17.28.32:160][  0]LogMemory: Memory total: Physical=23.9GB (24GB approx)
[2023.02.23-17.28.32:160][  0]LogMemory: Platform Memory Stats for Windows
[2023.02.23-17.28.32:160][  0]LogMemory: Process Physical Memory: 141.19 MB used, 141.20 MB peak
[2023.02.23-17.28.32:160][  0]LogMemory: Process Virtual Memory: 122.25 MB used, 122.25 MB peak
[2023.02.23-17.28.32:161][  0]LogMemory: Physical Memory: 9843.21 MB used,  14672.65 MB free, 24515.86 MB total
[2023.02.23-17.28.32:161][  0]LogMemory: Virtual Memory: 134172856.00 MB used,  44873.39 MB free, 134217728.00 MB total
[2023.02.23-17.28.32:176][  0]LogWindows: WindowsPlatformFeatures enabled
[2023.02.23-17.28.32:745][  0]LogInit: Physics initialised using underlying interface: PhysX
[2023.02.23-17.28.32:748][  0]LogInit: Using OS detected language (en-US).
[2023.02.23-17.28.32:748][  0]LogInit: Using OS detected locale (pt-BR).
[2023.02.23-17.28.32:757][  0]LogTextLocalizationManager: No specific localization for 'en-US' exists, so the 'en' localization will be used.
[2023.02.23-17.28.33:113][  0]LogInit: Setting process to per monitor DPI aware
[2023.02.23-17.28.33:151][  0]LogWindowsTextInputMethodSystem: Display: IME system deactivated.
[2023.02.23-17.28.33:179][  0]LogSlate: New Slate User Created.  User Index 0, Is Virtual User: 0
[2023.02.23-17.28.33:179][  0]LogSlate: Slate User Registered.  User Index 0, Is Virtual User: 0
[2023.02.23-17.28.33:358][  0]LogD3D11RHI: Loaded GFSDK_Aftermath_Lib.x64.dll
[2023.02.23-17.28.33:365][  0]LogHMD: Failed to initialize OpenVR with code 110
[2023.02.23-17.28.33:365][  0]LogD3D11RHI: D3D11 min allowed feature level: 11_0
[2023.02.23-17.28.33:366][  0]LogD3D11RHI: D3D11 max allowed feature level: 11_0
[2023.02.23-17.28.33:366][  0]LogD3D11RHI: D3D11 adapters:
[2023.02.23-17.28.33:530][  0]LogD3D11RHI:    0. 'NVIDIA GeForce GTX 1080' (Feature Level 11_0)
[2023.02.23-17.28.33:530][  0]LogD3D11RHI:       8079/0/12257 MB DedicatedVideo/DedicatedSystem/SharedSystem, Outputs:2, VendorId:0x10de
[2023.02.23-17.28.33:538][  0]LogD3D11RHI:    1. 'Microsoft Basic Render Driver' (Feature Level 11_0)
[2023.02.23-17.28.33:538][  0]LogD3D11RHI:       0/0/12257 MB DedicatedVideo/DedicatedSystem/SharedSystem, Outputs:0, VendorId:0x1414
[2023.02.23-17.28.33:538][  0]LogD3D11RHI: Chosen D3D11 Adapter:
[2023.02.23-17.28.33:538][  0]LogD3D11RHI:     Description : NVIDIA GeForce GTX 1080
[2023.02.23-17.28.33:539][  0]LogD3D11RHI:     VendorId    : 10de
[2023.02.23-17.28.33:539][  0]LogD3D11RHI:     DeviceId    : 1ba0
[2023.02.23-17.28.33:539][  0]LogD3D11RHI:     SubSysId    : 8375103c
[2023.02.23-17.28.33:539][  0]LogD3D11RHI:     Revision    : 00a1
[2023.02.23-17.28.33:539][  0]LogD3D11RHI:     DedicatedVideoMemory : 8471445504 bytes
[2023.02.23-17.28.33:539][  0]LogD3D11RHI:     DedicatedSystemMemory : 0 bytes
[2023.02.23-17.28.33:539][  0]LogD3D11RHI:     SharedSystemMemory : 12853370880 bytes
[2023.02.23-17.28.33:539][  0]LogD3D11RHI:     AdapterLuid : 0 73508
[2023.02.23-17.28.33:547][  0]LogD3D11RHI: Creating new Direct3DDevice
[2023.02.23-17.28.33:547][  0]LogD3D11RHI:     GPU DeviceId: 0x1ba0 (for the marketing name, search the web for "GPU Device Id")
[2023.02.23-17.28.33:547][  0]LogWindows: EnumDisplayDevices:
[2023.02.23-17.28.33:548][  0]LogWindows:    0. 'NVIDIA GeForce GTX 1080' (P:0 D:1)
[2023.02.23-17.28.33:548][  0]LogWindows:    1. 'NVIDIA GeForce GTX 1080' (P:1 D:1)
[2023.02.23-17.28.33:548][  0]LogWindows:    2. 'NVIDIA GeForce GTX 1080' (P:0 D:0)
[2023.02.23-17.28.33:549][  0]LogWindows:    3. 'NVIDIA GeForce GTX 1080' (P:0 D:0)
[2023.02.23-17.28.33:549][  0]LogWindows: DebugString: FoundDriverCount:4 
[2023.02.23-17.28.33:549][  0]LogD3D11RHI:     Adapter Name: NVIDIA GeForce GTX 1080
[2023.02.23-17.28.33:549][  0]LogD3D11RHI:   Driver Version: 511.65 (internal:30.0.15.1165, unified:511.65)
[2023.02.23-17.28.33:549][  0]LogD3D11RHI:      Driver Date: 1-28-2022
[2023.02.23-17.28.33:549][  0]LogRHI: Texture pool is 5655 MB (70% of 8079 MB)
[2023.02.23-17.28.33:549][  0]LogD3D11RHI: Creating D3DDevice using adapter:
[2023.02.23-17.28.33:549][  0]LogD3D11RHI:     Description : NVIDIA GeForce GTX 1080
[2023.02.23-17.28.33:549][  0]LogD3D11RHI:     VendorId    : 10de
[2023.02.23-17.28.33:549][  0]LogD3D11RHI:     DeviceId    : 1ba0
[2023.02.23-17.28.33:550][  0]LogD3D11RHI:     SubSysId    : 8375103c
[2023.02.23-17.28.33:550][  0]LogD3D11RHI:     Revision    : 00a1
[2023.02.23-17.28.33:550][  0]LogD3D11RHI:     DedicatedVideoMemory : 8471445504 bytes
[2023.02.23-17.28.33:550][  0]LogD3D11RHI:     DedicatedSystemMemory : 0 bytes
[2023.02.23-17.28.33:550][  0]LogD3D11RHI:     SharedSystemMemory : 12853370880 bytes
[2023.02.23-17.28.33:550][  0]LogD3D11RHI:     AdapterLuid : 0 73508
[2023.02.23-17.28.33:626][  0]LogD3D11RHI: RHI has support for 64 bit atomics
[2023.02.23-17.28.33:626][  0]LogD3D11RHI: Async texture creation enabled
[2023.02.23-17.28.33:626][  0]LogD3D11RHI: Array index from any shader is supported
[2023.02.23-17.28.33:648][  0]LogD3D11RHI: GPU Timing Frequency: 1000.000000 (Debug: 2 1)
[2023.02.23-17.28.33:720][  0]LogRHI: GeForceNow SDK initialized: 1
[2023.02.23-17.28.34:218][  0]LogTargetPlatformManager: Display: Loaded TargetPlatform 'AllDesktop'
[2023.02.23-17.28.34:254][  0]LogTargetPlatformManager: Display: Loaded TargetPlatform 'Android'
[2023.02.23-17.28.34:254][  0]LogTargetPlatformManager: Display: Loaded TargetPlatform 'Android_ASTC'
[2023.02.23-17.28.34:254][  0]LogTargetPlatformManager: Display: Loaded TargetPlatform 'Android_DXT'
[2023.02.23-17.28.34:254][  0]LogTargetPlatformManager: Display: Loaded TargetPlatform 'Android_ETC2'
[2023.02.23-17.28.34:255][  0]LogTargetPlatformManager: Display: Loaded TargetPlatform 'AndroidClient'
[2023.02.23-17.28.34:255][  0]LogTargetPlatformManager: Display: Loaded TargetPlatform 'Android_ASTCClient'
[2023.02.23-17.28.34:255][  0]LogTargetPlatformManager: Display: Loaded TargetPlatform 'Android_DXTClient'
[2023.02.23-17.28.34:255][  0]LogTargetPlatformManager: Display: Loaded TargetPlatform 'Android_ETC2Client'
[2023.02.23-17.28.34:255][  0]LogTargetPlatformManager: Display: Loaded TargetPlatform 'Android_Multi'
[2023.02.23-17.28.34:255][  0]LogTargetPlatformManager: Display: Loaded TargetPlatform 'Android_MultiClient'
[2023.02.23-17.28.34:291][  0]LogTargetPlatformManager: Display: Loaded TargetPlatform 'IOSClient'
[2023.02.23-17.28.34:291][  0]LogTargetPlatformManager: Display: Loaded TargetPlatform 'IOS'
[2023.02.23-17.28.34:312][  0]LogTargetPlatformManager: Display: Loaded TargetPlatform 'Linux'
[2023.02.23-17.28.34:320][  0]LogTargetPlatformManager: Display: Loaded TargetPlatform 'LinuxNoEditor'
[2023.02.23-17.28.34:329][  0]LogTargetPlatformManager: Display: Loaded TargetPlatform 'LinuxClient'
[2023.02.23-17.28.34:337][  0]LogTargetPlatformManager: Display: Loaded TargetPlatform 'LinuxServer'
[2023.02.23-17.28.34:356][  0]LogTargetPlatformManager: Display: Loaded TargetPlatform 'LinuxAArch64NoEditor'
[2023.02.23-17.28.34:365][  0]LogTargetPlatformManager: Display: Loaded TargetPlatform 'LinuxAArch64Client'
[2023.02.23-17.28.34:375][  0]LogTargetPlatformManager: Display: Loaded TargetPlatform 'LinuxAArch64Server'
[2023.02.23-17.28.34:421][  0]LogTargetPlatformManager: Display: Loaded TargetPlatform 'Lumin'
[2023.02.23-17.28.34:421][  0]LogTargetPlatformManager: Display: Loaded TargetPlatform 'LuminClient'
[2023.02.23-17.28.34:439][  0]LogTargetPlatformManager: Display: Loaded TargetPlatform 'MacNoEditor'
[2023.02.23-17.28.34:448][  0]LogTargetPlatformManager: Display: Loaded TargetPlatform 'Mac'
[2023.02.23-17.28.34:457][  0]LogTargetPlatformManager: Display: Loaded TargetPlatform 'MacClient'
[2023.02.23-17.28.34:465][  0]LogTargetPlatformManager: Display: Loaded TargetPlatform 'MacServer'
[2023.02.23-17.28.34:482][  0]LogTargetPlatformManager: Display: Loaded TargetPlatform 'TVOSClient'
[2023.02.23-17.28.34:482][  0]LogTargetPlatformManager: Display: Loaded TargetPlatform 'TVOS'
[2023.02.23-17.28.34:499][  0]LogTargetPlatformManager: Display: Loaded TargetPlatform 'WindowsNoEditor'
[2023.02.23-17.28.34:508][  0]LogTargetPlatformManager: Display: Loaded TargetPlatform 'Windows'
[2023.02.23-17.28.34:517][  0]LogTargetPlatformManager: Display: Loaded TargetPlatform 'WindowsClient'
[2023.02.23-17.28.34:525][  0]LogTargetPlatformManager: Display: Loaded TargetPlatform 'WindowsServer'
[2023.02.23-17.28.34:525][  0]LogTargetPlatformManager: Display: Building Assets For Windows
[2023.02.23-17.28.34:554][  0]LogAudioDebug: Display: Lib vorbis DLL was dynamically loaded.
[2023.02.23-17.28.34:643][  0]LogTextureFormatOodle: Display: Oodle Texture 2.9.0 init RDO Off
[2023.02.23-17.28.34:725][  0]LogRendererCore: Ray tracing is disabled. Reason: r.RayTracing=0.
[2023.02.23-17.28.34:725][  0]LogShaderCompilers: Guid format shader working directory is -24 characters bigger than the processId version (../../../../../../Users/beatriz.fulgencio/Documents/GitHub/Ue4-c-Course/MyProject/Intermediate/Shaders/WorkingDirectory/17240/).
[2023.02.23-17.28.34:725][  0]LogShaderCompilers: Cleaned the shader compiler working directory 'C:/Users/beatriz.fulgencio/AppData/Local/Temp/UnrealShaderWorkingDir/7915DFBE4C8179E6D3D96B83931E97CC/'.
[2023.02.23-17.28.34:725][  0]LogXGEController: Cannot use XGE Controller as Incredibuild is not installed on this machine.
[2023.02.23-17.28.34:726][  0]LogShaderCompilers: Cannot use XGE Shader Compiler as Incredibuild is not installed on this machine.
[2023.02.23-17.28.34:726][  0]LogShaderCompilers: Display: Using Local Shader Compiler.
[2023.02.23-17.28.35:759][  0]LogDerivedDataCache: Display: Max Cache Size: 512 MB
[2023.02.23-17.28.35:846][  0]LogDerivedDataCache: Loaded boot cache 0.09s 94MB C:/Users/beatriz.fulgencio/AppData/Local/UnrealEngine/4.27/DerivedDataCache/Boot.ddc.
[2023.02.23-17.28.35:846][  0]LogDerivedDataCache: Display: Loaded Boot cache: C:/Users/beatriz.fulgencio/AppData/Local/UnrealEngine/4.27/DerivedDataCache/Boot.ddc
[2023.02.23-17.28.35:846][  0]LogDerivedDataCache: FDerivedDataBackendGraph:  Pak pak cache file ../../../../../../Users/beatriz.fulgencio/Documents/GitHub/Ue4-c-Course/MyProject/DerivedDataCache/DDC.ddp not found, will not use a pak cache.
[2023.02.23-17.28.35:846][  0]LogDerivedDataCache: Unable to find inner node Pak for hierarchical cache Hierarchy.
[2023.02.23-17.28.35:847][  0]LogDerivedDataCache: FDerivedDataBackendGraph:  CompressedPak pak cache file ../../../../../../Users/beatriz.fulgencio/Documents/GitHub/Ue4-c-Course/MyProject/DerivedDataCache/Compressed.ddp not found, will not use a pak cache.
[2023.02.23-17.28.35:847][  0]LogDerivedDataCache: Unable to find inner node CompressedPak for hierarchical cache Hierarchy.
[2023.02.23-17.28.35:869][  0]LogDerivedDataCache: Display: Pak cache opened for reading ../../../Engine/DerivedDataCache/Compressed.ddp.
[2023.02.23-17.28.35:869][  0]LogDerivedDataCache: FDerivedDataBackendGraph:  EnterprisePak pak cache file ../../../Enterprise/DerivedDataCache/Compressed.ddp not found, will not use a pak cache.
[2023.02.23-17.28.35:870][  0]LogDerivedDataCache: Unable to find inner node EnterprisePak for hierarchical cache Hierarchy.
[2023.02.23-17.28.35:887][  0]LogDerivedDataCache: Speed tests for C:/Users/beatriz.fulgencio/AppData/Local/UnrealEngine/Common/DerivedDataCache took 0.02 seconds
[2023.02.23-17.28.35:887][  0]LogDerivedDataCache: Display: Performance to C:/Users/beatriz.fulgencio/AppData/Local/UnrealEngine/Common/DerivedDataCache: Latency=0.04ms. RandomReadSpeed=101.37MBs, RandomWriteSpeed=128.29MBs. Assigned SpeedClass 'Local'
[2023.02.23-17.28.35:897][  0]LogDerivedDataCache: Using Local data cache path C:/Users/beatriz.fulgencio/AppData/Local/UnrealEngine/Common/DerivedDataCache: Writable
[2023.02.23-17.28.35:897][  0]LogDerivedDataCache: Shared data cache path not found in *engine.ini, will not use an Shared cache.
[2023.02.23-17.28.35:897][  0]LogDerivedDataCache: Unable to find inner node Shared for hierarchical cache Hierarchy.
[2023.02.23-17.28.35:966][  0]LogSlate: Using FreeType 2.10.0
[2023.02.23-17.28.35:966][  0]LogSlate: SlateFontServices - WITH_FREETYPE: 1, WITH_HARFBUZZ: 1
[2023.02.23-17.28.36:001][  0]LogAssetRegistry: FAssetRegistry took 0.0062 seconds to start up
[2023.02.23-17.28.36:315][  0]LogInit: Selected Device Profile: [Windows]
[2023.02.23-17.28.36:315][  0]LogInit: Active device profile: [000001A1C1C02C00][000001A1C12A84C0 49] Windows
[2023.02.23-17.28.36:315][  0]LogInit: Profiles: [000001A1C1C02C00][000001A1C12A84C0 49] Windows, [000001A1C1B95400][000001A1B4584640 49] WindowsNoEditor, [000001A1C1C02300][000001A1BE9EC7C0 49] WindowsServer, [000001A1C1B95C00][000001A1BFE94940 49] WindowsClient, [000001A1C1C03900][000001A1C16ACAC0 49] IOS, [000001A1C1B97400][000001A1C12ACC00 49] iPadAir, [000001A1C1B94500][000001A1C16B0D40 49] iPadAir2, [000001A1C2B35200][000001A1C16B8F80 49] IPadPro, [000001A1C2B35300][000001A1C16B4FC0 49] iPadAir3, [000001A1C1C01400][000001A1B390B140 49] iPadAir4, [000001A1C2B34200][000001A1B390F2C0 49] iPadMini2, [000001A1C1C01300][000001A1B3913440 49] iPadMini3, [000001A1C2B37100][000001A1B39175C0 49] iPadMini4, [000001A1C1B94700][000001A1B391B740 49] iPadMini5, [000001A1C1B68B00][000001A1B3923A00 49] iPhone6, [000001A1C1B68C00][000001A1B391FA40 49] iPodTouch6, [000001A1C2B37A00][000001A1B392A180 49] iPhone7, [000001A1C2B37900][000001A1B39261C0 49] iPodTouch7, [000001A1C1B68400][000001A1B392E340 49] iPhone5S, [000001A1C2B35D00][000001A1B39324C0 49] iPhone6Plus, [000001A1C1B69400][000001A1B3936640 49] iPhone6S, [000001A1C2B35400][000001A1B393A7C0 49] iPhone6SPlus, [000001A1C1B6BF00][000001A1B393E940 49] iPhone7Plus, [000001A1C2B37200][000001A1B3942AC0 49] iPhoneSE, [000001A1C1B69C00][000001A1B3946C40 49] iPhone8, [000001A1C2B34700][000001A1C16BCD80 49] iPhone8Plus, [000001A1C1B6B400][000001A1B394AEC0 49] iPhoneX, [000001A1C2B36500][000001A1B394F000 49] iPhoneXS, [000001A1C1B6A300][000001A1B3953140 49] iPhoneXSMax, [000001A1C2B35F00][000001A1B395B2C0 49] iPhoneXR, [000001A1C1B6B000][000001A1B395F440 49] iPhone11, [000001A1C2B36800][000001A1B39635C0 49] iPhone11Pro, [000001A1C1B68F00][000001A1B3967740 49] iPhone11ProMax, [000001A1C2B35900][000001A1B396B8C0 49] iPhoneSE2, [000001A1C1B69700][000001A1B396FA40 49] iPhone12Mini, [000001A1C2B37800][000001A1B3973BC0 49] iPhone12, [000001A1C1B6BE00][000001A1C0F921C0 49] iPhone12Pro, [000001A1C2B37B00][000001A1C0F96340 49] iPhone12ProMax, [000001A1C1B68500][000001A1C0F9A4C0 49] iPadPro105, [000001A1C2B35B00][000001A1C0F9E640 49] iPadPro129, [000001A1C1B69500][000001A1C0FA27C0 49] iPadPro97, [000001A1C2B36600][000001A1C0FA6940 49] iPadPro2_129, [000001A1C1B6A500][000001A1C0FAAAC0 49] iPad5, [000001A1C2B37400][000001A1C0FAEC40 49] iPad6, [000001A1C1B68A00][000001A1C0FB2DC0 49] iPad7, [000001A1C2B37700][000001A1C0FB6F40 49] iPad8, [000001A1C1B6B700][000001A1B3957080 49] iPadPro11, [000001A1C2B36F00][000001A1C0FBB1C0 49] iPadPro2_11, [000001A1C1B69B00][000001A1C0FBF300 49] iPadPro3_129, [000001A1C2B35000][000001A1C0FC7480 49] iPadPro4_129, [000001A1C1B6AD00][000001A1C0FCB600 49] AppleTV, [000001A1C2B34600][000001A1C0FCF780 49] AppleTV4K, [000001A1C1B68600][000001A1C0FD3900 49] TVOS, [000001A1C2B36D00][000001A1C0FD7A80 49] Mac, [000001A1C1B6A900][000001A1C0FDBC00 49] MacClient, [000001A1C2B37000][000001A1C0FDE200 49] MacNoEditor, [000001A1C1B69900][000001A1C0FE2380 49] MacServer, [000001A1C2B34B00][000001A1C0FE6500 49] Linux, [000001A1C1B68700][000001A1C0FEA680 49] LinuxAArch64, [000001A1C2B35500][000001A1C0FEE800 49] LinuxNoEditor, [000001A1C1B6AF00][000001A1C0FF2980 49] LinuxAArch64NoEditor, [000001A1C2B35800][000001A1C0FF6B00 49] LinuxClient, [000001A1C1B6B500][000001A1C0FFAC80 49] LinuxAArch64Client, [000001A1C2B34A00][000001A1C0FFEE00 49] LinuxServer, [000001A1C1B69200][000001A1BE940F80 49] LinuxAArch64Server, [000001A1C2B36900][000001A1BE945100 49] Android, [000001A1C1B69800][000001A1C0FC3240 49] Android_Low, [000001A1C2B37600][000001A1BE949380 49] Android_Mid, [000001A1C1B6B200][000001A1BE94D4C0 49] Android_High, [000001A1C2B35700][000001A1BE955640 49] Android_Default, [000001A1C1B68D00][000001A1BE9597C0 49] Android_Adreno4xx, [000001A1C2B37C00][000001A1BE95D940 49] Android_Adreno5xx_Low, [000001A1C1C03600][000001A1BE961AC0 49] Android_Adreno5xx, [000001A1C1B97E00][000001A1BE9640C0 49] Android_Adreno6xx, [000001A1C1C02200][000001A1BE968240 49] Android_Adreno6xx_Vulkan, [000001A1C1B96200][000001A1BE96C3C0 49] Android_Mali_T6xx, [000001A1C1C03100][000001A1BE970540 49] Android_Mali_T7xx, [000001A1C1B94E00][000001A1BE9746C0 49] Android_Mali_T8xx, [000001A1C1C01800][000001A1BE978840 49] Android_Mali_G71, [000001A1C1B94600][000001A1BE97C9C0 49] Android_Mali_G72, [000001A1C1C01600][000001A1BE980B40 49] Android_Mali_G72_Vulkan, [000001A1C1B95500][000001A1BE984CC0 49] Android_Mali_G76, [000001A1C1C03000][000001A1BE988E40 49] Android_Mali_G76_Vulkan, [000001A1C1B96300][000001A1BE98CFC0 49] Android_Mali_G77, [000001A1C1C01C00][000001A1BE991140 49] Android_Mali_G77_Vulkan, [000001A1C1B97600][000001A1BE9952C0 49] Android_Mali_G78, [000001A1C1C00F00][000001A1BE951400 49] Android_Mali_G78_Vulkan, [000001A1C1B96700][000001A1BE999540 49] Android_Mali_G710, [000001A1C1C02600][000001A1BE99D680 49] Android_Mali_G710_Vulkan, [000001A1C1B97F00][000001A1BE9A17C0 49] Android_Vulkan_SM5, [000001A1C1C01D00][000001A1BE9A9940 49] Android_PowerVR_G6xxx, [000001A1C1B94200][000001A1BE9ADAC0 49] Android_PowerVR_GT7xxx, [000001A1C1C00700][000001A1BE9B00C0 49] Android_PowerVR_GE8xxx, [000001A1C1B97C00][000001A1BE9B4240 49] Android_PowerVR_GM9xxx, [000001A1C1C01E00][000001A1BE9B83C0 49] Android_PowerVR_GM9xxx_Vulkan, [000001A1C1B95600][000001A1BE9BC540 49] Android_TegraK1, [000001A1C1C00A00][000001A1BE9C06C0 49] Android_Unknown_Vulkan, [000001A1C1B94D00][000001A1BE9C4840 49] Lumin, [000001A1C1C00500][000001A1BE9C89C0 49] Lumin_Desktop, [000001A1C1B6B800][000001A1BE9CCB40 49] HoloLens, 
[2023.02.23-17.28.36:498][  0]LogMeshReduction: Using QuadricMeshReduction for automatic static mesh reduction
[2023.02.23-17.28.36:498][  0]LogMeshReduction: Using SimplygonMeshReduction for automatic skeletal mesh reduction
[2023.02.23-17.28.36:498][  0]LogMeshReduction: Using ProxyLODMeshReduction for automatic mesh merging
[2023.02.23-17.28.36:498][  0]LogMeshReduction: No distributed automatic mesh merging module available
[2023.02.23-17.28.36:498][  0]LogMeshMerging: No distributed automatic mesh merging module available
[2023.02.23-17.28.36:521][  0]LogNetVersion: MyProject 1.0.0, NetCL: 17155196, EngineNetVer: 17, GameNetVer: 0 (Checksum: 3629800737)
[2023.02.23-17.28.37:001][  0]LogTexture: Default maximum texture size for cubemaps generated from long-lat sources has been changed from 512 to unlimited. In order to preserve old behaiour for '/Engine/MapTemplates/Sky/DaylightAmbientCubemap.DaylightAmbientCubemap', its maximum texture size has been explicitly set to 512.
[2023.02.23-17.28.37:068][  0]LogHMD: PokeAHoleMaterial loaded successfully
[2023.02.23-17.28.37:076][  0]LogUObjectArray: 17178 objects as part of root set at end of initial load.
[2023.02.23-17.28.37:076][  0]LogUObjectAllocator: 4302048 out of 0 bytes used by permanent object pool.
[2023.02.23-17.28.37:076][  0]LogUObjectArray: CloseDisregardForGC: 0/0 objects in disregard for GC pool
[2023.02.23-17.28.37:559][  0]LogNiagaraDebuggerClient: Niagara Debugger Client Initialized | Session: 2993E533455185087619DE8AEF0BA784 | Instance: B489DDE24D07709011043CA9623BE3BB (IMDESIGNS-BPC27-17240).
[2023.02.23-17.28.37:618][  0]LogPython: Using Python 3.7.7
[2023.02.23-17.28.38:467][  0]LogTcpMessaging: Initializing TcpMessaging bridge
[2023.02.23-17.28.38:478][  0]LogUdpMessaging: Initializing bridge on interface 0.0.0.0:0 to multicast group 230.0.0.1:6666.
[2023.02.23-17.28.38:786][  0]SourceControl: Source control is disabled
[2023.02.23-17.28.38:786][  0]SourceControl: Source control is disabled
[2023.02.23-17.28.38:791][  0]SourceControl: Source control is disabled
[2023.02.23-17.28.38:797][  0]SourceControl: Source control is disabled
[2023.02.23-17.28.38:816][  0]SourceControl: Source control is disabled
[2023.02.23-17.28.38:829][  0]LogUProjectInfo: Found projects:
[2023.02.23-17.28.39:176][  0]LogOpenImageDenoise: OIDN starting up
[2023.02.23-17.28.39:256][  0]LogAndroidPermission: UAndroidPermissionCallbackProxy::GetInstance
[2023.02.23-17.28.39:345][  0]LogAudioCaptureCore: Display: No Audio Capture implementations found. Audio input will be silent.
[2023.02.23-17.28.39:345][  0]LogAudioCaptureCore: Display: No Audio Capture implementations found. Audio input will be silent.
[2023.02.23-17.28.39:476][  0]LogCollectionManager: Loaded 0 collections in 0.001798 seconds
[2023.02.23-17.28.39:513][  0]LogFileCache: Scanning file cache for directory 'C:/Users/beatriz.fulgencio/Documents/GitHub/Ue4-c-Course/MyProject/Saved/Collections/' took 0.00s
[2023.02.23-17.28.39:513][  0]LogFileCache: Scanning file cache for directory 'C:/Users/beatriz.fulgencio/Documents/GitHub/Ue4-c-Course/MyProject/Content/Developers/beatrizfulgencio/Collections/' took 0.00s
[2023.02.23-17.28.39:513][  0]LogFileCache: Scanning file cache for directory 'C:/Users/beatriz.fulgencio/Documents/GitHub/Ue4-c-Course/MyProject/Content/Collections/' took 0.00s
[2023.02.23-17.28.39:513][  0]LogOcInput: OculusInput pre-init called
[2023.02.23-17.28.39:794][  0]LogEngine: Initializing Engine...
[2023.02.23-17.28.39:798][  0]LogHMD: Failed to enumerate extensions. Please check that you have a valid OpenXR runtime installed.
[2023.02.23-17.28.39:799][  0]LogHMD: Failed to initialize OpenVR with code 110
[2023.02.23-17.28.39:799][  0]LogMagicLeap: Warning: VR disabled because ZI is not enabled.  To enable, in the editor, Edit -> Project Settings -> Plugins -> Magic Leap Plugin -> Enable Zero Iteration
[2023.02.23-17.28.39:800][  0]LogStats: UGameplayTagsManager::InitializeManager -  0.000 s
[2023.02.23-17.28.39:940][  0]LogInit: Initializing FReadOnlyCVARCache
[2023.02.23-17.28.39:956][  0]LogAIModule: Creating AISystem for world Untitled
[2023.02.23-17.28.39:957][  0]LogAudio: Display: Initializing Audio Device Manager...
[2023.02.23-17.28.39:963][  0]LogAudio: Display: Loading Default Audio Settings Objects...
[2023.02.23-17.28.39:964][  0]LogAudio: Display: No default SoundConcurrencyObject specified (or failed to load).
[2023.02.23-17.28.39:965][  0]LogAudio: Display: Audio Device Manager Initialized
[2023.02.23-17.28.39:965][  0]LogAudio: Display: Creating Audio Device:                 Id: 1, Scope: Shared, Realtime: True
[2023.02.23-17.28.39:965][  0]LogAudioMixer: Display: Audio Mixer Platform Settings:
[2023.02.23-17.28.39:965][  0]LogAudioMixer: Display: 	Sample Rate:						  48000
[2023.02.23-17.28.39:966][  0]LogAudioMixer: Display: 	Callback Buffer Frame Size Requested: 1024
[2023.02.23-17.28.39:970][  0]LogAudioMixer: Display: 	Callback Buffer Frame Size To Use:	  1024
[2023.02.23-17.28.39:970][  0]LogAudioMixer: Display: 	Number of buffers to queue:			  2
[2023.02.23-17.28.39:971][  0]LogAudioMixer: Display: 	Max Channels (voices):				  32
[2023.02.23-17.28.39:972][  0]LogAudioMixer: Display: 	Number of Async Source Workers:		  0
[2023.02.23-17.28.39:973][  0]LogAudio: Display: AudioDevice MaxSources: 32
[2023.02.23-17.28.39:974][  0]LogAudio: Display: Audio Spatialization Plugin: None (built-in).
[2023.02.23-17.28.39:974][  0]LogAudio: Display: Audio Reverb Plugin: None (built-in).
[2023.02.23-17.28.39:974][  0]LogAudio: Display: Audio Occlusion Plugin: None (built-in).
[2023.02.23-17.28.39:974][  0]LogAudioMixer: Display: Initializing audio mixer.
[2023.02.23-17.28.40:008][  0]LogAudioMixer: Display: 0: FrontLeft
[2023.02.23-17.28.40:008][  0]LogAudioMixer: Display: 1: FrontRight
[2023.02.23-17.28.40:043][  0]LogAudioMixer: Display: Using Audio Device Fones de ouvido (JBL TUNE115TWS Stereo)
[2023.02.23-17.28.40:047][  0]LogAudioMixer: Display: Initializing Sound Submixes...
[2023.02.23-17.28.40:050][  0]LogAudioMixer: Display: Creating Master Submix 'MasterSubmixDefault'
[2023.02.23-17.28.40:050][  0]LogAudioMixer: Display: Creating Master Submix 'MasterReverbSubmixDefault'
[2023.02.23-17.28.40:051][  0]LogAudioMixer: Display: Creating Master Submix 'MasterEQSubmixDefault'
[2023.02.23-17.28.40:051][  0]LogAudioMixer: FMixerPlatformXAudio2::StartAudioStream() called
[2023.02.23-17.28.40:051][  0]LogAudioMixer: Display: Output buffers initialized: Frames=1024, Channels=2, Samples=2048
[2023.02.23-17.28.40:055][  0]LogAudioMixer: Display: Starting AudioMixerPlatformInterface::RunInternal()
[2023.02.23-17.28.40:055][  0]LogAudioMixer: Display: FMixerPlatformXAudio2::SubmitBuffer() called for the first time
[2023.02.23-17.28.40:056][  0]LogInit: FAudioDevice initialized.
[2023.02.23-17.28.40:056][  0]LogAudio: Display: Audio Device (ID: 1) registered with world 'Untitled'.
[2023.02.23-17.28.40:056][  0]LogNetVersion: Set ProjectVersion to 1.0.0.0. Version Checksum will be recalculated on next use.
[2023.02.23-17.28.40:108][  0]LogDerivedDataCache: Saved boot cache 0.05s 94MB C:/Users/beatriz.fulgencio/AppData/Local/UnrealEngine/4.27/DerivedDataCache/Boot.ddc.
[2023.02.23-17.28.40:109][  0]LogInit: Texture streaming: Enabled
[2023.02.23-17.28.40:129][  0]LogAnalytics: Display: [UEEditor.Rocket.Release] APIServer = https://datarouter.ol.epicgames.com/. AppVersion = 4.27.2-18319896+++UE4+Release-4.27
[2023.02.23-17.28.40:137][  0]LogEngineSessionManager: EngineSessionManager initialized
[2023.02.23-17.28.40:138][  0]LogEditorSessionSummary: Verbose: Initializing EditorSessionSummaryWriter for editor session tracking
[2023.02.23-17.28.40:141][  0]LogEditorSessionSummary: EditorSessionSummaryWriter initialized
[2023.02.23-17.28.40:174][  0]LogInit: Transaction tracking system initialized
[2023.02.23-17.28.40:215][  0]BlueprintLog: New page: Editor Load
[2023.02.23-17.28.40:330][  0]LocalizationService: Localization service is disabled
[2023.02.23-17.28.40:370][  0]TimingProfiler: Initialize
[2023.02.23-17.28.40:370][  0]TimingProfiler: OnSessionChanged
[2023.02.23-17.28.40:370][  0]LoadingProfiler: Initialize
[2023.02.23-17.28.40:370][  0]LoadingProfiler: OnSessionChanged
[2023.02.23-17.28.40:370][  0]NetworkingProfiler: Initialize
[2023.02.23-17.28.40:370][  0]NetworkingProfiler: OnSessionChanged
[2023.02.23-17.28.40:370][  0]MemoryProfiler: Initialize
[2023.02.23-17.28.40:370][  0]MemoryProfiler: OnSessionChanged
[2023.02.23-17.28.40:560][  0]LogCook: Display: CookSettings for Memory: MemoryMaxUsedVirtual 0MiB, MemoryMaxUsedPhysical 16384MiB, MemoryMinFreeVirtual 0MiB, MemoryMinFreePhysical 1024MiB
[2023.02.23-17.28.40:560][  0]LogCook: Display: Mobile HDR setting 1
[2023.02.23-17.28.40:861][  0]LogFileCache: Scanning file cache for directory 'C:/Users/beatriz.fulgencio/Documents/GitHub/Ue4-c-Course/MyProject/Content/' took 0.02s
[2023.02.23-17.28.41:082][  0]LogInit: Display: Engine is initialized. Leaving FEngineLoop::Init()
[2023.02.23-17.28.41:085][  0]SourceControl: Source control is disabled
[2023.02.23-17.28.41:085][  0]LogUnrealEdMisc: Loading editor; pre map load, took 11.340
[2023.02.23-17.28.41:086][  0]Cmd: MAP LOAD FILE="../../../../../../Users/beatriz.fulgencio/Documents/GitHub/Ue4-c-Course/MyProject/Content/MYCharacter/Maps/TestLevel.umap" TEMPLATE=0 SHOWPROGRESS=1 FEATURELEVEL=3
[2023.02.23-17.28.41:086][  0]LightingResults: New page: Lighting Build
[2023.02.23-17.28.41:089][  0]LogWorld: UWorld::CleanupWorld for Untitled, bSessionEnded=true, bCleanupResources=true
[2023.02.23-17.28.41:089][  0]LogSlate: InvalidateAllWidgets triggered.  All widgets were invalidated
[2023.02.23-17.28.41:089][  0]MapCheck: New page: Map Check
[2023.02.23-17.28.41:089][  0]LightingResults: New page: Lighting Build
[2023.02.23-17.28.41:095][  0]LogAudio: Display: Audio Device unregistered from world 'None'.
[2023.02.23-17.28.41:099][  0]LogUObjectHash: Compacting FUObjectHashTables data took   0.86ms
[2023.02.23-17.28.41:476][  0]LogSkeletalMesh: Display: [AssetLog] C:\Users\beatriz.fulgencio\Documents\GitHub\Ue4-c-Course\MyProject\Content\ParagonGideon\Characters\Heroes\Gideon\Meshes\Gideon.uasset: Find and fix some bad tangent! please re-import this skeletal mesh asset to fix the issue. The shading of the skeletal mesh will be bad and faceted.
[2023.02.23-17.28.41:616][  0]LogAudio: Display: Audio Device (ID: 1) registered with world 'TestLevel'.
[2023.02.23-17.28.41:618][  0]LogAIModule: Creating AISystem for world TestLevel
[2023.02.23-17.28.41:622][  0]LogScript: Warning: Script Msg: Divide by zero detected: 0.000000 / 0
Script call stack:
	Function /Game/ParagonGideon/Characters/Heroes/Gideon/Gideon_AnimBlueprint.Gideon_AnimBlueprint_C:BlueprintUpdateAnimation
	Function /Game/ParagonGideon/Characters/Heroes/Gideon/Gideon_AnimBlueprint.Gideon_AnimBlueprint_C:ExecuteUbergraph_Gideon_AnimBlueprint

[2023.02.23-17.28.41:627][  0]LogEditorServer: Finished looking for orphan Actors (0.000 secs)
[2023.02.23-17.28.41:641][  0]LogUObjectHash: Compacting FUObjectHashTables data took   1.57ms
[2023.02.23-17.28.41:644][  0]Cmd: MAP CHECKDEP NOCLEARLOG
[2023.02.23-17.28.41:645][  0]MapCheck: Map check complete: 0 Error(s), 0 Warning(s), took 0,386ms to complete.
[2023.02.23-17.28.41:645][  0]LogFileHelpers: Loading map 'TestLevel' took 0.560
[2023.02.23-17.28.41:648][  0]LogUnrealEdMisc: Total Editor Startup Time, took 11.903
[2023.02.23-17.28.41:810][  0]LogSlate: Updating window title bar state: overlay mode, drag disabled, window buttons hidden, title bar hidden
[2023.02.23-17.28.41:818][  0]LogSlate: Updating window title bar state: overlay mode, drag disabled, window buttons hidden, title bar hidden
[2023.02.23-17.28.41:825][  0]LogSlate: Updating window title bar state: overlay mode, drag disabled, window buttons hidden, title bar hidden
[2023.02.23-17.28.41:832][  0]LogSlate: Updating window title bar state: overlay mode, drag disabled, window buttons hidden, title bar hidden
[2023.02.23-17.28.41:848][  0]LogNativeClassHierarchy: Verbose: Native class hierarchy populated in 0.0113 seconds. Added 3829 classes and 930 folders.
[2023.02.23-17.28.41:850][  0]LogNativeClassHierarchy: Verbose: Native class hierarchy updated for 'WidgetCarousel' in 0.0003 seconds. Added 0 classes and 0 folders.
[2023.02.23-17.28.41:852][  0]LogPakFile: PakFile PrimaryIndexSize=187
[2023.02.23-17.28.41:852][  0]LogPakFile: PakFile PathHashIndexSize=101
[2023.02.23-17.28.41:852][  0]LogPakFile: PakFile FullDirectoryIndexSize=148
[2023.02.23-17.28.41:852][  0]LogShaderLibrary: Display: ShaderCodeLibraryPakFileMountedCallback: PakFile 'C:/Program Files/Epic Games/UE_4.27/FeaturePacks/FP_FirstPerson.upack' (chunk index -1, root 'root:/') mounted
[2023.02.23-17.28.41:853][  0]LogShaderLibrary: Display: ShaderCodeLibraryPakFileMountedCallback: pending pak file info (ChunkID:-1 Root:root:/ File:C:/Program Files/Epic Games/UE_4.27/FeaturePacks/FP_FirstPerson.upack)
[2023.02.23-17.28.41:853][  0]LogPakFile: OnPakFileMounted2Time == 0.000214
[2023.02.23-17.28.41:854][  0]LogPakFile: PakFile PrimaryIndexSize=189
[2023.02.23-17.28.41:854][  0]LogPakFile: PakFile PathHashIndexSize=101
[2023.02.23-17.28.41:854][  0]LogPakFile: PakFile FullDirectoryIndexSize=152
[2023.02.23-17.28.41:854][  0]LogShaderLibrary: Display: ShaderCodeLibraryPakFileMountedCallback: PakFile 'C:/Program Files/Epic Games/UE_4.27/FeaturePacks/FP_FirstPersonBP.upack' (chunk index -1, root 'root:/') mounted
[2023.02.23-17.28.41:854][  0]LogShaderLibrary: Display: ShaderCodeLibraryPakFileMountedCallback: pending pak file info (ChunkID:-1 Root:root:/ File:C:/Program Files/Epic Games/UE_4.27/FeaturePacks/FP_FirstPersonBP.upack)
[2023.02.23-17.28.41:854][  0]LogPakFile: OnPakFileMounted2Time == 0.000219
[2023.02.23-17.28.41:855][  0]LogPakFile: PakFile PrimaryIndexSize=191
[2023.02.23-17.28.41:856][  0]LogPakFile: PakFile PathHashIndexSize=101
[2023.02.23-17.28.41:856][  0]LogPakFile: PakFile FullDirectoryIndexSize=160
[2023.02.23-17.28.41:856][  0]LogShaderLibrary: Display: ShaderCodeLibraryPakFileMountedCallback: PakFile 'C:/Program Files/Epic Games/UE_4.27/FeaturePacks/MobileStarterContent.upack' (chunk index -1, root 'root:/') mounted
[2023.02.23-17.28.41:856][  0]LogShaderLibrary: Display: ShaderCodeLibraryPakFileMountedCallback: pending pak file info (ChunkID:-1 Root:root:/ File:C:/Program Files/Epic Games/UE_4.27/FeaturePacks/MobileStarterContent.upack)
[2023.02.23-17.28.41:856][  0]LogPakFile: OnPakFileMounted2Time == 0.000283
[2023.02.23-17.28.41:857][  0]LogPakFile: PakFile PrimaryIndexSize=185
[2023.02.23-17.28.41:857][  0]LogPakFile: PakFile PathHashIndexSize=101
[2023.02.23-17.28.41:857][  0]LogPakFile: PakFile FullDirectoryIndexSize=148
[2023.02.23-17.28.41:857][  0]LogShaderLibrary: Display: ShaderCodeLibraryPakFileMountedCallback: PakFile 'C:/Program Files/Epic Games/UE_4.27/FeaturePacks/StarterContent.upack' (chunk index -1, root 'root:/') mounted
[2023.02.23-17.28.41:857][  0]LogShaderLibrary: Display: ShaderCodeLibraryPakFileMountedCallback: pending pak file info (ChunkID:-1 Root:root:/ File:C:/Program Files/Epic Games/UE_4.27/FeaturePacks/StarterContent.upack)
[2023.02.23-17.28.41:857][  0]LogPakFile: OnPakFileMounted2Time == 0.000178
[2023.02.23-17.28.41:858][  0]LogPakFile: PakFile PrimaryIndexSize=190
[2023.02.23-17.28.41:859][  0]LogPakFile: PakFile PathHashIndexSize=101
[2023.02.23-17.28.41:859][  0]LogPakFile: PakFile FullDirectoryIndexSize=154
[2023.02.23-17.28.41:859][  0]LogShaderLibrary: Display: ShaderCodeLibraryPakFileMountedCallback: PakFile 'C:/Program Files/Epic Games/UE_4.27/FeaturePacks/TP_2DSideScroller.upack' (chunk index -1, root 'root:/') mounted
[2023.02.23-17.28.41:859][  0]LogShaderLibrary: Display: ShaderCodeLibraryPakFileMountedCallback: pending pak file info (ChunkID:-1 Root:root:/ File:C:/Program Files/Epic Games/UE_4.27/FeaturePacks/TP_2DSideScroller.upack)
[2023.02.23-17.28.41:859][  0]LogPakFile: OnPakFileMounted2Time == 0.000204
[2023.02.23-17.28.41:860][  0]LogPakFile: PakFile PrimaryIndexSize=192
[2023.02.23-17.28.41:860][  0]LogPakFile: PakFile PathHashIndexSize=101
[2023.02.23-17.28.41:860][  0]LogPakFile: PakFile FullDirectoryIndexSize=158
[2023.02.23-17.28.41:860][  0]LogShaderLibrary: Display: ShaderCodeLibraryPakFileMountedCallback: PakFile 'C:/Program Files/Epic Games/UE_4.27/FeaturePacks/TP_2DSideScrollerBP.upack' (chunk index -1, root 'root:/') mounted
[2023.02.23-17.28.41:860][  0]LogShaderLibrary: Display: ShaderCodeLibraryPakFileMountedCallback: pending pak file info (ChunkID:-1 Root:root:/ File:C:/Program Files/Epic Games/UE_4.27/FeaturePacks/TP_2DSideScrollerBP.upack)
[2023.02.23-17.28.41:860][  0]LogPakFile: OnPakFileMounted2Time == 0.000175
[2023.02.23-17.28.41:862][  0]LogPakFile: PakFile PrimaryIndexSize=182
[2023.02.23-17.28.41:862][  0]LogPakFile: PakFile PathHashIndexSize=101
[2023.02.23-17.28.41:862][  0]LogPakFile: PakFile FullDirectoryIndexSize=138
[2023.02.23-17.28.41:862][  0]LogShaderLibrary: Display: ShaderCodeLibraryPakFileMountedCallback: PakFile 'C:/Program Files/Epic Games/UE_4.27/FeaturePacks/TP_Flying.upack' (chunk index -1, root 'root:/') mounted
[2023.02.23-17.28.41:862][  0]LogShaderLibrary: Display: ShaderCodeLibraryPakFileMountedCallback: pending pak file info (ChunkID:-1 Root:root:/ File:C:/Program Files/Epic Games/UE_4.27/FeaturePacks/TP_Flying.upack)
[2023.02.23-17.28.41:862][  0]LogPakFile: OnPakFileMounted2Time == 0.000253
[2023.02.23-17.28.41:864][  0]LogPakFile: PakFile PrimaryIndexSize=184
[2023.02.23-17.28.41:864][  0]LogPakFile: PakFile PathHashIndexSize=101
[2023.02.23-17.28.41:864][  0]LogPakFile: PakFile FullDirectoryIndexSize=142
[2023.02.23-17.28.41:864][  0]LogShaderLibrary: Display: ShaderCodeLibraryPakFileMountedCallback: PakFile 'C:/Program Files/Epic Games/UE_4.27/FeaturePacks/TP_FlyingBP.upack' (chunk index -1, root 'root:/') mounted
[2023.02.23-17.28.41:864][  0]LogShaderLibrary: Display: ShaderCodeLibraryPakFileMountedCallback: pending pak file info (ChunkID:-1 Root:root:/ File:C:/Program Files/Epic Games/UE_4.27/FeaturePacks/TP_FlyingBP.upack)
[2023.02.23-17.28.41:864][  0]LogPakFile: OnPakFileMounted2Time == 0.000191
[2023.02.23-17.28.41:865][  0]LogPakFile: PakFile PrimaryIndexSize=188
[2023.02.23-17.28.41:865][  0]LogPakFile: PakFile PathHashIndexSize=101
[2023.02.23-17.28.41:865][  0]LogPakFile: PakFile FullDirectoryIndexSize=150
[2023.02.23-17.28.41:866][  0]LogShaderLibrary: Display: ShaderCodeLibraryPakFileMountedCallback: PakFile 'C:/Program Files/Epic Games/UE_4.27/FeaturePacks/TP_HandheldARBP.upack' (chunk index -1, root 'root:/') mounted
[2023.02.23-17.28.41:866][  0]LogShaderLibrary: Display: ShaderCodeLibraryPakFileMountedCallback: pending pak file info (ChunkID:-1 Root:root:/ File:C:/Program Files/Epic Games/UE_4.27/FeaturePacks/TP_HandheldARBP.upack)
[2023.02.23-17.28.41:866][  0]LogPakFile: OnPakFileMounted2Time == 0.000185
[2023.02.23-17.28.41:867][  0]LogPakFile: PakFile PrimaryIndexSize=182
[2023.02.23-17.28.41:867][  0]LogPakFile: PakFile PathHashIndexSize=101
[2023.02.23-17.28.41:867][  0]LogPakFile: PakFile FullDirectoryIndexSize=138
[2023.02.23-17.28.41:867][  0]LogShaderLibrary: Display: ShaderCodeLibraryPakFileMountedCallback: PakFile 'C:/Program Files/Epic Games/UE_4.27/FeaturePacks/TP_Puzzle.upack' (chunk index -1, root 'root:/') mounted
[2023.02.23-17.28.41:868][  0]LogShaderLibrary: Display: ShaderCodeLibraryPakFileMountedCallback: pending pak file info (ChunkID:-1 Root:root:/ File:C:/Program Files/Epic Games/UE_4.27/FeaturePacks/TP_Puzzle.upack)
[2023.02.23-17.28.41:868][  0]LogPakFile: OnPakFileMounted2Time == 0.000170
[2023.02.23-17.28.41:868][  0]LogPakFile: PakFile PrimaryIndexSize=184
[2023.02.23-17.28.41:869][  0]LogPakFile: PakFile PathHashIndexSize=101
[2023.02.23-17.28.41:869][  0]LogPakFile: PakFile FullDirectoryIndexSize=142
[2023.02.23-17.28.41:869][  0]LogShaderLibrary: Display: ShaderCodeLibraryPakFileMountedCallback: PakFile 'C:/Program Files/Epic Games/UE_4.27/FeaturePacks/TP_PuzzleBP.upack' (chunk index -1, root 'root:/') mounted
[2023.02.23-17.28.41:869][  0]LogShaderLibrary: Display: ShaderCodeLibraryPakFileMountedCallback: pending pak file info (ChunkID:-1 Root:root:/ File:C:/Program Files/Epic Games/UE_4.27/FeaturePacks/TP_PuzzleBP.upack)
[2023.02.23-17.28.41:869][  0]LogPakFile: OnPakFileMounted2Time == 0.000181
[2023.02.23-17.28.41:870][  0]LogPakFile: PakFile PrimaryIndexSize=183
[2023.02.23-17.28.41:870][  0]LogPakFile: PakFile PathHashIndexSize=101
[2023.02.23-17.28.41:870][  0]LogPakFile: PakFile FullDirectoryIndexSize=140
[2023.02.23-17.28.41:870][  0]LogShaderLibrary: Display: ShaderCodeLibraryPakFileMountedCallback: PakFile 'C:/Program Files/Epic Games/UE_4.27/FeaturePacks/TP_Rolling.upack' (chunk index -1, root 'root:/') mounted
[2023.02.23-17.28.41:870][  0]LogShaderLibrary: Display: ShaderCodeLibraryPakFileMountedCallback: pending pak file info (ChunkID:-1 Root:root:/ File:C:/Program Files/Epic Games/UE_4.27/FeaturePacks/TP_Rolling.upack)
[2023.02.23-17.28.41:870][  0]LogPakFile: OnPakFileMounted2Time == 0.000261
[2023.02.23-17.28.41:871][  0]LogPakFile: PakFile PrimaryIndexSize=185
[2023.02.23-17.28.41:871][  0]LogPakFile: PakFile PathHashIndexSize=101
[2023.02.23-17.28.41:872][  0]LogPakFile: PakFile FullDirectoryIndexSize=144
[2023.02.23-17.28.41:872][  0]LogShaderLibrary: Display: ShaderCodeLibraryPakFileMountedCallback: PakFile 'C:/Program Files/Epic Games/UE_4.27/FeaturePacks/TP_RollingBP.upack' (chunk index -1, root 'root:/') mounted
[2023.02.23-17.28.41:872][  0]LogShaderLibrary: Display: ShaderCodeLibraryPakFileMountedCallback: pending pak file info (ChunkID:-1 Root:root:/ File:C:/Program Files/Epic Games/UE_4.27/FeaturePacks/TP_RollingBP.upack)
[2023.02.23-17.28.41:872][  0]LogPakFile: OnPakFileMounted2Time == 0.000272
[2023.02.23-17.28.41:873][  0]LogPakFile: PakFile PrimaryIndexSize=188
[2023.02.23-17.28.41:873][  0]LogPakFile: PakFile PathHashIndexSize=101
[2023.02.23-17.28.41:873][  0]LogPakFile: PakFile FullDirectoryIndexSize=150
[2023.02.23-17.28.41:873][  0]LogShaderLibrary: Display: ShaderCodeLibraryPakFileMountedCallback: PakFile 'C:/Program Files/Epic Games/UE_4.27/FeaturePacks/TP_SideScroller.upack' (chunk index -1, root 'root:/') mounted
[2023.02.23-17.28.41:873][  0]LogShaderLibrary: Display: ShaderCodeLibraryPakFileMountedCallback: pending pak file info (ChunkID:-1 Root:root:/ File:C:/Program Files/Epic Games/UE_4.27/FeaturePacks/TP_SideScroller.upack)
[2023.02.23-17.28.41:874][  0]LogPakFile: OnPakFileMounted2Time == 0.000184
[2023.02.23-17.28.41:875][  0]LogPakFile: PakFile PrimaryIndexSize=190
[2023.02.23-17.28.41:875][  0]LogPakFile: PakFile PathHashIndexSize=101
[2023.02.23-17.28.41:875][  0]LogPakFile: PakFile FullDirectoryIndexSize=154
[2023.02.23-17.28.41:875][  0]LogShaderLibrary: Display: ShaderCodeLibraryPakFileMountedCallback: PakFile 'C:/Program Files/Epic Games/UE_4.27/FeaturePacks/TP_SideScrollerBP.upack' (chunk index -1, root 'root:/') mounted
[2023.02.23-17.28.41:875][  0]LogShaderLibrary: Display: ShaderCodeLibraryPakFileMountedCallback: pending pak file info (ChunkID:-1 Root:root:/ File:C:/Program Files/Epic Games/UE_4.27/FeaturePacks/TP_SideScrollerBP.upack)
[2023.02.23-17.28.41:875][  0]LogPakFile: OnPakFileMounted2Time == 0.000170
[2023.02.23-17.28.41:876][  0]LogPakFile: PakFile PrimaryIndexSize=187
[2023.02.23-17.28.41:877][  0]LogPakFile: PakFile PathHashIndexSize=101
[2023.02.23-17.28.41:877][  0]LogPakFile: PakFile FullDirectoryIndexSize=148
[2023.02.23-17.28.41:877][  0]LogShaderLibrary: Display: ShaderCodeLibraryPakFileMountedCallback: PakFile 'C:/Program Files/Epic Games/UE_4.27/FeaturePacks/TP_ThirdPerson.upack' (chunk index -1, root 'root:/') mounted
[2023.02.23-17.28.41:877][  0]LogShaderLibrary: Display: ShaderCodeLibraryPakFileMountedCallback: pending pak file info (ChunkID:-1 Root:root:/ File:C:/Program Files/Epic Games/UE_4.27/FeaturePacks/TP_ThirdPerson.upack)
[2023.02.23-17.28.41:877][  0]LogPakFile: OnPakFileMounted2Time == 0.000229
[2023.02.23-17.28.41:878][  0]LogPakFile: PakFile PrimaryIndexSize=189
[2023.02.23-17.28.41:878][  0]LogPakFile: PakFile PathHashIndexSize=101
[2023.02.23-17.28.41:878][  0]LogPakFile: PakFile FullDirectoryIndexSize=152
[2023.02.23-17.28.41:878][  0]LogShaderLibrary: Display: ShaderCodeLibraryPakFileMountedCallback: PakFile 'C:/Program Files/Epic Games/UE_4.27/FeaturePacks/TP_ThirdPersonBP.upack' (chunk index -1, root 'root:/') mounted
[2023.02.23-17.28.41:878][  0]LogShaderLibrary: Display: ShaderCodeLibraryPakFileMountedCallback: pending pak file info (ChunkID:-1 Root:root:/ File:C:/Program Files/Epic Games/UE_4.27/FeaturePacks/TP_ThirdPersonBP.upack)
[2023.02.23-17.28.41:878][  0]LogPakFile: OnPakFileMounted2Time == 0.000256
[2023.02.23-17.28.41:879][  0]LogPakFile: PakFile PrimaryIndexSize=183
[2023.02.23-17.28.41:879][  0]LogPakFile: PakFile PathHashIndexSize=101
[2023.02.23-17.28.41:879][  0]LogPakFile: PakFile FullDirectoryIndexSize=140
[2023.02.23-17.28.41:880][  0]LogShaderLibrary: Display: ShaderCodeLibraryPakFileMountedCallback: PakFile 'C:/Program Files/Epic Games/UE_4.27/FeaturePacks/TP_TopDown.upack' (chunk index -1, root 'root:/') mounted
[2023.02.23-17.28.41:880][  0]LogShaderLibrary: Display: ShaderCodeLibraryPakFileMountedCallback: pending pak file info (ChunkID:-1 Root:root:/ File:C:/Program Files/Epic Games/UE_4.27/FeaturePacks/TP_TopDown.upack)
[2023.02.23-17.28.41:880][  0]LogPakFile: OnPakFileMounted2Time == 0.000294
[2023.02.23-17.28.41:881][  0]LogPakFile: PakFile PrimaryIndexSize=185
[2023.02.23-17.28.41:881][  0]LogPakFile: PakFile PathHashIndexSize=101
[2023.02.23-17.28.41:881][  0]LogPakFile: PakFile FullDirectoryIndexSize=144
[2023.02.23-17.28.41:881][  0]LogShaderLibrary: Display: ShaderCodeLibraryPakFileMountedCallback: PakFile 'C:/Program Files/Epic Games/UE_4.27/FeaturePacks/TP_TopDownBP.upack' (chunk index -1, root 'root:/') mounted
[2023.02.23-17.28.41:881][  0]LogShaderLibrary: Display: ShaderCodeLibraryPakFileMountedCallback: pending pak file info (ChunkID:-1 Root:root:/ File:C:/Program Files/Epic Games/UE_4.27/FeaturePacks/TP_TopDownBP.upack)
[2023.02.23-17.28.41:881][  0]LogPakFile: OnPakFileMounted2Time == 0.000226
[2023.02.23-17.28.41:882][  0]LogPakFile: PakFile PrimaryIndexSize=185
[2023.02.23-17.28.41:882][  0]LogPakFile: PakFile PathHashIndexSize=101
[2023.02.23-17.28.41:882][  0]LogPakFile: PakFile FullDirectoryIndexSize=144
[2023.02.23-17.28.41:883][  0]LogShaderLibrary: Display: ShaderCodeLibraryPakFileMountedCallback: PakFile 'C:/Program Files/Epic Games/UE_4.27/FeaturePacks/TP_TwinStick.upack' (chunk index -1, root 'root:/') mounted
[2023.02.23-17.28.41:883][  0]LogShaderLibrary: Display: ShaderCodeLibraryPakFileMountedCallback: pending pak file info (ChunkID:-1 Root:root:/ File:C:/Program Files/Epic Games/UE_4.27/FeaturePacks/TP_TwinStick.upack)
[2023.02.23-17.28.41:883][  0]LogPakFile: OnPakFileMounted2Time == 0.000168
[2023.02.23-17.28.41:884][  0]LogPakFile: PakFile PrimaryIndexSize=187
[2023.02.23-17.28.41:884][  0]LogPakFile: PakFile PathHashIndexSize=101
[2023.02.23-17.28.41:884][  0]LogPakFile: PakFile FullDirectoryIndexSize=148
[2023.02.23-17.28.41:884][  0]LogShaderLibrary: Display: ShaderCodeLibraryPakFileMountedCallback: PakFile 'C:/Program Files/Epic Games/UE_4.27/FeaturePacks/TP_TwinStickBP.upack' (chunk index -1, root 'root:/') mounted
[2023.02.23-17.28.41:884][  0]LogShaderLibrary: Display: ShaderCodeLibraryPakFileMountedCallback: pending pak file info (ChunkID:-1 Root:root:/ File:C:/Program Files/Epic Games/UE_4.27/FeaturePacks/TP_TwinStickBP.upack)
[2023.02.23-17.28.41:884][  0]LogPakFile: OnPakFileMounted2Time == 0.000247
[2023.02.23-17.28.41:885][  0]LogPakFile: PakFile PrimaryIndexSize=183
[2023.02.23-17.28.41:885][  0]LogPakFile: PakFile PathHashIndexSize=101
[2023.02.23-17.28.41:885][  0]LogPakFile: PakFile FullDirectoryIndexSize=140
[2023.02.23-17.28.41:885][  0]LogShaderLibrary: Display: ShaderCodeLibraryPakFileMountedCallback: PakFile 'C:/Program Files/Epic Games/UE_4.27/FeaturePacks/TP_Vehicle.upack' (chunk index -1, root 'root:/') mounted
[2023.02.23-17.28.41:885][  0]LogShaderLibrary: Display: ShaderCodeLibraryPakFileMountedCallback: pending pak file info (ChunkID:-1 Root:root:/ File:C:/Program Files/Epic Games/UE_4.27/FeaturePacks/TP_Vehicle.upack)
[2023.02.23-17.28.41:885][  0]LogPakFile: OnPakFileMounted2Time == 0.000177
[2023.02.23-17.28.41:886][  0]LogPakFile: PakFile PrimaryIndexSize=186
[2023.02.23-17.28.41:886][  0]LogPakFile: PakFile PathHashIndexSize=101
[2023.02.23-17.28.41:886][  0]LogPakFile: PakFile FullDirectoryIndexSize=146
[2023.02.23-17.28.41:886][  0]LogShaderLibrary: Display: ShaderCodeLibraryPakFileMountedCallback: PakFile 'C:/Program Files/Epic Games/UE_4.27/FeaturePacks/TP_VehicleAdv.upack' (chunk index -1, root 'root:/') mounted
[2023.02.23-17.28.41:886][  0]LogShaderLibrary: Display: ShaderCodeLibraryPakFileMountedCallback: pending pak file info (ChunkID:-1 Root:root:/ File:C:/Program Files/Epic Games/UE_4.27/FeaturePacks/TP_VehicleAdv.upack)
[2023.02.23-17.28.41:887][  0]LogPakFile: OnPakFileMounted2Time == 0.000171
[2023.02.23-17.28.41:888][  0]LogPakFile: PakFile PrimaryIndexSize=188
[2023.02.23-17.28.41:888][  0]LogPakFile: PakFile PathHashIndexSize=101
[2023.02.23-17.28.41:888][  0]LogPakFile: PakFile FullDirectoryIndexSize=150
[2023.02.23-17.28.41:888][  0]LogShaderLibrary: Display: ShaderCodeLibraryPakFileMountedCallback: PakFile 'C:/Program Files/Epic Games/UE_4.27/FeaturePacks/TP_VehicleAdvBP.upack' (chunk index -1, root 'root:/') mounted
[2023.02.23-17.28.41:888][  0]LogShaderLibrary: Display: ShaderCodeLibraryPakFileMountedCallback: pending pak file info (ChunkID:-1 Root:root:/ File:C:/Program Files/Epic Games/UE_4.27/FeaturePacks/TP_VehicleAdvBP.upack)
[2023.02.23-17.28.41:888][  0]LogPakFile: OnPakFileMounted2Time == 0.000237
[2023.02.23-17.28.41:889][  0]LogPakFile: PakFile PrimaryIndexSize=185
[2023.02.23-17.28.41:890][  0]LogPakFile: PakFile PathHashIndexSize=101
[2023.02.23-17.28.41:890][  0]LogPakFile: PakFile FullDirectoryIndexSize=144
[2023.02.23-17.28.41:891][  0]LogShaderLibrary: Display: ShaderCodeLibraryPakFileMountedCallback: PakFile 'C:/Program Files/Epic Games/UE_4.27/FeaturePacks/TP_VehicleBP.upack' (chunk index -1, root 'root:/') mounted
[2023.02.23-17.28.41:891][  0]LogShaderLibrary: Display: ShaderCodeLibraryPakFileMountedCallback: pending pak file info (ChunkID:-1 Root:root:/ File:C:/Program Files/Epic Games/UE_4.27/FeaturePacks/TP_VehicleBP.upack)
[2023.02.23-17.28.41:891][  0]LogPakFile: OnPakFileMounted2Time == 0.000394
[2023.02.23-17.28.41:892][  0]LogPakFile: PakFile PrimaryIndexSize=192
[2023.02.23-17.28.41:892][  0]LogPakFile: PakFile PathHashIndexSize=101
[2023.02.23-17.28.41:892][  0]LogPakFile: PakFile FullDirectoryIndexSize=158
[2023.02.23-17.28.41:893][  0]LogShaderLibrary: Display: ShaderCodeLibraryPakFileMountedCallback: PakFile 'C:/Program Files/Epic Games/UE_4.27/FeaturePacks/TP_VirtualRealityBP.upack' (chunk index -1, root 'root:/') mounted
[2023.02.23-17.28.41:893][  0]LogShaderLibrary: Display: ShaderCodeLibraryPakFileMountedCallback: pending pak file info (ChunkID:-1 Root:root:/ File:C:/Program Files/Epic Games/UE_4.27/FeaturePacks/TP_VirtualRealityBP.upack)
[2023.02.23-17.28.41:893][  0]LogPakFile: OnPakFileMounted2Time == 0.000263
[2023.02.23-17.28.41:944][  0]LogNativeClassHierarchy: Verbose: Native class hierarchy updated for 'AddContentDialog' in 0.0003 seconds. Added 0 classes and 0 folders.
[2023.02.23-17.28.41:945][  0]LogNativeClassHierarchy: Verbose: Native class hierarchy updated for 'SceneOutliner' in 0.0003 seconds. Added 2 classes and 0 folders.
[2023.02.23-17.28.41:987][  0]LogSlate: Took 0.000147 seconds to synchronously load lazily loaded font '../../../Engine/Content/Slate/Fonts/Roboto-Regular.ttf' (155K)
[2023.02.23-17.28.41:988][  0]LogSlate: Took 0.000161 seconds to synchronously load lazily loaded font '../../../Engine/Content/Editor/Slate/Fonts/FontAwesome.ttf' (139K)
[2023.02.23-17.28.41:991][  0]LogSlate: Took 0.000200 seconds to synchronously load lazily loaded font '../../../Engine/Content/Slate/Fonts/Roboto-Bold.ttf' (160K)
[2023.02.23-17.28.42:107][  0]LogRenderer: Reallocating scene render targets to support 1616x572 Format 10 NumSamples 1 (Frame:1).
[2023.02.23-17.28.42:162][  0]LogSlate: Took 0.000137 seconds to synchronously load lazily loaded font '../../../Engine/Content/Slate/Fonts/Roboto-Light.ttf' (167K)
[2023.02.23-17.28.42:227][  0]LogNativeClassHierarchy: Verbose: Native class hierarchy updated for 'HierarchicalLODOutliner' in 0.0002 seconds. Added 0 classes and 0 folders.
[2023.02.23-17.28.42:228][  0]LogLoad: (Engine Initialization) Total time: 12.48 seconds
[2023.02.23-17.28.42:228][  0]LogLoad: (Engine Initialization) Total Blueprint compile time: 0.00 seconds
[2023.02.23-17.28.42:285][  0]LogAssetRegistry: Asset discovery search completed in 6.2863 seconds
[2023.02.23-17.28.42:293][  0]LogCollectionManager: Fixed up redirectors for 0 collections in 0.000005 seconds (updated 0 objects)
[2023.02.23-17.28.42:295][  0]LogContentStreaming: Texture pool size now 1000 MB
[2023.02.23-17.28.42:360][  4]LogScript: Warning: Script Msg: Divide by zero detected: 0.000000 / 0
Script call stack:
	Function /Game/ParagonGideon/Characters/Heroes/Gideon/Gideon_AnimBlueprint.Gideon_AnimBlueprint_C:BlueprintUpdateAnimation
	Function /Game/ParagonGideon/Characters/Heroes/Gideon/Gideon_AnimBlueprint.Gideon_AnimBlueprint_C:ExecuteUbergraph_Gideon_AnimBlueprint

[2023.02.23-17.28.42:406][  6]LogActor: Warning: ExplosiveBarrelBP_C /Engine/Transient.World_2:PersistentLevel.ExplosiveBarrelBP_C_0 has natively added scene component(s), but none of them were set as the actor's RootComponent - picking one arbitrarily
[2023.02.23-17.29.32:222][250]LogSlate: Took 0.000172 seconds to synchronously load lazily loaded font '../../../Engine/Content/Slate/Fonts/Roboto-Light.ttf' (167K)
[2023.02.23-17.29.32:267][250]LogEditorClassViewer: Warning: Class /Engine/Tutorial/InWorldBlueprintEditing/TutorialAssets/IWBE_Blutility.IWBE_Blutility_C has parent /Script/Blutility.PlacedEditorUtilityBase, but this parent is not found. The Class will not be shown in ClassViewer.
[2023.02.23-17.29.32:267][250]LogEditorClassViewer: Warning: Class /Game/ExampleContent/CameraShake/camera_shake_constant.camera_shake_constant_C has parent /Script/Engine.CameraShake, but this parent is not found. The Class will not be shown in ClassViewer.
[2023.02.23-17.29.32:267][250]LogEditorClassViewer: Warning: Class /Game/ExampleContent/CameraShake/camera_shake_entry.camera_shake_entry_C has parent /Script/Engine.CameraShake, but this parent is not found. The Class will not be shown in ClassViewer.
[2023.02.23-17.29.32:267][250]LogEditorClassViewer: Warning: Class /Game/ExampleContent/CameraShake/camera_shake_small.camera_shake_small_C has parent /Script/Engine.CameraShake, but this parent is not found. The Class will not be shown in ClassViewer.
[2023.02.23-17.29.32:267][250]LogEditorClassViewer: Warning: Class /Game/ExampleContent/CameraShake/CamShake_TakeDamage.CamShake_TakeDamage_C has parent /Script/Engine.CameraShake, but this parent is not found. The Class will not be shown in ClassViewer.
[2023.02.23-17.29.32:268][250]LogEditorClassViewer: Warning: Class /Game/ExampleContent/CameraShake/CamShake_TakeDamage_Small.CamShake_TakeDamage_Small_C has parent /Script/Engine.CameraShake, but this parent is not found. The Class will not be shown in ClassViewer.
[2023.02.23-17.29.32:330][250]LogSlate: Took 0.000218 seconds to synchronously load lazily loaded font '../../../Engine/Content/Slate/Fonts/Roboto-BoldCondensed.ttf' (158K)
[2023.02.23-17.30.47:270][ 81]Running C:/Program Files/Epic Games/UE_4.27/Engine/Binaries/DotNET/UnrealBuildTool.exe  -projectfiles -project="C:/Users/beatriz.fulgencio/Documents/GitHub/Ue4-c-Course/MyProject/MyProject.uproject" -game -rocket -progress
[2023.02.23-17.30.47:677][ 81]Discovering modules, targets and source code for project...
[2023.02.23-17.30.49:588][ 81]Binding IntelliSense data...
[2023.02.23-17.30.52:114][ 81]Binding IntelliSense data... 100%
[2023.02.23-17.30.52:115][ 81]Writing project files...
[2023.02.23-17.30.56:042][ 81]Writing project files... 100%
[2023.02.23-17.30.56:272][ 81]Candidate modules for hot reload:
[2023.02.23-17.30.56:273][ 81]  MyProject
[2023.02.23-17.30.56:273][ 81]Launching UnrealBuildTool... [C:/Program Files/Epic Games/UE_4.27/Engine/Binaries/DotNET/UnrealBuildTool.exe  -ModuleWithSuffix=MyProject,1952 MyProjectEditor Win64 Development -Project="C:/Users/beatriz.fulgencio/Documents/GitHub/Ue4-c-Course/MyProject/MyProject.uproject" "C:/Users/beatriz.fulgencio/Documents/GitHub/Ue4-c-Course/MyProject/MyProject.uproject"  -IgnoreJunk]
[2023.02.23-17.31.05:167][ 81]CompilerResultsLog: New page: Compilation - 23 de fev de 2023 11:31:05
[2023.02.23-17.31.05:167][ 81]CompilerResultsLog: Using 'git status' to determine working set for adaptive non-unity build (C:\Users\beatriz.fulgencio\Documents\GitHub\Ue4-c-Course).
[2023.02.23-17.31.05:167][ 81]CompilerResultsLog: Creating makefile for MyProjectEditor (no existing makefile)
[2023.02.23-17.31.05:167][ 81]CompilerResultsLog: Parsing headers for MyProjectEditor
[2023.02.23-17.31.05:167][ 81]CompilerResultsLog:   Running UnrealHeaderTool "C:\Users\beatriz.fulgencio\Documents\GitHub\Ue4-c-Course\MyProject\MyProject.uproject" "C:\Users\beatriz.fulgencio\Documents\GitHub\Ue4-c-Course\MyProject\Intermediate\Build\Win64\MyProjectEditor\Development\MyProjectEditor.uhtmanifest" -LogCmds="loginit warning, logexit warning, logdatabase error" -Unattended -WarningsAsErrors -abslog="C:\Users\beatriz.fulgencio\AppData\Local\UnrealBuildTool\Log_UHT.txt" -installed
[2023.02.23-17.31.05:167][ 81]CompilerResultsLog: LogInit: Display: Loading text-based GConfig....
[2023.02.23-17.31.05:167][ 81]CompilerResultsLog: Reflection code generated for MyProjectEditor in 4,5900483 seconds
[2023.02.23-17.31.05:168][ 81]CompilerResultsLog: Building MyProjectEditor...
[2023.02.23-17.31.05:168][ 81]CompilerResultsLog: Using Visual Studio 2019 14.29.30145 toolchain (C:\Program Files (x86)\Microsoft Visual Studio\2019\Community\VC\Tools\MSVC\14.29.30133) and Windows 10.0.19041.0 SDK (C:\Program Files (x86)\Windows Kits\10).
[2023.02.23-17.31.05:168][ 81]CompilerResultsLog: Building 6 actions with 8 processes...
[2023.02.23-17.31.05:168][ 81]CompilerResultsLog:   [1/6] MyMyBarrelExplosive.cpp
[2023.02.23-17.31.05:168][ 81]CompilerResultsLog:   [2/6] MyProject.init.gen.cpp
[2023.02.23-17.31.05:168][ 81]CompilerResultsLog:   [3/6] MyMyBarrelExplosive.gen.cpp
[2023.02.23-17.31.05:168][ 81]CompilerResultsLog:   [4/6] UE4Editor-MyProject-1952.lib
[2023.02.23-17.31.05:168][ 81]CompilerResultsLog:      Creating library C:\Users\beatriz.fulgencio\Documents\GitHub\Ue4-c-Course\MyProject\Intermediate\Build\Win64\UE4Editor\Development\MyProject\UE4Editor-MyProject-1952.lib and object C:\Users\beatriz.fulgencio\Documents\GitHub\Ue4-c-Course\MyProject\Intermediate\Build\Win64\UE4Editor\Development\MyProject\UE4Editor-MyProject-1952.exp
[2023.02.23-17.31.05:168][ 81]CompilerResultsLog:   [5/6] UE4Editor-MyProject-1952.dll
[2023.02.23-17.31.05:168][ 81]CompilerResultsLog:      Creating library C:\Users\beatriz.fulgencio\Documents\GitHub\Ue4-c-Course\MyProject\Intermediate\Build\Win64\UE4Editor\Development\MyProject\UE4Editor-MyProject-1952.suppressed.lib and object C:\Users\beatriz.fulgencio\Documents\GitHub\Ue4-c-Course\MyProject\Intermediate\Build\Win64\UE4Editor\Development\MyProject\UE4Editor-MyProject-1952.suppressed.exp
[2023.02.23-17.31.05:169][ 81]CompilerResultsLog:   [6/6] MyProjectEditor.target
[2023.02.23-17.31.05:169][ 81]CompilerResultsLog: Total time in Parallel executor: 1,72 seconds
[2023.02.23-17.31.05:169][ 81]CompilerResultsLog: Total execution time: 8,80 seconds
[2023.02.23-17.31.05:169][ 81]LogMainFrame: MainFrame: Module compiling took 8.905 seconds
[2023.02.23-17.31.05:215][ 81]LogClass: Could not find existing class MyMyBarrelExplosive in package /Script/MyProject for HotReload, assuming new class
[2023.02.23-17.31.05:222][ 81]LogNativeClassHierarchy: Verbose: Native class hierarchy updated for 'MyProject' in 0.0003 seconds. Added 8 classes and 2 folders.
[2023.02.23-17.31.05:226][ 81]Display: HotReload successful (2 functions remapped  0 scriptstructs remapped)
[2023.02.23-17.31.05:296][ 81]LogNativeClassHierarchy: Verbose: Native class hierarchy populated in 0.0101 seconds. Added 3830 classes and 930 folders.
[2023.02.23-17.31.05:297][ 81]Display: HotReload took  9.1s.
[2023.02.23-17.31.05:306][ 81]Warning: HotReload operation took  9.1s.
[2023.02.23-17.31.05:632][ 81]LogVSAccessor: Warning: Couldn't goto line number '1' in 'C:/Users/beatriz.fulgencio/Documents/GitHub/Ue4-c-Course/MyProject/Source/MyProject/MyMyBarrelExplosive.h'
[2023.02.23-17.31.05:635][ 81]LogVSAccessor: Warning: Couldn't open file 'C:/Users/beatriz.fulgencio/Documents/GitHub/Ue4-c-Course/MyProject/Source/MyProject/MyMyBarrelExplosive.cpp'.
[2023.02.23-17.31.05:638][ 81]LogSlate: Window 'Add C++ Class' being destroyed
[2023.02.23-17.31.05:651][ 81]LogHotReload: New module detected: UE4Editor-MyProject-1952.dll
[2023.02.23-17.31.05:697][ 82]LogHotReload: Starting Hot-Reload from IDE
[2023.02.23-17.31.05:814][ 82]LogNativeClassHierarchy: Verbose: Native class hierarchy updated for 'MyProject' in 0.0005 seconds. Added 8 classes and 2 folders.
[2023.02.23-17.31.05:818][ 82]Display: HotReload successful (0 functions remapped  0 scriptstructs remapped)
[2023.02.23-17.31.05:835][ 82]LogNativeClassHierarchy: Verbose: Native class hierarchy populated in 0.0142 seconds. Added 3830 classes and 930 folders.
[2023.02.23-17.31.05:838][ 82]Display: HotReload took  0.1s.
