Log file open, 02/17/23 16:21:17
LogWindows: Failed to load 'aqProf.dll' (GetLastError=126)
LogWindows: File 'aqProf.dll' does not exist
LogWindows: Failed to load 'VtuneApi.dll' (GetLastError=126)
LogWindows: File 'VtuneApi.dll' does not exist
LogWindows: Failed to load 'VtuneApi32e.dll' (GetLastError=126)
LogWindows: File 'VtuneApi32e.dll' does not exist
LogConsoleResponse: Display: Failed to find resolution value strings in scalability ini. Falling back to default.
LogConsoleResponse: Display: Failed to find resolution value strings in scalability ini. Falling back to default.
LogInit: Display: Running engine for game: MyProject
LogPlatformFile: Not using cached read wrapper
LogTaskGraph: Started task graph with 5 named threads and 23 total threads with 3 sets of task threads.
LogStats: Stats thread started at 0.418174
LogICUInternationalization: ICU TimeZone Detection - Raw Offset: -3:00, Platform Override: ''
LogInit: Display: Loading text-based GConfig....
LogPluginManager: Mounting plugin MeshPainting
LogPluginManager: Mounting plugin XGEController
LogPluginManager: Mounting plugin Paper2D
LogPluginManager: Mounting plugin LiveLink
LogPluginManager: Mounting plugin AISupport
LogPluginManager: Mounting plugin EnvironmentQueryEditor
LogPluginManager: Mounting plugin LightPropagationVolume
LogPluginManager: Mounting plugin OodleData
LogPluginManager: Mounting plugin CameraShakePreviewer
LogPluginManager: Mounting plugin AssetManagerEditor
LogPluginManager: Mounting plugin CryptoKeys
LogPluginManager: Mounting plugin AnimationSharing
LogPluginManager: Mounting plugin CurveEditorTools
LogPluginManager: Mounting plugin DataValidation
LogPluginManager: Mounting plugin GameplayTagsEditor
LogPluginManager: Mounting plugin GeometryMode
LogPluginManager: Mounting plugin MacGraphicsSwitching
LogPluginManager: Mounting plugin MaterialAnalyzer
LogPluginManager: Mounting plugin PluginBrowser
LogPluginManager: Mounting plugin MobileLauncherProfileWizard
LogPluginManager: Mounting plugin SpeedTreeImporter
LogPluginManager: Mounting plugin CLionSourceCodeAccess
LogPluginManager: Mounting plugin CodeLiteSourceCodeAccess
LogPluginManager: Mounting plugin GitSourceControl
LogPluginManager: Mounting plugin OodleNetwork
LogPluginManager: Mounting plugin KDevelopSourceCodeAccess
LogPluginManager: Mounting plugin NullSourceCodeAccess
LogPluginManager: Mounting plugin PerforceSourceControl
LogPluginManager: Mounting plugin PixWinPlugin
LogPluginManager: Mounting plugin PlasticSourceControl
LogPluginManager: Mounting plugin PluginUtils
LogPluginManager: Mounting plugin PropertyAccessNode
LogPluginManager: Mounting plugin RiderSourceCodeAccess
LogPluginManager: Mounting plugin SubversionSourceControl
LogPluginManager: Mounting plugin TextureFormatOodle
LogPluginManager: Mounting plugin UObjectPlugin
LogPluginManager: Mounting plugin VisualStudioCodeSourceCodeAccess
LogPluginManager: Mounting plugin VisualStudioSourceCodeAccess
LogPluginManager: Mounting plugin XCodeSourceCodeAccess
LogPluginManager: Mounting plugin AlembicImporter
LogPluginManager: Mounting plugin AutomationUtils
LogPluginManager: Mounting plugin BackChannel
LogPluginManager: Mounting plugin ChaosCloth
LogPluginManager: Mounting plugin ChaosClothEditor
LogPluginManager: Mounting plugin ChaosEditor
LogPluginManager: Mounting plugin ChaosNiagara
LogPluginManager: Mounting plugin ChaosSolverPlugin
LogPluginManager: Mounting plugin CharacterAI
LogPluginManager: Mounting plugin GeometryCache
LogPluginManager: Mounting plugin GeometryCollectionPlugin
LogPluginManager: Mounting plugin LuminPlatformFeatures
LogPluginManager: Mounting plugin MagicLeap
LogPluginManager: Mounting plugin Niagara
LogPluginManager: Mounting plugin MagicLeapLightEstimation
LogPluginManager: Mounting plugin MagicLeapMedia
LogPluginManager: Mounting plugin FacialAnimation
LogPluginManager: Mounting plugin MagicLeapPassableWorld
LogPluginManager: Mounting plugin MLSDK
LogPluginManager: Mounting plugin DatasmithContent
LogPluginManager: Mounting plugin VariantManagerContent
LogPluginManager: Mounting plugin GeometryProcessing
LogPluginManager: Mounting plugin AvfMedia
LogPluginManager: Mounting plugin AndroidMedia
LogPluginManager: Mounting plugin ImgMedia
LogPluginManager: Mounting plugin MediaCompositing
LogPluginManager: Mounting plugin MediaPlayerEditor
LogPluginManager: Mounting plugin WebMMedia
LogPluginManager: Mounting plugin MotoSynth
LogPluginManager: Mounting plugin OpenImageDenoise
LogPluginManager: Mounting plugin WmfMedia
LogPluginManager: Mounting plugin PlanarCut
LogPluginManager: Mounting plugin PlatformCrypto
LogPluginManager: Mounting plugin ProxyLODPlugin
LogPluginManager: Mounting plugin PythonScriptPlugin
LogPluginManager: Mounting plugin SkeletalReduction
LogPluginManager: Mounting plugin ActorSequence
LogPluginManager: Mounting plugin LevelSequenceEditor
LogPluginManager: Mounting plugin MatineeToLevelSequence
LogPluginManager: Mounting plugin TcpMessaging
LogPluginManager: Mounting plugin UdpMessaging
LogPluginManager: Mounting plugin TemplateSequence
LogPluginManager: Mounting plugin OnlineSubsystem
LogPluginManager: Mounting plugin OnlineSubsystemNull
LogPluginManager: Mounting plugin OnlineSubsystemUtils
LogPluginManager: Mounting plugin LauncherChunkInstaller
LogPluginManager: Mounting plugin ActorLayerUtilities
LogPluginManager: Mounting plugin AndroidDeviceProfileSelector
LogPluginManager: Mounting plugin AndroidMoviePlayer
LogPluginManager: Mounting plugin AndroidPermission
LogPluginManager: Mounting plugin AppleImageUtils
LogPluginManager: Mounting plugin AppleMoviePlayer
LogPluginManager: Mounting plugin ArchVisCharacter
LogPluginManager: Mounting plugin AudioCapture
LogPluginManager: Mounting plugin AssetTags
LogPluginManager: Mounting plugin AudioSynesthesia
LogPluginManager: Mounting plugin ChunkDownloader
LogPluginManager: Mounting plugin CableComponent
LogPluginManager: Mounting plugin CustomMeshComponent
LogPluginManager: Mounting plugin EditableMesh
LogPluginManager: Mounting plugin ExampleDeviceProfileSelector
LogPluginManager: Mounting plugin GoogleCloudMessaging
LogPluginManager: Mounting plugin GooglePAD
LogPluginManager: Mounting plugin ScreenshotTools
LogPluginManager: Mounting plugin Takes
LogPluginManager: Mounting plugin IOSDeviceProfileSelector
LogPluginManager: Mounting plugin LinuxDeviceProfileSelector
LogPluginManager: Mounting plugin LocationServicesBPLibrary
LogPluginManager: Mounting plugin MobilePatchingUtils
LogPluginManager: Mounting plugin OpenXR
LogPluginManager: Mounting plugin OpenXREyeTracker
LogPluginManager: Mounting plugin OpenXRHandTracking
LogPluginManager: Mounting plugin PostSplashScreen
LogPluginManager: Mounting plugin PhysXVehicles
LogPluginManager: Mounting plugin ProceduralMeshComponent
LogPluginManager: Mounting plugin PropertyAccessEditor
LogPluginManager: Mounting plugin RuntimePhysXCooking
LogPluginManager: Mounting plugin SignificanceManager
LogPluginManager: Mounting plugin SoundFields
LogPluginManager: Mounting plugin Synthesis
LogPluginManager: Mounting plugin WebMMoviePlayer
LogPluginManager: Mounting plugin WindowsMoviePlayer
LogPluginManager: Mounting plugin GameplayCameras
LogPluginManager: Mounting plugin ContentBrowserAssetDataSource
LogPluginManager: Mounting plugin ContentBrowserClassDataSource
LogPluginManager: Mounting plugin ContentBrowserFileDataSource
LogPluginManager: Mounting plugin OnlineSubsystemGooglePlay
LogPluginManager: Mounting plugin OnlineSubsystemIOS
LogPluginManager: Mounting plugin OculusVR
LogPluginManager: Mounting plugin SteamVR
PixWinPlugin: PIX capture plugin failed to initialize! Check that the process is launched from PIX.
LogInit: Using libcurl 7.55.1-DEV
LogInit:  - built for x86_64-pc-win32
LogInit:  - supports SSL with OpenSSL/1.1.1
LogInit:  - supports HTTP deflate (compression) using libz 1.2.8
LogInit:  - other features:
LogInit:      CURL_VERSION_SSL
LogInit:      CURL_VERSION_LIBZ
LogInit:      CURL_VERSION_IPV6
LogInit:      CURL_VERSION_ASYNCHDNS
LogInit:      CURL_VERSION_LARGEFILE
LogInit:      CURL_VERSION_IDN
LogInit:  CurlRequestOptions (configurable via config and command line):
LogInit:  - bVerifyPeer = true  - Libcurl will verify peer certificate
LogInit:  - bUseHttpProxy = false  - Libcurl will NOT use HTTP proxy
LogInit:  - bDontReuseConnections = false  - Libcurl will reuse connections
LogInit:  - MaxHostConnections = 16  - Libcurl will limit the number of connections to a host
LogInit:  - LocalHostAddr = Default
LogInit:  - BufferSize = 65536
LogOnline: OSS: Creating online subsystem instance for: NULL
LogInit: WinSock: version 1.1 (2.2), MaxSocks=32767, MaxUdp=65467
LogOnline: OSS: TryLoadSubsystemAndSetDefault: Loaded subsystem for module [NULL]
LogOculusPluginWrapper: OculusPlugin initialized successfully
LogHMD: Failed initializing OVRPlugin 1.59.0
LogInit: Build: ++UE4+Release-4.27-CL-18319896
LogInit: Engine Version: 4.27.2-18319896+++UE4+Release-4.27
LogInit: Compatible Engine Version: 4.27.0-17155196+++UE4+Release-4.27
LogInit: Net CL: 17155196
LogInit: OS: Windows 10 (Release 2009) (), CPU: Intel(R) Core(TM) i7-7820HK CPU @ 2.90GHz, GPU: NVIDIA GeForce GTX 1080
LogInit: Compiled (64-bit): Nov 30 2021 07:12:08
LogInit: Compiled with Visual C++: 19.24.28315.00
LogInit: Build Configuration: Development
LogInit: Branch Name: ++UE4+Release-4.27
LogInit: Command Line:  -skipcompile
LogInit: Base Directory: C:/Program Files/Epic Games/UE_4.27/Engine/Binaries/Win64/
LogInit: Allocator: TBB
LogInit: Installed Engine Build: 1
LogDevObjectVersion: Number of dev versions registered: 29
LogDevObjectVersion:   Dev-Blueprints (B0D832E4-1F89-4F0D-ACCF-7EB736FD4AA2): 10
LogDevObjectVersion:   Dev-Build (E1C64328-A22C-4D53-A36C-8E866417BD8C): 0
LogDevObjectVersion:   Dev-Core (375EC13C-06E4-48FB-B500-84F0262A717E): 4
LogDevObjectVersion:   Dev-Editor (E4B068ED-F494-42E9-A231-DA0B2E46BB41): 40
LogDevObjectVersion:   Dev-Framework (CFFC743F-43B0-4480-9391-14DF171D2073): 37
LogDevObjectVersion:   Dev-Mobile (B02B49B5-BB20-44E9-A304-32B752E40360): 3
LogDevObjectVersion:   Dev-Networking (A4E4105C-59A1-49B5-A7C5-40C4547EDFEE): 0
LogDevObjectVersion:   Dev-Online (39C831C9-5AE6-47DC-9A44-9C173E1C8E7C): 0
LogDevObjectVersion:   Dev-Physics (78F01B33-EBEA-4F98-B9B4-84EACCB95AA2): 14
LogDevObjectVersion:   Dev-Platform (6631380F-2D4D-43E0-8009-CF276956A95A): 0
LogDevObjectVersion:   Dev-Rendering (12F88B9F-8875-4AFC-A67C-D90C383ABD29): 45
LogDevObjectVersion:   Dev-Sequencer (7B5AE74C-D270-4C10-A958-57980B212A5A): 13
LogDevObjectVersion:   Dev-VR (D7296918-1DD6-4BDD-9DE2-64A83CC13884): 3
LogDevObjectVersion:   Dev-LoadTimes (C2A15278-BFE7-4AFE-6C17-90FF531DF755): 1
LogDevObjectVersion:   Private-Geometry (6EACA3D4-40EC-4CC1-B786-8BED09428FC5): 3
LogDevObjectVersion:   Dev-AnimPhys (29E575DD-E0A3-4627-9D10-D276232CDCEA): 17
LogDevObjectVersion:   Dev-Anim (AF43A65D-7FD3-4947-9873-3E8ED9C1BB05): 15
LogDevObjectVersion:   Dev-ReflectionCapture (6B266CEC-1EC7-4B8F-A30B-E4D90942FC07): 1
LogDevObjectVersion:   Dev-Automation (0DF73D61-A23F-47EA-B727-89E90C41499A): 1
LogDevObjectVersion:   FortniteMain (601D1886-AC64-4F84-AA16-D3DE0DEAC7D6): 47
LogDevObjectVersion:   FortniteRelease (E7086368-6B23-4C58-8439-1B7016265E91): 1
LogDevObjectVersion:   Dev-Enterprise (9DFFBCD6-494F-0158-E221-12823C92A888): 10
LogDevObjectVersion:   Dev-Niagara (F2AED0AC-9AFE-416F-8664-AA7FFA26D6FC): 1
LogDevObjectVersion:   Dev-Destruction (174F1F0B-B4C6-45A5-B13F-2EE8D0FB917D): 10
LogDevObjectVersion:   Dev-Physics-Ext (35F94A83-E258-406C-A318-09F59610247C): 41
LogDevObjectVersion:   Dev-PhysicsMaterial-Chaos (B68FC16E-8B1B-42E2-B453-215C058844FE): 1
LogDevObjectVersion:   Dev-CineCamera (B2E18506-4273-CFC2-A54E-F4BB758BBA07): 1
LogDevObjectVersion:   Dev-VirtualProduction (64F58936-FD1B-42BA-BA96-7289D5D0FA4E): 1
LogDevObjectVersion:   Dev-MediaFramework (6F0ED827-A609-4895-9C91-998D90180EA4): 2
LogInit: Presizing for max 25165824 objects, including 0 objects not considered by GC, pre-allocating 0 bytes for permanent pool.
LogConfig: Applying CVar settings from Section [/Script/Engine.StreamingSettings] File [C:/Users/beatriz.fulgencio/Documents/GitHub/Ue4-c-Course/MyProject/Saved/Config/Windows/Engine.ini]
LogConfig: Setting CVar [[s.MinBulkDataSizeForAsyncLoading:131072]]
LogConfig: Setting CVar [[s.AsyncLoadingThreadEnabled:0]]
LogConfig: Setting CVar [[s.EventDrivenLoaderEnabled:1]]
LogConfig: Setting CVar [[s.WarnIfTimeLimitExceeded:0]]
LogConfig: Setting CVar [[s.TimeLimitExceededMultiplier:1.5]]
LogConfig: Setting CVar [[s.TimeLimitExceededMinTime:0.005]]
LogConfig: Setting CVar [[s.UseBackgroundLevelStreaming:1]]
LogConfig: Setting CVar [[s.PriorityAsyncLoadingExtraTime:15.0]]
LogConfig: Setting CVar [[s.LevelStreamingActorsUpdateTimeLimit:5.0]]
LogConfig: Setting CVar [[s.PriorityLevelStreamingActorsUpdateExtraTime:5.0]]
LogConfig: Setting CVar [[s.LevelStreamingComponentsRegistrationGranularity:10]]
LogConfig: Setting CVar [[s.UnregisterComponentsTimeLimit:1.0]]
LogConfig: Setting CVar [[s.LevelStreamingComponentsUnregistrationGranularity:5]]
LogConfig: Setting CVar [[s.FlushStreamingOnExit:1]]
LogInit: Object subsystem initialized
LogConfig: Setting CVar [[con.DebugEarlyDefault:1]]
LogConfig: Setting CVar [[r.setres:1280x720]]
[2023.02.17-19.21.18:717][  0]LogConfig: Setting CVar [[r.VSync:0]]
[2023.02.17-19.21.18:717][  0]LogConfig: Setting CVar [[r.RHICmdBypass:0]]
[2023.02.17-19.21.18:717][  0]LogConfig: Applying CVar settings from Section [/Script/Engine.RendererSettings] File [C:/Users/beatriz.fulgencio/Documents/GitHub/Ue4-c-Course/MyProject/Saved/Config/Windows/Engine.ini]
[2023.02.17-19.21.18:718][  0]LogConfig: Setting CVar [[r.GPUCrashDebugging:0]]
[2023.02.17-19.21.18:718][  0]LogConfig: Applying CVar settings from Section [/Script/Engine.RendererOverrideSettings] File [C:/Users/beatriz.fulgencio/Documents/GitHub/Ue4-c-Course/MyProject/Saved/Config/Windows/Engine.ini]
[2023.02.17-19.21.18:718][  0]LogConfig: Applying CVar settings from Section [/Script/Engine.StreamingSettings] File [C:/Users/beatriz.fulgencio/Documents/GitHub/Ue4-c-Course/MyProject/Saved/Config/Windows/Engine.ini]
[2023.02.17-19.21.18:718][  0]LogConfig: Setting CVar [[s.MinBulkDataSizeForAsyncLoading:131072]]
[2023.02.17-19.21.18:718][  0]LogConfig: Setting CVar [[s.AsyncLoadingThreadEnabled:0]]
[2023.02.17-19.21.18:718][  0]LogConfig: Setting CVar [[s.EventDrivenLoaderEnabled:1]]
[2023.02.17-19.21.18:718][  0]LogConfig: Setting CVar [[s.WarnIfTimeLimitExceeded:0]]
[2023.02.17-19.21.18:718][  0]LogConfig: Setting CVar [[s.TimeLimitExceededMultiplier:1.5]]
[2023.02.17-19.21.18:718][  0]LogConfig: Setting CVar [[s.TimeLimitExceededMinTime:0.005]]
[2023.02.17-19.21.18:718][  0]LogConfig: Setting CVar [[s.UseBackgroundLevelStreaming:1]]
[2023.02.17-19.21.18:718][  0]LogConfig: Setting CVar [[s.PriorityAsyncLoadingExtraTime:15.0]]
[2023.02.17-19.21.18:718][  0]LogConfig: Setting CVar [[s.LevelStreamingActorsUpdateTimeLimit:5.0]]
[2023.02.17-19.21.18:718][  0]LogConfig: Setting CVar [[s.PriorityLevelStreamingActorsUpdateExtraTime:5.0]]
[2023.02.17-19.21.18:718][  0]LogConfig: Setting CVar [[s.LevelStreamingComponentsRegistrationGranularity:10]]
[2023.02.17-19.21.18:718][  0]LogConfig: Setting CVar [[s.UnregisterComponentsTimeLimit:1.0]]
[2023.02.17-19.21.18:719][  0]LogConfig: Setting CVar [[s.LevelStreamingComponentsUnregistrationGranularity:5]]
[2023.02.17-19.21.18:719][  0]LogConfig: Setting CVar [[s.FlushStreamingOnExit:1]]
[2023.02.17-19.21.18:719][  0]LogConfig: Applying CVar settings from Section [/Script/Engine.GarbageCollectionSettings] File [C:/Users/beatriz.fulgencio/Documents/GitHub/Ue4-c-Course/MyProject/Saved/Config/Windows/Engine.ini]
[2023.02.17-19.21.18:719][  0]LogConfig: Setting CVar [[gc.MaxObjectsNotConsideredByGC:1]]
[2023.02.17-19.21.18:719][  0]LogConfig: Setting CVar [[gc.SizeOfPermanentObjectPool:0]]
[2023.02.17-19.21.18:719][  0]LogConfig: Setting CVar [[gc.FlushStreamingOnGC:0]]
[2023.02.17-19.21.18:719][  0]LogConfig: Setting CVar [[gc.NumRetriesBeforeForcingGC:10]]
[2023.02.17-19.21.18:719][  0]LogConfig: Setting CVar [[gc.AllowParallelGC:1]]
[2023.02.17-19.21.18:719][  0]LogConfig: Setting CVar [[gc.TimeBetweenPurgingPendingKillObjects:61.1]]
[2023.02.17-19.21.18:719][  0]LogConfig: Setting CVar [[gc.MaxObjectsInEditor:25165824]]
[2023.02.17-19.21.18:719][  0]LogConfig: Setting CVar [[gc.IncrementalBeginDestroyEnabled:1]]
[2023.02.17-19.21.18:719][  0]LogConfig: Setting CVar [[gc.CreateGCClusters:1]]
[2023.02.17-19.21.18:719][  0]LogConfig: Setting CVar [[gc.MinGCClusterSize:5]]
[2023.02.17-19.21.18:719][  0]LogConfig: Setting CVar [[gc.ActorClusteringEnabled:0]]
[2023.02.17-19.21.18:719][  0]LogConfig: Setting CVar [[gc.BlueprintClusteringEnabled:0]]
[2023.02.17-19.21.18:720][  0]LogConfig: Setting CVar [[gc.UseDisregardForGCOnDedicatedServers:0]]
[2023.02.17-19.21.18:720][  0]LogConfig: Setting CVar [[gc.MultithreadedDestructionEnabled:1]]
[2023.02.17-19.21.18:720][  0]LogConfig: Applying CVar settings from Section [/Script/Engine.NetworkSettings] File [C:/Users/beatriz.fulgencio/Documents/GitHub/Ue4-c-Course/MyProject/Saved/Config/Windows/Engine.ini]
[2023.02.17-19.21.18:720][  0]LogConfig: Applying CVar settings from Section [/Script/UnrealEd.CookerSettings] File [C:/Users/beatriz.fulgencio/Documents/GitHub/Ue4-c-Course/MyProject/Saved/Config/Windows/Engine.ini]
[2023.02.17-19.21.18:744][  0]LogConfig: Applying CVar settings from Section [ViewDistanceQuality@3] File [C:/Users/beatriz.fulgencio/Documents/GitHub/Ue4-c-Course/MyProject/Saved/Config/Windows/Scalability.ini]
[2023.02.17-19.21.18:744][  0]LogConfig: Setting CVar [[r.SkeletalMeshLODBias:0]]
[2023.02.17-19.21.18:744][  0]LogConfig: Setting CVar [[r.ViewDistanceScale:1.0]]
[2023.02.17-19.21.18:744][  0]LogConfig: Applying CVar settings from Section [AntiAliasingQuality@3] File [C:/Users/beatriz.fulgencio/Documents/GitHub/Ue4-c-Course/MyProject/Saved/Config/Windows/Scalability.ini]
[2023.02.17-19.21.18:744][  0]LogConfig: Setting CVar [[r.PostProcessAAQuality:4]]
[2023.02.17-19.21.18:744][  0]LogConfig: Applying CVar settings from Section [ShadowQuality@3] File [C:/Users/beatriz.fulgencio/Documents/GitHub/Ue4-c-Course/MyProject/Saved/Config/Windows/Scalability.ini]
[2023.02.17-19.21.18:744][  0]LogConfig: Setting CVar [[r.LightFunctionQuality:1]]
[2023.02.17-19.21.18:744][  0]LogConfig: Setting CVar [[r.ShadowQuality:5]]
[2023.02.17-19.21.18:744][  0]LogConfig: Setting CVar [[r.Shadow.CSM.MaxCascades:10]]
[2023.02.17-19.21.18:744][  0]LogConfig: Setting CVar [[r.Shadow.MaxResolution:2048]]
[2023.02.17-19.21.18:744][  0]LogConfig: Setting CVar [[r.Shadow.MaxCSMResolution:2048]]
[2023.02.17-19.21.18:744][  0]LogConfig: Setting CVar [[r.Shadow.RadiusThreshold:0.01]]
[2023.02.17-19.21.18:744][  0]LogConfig: Setting CVar [[r.Shadow.DistanceScale:1.0]]
[2023.02.17-19.21.18:744][  0]LogConfig: Setting CVar [[r.Shadow.CSM.TransitionScale:1.0]]
[2023.02.17-19.21.18:745][  0]LogConfig: Setting CVar [[r.Shadow.PreShadowResolutionFactor:1.0]]
[2023.02.17-19.21.18:745][  0]LogConfig: Setting CVar [[r.DistanceFieldShadowing:1]]
[2023.02.17-19.21.18:745][  0]LogConfig: Setting CVar [[r.DistanceFieldAO:1]]
[2023.02.17-19.21.18:745][  0]LogConfig: Setting CVar [[r.AOQuality:2]]
[2023.02.17-19.21.18:745][  0]LogConfig: Setting CVar [[r.VolumetricFog:1]]
[2023.02.17-19.21.18:745][  0]LogConfig: Setting CVar [[r.VolumetricFog.GridPixelSize:8]]
[2023.02.17-19.21.18:745][  0]LogConfig: Setting CVar [[r.VolumetricFog.GridSizeZ:128]]
[2023.02.17-19.21.18:745][  0]LogConfig: Setting CVar [[r.VolumetricFog.HistoryMissSupersampleCount:4]]
[2023.02.17-19.21.18:745][  0]LogConfig: Setting CVar [[r.LightMaxDrawDistanceScale:1]]
[2023.02.17-19.21.18:745][  0]LogConfig: Setting CVar [[r.CapsuleShadows:1]]
[2023.02.17-19.21.18:745][  0]LogConfig: Applying CVar settings from Section [PostProcessQuality@3] File [C:/Users/beatriz.fulgencio/Documents/GitHub/Ue4-c-Course/MyProject/Saved/Config/Windows/Scalability.ini]
[2023.02.17-19.21.18:745][  0]LogConfig: Setting CVar [[r.MotionBlurQuality:4]]
[2023.02.17-19.21.18:745][  0]LogConfig: Setting CVar [[r.AmbientOcclusionMipLevelFactor:0.4]]
[2023.02.17-19.21.18:745][  0]LogConfig: Setting CVar [[r.AmbientOcclusionMaxQuality:100]]
[2023.02.17-19.21.18:745][  0]LogConfig: Setting CVar [[r.AmbientOcclusionLevels:-1]]
[2023.02.17-19.21.18:745][  0]LogConfig: Setting CVar [[r.AmbientOcclusionRadiusScale:1.0]]
[2023.02.17-19.21.18:746][  0]LogConfig: Setting CVar [[r.DepthOfFieldQuality:2]]
[2023.02.17-19.21.18:746][  0]LogConfig: Setting CVar [[r.RenderTargetPoolMin:400]]
[2023.02.17-19.21.18:746][  0]LogConfig: Setting CVar [[r.LensFlareQuality:2]]
[2023.02.17-19.21.18:746][  0]LogConfig: Setting CVar [[r.SceneColorFringeQuality:1]]
[2023.02.17-19.21.18:746][  0]LogConfig: Setting CVar [[r.EyeAdaptationQuality:2]]
[2023.02.17-19.21.18:746][  0]LogConfig: Setting CVar [[r.BloomQuality:5]]
[2023.02.17-19.21.18:746][  0]LogConfig: Setting CVar [[r.FastBlurThreshold:100]]
[2023.02.17-19.21.18:746][  0]LogConfig: Setting CVar [[r.Upscale.Quality:3]]
[2023.02.17-19.21.18:746][  0]LogConfig: Setting CVar [[r.Tonemapper.GrainQuantization:1]]
[2023.02.17-19.21.18:746][  0]LogConfig: Setting CVar [[r.LightShaftQuality:1]]
[2023.02.17-19.21.18:746][  0]LogConfig: Setting CVar [[r.Filter.SizeScale:1]]
[2023.02.17-19.21.18:746][  0]LogConfig: Setting CVar [[r.Tonemapper.Quality:5]]
[2023.02.17-19.21.18:746][  0]LogConfig: Setting CVar [[r.DOF.Gather.AccumulatorQuality:1        ; higher gathering accumulator quality]]
[2023.02.17-19.21.18:747][  0]LogConfig: Setting CVar [[r.DOF.Gather.PostfilterMethod:1          ; Median3x3 postfilering method]]
[2023.02.17-19.21.18:747][  0]LogConfig: Setting CVar [[r.DOF.Gather.EnableBokehSettings:0       ; no bokeh simulation when gathering]]
[2023.02.17-19.21.18:747][  0]LogConfig: Setting CVar [[r.DOF.Gather.RingCount:4                 ; medium number of samples when gathering]]
[2023.02.17-19.21.18:747][  0]LogConfig: Setting CVar [[r.DOF.Scatter.ForegroundCompositing:1    ; additive foreground scattering]]
[2023.02.17-19.21.18:747][  0]LogConfig: Setting CVar [[r.DOF.Scatter.BackgroundCompositing:2    ; additive background scattering]]
[2023.02.17-19.21.18:747][  0]LogConfig: Setting CVar [[r.DOF.Scatter.EnableBokehSettings:1      ; bokeh simulation when scattering]]
[2023.02.17-19.21.18:747][  0]LogConfig: Setting CVar [[r.DOF.Scatter.MaxSpriteRatio:0.1         ; only a maximum of 10% of scattered bokeh]]
[2023.02.17-19.21.18:747][  0]LogConfig: Setting CVar [[r.DOF.Recombine.Quality:1                ; cheap slight out of focus]]
[2023.02.17-19.21.18:747][  0]LogConfig: Setting CVar [[r.DOF.Recombine.EnableBokehSettings:0    ; no bokeh simulation on slight out of focus]]
[2023.02.17-19.21.18:747][  0]LogConfig: Setting CVar [[r.DOF.TemporalAAQuality:1                ; more stable temporal accumulation]]
[2023.02.17-19.21.18:747][  0]LogConfig: Setting CVar [[r.DOF.Kernel.MaxForegroundRadius:0.025]]
[2023.02.17-19.21.18:747][  0]LogConfig: Setting CVar [[r.DOF.Kernel.MaxBackgroundRadius:0.025]]
[2023.02.17-19.21.18:747][  0]LogConfig: Applying CVar settings from Section [TextureQuality@3] File [C:/Users/beatriz.fulgencio/Documents/GitHub/Ue4-c-Course/MyProject/Saved/Config/Windows/Scalability.ini]
[2023.02.17-19.21.18:747][  0]LogConfig: Setting CVar [[r.Streaming.MipBias:0]]
[2023.02.17-19.21.18:747][  0]LogConfig: Setting CVar [[r.Streaming.AmortizeCPUToGPUCopy:0]]
[2023.02.17-19.21.18:748][  0]LogConfig: Setting CVar [[r.Streaming.MaxNumTexturesToStreamPerFrame:0]]
[2023.02.17-19.21.18:748][  0]LogConfig: Setting CVar [[r.Streaming.Boost:1]]
[2023.02.17-19.21.18:748][  0]LogConfig: Setting CVar [[r.MaxAnisotropy:8]]
[2023.02.17-19.21.18:748][  0]LogConfig: Setting CVar [[r.VT.MaxAnisotropy:8]]
[2023.02.17-19.21.18:748][  0]LogConfig: Setting CVar [[r.Streaming.LimitPoolSizeToVRAM:0]]
[2023.02.17-19.21.18:748][  0]LogConfig: Setting CVar [[r.Streaming.PoolSize:1000]]
[2023.02.17-19.21.18:748][  0]LogConfig: Setting CVar [[r.Streaming.MaxEffectiveScreenSize:0]]
[2023.02.17-19.21.18:748][  0]LogConfig: Applying CVar settings from Section [EffectsQuality@3] File [C:/Users/beatriz.fulgencio/Documents/GitHub/Ue4-c-Course/MyProject/Saved/Config/Windows/Scalability.ini]
[2023.02.17-19.21.18:748][  0]LogConfig: Setting CVar [[r.TranslucencyLightingVolumeDim:64]]
[2023.02.17-19.21.18:748][  0]LogConfig: Setting CVar [[r.RefractionQuality:2]]
[2023.02.17-19.21.18:748][  0]LogConfig: Setting CVar [[r.SSR.Quality:3]]
[2023.02.17-19.21.18:748][  0]LogConfig: Setting CVar [[r.SSR.HalfResSceneColor:0]]
[2023.02.17-19.21.18:748][  0]LogConfig: Setting CVar [[r.SceneColorFormat:4]]
[2023.02.17-19.21.18:748][  0]LogConfig: Setting CVar [[r.DetailMode:2]]
[2023.02.17-19.21.18:748][  0]LogConfig: Setting CVar [[r.TranslucencyVolumeBlur:1]]
[2023.02.17-19.21.18:748][  0]LogConfig: Setting CVar [[r.MaterialQualityLevel:1 ; High quality]]
[2023.02.17-19.21.18:748][  0]LogConfig: Setting CVar [[r.AnisotropicMaterials:1]]
[2023.02.17-19.21.18:749][  0]LogConfig: Setting CVar [[r.SSS.Scale:1]]
[2023.02.17-19.21.18:749][  0]LogConfig: Setting CVar [[r.SSS.SampleSet:2]]
[2023.02.17-19.21.18:749][  0]LogConfig: Setting CVar [[r.SSS.Quality:1]]
[2023.02.17-19.21.18:749][  0]LogConfig: Setting CVar [[r.SSS.HalfRes:0]]
[2023.02.17-19.21.18:749][  0]LogConfig: Setting CVar [[r.SSGI.Quality:3]]
[2023.02.17-19.21.18:749][  0]LogConfig: Setting CVar [[r.EmitterSpawnRateScale:1.0]]
[2023.02.17-19.21.18:749][  0]LogConfig: Setting CVar [[r.ParticleLightQuality:2]]
[2023.02.17-19.21.18:749][  0]LogConfig: Setting CVar [[r.SkyAtmosphere.AerialPerspectiveLUT.FastApplyOnOpaque:1 ; Always have FastSkyLUT 1 in this case to avoid wrong sky]]
[2023.02.17-19.21.18:749][  0]LogConfig: Setting CVar [[r.SkyAtmosphere.AerialPerspectiveLUT.SampleCountMaxPerSlice:4]]
[2023.02.17-19.21.18:749][  0]LogConfig: Setting CVar [[r.SkyAtmosphere.AerialPerspectiveLUT.DepthResolution:16.0]]
[2023.02.17-19.21.18:749][  0]LogConfig: Setting CVar [[r.SkyAtmosphere.FastSkyLUT:1]]
[2023.02.17-19.21.18:749][  0]LogConfig: Setting CVar [[r.SkyAtmosphere.FastSkyLUT.SampleCountMin:4.0]]
[2023.02.17-19.21.18:749][  0]LogConfig: Setting CVar [[r.SkyAtmosphere.FastSkyLUT.SampleCountMax:128.0]]
[2023.02.17-19.21.18:749][  0]LogConfig: Setting CVar [[r.SkyAtmosphere.SampleCountMin:4.0]]
[2023.02.17-19.21.18:749][  0]LogConfig: Setting CVar [[r.SkyAtmosphere.SampleCountMax:128.0]]
[2023.02.17-19.21.18:750][  0]LogConfig: Setting CVar [[r.SkyAtmosphere.TransmittanceLUT.UseSmallFormat:0]]
[2023.02.17-19.21.18:750][  0]LogConfig: Setting CVar [[r.SkyAtmosphere.TransmittanceLUT.SampleCount:10.0]]
[2023.02.17-19.21.18:750][  0]LogConfig: Setting CVar [[r.SkyAtmosphere.MultiScatteringLUT.SampleCount:15.0]]
[2023.02.17-19.21.18:750][  0]LogConfig: Setting CVar [[r.SkyLight.RealTimeReflectionCapture:1]]
[2023.02.17-19.21.18:750][  0]LogConfig: Applying CVar settings from Section [FoliageQuality@3] File [C:/Users/beatriz.fulgencio/Documents/GitHub/Ue4-c-Course/MyProject/Saved/Config/Windows/Scalability.ini]
[2023.02.17-19.21.18:750][  0]LogConfig: Setting CVar [[foliage.DensityScale:1.0]]
[2023.02.17-19.21.18:750][  0]LogConfig: Setting CVar [[grass.DensityScale:1.0]]
[2023.02.17-19.21.18:750][  0]LogConfig: Applying CVar settings from Section [ShadingQuality@3] File [C:/Users/beatriz.fulgencio/Documents/GitHub/Ue4-c-Course/MyProject/Saved/Config/Windows/Scalability.ini]
[2023.02.17-19.21.18:750][  0]LogConfig: Setting CVar [[r.HairStrands.SkyLighting.IntegrationType:2]]
[2023.02.17-19.21.18:750][  0]LogConfig: Setting CVar [[r.HairStrands.SkyAO.SampleCount:4]]
[2023.02.17-19.21.18:750][  0]LogConfig: Setting CVar [[r.HairStrands.Visibility.MSAA.SamplePerPixel:4]]
[2023.02.17-19.21.18:750][  0]LogInit: Selected Device Profile: [Windows]
[2023.02.17-19.21.18:750][  0]LogInit: Applying CVar settings loaded from the selected device profile: [Windows]
[2023.02.17-19.21.18:750][  0]LogHAL: Display: Platform has ~ 24 GB [25706741760 / 34359738368 / 24], which maps to Larger [LargestMinGB=32, LargerMinGB=12, DefaultMinGB=8, SmallerMinGB=6, SmallestMinGB=0)
[2023.02.17-19.21.18:751][  0]LogInit: Going up to parent DeviceProfile []
[2023.02.17-19.21.18:751][  0]LogConfig: Applying CVar settings from Section [ViewDistanceQuality@3] File [C:/Users/beatriz.fulgencio/Documents/GitHub/Ue4-c-Course/MyProject/Saved/Config/Windows/Scalability.ini]
[2023.02.17-19.21.18:751][  0]LogConfig: Setting CVar [[r.SkeletalMeshLODBias:0]]
[2023.02.17-19.21.18:751][  0]LogConfig: Setting CVar [[r.ViewDistanceScale:1.0]]
[2023.02.17-19.21.18:751][  0]LogConfig: Applying CVar settings from Section [AntiAliasingQuality@3] File [C:/Users/beatriz.fulgencio/Documents/GitHub/Ue4-c-Course/MyProject/Saved/Config/Windows/Scalability.ini]
[2023.02.17-19.21.18:751][  0]LogConfig: Setting CVar [[r.PostProcessAAQuality:4]]
[2023.02.17-19.21.18:751][  0]LogConfig: Applying CVar settings from Section [ShadowQuality@3] File [C:/Users/beatriz.fulgencio/Documents/GitHub/Ue4-c-Course/MyProject/Saved/Config/Windows/Scalability.ini]
[2023.02.17-19.21.18:751][  0]LogConfig: Setting CVar [[r.LightFunctionQuality:1]]
[2023.02.17-19.21.18:751][  0]LogConfig: Setting CVar [[r.ShadowQuality:5]]
[2023.02.17-19.21.18:751][  0]LogConfig: Setting CVar [[r.Shadow.CSM.MaxCascades:10]]
[2023.02.17-19.21.18:751][  0]LogConfig: Setting CVar [[r.Shadow.MaxResolution:2048]]
[2023.02.17-19.21.18:751][  0]LogConfig: Setting CVar [[r.Shadow.MaxCSMResolution:2048]]
[2023.02.17-19.21.18:751][  0]LogConfig: Setting CVar [[r.Shadow.RadiusThreshold:0.01]]
[2023.02.17-19.21.18:751][  0]LogConfig: Setting CVar [[r.Shadow.DistanceScale:1.0]]
[2023.02.17-19.21.18:751][  0]LogConfig: Setting CVar [[r.Shadow.CSM.TransitionScale:1.0]]
[2023.02.17-19.21.18:751][  0]LogConfig: Setting CVar [[r.Shadow.PreShadowResolutionFactor:1.0]]
[2023.02.17-19.21.18:752][  0]LogConfig: Setting CVar [[r.DistanceFieldShadowing:1]]
[2023.02.17-19.21.18:752][  0]LogConfig: Setting CVar [[r.DistanceFieldAO:1]]
[2023.02.17-19.21.18:752][  0]LogConfig: Setting CVar [[r.AOQuality:2]]
[2023.02.17-19.21.18:752][  0]LogConfig: Setting CVar [[r.VolumetricFog:1]]
[2023.02.17-19.21.18:752][  0]LogConfig: Setting CVar [[r.VolumetricFog.GridPixelSize:8]]
[2023.02.17-19.21.18:752][  0]LogConfig: Setting CVar [[r.VolumetricFog.GridSizeZ:128]]
[2023.02.17-19.21.18:752][  0]LogConfig: Setting CVar [[r.VolumetricFog.HistoryMissSupersampleCount:4]]
[2023.02.17-19.21.18:752][  0]LogConfig: Setting CVar [[r.LightMaxDrawDistanceScale:1]]
[2023.02.17-19.21.18:752][  0]LogConfig: Setting CVar [[r.CapsuleShadows:1]]
[2023.02.17-19.21.18:752][  0]LogConfig: Applying CVar settings from Section [PostProcessQuality@3] File [C:/Users/beatriz.fulgencio/Documents/GitHub/Ue4-c-Course/MyProject/Saved/Config/Windows/Scalability.ini]
[2023.02.17-19.21.18:752][  0]LogConfig: Setting CVar [[r.MotionBlurQuality:4]]
[2023.02.17-19.21.18:752][  0]LogConfig: Setting CVar [[r.AmbientOcclusionMipLevelFactor:0.4]]
[2023.02.17-19.21.18:752][  0]LogConfig: Setting CVar [[r.AmbientOcclusionMaxQuality:100]]
[2023.02.17-19.21.18:752][  0]LogConfig: Setting CVar [[r.AmbientOcclusionLevels:-1]]
[2023.02.17-19.21.18:752][  0]LogConfig: Setting CVar [[r.AmbientOcclusionRadiusScale:1.0]]
[2023.02.17-19.21.18:752][  0]LogConfig: Setting CVar [[r.DepthOfFieldQuality:2]]
[2023.02.17-19.21.18:753][  0]LogConfig: Setting CVar [[r.RenderTargetPoolMin:400]]
[2023.02.17-19.21.18:753][  0]LogConfig: Setting CVar [[r.LensFlareQuality:2]]
[2023.02.17-19.21.18:753][  0]LogConfig: Setting CVar [[r.SceneColorFringeQuality:1]]
[2023.02.17-19.21.18:753][  0]LogConfig: Setting CVar [[r.EyeAdaptationQuality:2]]
[2023.02.17-19.21.18:753][  0]LogConfig: Setting CVar [[r.BloomQuality:5]]
[2023.02.17-19.21.18:753][  0]LogConfig: Setting CVar [[r.FastBlurThreshold:100]]
[2023.02.17-19.21.18:753][  0]LogConfig: Setting CVar [[r.Upscale.Quality:3]]
[2023.02.17-19.21.18:753][  0]LogConfig: Setting CVar [[r.Tonemapper.GrainQuantization:1]]
[2023.02.17-19.21.18:753][  0]LogConfig: Setting CVar [[r.LightShaftQuality:1]]
[2023.02.17-19.21.18:753][  0]LogConfig: Setting CVar [[r.Filter.SizeScale:1]]
[2023.02.17-19.21.18:753][  0]LogConfig: Setting CVar [[r.Tonemapper.Quality:5]]
[2023.02.17-19.21.18:753][  0]LogConfig: Setting CVar [[r.DOF.Gather.AccumulatorQuality:1        ; higher gathering accumulator quality]]
[2023.02.17-19.21.18:753][  0]LogConfig: Setting CVar [[r.DOF.Gather.PostfilterMethod:1          ; Median3x3 postfilering method]]
[2023.02.17-19.21.18:753][  0]LogConfig: Setting CVar [[r.DOF.Gather.EnableBokehSettings:0       ; no bokeh simulation when gathering]]
[2023.02.17-19.21.18:753][  0]LogConfig: Setting CVar [[r.DOF.Gather.RingCount:4                 ; medium number of samples when gathering]]
[2023.02.17-19.21.18:753][  0]LogConfig: Setting CVar [[r.DOF.Scatter.ForegroundCompositing:1    ; additive foreground scattering]]
[2023.02.17-19.21.18:754][  0]LogConfig: Setting CVar [[r.DOF.Scatter.BackgroundCompositing:2    ; additive background scattering]]
[2023.02.17-19.21.18:754][  0]LogConfig: Setting CVar [[r.DOF.Scatter.EnableBokehSettings:1      ; bokeh simulation when scattering]]
[2023.02.17-19.21.18:754][  0]LogConfig: Setting CVar [[r.DOF.Scatter.MaxSpriteRatio:0.1         ; only a maximum of 10% of scattered bokeh]]
[2023.02.17-19.21.18:754][  0]LogConfig: Setting CVar [[r.DOF.Recombine.Quality:1                ; cheap slight out of focus]]
[2023.02.17-19.21.18:754][  0]LogConfig: Setting CVar [[r.DOF.Recombine.EnableBokehSettings:0    ; no bokeh simulation on slight out of focus]]
[2023.02.17-19.21.18:754][  0]LogConfig: Setting CVar [[r.DOF.TemporalAAQuality:1                ; more stable temporal accumulation]]
[2023.02.17-19.21.18:754][  0]LogConfig: Setting CVar [[r.DOF.Kernel.MaxForegroundRadius:0.025]]
[2023.02.17-19.21.18:754][  0]LogConfig: Setting CVar [[r.DOF.Kernel.MaxBackgroundRadius:0.025]]
[2023.02.17-19.21.18:754][  0]LogConfig: Applying CVar settings from Section [TextureQuality@3] File [C:/Users/beatriz.fulgencio/Documents/GitHub/Ue4-c-Course/MyProject/Saved/Config/Windows/Scalability.ini]
[2023.02.17-19.21.18:754][  0]LogConfig: Setting CVar [[r.Streaming.MipBias:0]]
[2023.02.17-19.21.18:754][  0]LogConfig: Setting CVar [[r.Streaming.AmortizeCPUToGPUCopy:0]]
[2023.02.17-19.21.18:754][  0]LogConfig: Setting CVar [[r.Streaming.MaxNumTexturesToStreamPerFrame:0]]
[2023.02.17-19.21.18:754][  0]LogConfig: Setting CVar [[r.Streaming.Boost:1]]
[2023.02.17-19.21.18:754][  0]LogConfig: Setting CVar [[r.MaxAnisotropy:8]]
[2023.02.17-19.21.18:754][  0]LogConfig: Setting CVar [[r.VT.MaxAnisotropy:8]]
[2023.02.17-19.21.18:754][  0]LogConfig: Setting CVar [[r.Streaming.LimitPoolSizeToVRAM:0]]
[2023.02.17-19.21.18:755][  0]LogConfig: Setting CVar [[r.Streaming.PoolSize:1000]]
[2023.02.17-19.21.18:755][  0]LogConfig: Setting CVar [[r.Streaming.MaxEffectiveScreenSize:0]]
[2023.02.17-19.21.18:755][  0]LogConfig: Applying CVar settings from Section [EffectsQuality@3] File [C:/Users/beatriz.fulgencio/Documents/GitHub/Ue4-c-Course/MyProject/Saved/Config/Windows/Scalability.ini]
[2023.02.17-19.21.18:755][  0]LogConfig: Setting CVar [[r.TranslucencyLightingVolumeDim:64]]
[2023.02.17-19.21.18:755][  0]LogConfig: Setting CVar [[r.RefractionQuality:2]]
[2023.02.17-19.21.18:755][  0]LogConfig: Setting CVar [[r.SSR.Quality:3]]
[2023.02.17-19.21.18:755][  0]LogConfig: Setting CVar [[r.SSR.HalfResSceneColor:0]]
[2023.02.17-19.21.18:755][  0]LogConfig: Setting CVar [[r.SceneColorFormat:4]]
[2023.02.17-19.21.18:755][  0]LogConfig: Setting CVar [[r.DetailMode:2]]
[2023.02.17-19.21.18:755][  0]LogConfig: Setting CVar [[r.TranslucencyVolumeBlur:1]]
[2023.02.17-19.21.18:755][  0]LogConfig: Setting CVar [[r.MaterialQualityLevel:1 ; High quality]]
[2023.02.17-19.21.18:755][  0]LogConfig: Setting CVar [[r.AnisotropicMaterials:1]]
[2023.02.17-19.21.18:755][  0]LogConfig: Setting CVar [[r.SSS.Scale:1]]
[2023.02.17-19.21.18:755][  0]LogConfig: Setting CVar [[r.SSS.SampleSet:2]]
[2023.02.17-19.21.18:755][  0]LogConfig: Setting CVar [[r.SSS.Quality:1]]
[2023.02.17-19.21.18:755][  0]LogConfig: Setting CVar [[r.SSS.HalfRes:0]]
[2023.02.17-19.21.18:756][  0]LogConfig: Setting CVar [[r.SSGI.Quality:3]]
[2023.02.17-19.21.18:756][  0]LogConfig: Setting CVar [[r.EmitterSpawnRateScale:1.0]]
[2023.02.17-19.21.18:756][  0]LogConfig: Setting CVar [[r.ParticleLightQuality:2]]
[2023.02.17-19.21.18:756][  0]LogConfig: Setting CVar [[r.SkyAtmosphere.AerialPerspectiveLUT.FastApplyOnOpaque:1 ; Always have FastSkyLUT 1 in this case to avoid wrong sky]]
[2023.02.17-19.21.18:756][  0]LogConfig: Setting CVar [[r.SkyAtmosphere.AerialPerspectiveLUT.SampleCountMaxPerSlice:4]]
[2023.02.17-19.21.18:756][  0]LogConfig: Setting CVar [[r.SkyAtmosphere.AerialPerspectiveLUT.DepthResolution:16.0]]
[2023.02.17-19.21.18:756][  0]LogConfig: Setting CVar [[r.SkyAtmosphere.FastSkyLUT:1]]
[2023.02.17-19.21.18:756][  0]LogConfig: Setting CVar [[r.SkyAtmosphere.FastSkyLUT.SampleCountMin:4.0]]
[2023.02.17-19.21.18:756][  0]LogConfig: Setting CVar [[r.SkyAtmosphere.FastSkyLUT.SampleCountMax:128.0]]
[2023.02.17-19.21.18:756][  0]LogConfig: Setting CVar [[r.SkyAtmosphere.SampleCountMin:4.0]]
[2023.02.17-19.21.18:756][  0]LogConfig: Setting CVar [[r.SkyAtmosphere.SampleCountMax:128.0]]
[2023.02.17-19.21.18:756][  0]LogConfig: Setting CVar [[r.SkyAtmosphere.TransmittanceLUT.UseSmallFormat:0]]
[2023.02.17-19.21.18:756][  0]LogConfig: Setting CVar [[r.SkyAtmosphere.TransmittanceLUT.SampleCount:10.0]]
[2023.02.17-19.21.18:756][  0]LogConfig: Setting CVar [[r.SkyAtmosphere.MultiScatteringLUT.SampleCount:15.0]]
[2023.02.17-19.21.18:756][  0]LogConfig: Setting CVar [[r.SkyLight.RealTimeReflectionCapture:1]]
[2023.02.17-19.21.18:756][  0]LogConfig: Applying CVar settings from Section [FoliageQuality@3] File [C:/Users/beatriz.fulgencio/Documents/GitHub/Ue4-c-Course/MyProject/Saved/Config/Windows/Scalability.ini]
[2023.02.17-19.21.18:756][  0]LogConfig: Setting CVar [[foliage.DensityScale:1.0]]
[2023.02.17-19.21.18:757][  0]LogConfig: Setting CVar [[grass.DensityScale:1.0]]
[2023.02.17-19.21.18:757][  0]LogConfig: Applying CVar settings from Section [ShadingQuality@3] File [C:/Users/beatriz.fulgencio/Documents/GitHub/Ue4-c-Course/MyProject/Saved/Config/Windows/Scalability.ini]
[2023.02.17-19.21.18:757][  0]LogConfig: Setting CVar [[r.HairStrands.SkyLighting.IntegrationType:2]]
[2023.02.17-19.21.18:757][  0]LogConfig: Setting CVar [[r.HairStrands.SkyAO.SampleCount:4]]
[2023.02.17-19.21.18:757][  0]LogConfig: Setting CVar [[r.HairStrands.Visibility.MSAA.SamplePerPixel:4]]
[2023.02.17-19.21.18:757][  0]LogConfig: Applying CVar settings from Section [Startup] File [../../../Engine/Config/ConsoleVariables.ini]
[2023.02.17-19.21.18:758][  0]LogConfig: Setting CVar [[net.UseAdaptiveNetUpdateFrequency:0]]
[2023.02.17-19.21.18:758][  0]LogConfig: Setting CVar [[p.chaos.AllowCreatePhysxBodies:1]]
[2023.02.17-19.21.18:758][  0]LogConfig: Setting CVar [[fx.SkipVectorVMBackendOptimizations:1]]
[2023.02.17-19.21.18:758][  0]LogConfig: Applying CVar settings from Section [ConsoleVariables] File [C:/Users/beatriz.fulgencio/Documents/GitHub/Ue4-c-Course/MyProject/Saved/Config/Windows/Engine.ini]
[2023.02.17-19.21.18:758][  0]LogConfig: Applying CVar settings from Section [ConsoleVariables] File [C:/Users/beatriz.fulgencio/Documents/GitHub/Ue4-c-Course/MyProject/Saved/Config/Windows/Editor.ini]
[2023.02.17-19.21.18:758][  0]LogInit: Computer: IMDESIGNS-BPC27
[2023.02.17-19.21.18:758][  0]LogInit: User: beatrizfulgencio
[2023.02.17-19.21.18:758][  0]LogInit: CPU Page size=4096, Cores=4
[2023.02.17-19.21.18:759][  0]LogInit: High frequency timer resolution =10.000000 MHz
[2023.02.17-19.21.18:759][  0]LogMemory: Memory total: Physical=23.9GB (24GB approx)
[2023.02.17-19.21.18:759][  0]LogMemory: Platform Memory Stats for Windows
[2023.02.17-19.21.18:759][  0]LogMemory: Process Physical Memory: 141.49 MB used, 141.49 MB peak
[2023.02.17-19.21.18:759][  0]LogMemory: Process Virtual Memory: 118.37 MB used, 118.37 MB peak
[2023.02.17-19.21.18:759][  0]LogMemory: Physical Memory: 12450.21 MB used,  12065.65 MB free, 24515.86 MB total
[2023.02.17-19.21.18:759][  0]LogMemory: Virtual Memory: 134176768.00 MB used,  40958.16 MB free, 134217728.00 MB total
[2023.02.17-19.21.18:778][  0]LogWindows: WindowsPlatformFeatures enabled
[2023.02.17-19.21.18:993][  0]LogInit: Physics initialised using underlying interface: PhysX
[2023.02.17-19.21.18:995][  0]LogInit: Using OS detected language (en-US).
[2023.02.17-19.21.18:995][  0]LogInit: Using OS detected locale (pt-BR).
[2023.02.17-19.21.19:003][  0]LogTextLocalizationManager: No specific localization for 'en-US' exists, so the 'en' localization will be used.
[2023.02.17-19.21.19:307][  0]LogInit: Setting process to per monitor DPI aware
[2023.02.17-19.21.19:345][  0]LogWindowsTextInputMethodSystem: Display: IME system deactivated.
[2023.02.17-19.21.19:375][  0]LogSlate: New Slate User Created.  User Index 0, Is Virtual User: 0
[2023.02.17-19.21.19:376][  0]LogSlate: Slate User Registered.  User Index 0, Is Virtual User: 0
[2023.02.17-19.21.19:616][  0]LogD3D11RHI: Loaded GFSDK_Aftermath_Lib.x64.dll
[2023.02.17-19.21.19:632][  0]LogHMD: Failed to initialize OpenVR with code 110
[2023.02.17-19.21.19:632][  0]LogD3D11RHI: D3D11 min allowed feature level: 11_0
[2023.02.17-19.21.19:632][  0]LogD3D11RHI: D3D11 max allowed feature level: 11_0
[2023.02.17-19.21.19:632][  0]LogD3D11RHI: D3D11 adapters:
[2023.02.17-19.21.19:807][  0]LogD3D11RHI:    0. 'NVIDIA GeForce GTX 1080' (Feature Level 11_0)
[2023.02.17-19.21.19:807][  0]LogD3D11RHI:       8079/0/12257 MB DedicatedVideo/DedicatedSystem/SharedSystem, Outputs:2, VendorId:0x10de
[2023.02.17-19.21.19:813][  0]LogD3D11RHI:    1. 'Microsoft Basic Render Driver' (Feature Level 11_0)
[2023.02.17-19.21.19:813][  0]LogD3D11RHI:       0/0/12257 MB DedicatedVideo/DedicatedSystem/SharedSystem, Outputs:0, VendorId:0x1414
[2023.02.17-19.21.19:813][  0]LogD3D11RHI: Chosen D3D11 Adapter:
[2023.02.17-19.21.19:813][  0]LogD3D11RHI:     Description : NVIDIA GeForce GTX 1080
[2023.02.17-19.21.19:813][  0]LogD3D11RHI:     VendorId    : 10de
[2023.02.17-19.21.19:813][  0]LogD3D11RHI:     DeviceId    : 1ba0
[2023.02.17-19.21.19:814][  0]LogD3D11RHI:     SubSysId    : 8375103c
[2023.02.17-19.21.19:814][  0]LogD3D11RHI:     Revision    : 00a1
[2023.02.17-19.21.19:814][  0]LogD3D11RHI:     DedicatedVideoMemory : 8471445504 bytes
[2023.02.17-19.21.19:814][  0]LogD3D11RHI:     DedicatedSystemMemory : 0 bytes
[2023.02.17-19.21.19:814][  0]LogD3D11RHI:     SharedSystemMemory : 12853370880 bytes
[2023.02.17-19.21.19:814][  0]LogD3D11RHI:     AdapterLuid : 0 72741
[2023.02.17-19.21.19:820][  0]LogD3D11RHI: Creating new Direct3DDevice
[2023.02.17-19.21.19:820][  0]LogD3D11RHI:     GPU DeviceId: 0x1ba0 (for the marketing name, search the web for "GPU Device Id")
[2023.02.17-19.21.19:820][  0]LogWindows: EnumDisplayDevices:
[2023.02.17-19.21.19:821][  0]LogWindows:    0. 'NVIDIA GeForce GTX 1080' (P:0 D:1)
[2023.02.17-19.21.19:821][  0]LogWindows:    1. 'NVIDIA GeForce GTX 1080' (P:1 D:1)
[2023.02.17-19.21.19:822][  0]LogWindows:    2. 'NVIDIA GeForce GTX 1080' (P:0 D:0)
[2023.02.17-19.21.19:822][  0]LogWindows:    3. 'NVIDIA GeForce GTX 1080' (P:0 D:0)
[2023.02.17-19.21.19:822][  0]LogWindows: DebugString: FoundDriverCount:4 
[2023.02.17-19.21.19:822][  0]LogD3D11RHI:     Adapter Name: NVIDIA GeForce GTX 1080
[2023.02.17-19.21.19:823][  0]LogD3D11RHI:   Driver Version: 511.65 (internal:30.0.15.1165, unified:511.65)
[2023.02.17-19.21.19:823][  0]LogD3D11RHI:      Driver Date: 1-28-2022
[2023.02.17-19.21.19:823][  0]LogRHI: Texture pool is 5655 MB (70% of 8079 MB)
[2023.02.17-19.21.19:823][  0]LogD3D11RHI: Creating D3DDevice using adapter:
[2023.02.17-19.21.19:823][  0]LogD3D11RHI:     Description : NVIDIA GeForce GTX 1080
[2023.02.17-19.21.19:823][  0]LogD3D11RHI:     VendorId    : 10de
[2023.02.17-19.21.19:823][  0]LogD3D11RHI:     DeviceId    : 1ba0
[2023.02.17-19.21.19:823][  0]LogD3D11RHI:     SubSysId    : 8375103c
[2023.02.17-19.21.19:823][  0]LogD3D11RHI:     Revision    : 00a1
[2023.02.17-19.21.19:823][  0]LogD3D11RHI:     DedicatedVideoMemory : 8471445504 bytes
[2023.02.17-19.21.19:823][  0]LogD3D11RHI:     DedicatedSystemMemory : 0 bytes
[2023.02.17-19.21.19:823][  0]LogD3D11RHI:     SharedSystemMemory : 12853370880 bytes
[2023.02.17-19.21.19:824][  0]LogD3D11RHI:     AdapterLuid : 0 72741
[2023.02.17-19.21.19:902][  0]LogD3D11RHI: RHI has support for 64 bit atomics
[2023.02.17-19.21.19:902][  0]LogD3D11RHI: Async texture creation enabled
[2023.02.17-19.21.19:902][  0]LogD3D11RHI: Array index from any shader is supported
[2023.02.17-19.21.19:921][  0]LogD3D11RHI: GPU Timing Frequency: 1000.000000 (Debug: 2 1)
[2023.02.17-19.21.19:985][  0]LogRHI: GeForceNow SDK initialized: 1
[2023.02.17-19.21.20:347][  0]LogTargetPlatformManager: Display: Loaded TargetPlatform 'AllDesktop'
[2023.02.17-19.21.20:378][  0]LogTargetPlatformManager: Display: Loaded TargetPlatform 'Android'
[2023.02.17-19.21.20:378][  0]LogTargetPlatformManager: Display: Loaded TargetPlatform 'Android_ASTC'
[2023.02.17-19.21.20:378][  0]LogTargetPlatformManager: Display: Loaded TargetPlatform 'Android_DXT'
[2023.02.17-19.21.20:378][  0]LogTargetPlatformManager: Display: Loaded TargetPlatform 'Android_ETC2'
[2023.02.17-19.21.20:378][  0]LogTargetPlatformManager: Display: Loaded TargetPlatform 'AndroidClient'
[2023.02.17-19.21.20:378][  0]LogTargetPlatformManager: Display: Loaded TargetPlatform 'Android_ASTCClient'
[2023.02.17-19.21.20:379][  0]LogTargetPlatformManager: Display: Loaded TargetPlatform 'Android_DXTClient'
[2023.02.17-19.21.20:379][  0]LogTargetPlatformManager: Display: Loaded TargetPlatform 'Android_ETC2Client'
[2023.02.17-19.21.20:379][  0]LogTargetPlatformManager: Display: Loaded TargetPlatform 'Android_Multi'
[2023.02.17-19.21.20:379][  0]LogTargetPlatformManager: Display: Loaded TargetPlatform 'Android_MultiClient'
[2023.02.17-19.21.20:416][  0]LogTargetPlatformManager: Display: Loaded TargetPlatform 'IOSClient'
[2023.02.17-19.21.20:416][  0]LogTargetPlatformManager: Display: Loaded TargetPlatform 'IOS'
[2023.02.17-19.21.20:436][  0]LogTargetPlatformManager: Display: Loaded TargetPlatform 'Linux'
[2023.02.17-19.21.20:445][  0]LogTargetPlatformManager: Display: Loaded TargetPlatform 'LinuxNoEditor'
[2023.02.17-19.21.20:455][  0]LogTargetPlatformManager: Display: Loaded TargetPlatform 'LinuxClient'
[2023.02.17-19.21.20:462][  0]LogTargetPlatformManager: Display: Loaded TargetPlatform 'LinuxServer'
[2023.02.17-19.21.20:479][  0]LogTargetPlatformManager: Display: Loaded TargetPlatform 'LinuxAArch64NoEditor'
[2023.02.17-19.21.20:487][  0]LogTargetPlatformManager: Display: Loaded TargetPlatform 'LinuxAArch64Client'
[2023.02.17-19.21.20:495][  0]LogTargetPlatformManager: Display: Loaded TargetPlatform 'LinuxAArch64Server'
[2023.02.17-19.21.20:535][  0]LogTargetPlatformManager: Display: Loaded TargetPlatform 'Lumin'
[2023.02.17-19.21.20:536][  0]LogTargetPlatformManager: Display: Loaded TargetPlatform 'LuminClient'
[2023.02.17-19.21.20:550][  0]LogTargetPlatformManager: Display: Loaded TargetPlatform 'MacNoEditor'
[2023.02.17-19.21.20:558][  0]LogTargetPlatformManager: Display: Loaded TargetPlatform 'Mac'
[2023.02.17-19.21.20:566][  0]LogTargetPlatformManager: Display: Loaded TargetPlatform 'MacClient'
[2023.02.17-19.21.20:574][  0]LogTargetPlatformManager: Display: Loaded TargetPlatform 'MacServer'
[2023.02.17-19.21.20:590][  0]LogTargetPlatformManager: Display: Loaded TargetPlatform 'TVOSClient'
[2023.02.17-19.21.20:591][  0]LogTargetPlatformManager: Display: Loaded TargetPlatform 'TVOS'
[2023.02.17-19.21.20:605][  0]LogTargetPlatformManager: Display: Loaded TargetPlatform 'WindowsNoEditor'
[2023.02.17-19.21.20:613][  0]LogTargetPlatformManager: Display: Loaded TargetPlatform 'Windows'
[2023.02.17-19.21.20:620][  0]LogTargetPlatformManager: Display: Loaded TargetPlatform 'WindowsClient'
[2023.02.17-19.21.20:629][  0]LogTargetPlatformManager: Display: Loaded TargetPlatform 'WindowsServer'
[2023.02.17-19.21.20:629][  0]LogTargetPlatformManager: Display: Building Assets For Windows
[2023.02.17-19.21.20:656][  0]LogAudioDebug: Display: Lib vorbis DLL was dynamically loaded.
[2023.02.17-19.21.20:730][  0]LogTextureFormatOodle: Display: Oodle Texture 2.9.0 init RDO Off
[2023.02.17-19.21.20:811][  0]LogRendererCore: Ray tracing is disabled. Reason: r.RayTracing=0.
[2023.02.17-19.21.20:811][  0]LogShaderCompilers: Guid format shader working directory is -24 characters bigger than the processId version (../../../../../../Users/beatriz.fulgencio/Documents/GitHub/Ue4-c-Course/MyProject/Intermediate/Shaders/WorkingDirectory/10092/).
[2023.02.17-19.21.20:811][  0]LogShaderCompilers: Cleaned the shader compiler working directory 'C:/Users/beatriz.fulgencio/AppData/Local/Temp/UnrealShaderWorkingDir/2EB5E20641715C75299D999470AC8ED1/'.
[2023.02.17-19.21.20:811][  0]LogXGEController: Cannot use XGE Controller as Incredibuild is not installed on this machine.
[2023.02.17-19.21.20:812][  0]LogShaderCompilers: Cannot use XGE Shader Compiler as Incredibuild is not installed on this machine.
[2023.02.17-19.21.20:812][  0]LogShaderCompilers: Display: Using Local Shader Compiler.
[2023.02.17-19.21.21:716][  0]LogDerivedDataCache: Display: Max Cache Size: 512 MB
[2023.02.17-19.21.21:776][  0]LogDerivedDataCache: Loaded boot cache 0.06s 94MB C:/Users/beatriz.fulgencio/AppData/Local/UnrealEngine/4.27/DerivedDataCache/Boot.ddc.
[2023.02.17-19.21.21:777][  0]LogDerivedDataCache: Display: Loaded Boot cache: C:/Users/beatriz.fulgencio/AppData/Local/UnrealEngine/4.27/DerivedDataCache/Boot.ddc
[2023.02.17-19.21.21:777][  0]LogDerivedDataCache: FDerivedDataBackendGraph:  Pak pak cache file ../../../../../../Users/beatriz.fulgencio/Documents/GitHub/Ue4-c-Course/MyProject/DerivedDataCache/DDC.ddp not found, will not use a pak cache.
[2023.02.17-19.21.21:777][  0]LogDerivedDataCache: Unable to find inner node Pak for hierarchical cache Hierarchy.
[2023.02.17-19.21.21:777][  0]LogDerivedDataCache: FDerivedDataBackendGraph:  CompressedPak pak cache file ../../../../../../Users/beatriz.fulgencio/Documents/GitHub/Ue4-c-Course/MyProject/DerivedDataCache/Compressed.ddp not found, will not use a pak cache.
[2023.02.17-19.21.21:777][  0]LogDerivedDataCache: Unable to find inner node CompressedPak for hierarchical cache Hierarchy.
[2023.02.17-19.21.21:797][  0]LogDerivedDataCache: Display: Pak cache opened for reading ../../../Engine/DerivedDataCache/Compressed.ddp.
[2023.02.17-19.21.21:797][  0]LogDerivedDataCache: FDerivedDataBackendGraph:  EnterprisePak pak cache file ../../../Enterprise/DerivedDataCache/Compressed.ddp not found, will not use a pak cache.
[2023.02.17-19.21.21:797][  0]LogDerivedDataCache: Unable to find inner node EnterprisePak for hierarchical cache Hierarchy.
[2023.02.17-19.21.21:811][  0]LogDerivedDataCache: Speed tests for C:/Users/beatriz.fulgencio/AppData/Local/UnrealEngine/Common/DerivedDataCache took 0.01 seconds
[2023.02.17-19.21.21:811][  0]LogDerivedDataCache: Display: Performance to C:/Users/beatriz.fulgencio/AppData/Local/UnrealEngine/Common/DerivedDataCache: Latency=0.05ms. RandomReadSpeed=183.94MBs, RandomWriteSpeed=122.21MBs. Assigned SpeedClass 'Local'
[2023.02.17-19.21.21:820][  0]LogDerivedDataCache: Using Local data cache path C:/Users/beatriz.fulgencio/AppData/Local/UnrealEngine/Common/DerivedDataCache: Writable
[2023.02.17-19.21.21:820][  0]LogDerivedDataCache: Shared data cache path not found in *engine.ini, will not use an Shared cache.
[2023.02.17-19.21.21:820][  0]LogDerivedDataCache: Unable to find inner node Shared for hierarchical cache Hierarchy.
[2023.02.17-19.21.21:871][  0]LogSlate: Using FreeType 2.10.0
[2023.02.17-19.21.21:872][  0]LogSlate: SlateFontServices - WITH_FREETYPE: 1, WITH_HARFBUZZ: 1
[2023.02.17-19.21.21:908][  0]LogAssetRegistry: FAssetRegistry took 0.0063 seconds to start up
[2023.02.17-19.21.22:164][  0]LogInit: Selected Device Profile: [Windows]
[2023.02.17-19.21.22:164][  0]LogInit: Active device profile: [000001E52457EC00][000001E5195F5AC0 49] Windows
[2023.02.17-19.21.22:164][  0]LogInit: Profiles: [000001E52457EC00][000001E5195F5AC0 49] Windows, [000001E524519400][000001E51C1040C0 49] WindowsNoEditor, [000001E52457E300][000001E51C108240 49] WindowsServer, [000001E524519C00][000001E51C10C3C0 49] WindowsClient, [000001E52457F900][000001E521F34540 49] IOS, [000001E52451B400][000001E521F386C0 49] iPadAir, [000001E524518500][000001E521F3C840 49] iPadAir2, [000001E5244C9200][000001E521F44B00 49] IPadPro, [000001E5244C9300][000001E521F40B40 49] iPadAir3, [000001E52457D400][000001E5233ECC80 49] iPadAir4, [000001E5244C8200][000001E521F48DC0 49] iPadMini2, [000001E52457D300][000001E521E46F00 49] iPadMini3, [000001E5244CB100][000001E521E4F080 49] iPadMini4, [000001E524518700][000001E521E53200 49] iPadMini5, [000001E5244E8B00][000001E521E5B4C0 49] iPhone6, [000001E5244E8C00][000001E521E57500 49] iPodTouch6, [000001E5244CBA00][000001E521E637C0 49] iPhone7, [000001E5244CB900][000001E521E5F800 49] iPodTouch7, [000001E5244E8400][000001E521E67980 49] iPhone5S, [000001E5244C9D00][000001E521E6BB00 49] iPhone6Plus, [000001E5244E9400][000001E521E6E100 49] iPhone6S, [000001E5244C9400][000001E519AB2280 49] iPhone6SPlus, [000001E5244EBF00][000001E519AB6400 49] iPhone7Plus, [000001E5244CB200][000001E519ABA580 49] iPhoneSE, [000001E5244E9C00][000001E519ABE700 49] iPhone8, [000001E5244C8700][000001E519AC2880 49] iPhone8Plus, [000001E5244EB400][000001E519AC6A00 49] iPhoneX, [000001E5244CA500][000001E519ACAB80 49] iPhoneXS, [000001E5244EA300][000001E519ACED00 49] iPhoneXSMax, [000001E5244C9F00][000001E521E4AE40 49] iPhoneXR, [000001E5244EB000][000001E519AD2F80 49] iPhone11, [000001E5244CA800][000001E519AD70C0 49] iPhone11Pro, [000001E5244E8F00][000001E519ADF240 49] iPhone11ProMax, [000001E5244C9900][000001E519AE33C0 49] iPhoneSE2, [000001E5244E9700][000001E519AE7540 49] iPhone12Mini, [000001E5244CB800][000001E519AEB6C0 49] iPhone12, [000001E5244EBE00][000001E519AEF840 49] iPhone12Pro, [000001E5244CBB00][000001E519AF39C0 49] iPhone12ProMax, [000001E5244E8500][000001E519AF7B40 49] iPadPro105, [000001E5244C9B00][000001E519AFA140 49] iPadPro129, [000001E5244E9500][000001E519AFE2C0 49] iPadPro97, [000001E5244CA600][000001E519B02440 49] iPadPro2_129, [000001E5244EA500][000001E519B065C0 49] iPad5, [000001E5244CB400][000001E519B0A740 49] iPad6, [000001E5244E8A00][000001E519B0E8C0 49] iPad7, [000001E5244CB700][000001E519B12A40 49] iPad8, [000001E5244EB700][000001E519B16BC0 49] iPadPro11, [000001E5244CAF00][000001E519B1AD40 49] iPadPro2_11, [000001E5244E9B00][000001E519B1EEC0 49] iPadPro3_129, [000001E5244C9000][000001E519ADB000 49] iPadPro4_129, [000001E5244EAD00][000001E519B23140 49] AppleTV, [000001E5244C8600][000001E519B27280 49] AppleTV4K, [000001E5244E8600][000001E519B2B3C0 49] TVOS, [000001E5244CAD00][000001E52377B540 49] Mac, [000001E5244EA900][000001E52377F6C0 49] MacClient, [000001E5244CB000][000001E523783840 49] MacNoEditor, [000001E5244E9900][000001E5237879C0 49] MacServer, [000001E5244C8B00][000001E52378BB40 49] Linux, [000001E5244E8700][000001E52378E140 49] LinuxAArch64, [000001E5244C9500][000001E5237922C0 49] LinuxNoEditor, [000001E5244EAF00][000001E523796440 49] LinuxAArch64NoEditor, [000001E5244C9800][000001E52379A5C0 49] LinuxClient, [000001E5244EB500][000001E52379E740 49] LinuxAArch64Client, [000001E5244C8A00][000001E5237A28C0 49] LinuxServer, [000001E5244E9200][000001E5237A6A40 49] LinuxAArch64Server, [000001E5244CA900][000001E5237AABC0 49] Android, [000001E5244E9800][000001E5237AED40 49] Android_Low, [000001E5244CB600][000001E5237B2EC0 49] Android_Mid, [000001E5244EB200][000001E5237B7040 49] Android_High, [000001E5244C9700][000001E523777180 49] Android_Default, [000001E5244E8D00][000001E5237BB2C0 49] Android_Adreno4xx, [000001E5244CBC00][000001E5237BF400 49] Android_Adreno5xx_Low, [000001E52457F600][000001E5237C3540 49] Android_Adreno5xx, [000001E52451BE00][000001E5237CB6C0 49] Android_Adreno6xx, [000001E52457E200][000001E5237CF840 49] Android_Adreno6xx_Vulkan, [000001E52451A200][000001E5237D39C0 49] Android_Mali_T6xx, [000001E52457F100][000001E5237D7B40 49] Android_Mali_T7xx, [000001E524518E00][000001E5237DA140 49] Android_Mali_T8xx, [000001E52457D800][000001E5237DE2C0 49] Android_Mali_G71, [000001E524518600][000001E5237E2440 49] Android_Mali_G72, [000001E52457D600][000001E5237E65C0 49] Android_Mali_G72_Vulkan, [000001E524519500][000001E5237EA740 49] Android_Mali_G76, [000001E52457F000][000001E5237EE8C0 49] Android_Mali_G76_Vulkan, [000001E52451A300][000001E5237F2A40 49] Android_Mali_G77, [000001E52457DC00][000001E5237F6BC0 49] Android_Mali_G77_Vulkan, [000001E52451B600][000001E5237FAD40 49] Android_Mali_G78, [000001E52457CF00][000001E51FC2CEC0 49] Android_Mali_G78_Vulkan, [000001E52451A700][000001E51FC31040 49] Android_Mali_G710, [000001E52457E600][000001E51FC351C0 49] Android_Mali_G710_Vulkan, [000001E52451BF00][000001E51FC39340 49] Android_Vulkan_SM5, [000001E52457DD00][000001E5237C7480 49] Android_PowerVR_G6xxx, [000001E524518200][000001E51FC3D5C0 49] Android_PowerVR_GT7xxx, [000001E52457C700][000001E51FC41700 49] Android_PowerVR_GE8xxx, [000001E52451BC00][000001E51FC49880 49] Android_PowerVR_GM9xxx, [000001E52457DE00][000001E51FC59A00 49] Android_PowerVR_GM9xxx_Vulkan, [000001E524519600][000001E51FC69B80 49] Android_TegraK1, [000001E52457CA00][000001E51FC6C180 49] Android_Unknown_Vulkan, [000001E524518D00][000001E5232D4300 49] Lumin, [000001E52457C500][000001E51FC9A480 49] Lumin_Desktop, [000001E5244EB800][000001E51FCBA600 49] HoloLens, 
[2023.02.17-19.21.22:357][  0]LogMeshReduction: Using QuadricMeshReduction for automatic static mesh reduction
[2023.02.17-19.21.22:357][  0]LogMeshReduction: Using SimplygonMeshReduction for automatic skeletal mesh reduction
[2023.02.17-19.21.22:357][  0]LogMeshReduction: Using ProxyLODMeshReduction for automatic mesh merging
[2023.02.17-19.21.22:357][  0]LogMeshReduction: No distributed automatic mesh merging module available
[2023.02.17-19.21.22:357][  0]LogMeshMerging: No distributed automatic mesh merging module available
[2023.02.17-19.21.22:380][  0]LogNetVersion: MyProject 1.0.0, NetCL: 17155196, EngineNetVer: 17, GameNetVer: 0 (Checksum: 3629800737)
[2023.02.17-19.21.22:810][  0]LogTexture: Default maximum texture size for cubemaps generated from long-lat sources has been changed from 512 to unlimited. In order to preserve old behaiour for '/Engine/MapTemplates/Sky/DaylightAmbientCubemap.DaylightAmbientCubemap', its maximum texture size has been explicitly set to 512.
[2023.02.17-19.21.22:878][  0]LogHMD: PokeAHoleMaterial loaded successfully
[2023.02.17-19.21.22:884][  0]LogUObjectArray: 17178 objects as part of root set at end of initial load.
[2023.02.17-19.21.22:884][  0]LogUObjectAllocator: 4302048 out of 0 bytes used by permanent object pool.
[2023.02.17-19.21.22:884][  0]LogUObjectArray: CloseDisregardForGC: 0/0 objects in disregard for GC pool
[2023.02.17-19.21.23:448][  0]LogNiagaraDebuggerClient: Niagara Debugger Client Initialized | Session: 269D9A2A4BE3AE63EE326D8A70748418 | Instance: 61EABA26486C901B87ECF8A04A4FFA4A (IMDESIGNS-BPC27-10092).
[2023.02.17-19.21.23:522][  0]LogPython: Using Python 3.7.7
[2023.02.17-19.21.24:126][  0]LogTcpMessaging: Initializing TcpMessaging bridge
[2023.02.17-19.21.24:135][  0]LogUdpMessaging: Initializing bridge on interface 0.0.0.0:0 to multicast group 230.0.0.1:6666.
[2023.02.17-19.21.24:520][  0]SourceControl: Source control is disabled
[2023.02.17-19.21.24:520][  0]SourceControl: Source control is disabled
[2023.02.17-19.21.24:533][  0]SourceControl: Source control is disabled
[2023.02.17-19.21.24:540][  0]SourceControl: Source control is disabled
[2023.02.17-19.21.24:554][  0]SourceControl: Source control is disabled
[2023.02.17-19.21.24:568][  0]LogUProjectInfo: Found projects:
[2023.02.17-19.21.24:868][  0]LogOpenImageDenoise: OIDN starting up
[2023.02.17-19.21.24:894][  0]LogAndroidPermission: UAndroidPermissionCallbackProxy::GetInstance
[2023.02.17-19.21.24:927][  0]LogAudioCaptureCore: Display: No Audio Capture implementations found. Audio input will be silent.
[2023.02.17-19.21.24:927][  0]LogAudioCaptureCore: Display: No Audio Capture implementations found. Audio input will be silent.
[2023.02.17-19.21.25:103][  0]LogCollectionManager: Loaded 0 collections in 0.002223 seconds
[2023.02.17-19.21.25:125][  0]LogFileCache: Scanning file cache for directory 'C:/Users/beatriz.fulgencio/Documents/GitHub/Ue4-c-Course/MyProject/Saved/Collections/' took 0.00s
[2023.02.17-19.21.25:125][  0]LogFileCache: Scanning file cache for directory 'C:/Users/beatriz.fulgencio/Documents/GitHub/Ue4-c-Course/MyProject/Content/Developers/beatrizfulgencio/Collections/' took 0.00s
[2023.02.17-19.21.25:125][  0]LogFileCache: Scanning file cache for directory 'C:/Users/beatriz.fulgencio/Documents/GitHub/Ue4-c-Course/MyProject/Content/Collections/' took 0.00s
[2023.02.17-19.21.25:148][  0]LogOcInput: OculusInput pre-init called
[2023.02.17-19.21.25:440][  0]LogEngine: Initializing Engine...
[2023.02.17-19.21.25:444][  0]LogHMD: Failed to enumerate extensions. Please check that you have a valid OpenXR runtime installed.
[2023.02.17-19.21.25:444][  0]LogHMD: Failed to initialize OpenVR with code 110
[2023.02.17-19.21.25:444][  0]LogMagicLeap: Warning: VR disabled because ZI is not enabled.  To enable, in the editor, Edit -> Project Settings -> Plugins -> Magic Leap Plugin -> Enable Zero Iteration
[2023.02.17-19.21.25:445][  0]LogStats: UGameplayTagsManager::InitializeManager -  0.000 s
[2023.02.17-19.21.25:570][  0]LogInit: Initializing FReadOnlyCVARCache
[2023.02.17-19.21.25:580][  0]LogAIModule: Creating AISystem for world Untitled
[2023.02.17-19.21.25:595][  0]LogAudio: Display: Initializing Audio Device Manager...
[2023.02.17-19.21.25:602][  0]LogAudio: Display: Loading Default Audio Settings Objects...
[2023.02.17-19.21.25:603][  0]LogAudio: Display: No default SoundConcurrencyObject specified (or failed to load).
[2023.02.17-19.21.25:604][  0]LogAudio: Display: Audio Device Manager Initialized
[2023.02.17-19.21.25:604][  0]LogAudio: Display: Creating Audio Device:                 Id: 1, Scope: Shared, Realtime: True
[2023.02.17-19.21.25:604][  0]LogAudioMixer: Display: Audio Mixer Platform Settings:
[2023.02.17-19.21.25:605][  0]LogAudioMixer: Display: 	Sample Rate:						  48000
[2023.02.17-19.21.25:605][  0]LogAudioMixer: Display: 	Callback Buffer Frame Size Requested: 1024
[2023.02.17-19.21.25:605][  0]LogAudioMixer: Display: 	Callback Buffer Frame Size To Use:	  1024
[2023.02.17-19.21.25:605][  0]LogAudioMixer: Display: 	Number of buffers to queue:			  2
[2023.02.17-19.21.25:605][  0]LogAudioMixer: Display: 	Max Channels (voices):				  32
[2023.02.17-19.21.25:605][  0]LogAudioMixer: Display: 	Number of Async Source Workers:		  0
[2023.02.17-19.21.25:605][  0]LogAudio: Display: AudioDevice MaxSources: 32
[2023.02.17-19.21.25:606][  0]LogAudio: Display: Audio Spatialization Plugin: None (built-in).
[2023.02.17-19.21.25:606][  0]LogAudio: Display: Audio Reverb Plugin: None (built-in).
[2023.02.17-19.21.25:607][  0]LogAudio: Display: Audio Occlusion Plugin: None (built-in).
[2023.02.17-19.21.25:607][  0]LogAudioMixer: Display: Initializing audio mixer.
[2023.02.17-19.21.25:641][  0]LogAudioMixer: Display: 0: FrontLeft
[2023.02.17-19.21.25:642][  0]LogAudioMixer: Display: 1: FrontRight
[2023.02.17-19.21.26:036][  0]LogAudioMixer: Display: Using Audio Device Fones de ouvido (JBL TUNE115TWS Stereo)
[2023.02.17-19.21.26:046][  0]LogAudioMixer: Display: Initializing Sound Submixes...
[2023.02.17-19.21.26:050][  0]LogAudioMixer: Display: Creating Master Submix 'MasterSubmixDefault'
[2023.02.17-19.21.26:050][  0]LogAudioMixer: Display: Creating Master Submix 'MasterReverbSubmixDefault'
[2023.02.17-19.21.26:052][  0]LogAudioMixer: Display: Creating Master Submix 'MasterEQSubmixDefault'
[2023.02.17-19.21.26:052][  0]LogAudioMixer: FMixerPlatformXAudio2::StartAudioStream() called
[2023.02.17-19.21.26:052][  0]LogAudioMixer: Display: Output buffers initialized: Frames=1024, Channels=2, Samples=2048
[2023.02.17-19.21.26:056][  0]LogAudioMixer: Display: Starting AudioMixerPlatformInterface::RunInternal()
[2023.02.17-19.21.26:056][  0]LogAudioMixer: Display: FMixerPlatformXAudio2::SubmitBuffer() called for the first time
[2023.02.17-19.21.26:056][  0]LogInit: FAudioDevice initialized.
[2023.02.17-19.21.26:056][  0]LogAudio: Display: Audio Device (ID: 1) registered with world 'Untitled'.
[2023.02.17-19.21.26:057][  0]LogNetVersion: Set ProjectVersion to 1.0.0.0. Version Checksum will be recalculated on next use.
[2023.02.17-19.21.26:121][  0]LogDerivedDataCache: Saved boot cache 0.06s 94MB C:/Users/beatriz.fulgencio/AppData/Local/UnrealEngine/4.27/DerivedDataCache/Boot.ddc.
[2023.02.17-19.21.26:122][  0]LogInit: Texture streaming: Enabled
[2023.02.17-19.21.26:145][  0]LogAnalytics: Display: [UEEditor.Rocket.Release] APIServer = https://datarouter.ol.epicgames.com/. AppVersion = 4.27.2-18319896+++UE4+Release-4.27
[2023.02.17-19.21.26:151][  0]LogEngineSessionManager: EngineSessionManager initialized
[2023.02.17-19.21.26:151][  0]LogEditorSessionSummary: Verbose: Initializing EditorSessionSummaryWriter for editor session tracking
[2023.02.17-19.21.26:154][  0]LogEditorSessionSummary: EditorSessionSummaryWriter initialized
[2023.02.17-19.21.26:185][  0]LogInit: Transaction tracking system initialized
[2023.02.17-19.21.26:230][  0]BlueprintLog: New page: Editor Load
[2023.02.17-19.21.26:351][  0]LocalizationService: Localization service is disabled
[2023.02.17-19.21.26:391][  0]TimingProfiler: Initialize
[2023.02.17-19.21.26:392][  0]TimingProfiler: OnSessionChanged
[2023.02.17-19.21.26:392][  0]LoadingProfiler: Initialize
[2023.02.17-19.21.26:392][  0]LoadingProfiler: OnSessionChanged
[2023.02.17-19.21.26:392][  0]NetworkingProfiler: Initialize
[2023.02.17-19.21.26:392][  0]NetworkingProfiler: OnSessionChanged
[2023.02.17-19.21.26:392][  0]MemoryProfiler: Initialize
[2023.02.17-19.21.26:392][  0]MemoryProfiler: OnSessionChanged
[2023.02.17-19.21.26:587][  0]LogCook: Display: CookSettings for Memory: MemoryMaxUsedVirtual 0MiB, MemoryMaxUsedPhysical 16384MiB, MemoryMinFreeVirtual 0MiB, MemoryMinFreePhysical 1024MiB
[2023.02.17-19.21.26:587][  0]LogCook: Display: Mobile HDR setting 1
[2023.02.17-19.21.26:894][  0]LogFileCache: Scanning file cache for directory 'C:/Users/beatriz.fulgencio/Documents/GitHub/Ue4-c-Course/MyProject/Content/' took 0.02s
[2023.02.17-19.21.27:095][  0]LogInit: Display: Engine is initialized. Leaving FEngineLoop::Init()
[2023.02.17-19.21.27:099][  0]SourceControl: Source control is disabled
[2023.02.17-19.21.27:099][  0]LogUnrealEdMisc: Loading editor; pre map load, took 10.298
[2023.02.17-19.21.27:099][  0]Cmd: MAP LOAD FILE="../../../../../../Users/beatriz.fulgencio/Documents/GitHub/Ue4-c-Course/MyProject/Content/MYCharacter/Maps/TestLevel.umap" TEMPLATE=0 SHOWPROGRESS=1 FEATURELEVEL=3
[2023.02.17-19.21.27:099][  0]LightingResults: New page: Lighting Build
[2023.02.17-19.21.27:101][  0]LogWorld: UWorld::CleanupWorld for Untitled, bSessionEnded=true, bCleanupResources=true
[2023.02.17-19.21.27:101][  0]LogSlate: InvalidateAllWidgets triggered.  All widgets were invalidated
[2023.02.17-19.21.27:102][  0]MapCheck: New page: Map Check
[2023.02.17-19.21.27:102][  0]LightingResults: New page: Lighting Build
[2023.02.17-19.21.27:107][  0]LogAudio: Display: Audio Device unregistered from world 'None'.
[2023.02.17-19.21.27:112][  0]LogUObjectHash: Compacting FUObjectHashTables data took   0.81ms
[2023.02.17-19.21.27:428][  0]LogSkeletalMesh: Display: [AssetLog] C:\Users\beatriz.fulgencio\Documents\GitHub\Ue4-c-Course\MyProject\Content\ParagonGideon\Characters\Heroes\Gideon\Meshes\Gideon.uasset: Find and fix some bad tangent! please re-import this skeletal mesh asset to fix the issue. The shading of the skeletal mesh will be bad and faceted.
[2023.02.17-19.21.27:612][  0]LogAudio: Display: Audio Device (ID: 1) registered with world 'TestLevel'.
[2023.02.17-19.21.27:613][  0]LogAIModule: Creating AISystem for world TestLevel
[2023.02.17-19.21.27:622][  0]LogScript: Warning: Script Msg: Divide by zero detected: 0.000000 / 0
Script call stack:
	Function /Game/ParagonGideon/Characters/Heroes/Gideon/Gideon_AnimBlueprint.Gideon_AnimBlueprint_C:BlueprintUpdateAnimation
	Function /Game/ParagonGideon/Characters/Heroes/Gideon/Gideon_AnimBlueprint.Gideon_AnimBlueprint_C:ExecuteUbergraph_Gideon_AnimBlueprint

[2023.02.17-19.21.27:625][  0]LogEditorServer: Finished looking for orphan Actors (0.000 secs)
[2023.02.17-19.21.27:640][  0]LogUObjectHash: Compacting FUObjectHashTables data took   1.54ms
[2023.02.17-19.21.27:640][  0]Cmd: MAP CHECKDEP NOCLEARLOG
[2023.02.17-19.21.27:640][  0]MapCheck: Map check complete: 0 Error(s), 0 Warning(s), took 0,189ms to complete.
[2023.02.17-19.21.27:641][  0]LogFileHelpers: Loading map 'TestLevel' took 0.542
[2023.02.17-19.21.27:644][  0]LogUnrealEdMisc: Total Editor Startup Time, took 10.844
[2023.02.17-19.21.27:808][  0]LogSlate: Updating window title bar state: overlay mode, drag disabled, window buttons hidden, title bar hidden
[2023.02.17-19.21.27:815][  0]LogSlate: Updating window title bar state: overlay mode, drag disabled, window buttons hidden, title bar hidden
[2023.02.17-19.21.27:823][  0]LogSlate: Updating window title bar state: overlay mode, drag disabled, window buttons hidden, title bar hidden
[2023.02.17-19.21.27:830][  0]LogSlate: Updating window title bar state: overlay mode, drag disabled, window buttons hidden, title bar hidden
[2023.02.17-19.21.27:845][  0]LogNativeClassHierarchy: Verbose: Native class hierarchy populated in 0.0101 seconds. Added 3825 classes and 930 folders.
[2023.02.17-19.21.27:848][  0]LogNativeClassHierarchy: Verbose: Native class hierarchy updated for 'WidgetCarousel' in 0.0003 seconds. Added 0 classes and 0 folders.
[2023.02.17-19.21.27:850][  0]LogPakFile: PakFile PrimaryIndexSize=187
[2023.02.17-19.21.27:850][  0]LogPakFile: PakFile PathHashIndexSize=101
[2023.02.17-19.21.27:850][  0]LogPakFile: PakFile FullDirectoryIndexSize=148
[2023.02.17-19.21.27:850][  0]LogShaderLibrary: Display: ShaderCodeLibraryPakFileMountedCallback: PakFile 'C:/Program Files/Epic Games/UE_4.27/FeaturePacks/FP_FirstPerson.upack' (chunk index -1, root 'root:/') mounted
[2023.02.17-19.21.27:850][  0]LogShaderLibrary: Display: ShaderCodeLibraryPakFileMountedCallback: pending pak file info (ChunkID:-1 Root:root:/ File:C:/Program Files/Epic Games/UE_4.27/FeaturePacks/FP_FirstPerson.upack)
[2023.02.17-19.21.27:850][  0]LogPakFile: OnPakFileMounted2Time == 0.000401
[2023.02.17-19.21.27:852][  0]LogPakFile: PakFile PrimaryIndexSize=189
[2023.02.17-19.21.27:852][  0]LogPakFile: PakFile PathHashIndexSize=101
[2023.02.17-19.21.27:852][  0]LogPakFile: PakFile FullDirectoryIndexSize=152
[2023.02.17-19.21.27:852][  0]LogShaderLibrary: Display: ShaderCodeLibraryPakFileMountedCallback: PakFile 'C:/Program Files/Epic Games/UE_4.27/FeaturePacks/FP_FirstPersonBP.upack' (chunk index -1, root 'root:/') mounted
[2023.02.17-19.21.27:852][  0]LogShaderLibrary: Display: ShaderCodeLibraryPakFileMountedCallback: pending pak file info (ChunkID:-1 Root:root:/ File:C:/Program Files/Epic Games/UE_4.27/FeaturePacks/FP_FirstPersonBP.upack)
[2023.02.17-19.21.27:852][  0]LogPakFile: OnPakFileMounted2Time == 0.000351
[2023.02.17-19.21.27:853][  0]LogPakFile: PakFile PrimaryIndexSize=191
[2023.02.17-19.21.27:854][  0]LogPakFile: PakFile PathHashIndexSize=101
[2023.02.17-19.21.27:854][  0]LogPakFile: PakFile FullDirectoryIndexSize=160
[2023.02.17-19.21.27:854][  0]LogShaderLibrary: Display: ShaderCodeLibraryPakFileMountedCallback: PakFile 'C:/Program Files/Epic Games/UE_4.27/FeaturePacks/MobileStarterContent.upack' (chunk index -1, root 'root:/') mounted
[2023.02.17-19.21.27:854][  0]LogShaderLibrary: Display: ShaderCodeLibraryPakFileMountedCallback: pending pak file info (ChunkID:-1 Root:root:/ File:C:/Program Files/Epic Games/UE_4.27/FeaturePacks/MobileStarterContent.upack)
[2023.02.17-19.21.27:854][  0]LogPakFile: OnPakFileMounted2Time == 0.000179
[2023.02.17-19.21.27:855][  0]LogPakFile: PakFile PrimaryIndexSize=185
[2023.02.17-19.21.27:855][  0]LogPakFile: PakFile PathHashIndexSize=101
[2023.02.17-19.21.27:855][  0]LogPakFile: PakFile FullDirectoryIndexSize=148
[2023.02.17-19.21.27:855][  0]LogShaderLibrary: Display: ShaderCodeLibraryPakFileMountedCallback: PakFile 'C:/Program Files/Epic Games/UE_4.27/FeaturePacks/StarterContent.upack' (chunk index -1, root 'root:/') mounted
[2023.02.17-19.21.27:855][  0]LogShaderLibrary: Display: ShaderCodeLibraryPakFileMountedCallback: pending pak file info (ChunkID:-1 Root:root:/ File:C:/Program Files/Epic Games/UE_4.27/FeaturePacks/StarterContent.upack)
[2023.02.17-19.21.27:855][  0]LogPakFile: OnPakFileMounted2Time == 0.000140
[2023.02.17-19.21.27:856][  0]LogPakFile: PakFile PrimaryIndexSize=190
[2023.02.17-19.21.27:856][  0]LogPakFile: PakFile PathHashIndexSize=101
[2023.02.17-19.21.27:856][  0]LogPakFile: PakFile FullDirectoryIndexSize=154
[2023.02.17-19.21.27:856][  0]LogShaderLibrary: Display: ShaderCodeLibraryPakFileMountedCallback: PakFile 'C:/Program Files/Epic Games/UE_4.27/FeaturePacks/TP_2DSideScroller.upack' (chunk index -1, root 'root:/') mounted
[2023.02.17-19.21.27:856][  0]LogShaderLibrary: Display: ShaderCodeLibraryPakFileMountedCallback: pending pak file info (ChunkID:-1 Root:root:/ File:C:/Program Files/Epic Games/UE_4.27/FeaturePacks/TP_2DSideScroller.upack)
[2023.02.17-19.21.27:856][  0]LogPakFile: OnPakFileMounted2Time == 0.000151
[2023.02.17-19.21.27:857][  0]LogPakFile: PakFile PrimaryIndexSize=192
[2023.02.17-19.21.27:857][  0]LogPakFile: PakFile PathHashIndexSize=101
[2023.02.17-19.21.27:857][  0]LogPakFile: PakFile FullDirectoryIndexSize=158
[2023.02.17-19.21.27:857][  0]LogShaderLibrary: Display: ShaderCodeLibraryPakFileMountedCallback: PakFile 'C:/Program Files/Epic Games/UE_4.27/FeaturePacks/TP_2DSideScrollerBP.upack' (chunk index -1, root 'root:/') mounted
[2023.02.17-19.21.27:857][  0]LogShaderLibrary: Display: ShaderCodeLibraryPakFileMountedCallback: pending pak file info (ChunkID:-1 Root:root:/ File:C:/Program Files/Epic Games/UE_4.27/FeaturePacks/TP_2DSideScrollerBP.upack)
[2023.02.17-19.21.27:857][  0]LogPakFile: OnPakFileMounted2Time == 0.000141
[2023.02.17-19.21.27:858][  0]LogPakFile: PakFile PrimaryIndexSize=182
[2023.02.17-19.21.27:858][  0]LogPakFile: PakFile PathHashIndexSize=101
[2023.02.17-19.21.27:858][  0]LogPakFile: PakFile FullDirectoryIndexSize=138
[2023.02.17-19.21.27:858][  0]LogShaderLibrary: Display: ShaderCodeLibraryPakFileMountedCallback: PakFile 'C:/Program Files/Epic Games/UE_4.27/FeaturePacks/TP_Flying.upack' (chunk index -1, root 'root:/') mounted
[2023.02.17-19.21.27:858][  0]LogShaderLibrary: Display: ShaderCodeLibraryPakFileMountedCallback: pending pak file info (ChunkID:-1 Root:root:/ File:C:/Program Files/Epic Games/UE_4.27/FeaturePacks/TP_Flying.upack)
[2023.02.17-19.21.27:858][  0]LogPakFile: OnPakFileMounted2Time == 0.000195
[2023.02.17-19.21.27:859][  0]LogPakFile: PakFile PrimaryIndexSize=184
[2023.02.17-19.21.27:859][  0]LogPakFile: PakFile PathHashIndexSize=101
[2023.02.17-19.21.27:859][  0]LogPakFile: PakFile FullDirectoryIndexSize=142
[2023.02.17-19.21.27:859][  0]LogShaderLibrary: Display: ShaderCodeLibraryPakFileMountedCallback: PakFile 'C:/Program Files/Epic Games/UE_4.27/FeaturePacks/TP_FlyingBP.upack' (chunk index -1, root 'root:/') mounted
[2023.02.17-19.21.27:860][  0]LogShaderLibrary: Display: ShaderCodeLibraryPakFileMountedCallback: pending pak file info (ChunkID:-1 Root:root:/ File:C:/Program Files/Epic Games/UE_4.27/FeaturePacks/TP_FlyingBP.upack)
[2023.02.17-19.21.27:860][  0]LogPakFile: OnPakFileMounted2Time == 0.000170
[2023.02.17-19.21.27:860][  0]LogPakFile: PakFile PrimaryIndexSize=188
[2023.02.17-19.21.27:861][  0]LogPakFile: PakFile PathHashIndexSize=101
[2023.02.17-19.21.27:861][  0]LogPakFile: PakFile FullDirectoryIndexSize=150
[2023.02.17-19.21.27:861][  0]LogShaderLibrary: Display: ShaderCodeLibraryPakFileMountedCallback: PakFile 'C:/Program Files/Epic Games/UE_4.27/FeaturePacks/TP_HandheldARBP.upack' (chunk index -1, root 'root:/') mounted
[2023.02.17-19.21.27:861][  0]LogShaderLibrary: Display: ShaderCodeLibraryPakFileMountedCallback: pending pak file info (ChunkID:-1 Root:root:/ File:C:/Program Files/Epic Games/UE_4.27/FeaturePacks/TP_HandheldARBP.upack)
[2023.02.17-19.21.27:861][  0]LogPakFile: OnPakFileMounted2Time == 0.000296
[2023.02.17-19.21.27:862][  0]LogPakFile: PakFile PrimaryIndexSize=182
[2023.02.17-19.21.27:862][  0]LogPakFile: PakFile PathHashIndexSize=101
[2023.02.17-19.21.27:862][  0]LogPakFile: PakFile FullDirectoryIndexSize=138
[2023.02.17-19.21.27:862][  0]LogShaderLibrary: Display: ShaderCodeLibraryPakFileMountedCallback: PakFile 'C:/Program Files/Epic Games/UE_4.27/FeaturePacks/TP_Puzzle.upack' (chunk index -1, root 'root:/') mounted
[2023.02.17-19.21.27:862][  0]LogShaderLibrary: Display: ShaderCodeLibraryPakFileMountedCallback: pending pak file info (ChunkID:-1 Root:root:/ File:C:/Program Files/Epic Games/UE_4.27/FeaturePacks/TP_Puzzle.upack)
[2023.02.17-19.21.27:862][  0]LogPakFile: OnPakFileMounted2Time == 0.000148
[2023.02.17-19.21.27:863][  0]LogPakFile: PakFile PrimaryIndexSize=184
[2023.02.17-19.21.27:863][  0]LogPakFile: PakFile PathHashIndexSize=101
[2023.02.17-19.21.27:863][  0]LogPakFile: PakFile FullDirectoryIndexSize=142
[2023.02.17-19.21.27:863][  0]LogShaderLibrary: Display: ShaderCodeLibraryPakFileMountedCallback: PakFile 'C:/Program Files/Epic Games/UE_4.27/FeaturePacks/TP_PuzzleBP.upack' (chunk index -1, root 'root:/') mounted
[2023.02.17-19.21.27:863][  0]LogShaderLibrary: Display: ShaderCodeLibraryPakFileMountedCallback: pending pak file info (ChunkID:-1 Root:root:/ File:C:/Program Files/Epic Games/UE_4.27/FeaturePacks/TP_PuzzleBP.upack)
[2023.02.17-19.21.27:863][  0]LogPakFile: OnPakFileMounted2Time == 0.000172
[2023.02.17-19.21.27:864][  0]LogPakFile: PakFile PrimaryIndexSize=183
[2023.02.17-19.21.27:864][  0]LogPakFile: PakFile PathHashIndexSize=101
[2023.02.17-19.21.27:864][  0]LogPakFile: PakFile FullDirectoryIndexSize=140
[2023.02.17-19.21.27:864][  0]LogShaderLibrary: Display: ShaderCodeLibraryPakFileMountedCallback: PakFile 'C:/Program Files/Epic Games/UE_4.27/FeaturePacks/TP_Rolling.upack' (chunk index -1, root 'root:/') mounted
[2023.02.17-19.21.27:864][  0]LogShaderLibrary: Display: ShaderCodeLibraryPakFileMountedCallback: pending pak file info (ChunkID:-1 Root:root:/ File:C:/Program Files/Epic Games/UE_4.27/FeaturePacks/TP_Rolling.upack)
[2023.02.17-19.21.27:864][  0]LogPakFile: OnPakFileMounted2Time == 0.000150
[2023.02.17-19.21.27:865][  0]LogPakFile: PakFile PrimaryIndexSize=185
[2023.02.17-19.21.27:865][  0]LogPakFile: PakFile PathHashIndexSize=101
[2023.02.17-19.21.27:865][  0]LogPakFile: PakFile FullDirectoryIndexSize=144
[2023.02.17-19.21.27:865][  0]LogShaderLibrary: Display: ShaderCodeLibraryPakFileMountedCallback: PakFile 'C:/Program Files/Epic Games/UE_4.27/FeaturePacks/TP_RollingBP.upack' (chunk index -1, root 'root:/') mounted
[2023.02.17-19.21.27:865][  0]LogShaderLibrary: Display: ShaderCodeLibraryPakFileMountedCallback: pending pak file info (ChunkID:-1 Root:root:/ File:C:/Program Files/Epic Games/UE_4.27/FeaturePacks/TP_RollingBP.upack)
[2023.02.17-19.21.27:865][  0]LogPakFile: OnPakFileMounted2Time == 0.000145
[2023.02.17-19.21.27:866][  0]LogPakFile: PakFile PrimaryIndexSize=188
[2023.02.17-19.21.27:866][  0]LogPakFile: PakFile PathHashIndexSize=101
[2023.02.17-19.21.27:866][  0]LogPakFile: PakFile FullDirectoryIndexSize=150
[2023.02.17-19.21.27:866][  0]LogShaderLibrary: Display: ShaderCodeLibraryPakFileMountedCallback: PakFile 'C:/Program Files/Epic Games/UE_4.27/FeaturePacks/TP_SideScroller.upack' (chunk index -1, root 'root:/') mounted
[2023.02.17-19.21.27:866][  0]LogShaderLibrary: Display: ShaderCodeLibraryPakFileMountedCallback: pending pak file info (ChunkID:-1 Root:root:/ File:C:/Program Files/Epic Games/UE_4.27/FeaturePacks/TP_SideScroller.upack)
[2023.02.17-19.21.27:866][  0]LogPakFile: OnPakFileMounted2Time == 0.000149
[2023.02.17-19.21.27:867][  0]LogPakFile: PakFile PrimaryIndexSize=190
[2023.02.17-19.21.27:867][  0]LogPakFile: PakFile PathHashIndexSize=101
[2023.02.17-19.21.27:867][  0]LogPakFile: PakFile FullDirectoryIndexSize=154
[2023.02.17-19.21.27:867][  0]LogShaderLibrary: Display: ShaderCodeLibraryPakFileMountedCallback: PakFile 'C:/Program Files/Epic Games/UE_4.27/FeaturePacks/TP_SideScrollerBP.upack' (chunk index -1, root 'root:/') mounted
[2023.02.17-19.21.27:867][  0]LogShaderLibrary: Display: ShaderCodeLibraryPakFileMountedCallback: pending pak file info (ChunkID:-1 Root:root:/ File:C:/Program Files/Epic Games/UE_4.27/FeaturePacks/TP_SideScrollerBP.upack)
[2023.02.17-19.21.27:867][  0]LogPakFile: OnPakFileMounted2Time == 0.000158
[2023.02.17-19.21.27:868][  0]LogPakFile: PakFile PrimaryIndexSize=187
[2023.02.17-19.21.27:868][  0]LogPakFile: PakFile PathHashIndexSize=101
[2023.02.17-19.21.27:868][  0]LogPakFile: PakFile FullDirectoryIndexSize=148
[2023.02.17-19.21.27:868][  0]LogShaderLibrary: Display: ShaderCodeLibraryPakFileMountedCallback: PakFile 'C:/Program Files/Epic Games/UE_4.27/FeaturePacks/TP_ThirdPerson.upack' (chunk index -1, root 'root:/') mounted
[2023.02.17-19.21.27:868][  0]LogShaderLibrary: Display: ShaderCodeLibraryPakFileMountedCallback: pending pak file info (ChunkID:-1 Root:root:/ File:C:/Program Files/Epic Games/UE_4.27/FeaturePacks/TP_ThirdPerson.upack)
[2023.02.17-19.21.27:868][  0]LogPakFile: OnPakFileMounted2Time == 0.000194
[2023.02.17-19.21.27:869][  0]LogPakFile: PakFile PrimaryIndexSize=189
[2023.02.17-19.21.27:869][  0]LogPakFile: PakFile PathHashIndexSize=101
[2023.02.17-19.21.27:869][  0]LogPakFile: PakFile FullDirectoryIndexSize=152
[2023.02.17-19.21.27:869][  0]LogShaderLibrary: Display: ShaderCodeLibraryPakFileMountedCallback: PakFile 'C:/Program Files/Epic Games/UE_4.27/FeaturePacks/TP_ThirdPersonBP.upack' (chunk index -1, root 'root:/') mounted
[2023.02.17-19.21.27:870][  0]LogShaderLibrary: Display: ShaderCodeLibraryPakFileMountedCallback: pending pak file info (ChunkID:-1 Root:root:/ File:C:/Program Files/Epic Games/UE_4.27/FeaturePacks/TP_ThirdPersonBP.upack)
[2023.02.17-19.21.27:870][  0]LogPakFile: OnPakFileMounted2Time == 0.000197
[2023.02.17-19.21.27:870][  0]LogPakFile: PakFile PrimaryIndexSize=183
[2023.02.17-19.21.27:870][  0]LogPakFile: PakFile PathHashIndexSize=101
[2023.02.17-19.21.27:871][  0]LogPakFile: PakFile FullDirectoryIndexSize=140
[2023.02.17-19.21.27:871][  0]LogShaderLibrary: Display: ShaderCodeLibraryPakFileMountedCallback: PakFile 'C:/Program Files/Epic Games/UE_4.27/FeaturePacks/TP_TopDown.upack' (chunk index -1, root 'root:/') mounted
[2023.02.17-19.21.27:871][  0]LogShaderLibrary: Display: ShaderCodeLibraryPakFileMountedCallback: pending pak file info (ChunkID:-1 Root:root:/ File:C:/Program Files/Epic Games/UE_4.27/FeaturePacks/TP_TopDown.upack)
[2023.02.17-19.21.27:871][  0]LogPakFile: OnPakFileMounted2Time == 0.000148
[2023.02.17-19.21.27:871][  0]LogPakFile: PakFile PrimaryIndexSize=185
[2023.02.17-19.21.27:872][  0]LogPakFile: PakFile PathHashIndexSize=101
[2023.02.17-19.21.27:872][  0]LogPakFile: PakFile FullDirectoryIndexSize=144
[2023.02.17-19.21.27:872][  0]LogShaderLibrary: Display: ShaderCodeLibraryPakFileMountedCallback: PakFile 'C:/Program Files/Epic Games/UE_4.27/FeaturePacks/TP_TopDownBP.upack' (chunk index -1, root 'root:/') mounted
[2023.02.17-19.21.27:872][  0]LogShaderLibrary: Display: ShaderCodeLibraryPakFileMountedCallback: pending pak file info (ChunkID:-1 Root:root:/ File:C:/Program Files/Epic Games/UE_4.27/FeaturePacks/TP_TopDownBP.upack)
[2023.02.17-19.21.27:872][  0]LogPakFile: OnPakFileMounted2Time == 0.000159
[2023.02.17-19.21.27:872][  0]LogPakFile: PakFile PrimaryIndexSize=185
[2023.02.17-19.21.27:872][  0]LogPakFile: PakFile PathHashIndexSize=101
[2023.02.17-19.21.27:873][  0]LogPakFile: PakFile FullDirectoryIndexSize=144
[2023.02.17-19.21.27:873][  0]LogShaderLibrary: Display: ShaderCodeLibraryPakFileMountedCallback: PakFile 'C:/Program Files/Epic Games/UE_4.27/FeaturePacks/TP_TwinStick.upack' (chunk index -1, root 'root:/') mounted
[2023.02.17-19.21.27:873][  0]LogShaderLibrary: Display: ShaderCodeLibraryPakFileMountedCallback: pending pak file info (ChunkID:-1 Root:root:/ File:C:/Program Files/Epic Games/UE_4.27/FeaturePacks/TP_TwinStick.upack)
[2023.02.17-19.21.27:873][  0]LogPakFile: OnPakFileMounted2Time == 0.000140
[2023.02.17-19.21.27:874][  0]LogPakFile: PakFile PrimaryIndexSize=187
[2023.02.17-19.21.27:874][  0]LogPakFile: PakFile PathHashIndexSize=101
[2023.02.17-19.21.27:874][  0]LogPakFile: PakFile FullDirectoryIndexSize=148
[2023.02.17-19.21.27:874][  0]LogShaderLibrary: Display: ShaderCodeLibraryPakFileMountedCallback: PakFile 'C:/Program Files/Epic Games/UE_4.27/FeaturePacks/TP_TwinStickBP.upack' (chunk index -1, root 'root:/') mounted
[2023.02.17-19.21.27:874][  0]LogShaderLibrary: Display: ShaderCodeLibraryPakFileMountedCallback: pending pak file info (ChunkID:-1 Root:root:/ File:C:/Program Files/Epic Games/UE_4.27/FeaturePacks/TP_TwinStickBP.upack)
[2023.02.17-19.21.27:874][  0]LogPakFile: OnPakFileMounted2Time == 0.000145
[2023.02.17-19.21.27:875][  0]LogPakFile: PakFile PrimaryIndexSize=183
[2023.02.17-19.21.27:875][  0]LogPakFile: PakFile PathHashIndexSize=101
[2023.02.17-19.21.27:875][  0]LogPakFile: PakFile FullDirectoryIndexSize=140
[2023.02.17-19.21.27:875][  0]LogShaderLibrary: Display: ShaderCodeLibraryPakFileMountedCallback: PakFile 'C:/Program Files/Epic Games/UE_4.27/FeaturePacks/TP_Vehicle.upack' (chunk index -1, root 'root:/') mounted
[2023.02.17-19.21.27:875][  0]LogShaderLibrary: Display: ShaderCodeLibraryPakFileMountedCallback: pending pak file info (ChunkID:-1 Root:root:/ File:C:/Program Files/Epic Games/UE_4.27/FeaturePacks/TP_Vehicle.upack)
[2023.02.17-19.21.27:875][  0]LogPakFile: OnPakFileMounted2Time == 0.000166
[2023.02.17-19.21.27:876][  0]LogPakFile: PakFile PrimaryIndexSize=186
[2023.02.17-19.21.27:876][  0]LogPakFile: PakFile PathHashIndexSize=101
[2023.02.17-19.21.27:876][  0]LogPakFile: PakFile FullDirectoryIndexSize=146
[2023.02.17-19.21.27:876][  0]LogShaderLibrary: Display: ShaderCodeLibraryPakFileMountedCallback: PakFile 'C:/Program Files/Epic Games/UE_4.27/FeaturePacks/TP_VehicleAdv.upack' (chunk index -1, root 'root:/') mounted
[2023.02.17-19.21.27:876][  0]LogShaderLibrary: Display: ShaderCodeLibraryPakFileMountedCallback: pending pak file info (ChunkID:-1 Root:root:/ File:C:/Program Files/Epic Games/UE_4.27/FeaturePacks/TP_VehicleAdv.upack)
[2023.02.17-19.21.27:876][  0]LogPakFile: OnPakFileMounted2Time == 0.000137
[2023.02.17-19.21.27:877][  0]LogPakFile: PakFile PrimaryIndexSize=188
[2023.02.17-19.21.27:877][  0]LogPakFile: PakFile PathHashIndexSize=101
[2023.02.17-19.21.27:877][  0]LogPakFile: PakFile FullDirectoryIndexSize=150
[2023.02.17-19.21.27:877][  0]LogShaderLibrary: Display: ShaderCodeLibraryPakFileMountedCallback: PakFile 'C:/Program Files/Epic Games/UE_4.27/FeaturePacks/TP_VehicleAdvBP.upack' (chunk index -1, root 'root:/') mounted
[2023.02.17-19.21.27:877][  0]LogShaderLibrary: Display: ShaderCodeLibraryPakFileMountedCallback: pending pak file info (ChunkID:-1 Root:root:/ File:C:/Program Files/Epic Games/UE_4.27/FeaturePacks/TP_VehicleAdvBP.upack)
[2023.02.17-19.21.27:877][  0]LogPakFile: OnPakFileMounted2Time == 0.000184
[2023.02.17-19.21.27:878][  0]LogPakFile: PakFile PrimaryIndexSize=185
[2023.02.17-19.21.27:878][  0]LogPakFile: PakFile PathHashIndexSize=101
[2023.02.17-19.21.27:878][  0]LogPakFile: PakFile FullDirectoryIndexSize=144
[2023.02.17-19.21.27:878][  0]LogShaderLibrary: Display: ShaderCodeLibraryPakFileMountedCallback: PakFile 'C:/Program Files/Epic Games/UE_4.27/FeaturePacks/TP_VehicleBP.upack' (chunk index -1, root 'root:/') mounted
[2023.02.17-19.21.27:878][  0]LogShaderLibrary: Display: ShaderCodeLibraryPakFileMountedCallback: pending pak file info (ChunkID:-1 Root:root:/ File:C:/Program Files/Epic Games/UE_4.27/FeaturePacks/TP_VehicleBP.upack)
[2023.02.17-19.21.27:878][  0]LogPakFile: OnPakFileMounted2Time == 0.000156
[2023.02.17-19.21.27:879][  0]LogPakFile: PakFile PrimaryIndexSize=192
[2023.02.17-19.21.27:879][  0]LogPakFile: PakFile PathHashIndexSize=101
[2023.02.17-19.21.27:879][  0]LogPakFile: PakFile FullDirectoryIndexSize=158
[2023.02.17-19.21.27:880][  0]LogShaderLibrary: Display: ShaderCodeLibraryPakFileMountedCallback: PakFile 'C:/Program Files/Epic Games/UE_4.27/FeaturePacks/TP_VirtualRealityBP.upack' (chunk index -1, root 'root:/') mounted
[2023.02.17-19.21.27:880][  0]LogShaderLibrary: Display: ShaderCodeLibraryPakFileMountedCallback: pending pak file info (ChunkID:-1 Root:root:/ File:C:/Program Files/Epic Games/UE_4.27/FeaturePacks/TP_VirtualRealityBP.upack)
[2023.02.17-19.21.27:880][  0]LogPakFile: OnPakFileMounted2Time == 0.000159
[2023.02.17-19.21.27:941][  0]LogNativeClassHierarchy: Verbose: Native class hierarchy updated for 'AddContentDialog' in 0.0003 seconds. Added 0 classes and 0 folders.
[2023.02.17-19.21.27:942][  0]LogNativeClassHierarchy: Verbose: Native class hierarchy updated for 'SceneOutliner' in 0.0002 seconds. Added 2 classes and 0 folders.
[2023.02.17-19.21.27:980][  0]LogSlate: Took 0.000250 seconds to synchronously load lazily loaded font '../../../Engine/Content/Slate/Fonts/Roboto-Regular.ttf' (155K)
[2023.02.17-19.21.27:982][  0]LogSlate: Took 0.000248 seconds to synchronously load lazily loaded font '../../../Engine/Content/Editor/Slate/Fonts/FontAwesome.ttf' (139K)
[2023.02.17-19.21.27:983][  0]LogSlate: Took 0.000148 seconds to synchronously load lazily loaded font '../../../Engine/Content/Slate/Fonts/Roboto-Bold.ttf' (160K)
[2023.02.17-19.21.28:089][  0]LogRenderer: Reallocating scene render targets to support 1616x572 Format 10 NumSamples 1 (Frame:1).
[2023.02.17-19.21.28:143][  0]LogSlate: Took 0.000299 seconds to synchronously load lazily loaded font '../../../Engine/Content/Slate/Fonts/Roboto-Light.ttf' (167K)
[2023.02.17-19.21.28:205][  0]LogNativeClassHierarchy: Verbose: Native class hierarchy updated for 'HierarchicalLODOutliner' in 0.0004 seconds. Added 0 classes and 0 folders.
[2023.02.17-19.21.28:206][  0]LogLoad: (Engine Initialization) Total time: 11.41 seconds
[2023.02.17-19.21.28:206][  0]LogLoad: (Engine Initialization) Total Blueprint compile time: 0.00 seconds
[2023.02.17-19.21.28:257][  0]LogAssetRegistry: Asset discovery search completed in 6.3540 seconds
[2023.02.17-19.21.28:264][  0]LogCollectionManager: Fixed up redirectors for 0 collections in 0.000004 seconds (updated 0 objects)
[2023.02.17-19.21.28:266][  0]LogContentStreaming: Texture pool size now 1000 MB
[2023.02.17-19.21.28:334][  4]LogScript: Warning: Script Msg: Divide by zero detected: 0.000000 / 0
Script call stack:
	Function /Game/ParagonGideon/Characters/Heroes/Gideon/Gideon_AnimBlueprint.Gideon_AnimBlueprint_C:BlueprintUpdateAnimation
	Function /Game/ParagonGideon/Characters/Heroes/Gideon/Gideon_AnimBlueprint.Gideon_AnimBlueprint_C:ExecuteUbergraph_Gideon_AnimBlueprint

[2023.02.17-19.21.34:333][679]LogSlate: Took 0.000152 seconds to synchronously load lazily loaded font '../../../Engine/Content/Slate/Fonts/Roboto-Light.ttf' (167K)
[2023.02.17-19.21.34:377][679]LogEditorClassViewer: Warning: Class /Engine/Tutorial/InWorldBlueprintEditing/TutorialAssets/IWBE_Blutility.IWBE_Blutility_C has parent /Script/Blutility.PlacedEditorUtilityBase, but this parent is not found. The Class will not be shown in ClassViewer.
[2023.02.17-19.21.34:377][679]LogEditorClassViewer: Warning: Class /Game/ExampleContent/CameraShake/camera_shake_constant.camera_shake_constant_C has parent /Script/Engine.CameraShake, but this parent is not found. The Class will not be shown in ClassViewer.
[2023.02.17-19.21.34:377][679]LogEditorClassViewer: Warning: Class /Game/ExampleContent/CameraShake/camera_shake_entry.camera_shake_entry_C has parent /Script/Engine.CameraShake, but this parent is not found. The Class will not be shown in ClassViewer.
[2023.02.17-19.21.34:377][679]LogEditorClassViewer: Warning: Class /Game/ExampleContent/CameraShake/camera_shake_small.camera_shake_small_C has parent /Script/Engine.CameraShake, but this parent is not found. The Class will not be shown in ClassViewer.
[2023.02.17-19.21.34:377][679]LogEditorClassViewer: Warning: Class /Game/ExampleContent/CameraShake/CamShake_TakeDamage.CamShake_TakeDamage_C has parent /Script/Engine.CameraShake, but this parent is not found. The Class will not be shown in ClassViewer.
[2023.02.17-19.21.34:377][679]LogEditorClassViewer: Warning: Class /Game/ExampleContent/CameraShake/CamShake_TakeDamage_Small.CamShake_TakeDamage_Small_C has parent /Script/Engine.CameraShake, but this parent is not found. The Class will not be shown in ClassViewer.
[2023.02.17-19.21.34:440][679]LogSlate: Took 0.000269 seconds to synchronously load lazily loaded font '../../../Engine/Content/Slate/Fonts/Roboto-BoldCondensed.ttf' (158K)
[2023.02.17-19.21.50:209][524]Running C:/Program Files/Epic Games/UE_4.27/Engine/Binaries/DotNET/UnrealBuildTool.exe  -projectfiles -project="C:/Users/beatriz.fulgencio/Documents/GitHub/Ue4-c-Course/MyProject/MyProject.uproject" -game -rocket -progress
[2023.02.17-19.21.50:619][524]Discovering modules, targets and source code for project...
[2023.02.17-19.21.53:939][524]Binding IntelliSense data...
[2023.02.17-19.22.03:204][524]Binding IntelliSense data... 100%
[2023.02.17-19.22.03:205][524]Writing project files...
[2023.02.17-19.22.08:038][524]Writing project files... 100%
[2023.02.17-19.22.08:187][524]Candidate modules for hot reload:
[2023.02.17-19.22.08:187][524]  MyProject
[2023.02.17-19.22.08:187][524]Launching UnrealBuildTool... [C:/Program Files/Epic Games/UE_4.27/Engine/Binaries/DotNET/UnrealBuildTool.exe  -ModuleWithSuffix=MyProject,0191 MyProjectEditor Win64 Development -Project="C:/Users/beatriz.fulgencio/Documents/GitHub/Ue4-c-Course/MyProject/MyProject.uproject" "C:/Users/beatriz.fulgencio/Documents/GitHub/Ue4-c-Course/MyProject/MyProject.uproject"  -IgnoreJunk]
[2023.02.17-19.22.16:937][524]CompilerResultsLog: New page: Compilation - 17 de fev de 2023 13:22:16
[2023.02.17-19.22.16:940][524]CompilerResultsLog: Using 'git status' to determine working set for adaptive non-unity build (C:\Users\beatriz.fulgencio\Documents\GitHub\Ue4-c-Course).
[2023.02.17-19.22.16:940][524]CompilerResultsLog: Creating makefile for MyProjectEditor (no existing makefile)
[2023.02.17-19.22.16:940][524]CompilerResultsLog: Parsing headers for MyProjectEditor
[2023.02.17-19.22.16:940][524]CompilerResultsLog:   Running UnrealHeaderTool "C:\Users\beatriz.fulgencio\Documents\GitHub\Ue4-c-Course\MyProject\MyProject.uproject" "C:\Users\beatriz.fulgencio\Documents\GitHub\Ue4-c-Course\MyProject\Intermediate\Build\Win64\MyProjectEditor\Development\MyProjectEditor.uhtmanifest" -LogCmds="loginit warning, logexit warning, logdatabase error" -Unattended -WarningsAsErrors -abslog="C:\Users\beatriz.fulgencio\AppData\Local\UnrealBuildTool\Log_UHT.txt" -installed
[2023.02.17-19.22.16:940][524]CompilerResultsLog: LogInit: Display: Loading text-based GConfig....
[2023.02.17-19.22.16:940][524]CompilerResultsLog: Reflection code generated for MyProjectEditor in 4,4625485 seconds
[2023.02.17-19.22.16:941][524]CompilerResultsLog: Building MyProjectEditor...
[2023.02.17-19.22.16:941][524]CompilerResultsLog: Using Visual Studio 2019 14.29.30145 toolchain (C:\Program Files (x86)\Microsoft Visual Studio\2019\Community\VC\Tools\MSVC\14.29.30133) and Windows 10.0.19041.0 SDK (C:\Program Files (x86)\Windows Kits\10).
[2023.02.17-19.22.16:941][524]CompilerResultsLog: Building 6 actions with 8 processes...
[2023.02.17-19.22.16:941][524]CompilerResultsLog:   [1/6] ExplosiveItem.cpp
[2023.02.17-19.22.16:941][524]CompilerResultsLog:   [2/6] MyProject.init.gen.cpp
[2023.02.17-19.22.16:941][524]CompilerResultsLog:   [3/6] ExplosiveItem.gen.cpp
[2023.02.17-19.22.16:941][524]CompilerResultsLog:   [4/6] UE4Editor-MyProject-0191.lib
[2023.02.17-19.22.16:941][524]CompilerResultsLog:      Creating library C:\Users\beatriz.fulgencio\Documents\GitHub\Ue4-c-Course\MyProject\Intermediate\Build\Win64\UE4Editor\Development\MyProject\UE4Editor-MyProject-0191.lib and object C:\Users\beatriz.fulgencio\Documents\GitHub\Ue4-c-Course\MyProject\Intermediate\Build\Win64\UE4Editor\Development\MyProject\UE4Editor-MyProject-0191.exp
[2023.02.17-19.22.16:941][524]CompilerResultsLog:   [5/6] UE4Editor-MyProject-0191.dll
[2023.02.17-19.22.16:941][524]CompilerResultsLog:      Creating library C:\Users\beatriz.fulgencio\Documents\GitHub\Ue4-c-Course\MyProject\Intermediate\Build\Win64\UE4Editor\Development\MyProject\UE4Editor-MyProject-0191.suppressed.lib and object C:\Users\beatriz.fulgencio\Documents\GitHub\Ue4-c-Course\MyProject\Intermediate\Build\Win64\UE4Editor\Development\MyProject\UE4Editor-MyProject-0191.suppressed.exp
[2023.02.17-19.22.16:942][524]CompilerResultsLog:   [6/6] MyProjectEditor.target
[2023.02.17-19.22.16:942][524]CompilerResultsLog: Total time in Parallel executor: 1,71 seconds
[2023.02.17-19.22.16:942][524]CompilerResultsLog: Total execution time: 8,65 seconds
[2023.02.17-19.22.16:942][524]LogMainFrame: MainFrame: Module compiling took 8.780 seconds
[2023.02.17-19.22.16:981][524]LogClass: Could not find existing class ExplosiveItem in package /Script/MyProject for HotReload, assuming new class
[2023.02.17-19.22.16:989][524]LogNativeClassHierarchy: Verbose: Native class hierarchy updated for 'MyProject' in 0.0003 seconds. Added 4 classes and 2 folders.
[2023.02.17-19.22.16:991][524]Display: HotReload successful (0 functions remapped  0 scriptstructs remapped)
[2023.02.17-19.22.17:063][524]LogNativeClassHierarchy: Verbose: Native class hierarchy populated in 0.0094 seconds. Added 3826 classes and 930 folders.
[2023.02.17-19.22.17:065][524]Display: HotReload took  8.9s.
[2023.02.17-19.22.17:065][524]Warning: HotReload operation took  8.9s.
[2023.02.17-19.22.17:833][524]LogVSAccessor: Warning: Couldn't goto line number '1' in 'C:/Users/beatriz.fulgencio/Documents/GitHub/Ue4-c-Course/MyProject/Source/MyProject/ExplosiveItem.h'
[2023.02.17-19.22.17:835][524]LogVSAccessor: Warning: Couldn't open file 'C:/Users/beatriz.fulgencio/Documents/GitHub/Ue4-c-Course/MyProject/Source/MyProject/ExplosiveItem.cpp'.
[2023.02.17-19.22.17:844][524]LogSlate: Window 'Add C++ Class' being destroyed
[2023.02.17-19.22.17:854][524]LogHotReload: New module detected: UE4Editor-MyProject-0191.dll
[2023.02.17-19.22.17:906][525]LogHotReload: Starting Hot-Reload from IDE
[2023.02.17-19.22.17:927][525]LogNativeClassHierarchy: Verbose: Native class hierarchy updated for 'MyProject' in 0.0003 seconds. Added 4 classes and 2 folders.
[2023.02.17-19.22.17:931][525]Display: HotReload successful (0 functions remapped  0 scriptstructs remapped)
[2023.02.17-19.22.17:944][525]LogNativeClassHierarchy: Verbose: Native class hierarchy populated in 0.0097 seconds. Added 3826 classes and 930 folders.
[2023.02.17-19.22.17:947][525]Display: HotReload took  0.0s.
