Log file open, 02/23/23 16:59:41
LogWindows: Failed to load 'aqProf.dll' (GetLastError=126)
LogWindows: File 'aqProf.dll' does not exist
LogWindows: Failed to load 'VtuneApi.dll' (GetLastError=126)
LogWindows: File 'VtuneApi.dll' does not exist
LogWindows: Failed to load 'VtuneApi32e.dll' (GetLastError=126)
LogWindows: File 'VtuneApi32e.dll' does not exist
LogConsoleResponse: Display: Failed to find resolution value strings in scalability ini. Falling back to default.
LogConsoleResponse: Display: Failed to find resolution value strings in scalability ini. Falling back to default.
LogInit: Display: Running engine for game: MyProject
LogPlatformFile: Not using cached read wrapper
LogTaskGraph: Started task graph with 5 named threads and 23 total threads with 3 sets of task threads.
LogStats: Stats thread started at 0.498255
LogICUInternationalization: ICU TimeZone Detection - Raw Offset: -3:00, Platform Override: ''
LogInit: Display: Loading text-based GConfig....
LogPluginManager: Mounting plugin MeshPainting
LogPluginManager: Mounting plugin XGEController
LogPluginManager: Mounting plugin Paper2D
LogPluginManager: Mounting plugin LiveLink
LogPluginManager: Mounting plugin AISupport
LogPluginManager: Mounting plugin EnvironmentQueryEditor
LogPluginManager: Mounting plugin LightPropagationVolume
LogPluginManager: Mounting plugin OodleData
LogPluginManager: Mounting plugin CameraShakePreviewer
LogPluginManager: Mounting plugin AnimationSharing
LogPluginManager: Mounting plugin AssetManagerEditor
LogPluginManager: Mounting plugin OodleNetwork
LogPluginManager: Mounting plugin CryptoKeys
LogPluginManager: Mounting plugin Niagara
LogPluginManager: Mounting plugin CurveEditorTools
LogPluginManager: Mounting plugin DataValidation
LogPluginManager: Mounting plugin FacialAnimation
LogPluginManager: Mounting plugin GameplayTagsEditor
LogPluginManager: Mounting plugin GeometryMode
LogPluginManager: Mounting plugin MacGraphicsSwitching
LogPluginManager: Mounting plugin MaterialAnalyzer
LogPluginManager: Mounting plugin CLionSourceCodeAccess
LogPluginManager: Mounting plugin CodeLiteSourceCodeAccess
LogPluginManager: Mounting plugin MobileLauncherProfileWizard
LogPluginManager: Mounting plugin PluginBrowser
LogPluginManager: Mounting plugin GameplayCameras
LogPluginManager: Mounting plugin SpeedTreeImporter
LogPluginManager: Mounting plugin GitSourceControl
LogPluginManager: Mounting plugin KDevelopSourceCodeAccess
LogPluginManager: Mounting plugin NullSourceCodeAccess
LogPluginManager: Mounting plugin PerforceSourceControl
LogPluginManager: Mounting plugin PixWinPlugin
LogPluginManager: Mounting plugin PropertyAccessNode
LogPluginManager: Mounting plugin PluginUtils
LogPluginManager: Mounting plugin PlasticSourceControl
LogPluginManager: Mounting plugin RiderSourceCodeAccess
LogPluginManager: Mounting plugin SubversionSourceControl
LogPluginManager: Mounting plugin TextureFormatOodle
LogPluginManager: Mounting plugin UObjectPlugin
LogPluginManager: Mounting plugin VisualStudioCodeSourceCodeAccess
LogPluginManager: Mounting plugin XCodeSourceCodeAccess
LogPluginManager: Mounting plugin VisualStudioSourceCodeAccess
LogPluginManager: Mounting plugin AlembicImporter
LogPluginManager: Mounting plugin AutomationUtils
LogPluginManager: Mounting plugin BackChannel
LogPluginManager: Mounting plugin ChaosCloth
LogPluginManager: Mounting plugin ChaosClothEditor
LogPluginManager: Mounting plugin ChaosEditor
LogPluginManager: Mounting plugin ChaosSolverPlugin
LogPluginManager: Mounting plugin ChaosNiagara
LogPluginManager: Mounting plugin CharacterAI
LogPluginManager: Mounting plugin GeometryCollectionPlugin
LogPluginManager: Mounting plugin GeometryCache
LogPluginManager: Mounting plugin DatasmithContent
LogPluginManager: Mounting plugin VariantManagerContent
LogPluginManager: Mounting plugin LuminPlatformFeatures
LogPluginManager: Mounting plugin MagicLeap
LogPluginManager: Mounting plugin MagicLeapLightEstimation
LogPluginManager: Mounting plugin MagicLeapMedia
LogPluginManager: Mounting plugin MagicLeapPassableWorld
LogPluginManager: Mounting plugin MLSDK
LogPluginManager: Mounting plugin GeometryProcessing
LogPluginManager: Mounting plugin MotoSynth
LogPluginManager: Mounting plugin OpenImageDenoise
LogPluginManager: Mounting plugin AndroidMedia
LogPluginManager: Mounting plugin PlanarCut
LogPluginManager: Mounting plugin AvfMedia
LogPluginManager: Mounting plugin PlatformCrypto
LogPluginManager: Mounting plugin ProxyLODPlugin
LogPluginManager: Mounting plugin PythonScriptPlugin
LogPluginManager: Mounting plugin ImgMedia
LogPluginManager: Mounting plugin MediaCompositing
LogPluginManager: Mounting plugin SkeletalReduction
LogPluginManager: Mounting plugin MediaPlayerEditor
LogPluginManager: Mounting plugin WebMMedia
LogPluginManager: Mounting plugin WmfMedia
LogPluginManager: Mounting plugin TcpMessaging
LogPluginManager: Mounting plugin UdpMessaging
LogPluginManager: Mounting plugin ActorSequence
LogPluginManager: Mounting plugin MatineeToLevelSequence
LogPluginManager: Mounting plugin LevelSequenceEditor
LogPluginManager: Mounting plugin TemplateSequence
LogPluginManager: Mounting plugin OnlineSubsystem
LogPluginManager: Mounting plugin OnlineSubsystemNull
LogPluginManager: Mounting plugin OnlineSubsystemUtils
LogPluginManager: Mounting plugin LauncherChunkInstaller
LogPluginManager: Mounting plugin ActorLayerUtilities
LogPluginManager: Mounting plugin AndroidDeviceProfileSelector
LogPluginManager: Mounting plugin AndroidMoviePlayer
LogPluginManager: Mounting plugin AndroidPermission
LogPluginManager: Mounting plugin AppleImageUtils
LogPluginManager: Mounting plugin AppleMoviePlayer
LogPluginManager: Mounting plugin ArchVisCharacter
LogPluginManager: Mounting plugin AssetTags
LogPluginManager: Mounting plugin AudioCapture
LogPluginManager: Mounting plugin AudioSynesthesia
LogPluginManager: Mounting plugin ScreenshotTools
LogPluginManager: Mounting plugin CableComponent
LogPluginManager: Mounting plugin ChunkDownloader
LogPluginManager: Mounting plugin CustomMeshComponent
LogPluginManager: Mounting plugin EditableMesh
LogPluginManager: Mounting plugin ExampleDeviceProfileSelector
LogPluginManager: Mounting plugin GoogleCloudMessaging
LogPluginManager: Mounting plugin GooglePAD
LogPluginManager: Mounting plugin IOSDeviceProfileSelector
LogPluginManager: Mounting plugin LinuxDeviceProfileSelector
LogPluginManager: Mounting plugin LocationServicesBPLibrary
LogPluginManager: Mounting plugin MobilePatchingUtils
LogPluginManager: Mounting plugin OpenXR
LogPluginManager: Mounting plugin OpenXREyeTracker
LogPluginManager: Mounting plugin OpenXRHandTracking
LogPluginManager: Mounting plugin PhysXVehicles
LogPluginManager: Mounting plugin Takes
LogPluginManager: Mounting plugin PostSplashScreen
LogPluginManager: Mounting plugin PropertyAccessEditor
LogPluginManager: Mounting plugin ProceduralMeshComponent
LogPluginManager: Mounting plugin RuntimePhysXCooking
LogPluginManager: Mounting plugin SoundFields
LogPluginManager: Mounting plugin SignificanceManager
LogPluginManager: Mounting plugin Synthesis
LogPluginManager: Mounting plugin WebMMoviePlayer
LogPluginManager: Mounting plugin WindowsMoviePlayer
LogPluginManager: Mounting plugin ContentBrowserAssetDataSource
LogPluginManager: Mounting plugin ContentBrowserClassDataSource
LogPluginManager: Mounting plugin ContentBrowserFileDataSource
LogPluginManager: Mounting plugin OnlineSubsystemIOS
LogPluginManager: Mounting plugin OnlineSubsystemGooglePlay
LogPluginManager: Mounting plugin OculusVR
LogPluginManager: Mounting plugin SteamVR
PixWinPlugin: PIX capture plugin failed to initialize! Check that the process is launched from PIX.
LogInit: Using libcurl 7.55.1-DEV
LogInit:  - built for x86_64-pc-win32
LogInit:  - supports SSL with OpenSSL/1.1.1
LogInit:  - supports HTTP deflate (compression) using libz 1.2.8
LogInit:  - other features:
LogInit:      CURL_VERSION_SSL
LogInit:      CURL_VERSION_LIBZ
LogInit:      CURL_VERSION_IPV6
LogInit:      CURL_VERSION_ASYNCHDNS
LogInit:      CURL_VERSION_LARGEFILE
LogInit:      CURL_VERSION_IDN
LogInit:  CurlRequestOptions (configurable via config and command line):
LogInit:  - bVerifyPeer = true  - Libcurl will verify peer certificate
LogInit:  - bUseHttpProxy = false  - Libcurl will NOT use HTTP proxy
LogInit:  - bDontReuseConnections = false  - Libcurl will reuse connections
LogInit:  - MaxHostConnections = 16  - Libcurl will limit the number of connections to a host
LogInit:  - LocalHostAddr = Default
LogInit:  - BufferSize = 65536
LogOnline: OSS: Creating online subsystem instance for: NULL
LogInit: WinSock: version 1.1 (2.2), MaxSocks=32767, MaxUdp=65467
LogOnline: OSS: TryLoadSubsystemAndSetDefault: Loaded subsystem for module [NULL]
LogOculusPluginWrapper: OculusPlugin initialized successfully
LogHMD: Failed initializing OVRPlugin 1.59.0
LogInit: Build: ++UE4+Release-4.27-CL-18319896
LogInit: Engine Version: 4.27.2-18319896+++UE4+Release-4.27
LogInit: Compatible Engine Version: 4.27.0-17155196+++UE4+Release-4.27
LogInit: Net CL: 17155196
LogInit: OS: Windows 10 (Release 2009) (), CPU: Intel(R) Core(TM) i7-7820HK CPU @ 2.90GHz, GPU: NVIDIA GeForce GTX 1080
LogInit: Compiled (64-bit): Nov 30 2021 07:12:08
LogInit: Compiled with Visual C++: 19.24.28315.00
LogInit: Build Configuration: Development
LogInit: Branch Name: ++UE4+Release-4.27
LogInit: Command Line:  -skipcompile
LogInit: Base Directory: C:/Program Files/Epic Games/UE_4.27/Engine/Binaries/Win64/
LogInit: Allocator: TBB
LogInit: Installed Engine Build: 1
LogDevObjectVersion: Number of dev versions registered: 29
LogDevObjectVersion:   Dev-Blueprints (B0D832E4-1F89-4F0D-ACCF-7EB736FD4AA2): 10
LogDevObjectVersion:   Dev-Build (E1C64328-A22C-4D53-A36C-8E866417BD8C): 0
LogDevObjectVersion:   Dev-Core (375EC13C-06E4-48FB-B500-84F0262A717E): 4
LogDevObjectVersion:   Dev-Editor (E4B068ED-F494-42E9-A231-DA0B2E46BB41): 40
LogDevObjectVersion:   Dev-Framework (CFFC743F-43B0-4480-9391-14DF171D2073): 37
LogDevObjectVersion:   Dev-Mobile (B02B49B5-BB20-44E9-A304-32B752E40360): 3
LogDevObjectVersion:   Dev-Networking (A4E4105C-59A1-49B5-A7C5-40C4547EDFEE): 0
LogDevObjectVersion:   Dev-Online (39C831C9-5AE6-47DC-9A44-9C173E1C8E7C): 0
LogDevObjectVersion:   Dev-Physics (78F01B33-EBEA-4F98-B9B4-84EACCB95AA2): 14
LogDevObjectVersion:   Dev-Platform (6631380F-2D4D-43E0-8009-CF276956A95A): 0
LogDevObjectVersion:   Dev-Rendering (12F88B9F-8875-4AFC-A67C-D90C383ABD29): 45
LogDevObjectVersion:   Dev-Sequencer (7B5AE74C-D270-4C10-A958-57980B212A5A): 13
LogDevObjectVersion:   Dev-VR (D7296918-1DD6-4BDD-9DE2-64A83CC13884): 3
LogDevObjectVersion:   Dev-LoadTimes (C2A15278-BFE7-4AFE-6C17-90FF531DF755): 1
LogDevObjectVersion:   Private-Geometry (6EACA3D4-40EC-4CC1-B786-8BED09428FC5): 3
LogDevObjectVersion:   Dev-AnimPhys (29E575DD-E0A3-4627-9D10-D276232CDCEA): 17
LogDevObjectVersion:   Dev-Anim (AF43A65D-7FD3-4947-9873-3E8ED9C1BB05): 15
LogDevObjectVersion:   Dev-ReflectionCapture (6B266CEC-1EC7-4B8F-A30B-E4D90942FC07): 1
LogDevObjectVersion:   Dev-Automation (0DF73D61-A23F-47EA-B727-89E90C41499A): 1
LogDevObjectVersion:   FortniteMain (601D1886-AC64-4F84-AA16-D3DE0DEAC7D6): 47
LogDevObjectVersion:   FortniteRelease (E7086368-6B23-4C58-8439-1B7016265E91): 1
LogDevObjectVersion:   Dev-Enterprise (9DFFBCD6-494F-0158-E221-12823C92A888): 10
LogDevObjectVersion:   Dev-Niagara (F2AED0AC-9AFE-416F-8664-AA7FFA26D6FC): 1
LogDevObjectVersion:   Dev-Destruction (174F1F0B-B4C6-45A5-B13F-2EE8D0FB917D): 10
LogDevObjectVersion:   Dev-Physics-Ext (35F94A83-E258-406C-A318-09F59610247C): 41
LogDevObjectVersion:   Dev-PhysicsMaterial-Chaos (B68FC16E-8B1B-42E2-B453-215C058844FE): 1
LogDevObjectVersion:   Dev-CineCamera (B2E18506-4273-CFC2-A54E-F4BB758BBA07): 1
LogDevObjectVersion:   Dev-VirtualProduction (64F58936-FD1B-42BA-BA96-7289D5D0FA4E): 1
LogDevObjectVersion:   Dev-MediaFramework (6F0ED827-A609-4895-9C91-998D90180EA4): 2
LogInit: Presizing for max 25165824 objects, including 0 objects not considered by GC, pre-allocating 0 bytes for permanent pool.
LogConfig: Applying CVar settings from Section [/Script/Engine.StreamingSettings] File [C:/Users/beatriz.fulgencio/Documents/GitHub/Ue4-c-Course/MyProject/Saved/Config/Windows/Engine.ini]
LogConfig: Setting CVar [[s.MinBulkDataSizeForAsyncLoading:131072]]
LogConfig: Setting CVar [[s.AsyncLoadingThreadEnabled:0]]
LogConfig: Setting CVar [[s.EventDrivenLoaderEnabled:1]]
LogConfig: Setting CVar [[s.WarnIfTimeLimitExceeded:0]]
LogConfig: Setting CVar [[s.TimeLimitExceededMultiplier:1.5]]
LogConfig: Setting CVar [[s.TimeLimitExceededMinTime:0.005]]
LogConfig: Setting CVar [[s.UseBackgroundLevelStreaming:1]]
LogConfig: Setting CVar [[s.PriorityAsyncLoadingExtraTime:15.0]]
LogConfig: Setting CVar [[s.LevelStreamingActorsUpdateTimeLimit:5.0]]
LogConfig: Setting CVar [[s.PriorityLevelStreamingActorsUpdateExtraTime:5.0]]
LogConfig: Setting CVar [[s.LevelStreamingComponentsRegistrationGranularity:10]]
LogConfig: Setting CVar [[s.UnregisterComponentsTimeLimit:1.0]]
LogConfig: Setting CVar [[s.LevelStreamingComponentsUnregistrationGranularity:5]]
LogConfig: Setting CVar [[s.FlushStreamingOnExit:1]]
LogInit: Object subsystem initialized
LogConfig: Setting CVar [[con.DebugEarlyDefault:1]]
LogConfig: Setting CVar [[r.setres:1280x720]]
[2023.02.23-19.59.42:258][  0]LogConfig: Setting CVar [[r.VSync:0]]
[2023.02.23-19.59.42:258][  0]LogConfig: Setting CVar [[r.RHICmdBypass:0]]
[2023.02.23-19.59.42:258][  0]LogConfig: Applying CVar settings from Section [/Script/Engine.RendererSettings] File [C:/Users/beatriz.fulgencio/Documents/GitHub/Ue4-c-Course/MyProject/Saved/Config/Windows/Engine.ini]
[2023.02.23-19.59.42:258][  0]LogConfig: Setting CVar [[r.GPUCrashDebugging:0]]
[2023.02.23-19.59.42:258][  0]LogConfig: Applying CVar settings from Section [/Script/Engine.RendererOverrideSettings] File [C:/Users/beatriz.fulgencio/Documents/GitHub/Ue4-c-Course/MyProject/Saved/Config/Windows/Engine.ini]
[2023.02.23-19.59.42:258][  0]LogConfig: Applying CVar settings from Section [/Script/Engine.StreamingSettings] File [C:/Users/beatriz.fulgencio/Documents/GitHub/Ue4-c-Course/MyProject/Saved/Config/Windows/Engine.ini]
[2023.02.23-19.59.42:258][  0]LogConfig: Setting CVar [[s.MinBulkDataSizeForAsyncLoading:131072]]
[2023.02.23-19.59.42:259][  0]LogConfig: Setting CVar [[s.AsyncLoadingThreadEnabled:0]]
[2023.02.23-19.59.42:259][  0]LogConfig: Setting CVar [[s.EventDrivenLoaderEnabled:1]]
[2023.02.23-19.59.42:259][  0]LogConfig: Setting CVar [[s.WarnIfTimeLimitExceeded:0]]
[2023.02.23-19.59.42:259][  0]LogConfig: Setting CVar [[s.TimeLimitExceededMultiplier:1.5]]
[2023.02.23-19.59.42:259][  0]LogConfig: Setting CVar [[s.TimeLimitExceededMinTime:0.005]]
[2023.02.23-19.59.42:259][  0]LogConfig: Setting CVar [[s.UseBackgroundLevelStreaming:1]]
[2023.02.23-19.59.42:259][  0]LogConfig: Setting CVar [[s.PriorityAsyncLoadingExtraTime:15.0]]
[2023.02.23-19.59.42:259][  0]LogConfig: Setting CVar [[s.LevelStreamingActorsUpdateTimeLimit:5.0]]
[2023.02.23-19.59.42:259][  0]LogConfig: Setting CVar [[s.PriorityLevelStreamingActorsUpdateExtraTime:5.0]]
[2023.02.23-19.59.42:259][  0]LogConfig: Setting CVar [[s.LevelStreamingComponentsRegistrationGranularity:10]]
[2023.02.23-19.59.42:259][  0]LogConfig: Setting CVar [[s.UnregisterComponentsTimeLimit:1.0]]
[2023.02.23-19.59.42:259][  0]LogConfig: Setting CVar [[s.LevelStreamingComponentsUnregistrationGranularity:5]]
[2023.02.23-19.59.42:260][  0]LogConfig: Setting CVar [[s.FlushStreamingOnExit:1]]
[2023.02.23-19.59.42:260][  0]LogConfig: Applying CVar settings from Section [/Script/Engine.GarbageCollectionSettings] File [C:/Users/beatriz.fulgencio/Documents/GitHub/Ue4-c-Course/MyProject/Saved/Config/Windows/Engine.ini]
[2023.02.23-19.59.42:260][  0]LogConfig: Setting CVar [[gc.MaxObjectsNotConsideredByGC:1]]
[2023.02.23-19.59.42:260][  0]LogConfig: Setting CVar [[gc.SizeOfPermanentObjectPool:0]]
[2023.02.23-19.59.42:260][  0]LogConfig: Setting CVar [[gc.FlushStreamingOnGC:0]]
[2023.02.23-19.59.42:260][  0]LogConfig: Setting CVar [[gc.NumRetriesBeforeForcingGC:10]]
[2023.02.23-19.59.42:260][  0]LogConfig: Setting CVar [[gc.AllowParallelGC:1]]
[2023.02.23-19.59.42:260][  0]LogConfig: Setting CVar [[gc.TimeBetweenPurgingPendingKillObjects:61.1]]
[2023.02.23-19.59.42:260][  0]LogConfig: Setting CVar [[gc.MaxObjectsInEditor:25165824]]
[2023.02.23-19.59.42:260][  0]LogConfig: Setting CVar [[gc.IncrementalBeginDestroyEnabled:1]]
[2023.02.23-19.59.42:260][  0]LogConfig: Setting CVar [[gc.CreateGCClusters:1]]
[2023.02.23-19.59.42:260][  0]LogConfig: Setting CVar [[gc.MinGCClusterSize:5]]
[2023.02.23-19.59.42:260][  0]LogConfig: Setting CVar [[gc.ActorClusteringEnabled:0]]
[2023.02.23-19.59.42:260][  0]LogConfig: Setting CVar [[gc.BlueprintClusteringEnabled:0]]
[2023.02.23-19.59.42:260][  0]LogConfig: Setting CVar [[gc.UseDisregardForGCOnDedicatedServers:0]]
[2023.02.23-19.59.42:261][  0]LogConfig: Setting CVar [[gc.MultithreadedDestructionEnabled:1]]
[2023.02.23-19.59.42:261][  0]LogConfig: Applying CVar settings from Section [/Script/Engine.NetworkSettings] File [C:/Users/beatriz.fulgencio/Documents/GitHub/Ue4-c-Course/MyProject/Saved/Config/Windows/Engine.ini]
[2023.02.23-19.59.42:261][  0]LogConfig: Applying CVar settings from Section [/Script/UnrealEd.CookerSettings] File [C:/Users/beatriz.fulgencio/Documents/GitHub/Ue4-c-Course/MyProject/Saved/Config/Windows/Engine.ini]
[2023.02.23-19.59.42:285][  0]LogConfig: Applying CVar settings from Section [ViewDistanceQuality@3] File [C:/Users/beatriz.fulgencio/Documents/GitHub/Ue4-c-Course/MyProject/Saved/Config/Windows/Scalability.ini]
[2023.02.23-19.59.42:285][  0]LogConfig: Setting CVar [[r.SkeletalMeshLODBias:0]]
[2023.02.23-19.59.42:285][  0]LogConfig: Setting CVar [[r.ViewDistanceScale:1.0]]
[2023.02.23-19.59.42:285][  0]LogConfig: Applying CVar settings from Section [AntiAliasingQuality@3] File [C:/Users/beatriz.fulgencio/Documents/GitHub/Ue4-c-Course/MyProject/Saved/Config/Windows/Scalability.ini]
[2023.02.23-19.59.42:285][  0]LogConfig: Setting CVar [[r.PostProcessAAQuality:4]]
[2023.02.23-19.59.42:285][  0]LogConfig: Applying CVar settings from Section [ShadowQuality@3] File [C:/Users/beatriz.fulgencio/Documents/GitHub/Ue4-c-Course/MyProject/Saved/Config/Windows/Scalability.ini]
[2023.02.23-19.59.42:285][  0]LogConfig: Setting CVar [[r.LightFunctionQuality:1]]
[2023.02.23-19.59.42:285][  0]LogConfig: Setting CVar [[r.ShadowQuality:5]]
[2023.02.23-19.59.42:285][  0]LogConfig: Setting CVar [[r.Shadow.CSM.MaxCascades:10]]
[2023.02.23-19.59.42:285][  0]LogConfig: Setting CVar [[r.Shadow.MaxResolution:2048]]
[2023.02.23-19.59.42:285][  0]LogConfig: Setting CVar [[r.Shadow.MaxCSMResolution:2048]]
[2023.02.23-19.59.42:285][  0]LogConfig: Setting CVar [[r.Shadow.RadiusThreshold:0.01]]
[2023.02.23-19.59.42:285][  0]LogConfig: Setting CVar [[r.Shadow.DistanceScale:1.0]]
[2023.02.23-19.59.42:285][  0]LogConfig: Setting CVar [[r.Shadow.CSM.TransitionScale:1.0]]
[2023.02.23-19.59.42:286][  0]LogConfig: Setting CVar [[r.Shadow.PreShadowResolutionFactor:1.0]]
[2023.02.23-19.59.42:286][  0]LogConfig: Setting CVar [[r.DistanceFieldShadowing:1]]
[2023.02.23-19.59.42:286][  0]LogConfig: Setting CVar [[r.DistanceFieldAO:1]]
[2023.02.23-19.59.42:286][  0]LogConfig: Setting CVar [[r.AOQuality:2]]
[2023.02.23-19.59.42:286][  0]LogConfig: Setting CVar [[r.VolumetricFog:1]]
[2023.02.23-19.59.42:286][  0]LogConfig: Setting CVar [[r.VolumetricFog.GridPixelSize:8]]
[2023.02.23-19.59.42:286][  0]LogConfig: Setting CVar [[r.VolumetricFog.GridSizeZ:128]]
[2023.02.23-19.59.42:286][  0]LogConfig: Setting CVar [[r.VolumetricFog.HistoryMissSupersampleCount:4]]
[2023.02.23-19.59.42:286][  0]LogConfig: Setting CVar [[r.LightMaxDrawDistanceScale:1]]
[2023.02.23-19.59.42:286][  0]LogConfig: Setting CVar [[r.CapsuleShadows:1]]
[2023.02.23-19.59.42:286][  0]LogConfig: Applying CVar settings from Section [PostProcessQuality@3] File [C:/Users/beatriz.fulgencio/Documents/GitHub/Ue4-c-Course/MyProject/Saved/Config/Windows/Scalability.ini]
[2023.02.23-19.59.42:286][  0]LogConfig: Setting CVar [[r.MotionBlurQuality:4]]
[2023.02.23-19.59.42:286][  0]LogConfig: Setting CVar [[r.AmbientOcclusionMipLevelFactor:0.4]]
[2023.02.23-19.59.42:286][  0]LogConfig: Setting CVar [[r.AmbientOcclusionMaxQuality:100]]
[2023.02.23-19.59.42:287][  0]LogConfig: Setting CVar [[r.AmbientOcclusionLevels:-1]]
[2023.02.23-19.59.42:287][  0]LogConfig: Setting CVar [[r.AmbientOcclusionRadiusScale:1.0]]
[2023.02.23-19.59.42:287][  0]LogConfig: Setting CVar [[r.DepthOfFieldQuality:2]]
[2023.02.23-19.59.42:287][  0]LogConfig: Setting CVar [[r.RenderTargetPoolMin:400]]
[2023.02.23-19.59.42:287][  0]LogConfig: Setting CVar [[r.LensFlareQuality:2]]
[2023.02.23-19.59.42:287][  0]LogConfig: Setting CVar [[r.SceneColorFringeQuality:1]]
[2023.02.23-19.59.42:287][  0]LogConfig: Setting CVar [[r.EyeAdaptationQuality:2]]
[2023.02.23-19.59.42:287][  0]LogConfig: Setting CVar [[r.BloomQuality:5]]
[2023.02.23-19.59.42:287][  0]LogConfig: Setting CVar [[r.FastBlurThreshold:100]]
[2023.02.23-19.59.42:287][  0]LogConfig: Setting CVar [[r.Upscale.Quality:3]]
[2023.02.23-19.59.42:287][  0]LogConfig: Setting CVar [[r.Tonemapper.GrainQuantization:1]]
[2023.02.23-19.59.42:287][  0]LogConfig: Setting CVar [[r.LightShaftQuality:1]]
[2023.02.23-19.59.42:287][  0]LogConfig: Setting CVar [[r.Filter.SizeScale:1]]
[2023.02.23-19.59.42:287][  0]LogConfig: Setting CVar [[r.Tonemapper.Quality:5]]
[2023.02.23-19.59.42:288][  0]LogConfig: Setting CVar [[r.DOF.Gather.AccumulatorQuality:1        ; higher gathering accumulator quality]]
[2023.02.23-19.59.42:288][  0]LogConfig: Setting CVar [[r.DOF.Gather.PostfilterMethod:1          ; Median3x3 postfilering method]]
[2023.02.23-19.59.42:288][  0]LogConfig: Setting CVar [[r.DOF.Gather.EnableBokehSettings:0       ; no bokeh simulation when gathering]]
[2023.02.23-19.59.42:288][  0]LogConfig: Setting CVar [[r.DOF.Gather.RingCount:4                 ; medium number of samples when gathering]]
[2023.02.23-19.59.42:288][  0]LogConfig: Setting CVar [[r.DOF.Scatter.ForegroundCompositing:1    ; additive foreground scattering]]
[2023.02.23-19.59.42:288][  0]LogConfig: Setting CVar [[r.DOF.Scatter.BackgroundCompositing:2    ; additive background scattering]]
[2023.02.23-19.59.42:288][  0]LogConfig: Setting CVar [[r.DOF.Scatter.EnableBokehSettings:1      ; bokeh simulation when scattering]]
[2023.02.23-19.59.42:288][  0]LogConfig: Setting CVar [[r.DOF.Scatter.MaxSpriteRatio:0.1         ; only a maximum of 10% of scattered bokeh]]
[2023.02.23-19.59.42:288][  0]LogConfig: Setting CVar [[r.DOF.Recombine.Quality:1                ; cheap slight out of focus]]
[2023.02.23-19.59.42:288][  0]LogConfig: Setting CVar [[r.DOF.Recombine.EnableBokehSettings:0    ; no bokeh simulation on slight out of focus]]
[2023.02.23-19.59.42:288][  0]LogConfig: Setting CVar [[r.DOF.TemporalAAQuality:1                ; more stable temporal accumulation]]
[2023.02.23-19.59.42:288][  0]LogConfig: Setting CVar [[r.DOF.Kernel.MaxForegroundRadius:0.025]]
[2023.02.23-19.59.42:289][  0]LogConfig: Setting CVar [[r.DOF.Kernel.MaxBackgroundRadius:0.025]]
[2023.02.23-19.59.42:289][  0]LogConfig: Applying CVar settings from Section [TextureQuality@3] File [C:/Users/beatriz.fulgencio/Documents/GitHub/Ue4-c-Course/MyProject/Saved/Config/Windows/Scalability.ini]
[2023.02.23-19.59.42:289][  0]LogConfig: Setting CVar [[r.Streaming.MipBias:0]]
[2023.02.23-19.59.42:289][  0]LogConfig: Setting CVar [[r.Streaming.AmortizeCPUToGPUCopy:0]]
[2023.02.23-19.59.42:289][  0]LogConfig: Setting CVar [[r.Streaming.MaxNumTexturesToStreamPerFrame:0]]
[2023.02.23-19.59.42:289][  0]LogConfig: Setting CVar [[r.Streaming.Boost:1]]
[2023.02.23-19.59.42:289][  0]LogConfig: Setting CVar [[r.MaxAnisotropy:8]]
[2023.02.23-19.59.42:289][  0]LogConfig: Setting CVar [[r.VT.MaxAnisotropy:8]]
[2023.02.23-19.59.42:289][  0]LogConfig: Setting CVar [[r.Streaming.LimitPoolSizeToVRAM:0]]
[2023.02.23-19.59.42:289][  0]LogConfig: Setting CVar [[r.Streaming.PoolSize:1000]]
[2023.02.23-19.59.42:289][  0]LogConfig: Setting CVar [[r.Streaming.MaxEffectiveScreenSize:0]]
[2023.02.23-19.59.42:289][  0]LogConfig: Applying CVar settings from Section [EffectsQuality@3] File [C:/Users/beatriz.fulgencio/Documents/GitHub/Ue4-c-Course/MyProject/Saved/Config/Windows/Scalability.ini]
[2023.02.23-19.59.42:289][  0]LogConfig: Setting CVar [[r.TranslucencyLightingVolumeDim:64]]
[2023.02.23-19.59.42:289][  0]LogConfig: Setting CVar [[r.RefractionQuality:2]]
[2023.02.23-19.59.42:289][  0]LogConfig: Setting CVar [[r.SSR.Quality:3]]
[2023.02.23-19.59.42:290][  0]LogConfig: Setting CVar [[r.SSR.HalfResSceneColor:0]]
[2023.02.23-19.59.42:290][  0]LogConfig: Setting CVar [[r.SceneColorFormat:4]]
[2023.02.23-19.59.42:290][  0]LogConfig: Setting CVar [[r.DetailMode:2]]
[2023.02.23-19.59.42:290][  0]LogConfig: Setting CVar [[r.TranslucencyVolumeBlur:1]]
[2023.02.23-19.59.42:290][  0]LogConfig: Setting CVar [[r.MaterialQualityLevel:1 ; High quality]]
[2023.02.23-19.59.42:290][  0]LogConfig: Setting CVar [[r.AnisotropicMaterials:1]]
[2023.02.23-19.59.42:290][  0]LogConfig: Setting CVar [[r.SSS.Scale:1]]
[2023.02.23-19.59.42:290][  0]LogConfig: Setting CVar [[r.SSS.SampleSet:2]]
[2023.02.23-19.59.42:290][  0]LogConfig: Setting CVar [[r.SSS.Quality:1]]
[2023.02.23-19.59.42:290][  0]LogConfig: Setting CVar [[r.SSS.HalfRes:0]]
[2023.02.23-19.59.42:290][  0]LogConfig: Setting CVar [[r.SSGI.Quality:3]]
[2023.02.23-19.59.42:290][  0]LogConfig: Setting CVar [[r.EmitterSpawnRateScale:1.0]]
[2023.02.23-19.59.42:290][  0]LogConfig: Setting CVar [[r.ParticleLightQuality:2]]
[2023.02.23-19.59.42:290][  0]LogConfig: Setting CVar [[r.SkyAtmosphere.AerialPerspectiveLUT.FastApplyOnOpaque:1 ; Always have FastSkyLUT 1 in this case to avoid wrong sky]]
[2023.02.23-19.59.42:290][  0]LogConfig: Setting CVar [[r.SkyAtmosphere.AerialPerspectiveLUT.SampleCountMaxPerSlice:4]]
[2023.02.23-19.59.42:291][  0]LogConfig: Setting CVar [[r.SkyAtmosphere.AerialPerspectiveLUT.DepthResolution:16.0]]
[2023.02.23-19.59.42:291][  0]LogConfig: Setting CVar [[r.SkyAtmosphere.FastSkyLUT:1]]
[2023.02.23-19.59.42:291][  0]LogConfig: Setting CVar [[r.SkyAtmosphere.FastSkyLUT.SampleCountMin:4.0]]
[2023.02.23-19.59.42:291][  0]LogConfig: Setting CVar [[r.SkyAtmosphere.FastSkyLUT.SampleCountMax:128.0]]
[2023.02.23-19.59.42:291][  0]LogConfig: Setting CVar [[r.SkyAtmosphere.SampleCountMin:4.0]]
[2023.02.23-19.59.42:291][  0]LogConfig: Setting CVar [[r.SkyAtmosphere.SampleCountMax:128.0]]
[2023.02.23-19.59.42:291][  0]LogConfig: Setting CVar [[r.SkyAtmosphere.TransmittanceLUT.UseSmallFormat:0]]
[2023.02.23-19.59.42:291][  0]LogConfig: Setting CVar [[r.SkyAtmosphere.TransmittanceLUT.SampleCount:10.0]]
[2023.02.23-19.59.42:291][  0]LogConfig: Setting CVar [[r.SkyAtmosphere.MultiScatteringLUT.SampleCount:15.0]]
[2023.02.23-19.59.42:291][  0]LogConfig: Setting CVar [[r.SkyLight.RealTimeReflectionCapture:1]]
[2023.02.23-19.59.42:291][  0]LogConfig: Applying CVar settings from Section [FoliageQuality@3] File [C:/Users/beatriz.fulgencio/Documents/GitHub/Ue4-c-Course/MyProject/Saved/Config/Windows/Scalability.ini]
[2023.02.23-19.59.42:291][  0]LogConfig: Setting CVar [[foliage.DensityScale:1.0]]
[2023.02.23-19.59.42:291][  0]LogConfig: Setting CVar [[grass.DensityScale:1.0]]
[2023.02.23-19.59.42:291][  0]LogConfig: Applying CVar settings from Section [ShadingQuality@3] File [C:/Users/beatriz.fulgencio/Documents/GitHub/Ue4-c-Course/MyProject/Saved/Config/Windows/Scalability.ini]
[2023.02.23-19.59.42:291][  0]LogConfig: Setting CVar [[r.HairStrands.SkyLighting.IntegrationType:2]]
[2023.02.23-19.59.42:291][  0]LogConfig: Setting CVar [[r.HairStrands.SkyAO.SampleCount:4]]
[2023.02.23-19.59.42:292][  0]LogConfig: Setting CVar [[r.HairStrands.Visibility.MSAA.SamplePerPixel:4]]
[2023.02.23-19.59.42:292][  0]LogInit: Selected Device Profile: [Windows]
[2023.02.23-19.59.42:292][  0]LogInit: Applying CVar settings loaded from the selected device profile: [Windows]
[2023.02.23-19.59.42:292][  0]LogHAL: Display: Platform has ~ 24 GB [25706741760 / 34359738368 / 24], which maps to Larger [LargestMinGB=32, LargerMinGB=12, DefaultMinGB=8, SmallerMinGB=6, SmallestMinGB=0)
[2023.02.23-19.59.42:292][  0]LogInit: Going up to parent DeviceProfile []
[2023.02.23-19.59.42:292][  0]LogConfig: Applying CVar settings from Section [ViewDistanceQuality@3] File [C:/Users/beatriz.fulgencio/Documents/GitHub/Ue4-c-Course/MyProject/Saved/Config/Windows/Scalability.ini]
[2023.02.23-19.59.42:292][  0]LogConfig: Setting CVar [[r.SkeletalMeshLODBias:0]]
[2023.02.23-19.59.42:292][  0]LogConfig: Setting CVar [[r.ViewDistanceScale:1.0]]
[2023.02.23-19.59.42:292][  0]LogConfig: Applying CVar settings from Section [AntiAliasingQuality@3] File [C:/Users/beatriz.fulgencio/Documents/GitHub/Ue4-c-Course/MyProject/Saved/Config/Windows/Scalability.ini]
[2023.02.23-19.59.42:292][  0]LogConfig: Setting CVar [[r.PostProcessAAQuality:4]]
[2023.02.23-19.59.42:292][  0]LogConfig: Applying CVar settings from Section [ShadowQuality@3] File [C:/Users/beatriz.fulgencio/Documents/GitHub/Ue4-c-Course/MyProject/Saved/Config/Windows/Scalability.ini]
[2023.02.23-19.59.42:292][  0]LogConfig: Setting CVar [[r.LightFunctionQuality:1]]
[2023.02.23-19.59.42:292][  0]LogConfig: Setting CVar [[r.ShadowQuality:5]]
[2023.02.23-19.59.42:293][  0]LogConfig: Setting CVar [[r.Shadow.CSM.MaxCascades:10]]
[2023.02.23-19.59.42:293][  0]LogConfig: Setting CVar [[r.Shadow.MaxResolution:2048]]
[2023.02.23-19.59.42:293][  0]LogConfig: Setting CVar [[r.Shadow.MaxCSMResolution:2048]]
[2023.02.23-19.59.42:293][  0]LogConfig: Setting CVar [[r.Shadow.RadiusThreshold:0.01]]
[2023.02.23-19.59.42:293][  0]LogConfig: Setting CVar [[r.Shadow.DistanceScale:1.0]]
[2023.02.23-19.59.42:293][  0]LogConfig: Setting CVar [[r.Shadow.CSM.TransitionScale:1.0]]
[2023.02.23-19.59.42:293][  0]LogConfig: Setting CVar [[r.Shadow.PreShadowResolutionFactor:1.0]]
[2023.02.23-19.59.42:293][  0]LogConfig: Setting CVar [[r.DistanceFieldShadowing:1]]
[2023.02.23-19.59.42:293][  0]LogConfig: Setting CVar [[r.DistanceFieldAO:1]]
[2023.02.23-19.59.42:293][  0]LogConfig: Setting CVar [[r.AOQuality:2]]
[2023.02.23-19.59.42:293][  0]LogConfig: Setting CVar [[r.VolumetricFog:1]]
[2023.02.23-19.59.42:293][  0]LogConfig: Setting CVar [[r.VolumetricFog.GridPixelSize:8]]
[2023.02.23-19.59.42:293][  0]LogConfig: Setting CVar [[r.VolumetricFog.GridSizeZ:128]]
[2023.02.23-19.59.42:293][  0]LogConfig: Setting CVar [[r.VolumetricFog.HistoryMissSupersampleCount:4]]
[2023.02.23-19.59.42:293][  0]LogConfig: Setting CVar [[r.LightMaxDrawDistanceScale:1]]
[2023.02.23-19.59.42:293][  0]LogConfig: Setting CVar [[r.CapsuleShadows:1]]
[2023.02.23-19.59.42:293][  0]LogConfig: Applying CVar settings from Section [PostProcessQuality@3] File [C:/Users/beatriz.fulgencio/Documents/GitHub/Ue4-c-Course/MyProject/Saved/Config/Windows/Scalability.ini]
[2023.02.23-19.59.42:294][  0]LogConfig: Setting CVar [[r.MotionBlurQuality:4]]
[2023.02.23-19.59.42:294][  0]LogConfig: Setting CVar [[r.AmbientOcclusionMipLevelFactor:0.4]]
[2023.02.23-19.59.42:294][  0]LogConfig: Setting CVar [[r.AmbientOcclusionMaxQuality:100]]
[2023.02.23-19.59.42:294][  0]LogConfig: Setting CVar [[r.AmbientOcclusionLevels:-1]]
[2023.02.23-19.59.42:294][  0]LogConfig: Setting CVar [[r.AmbientOcclusionRadiusScale:1.0]]
[2023.02.23-19.59.42:294][  0]LogConfig: Setting CVar [[r.DepthOfFieldQuality:2]]
[2023.02.23-19.59.42:294][  0]LogConfig: Setting CVar [[r.RenderTargetPoolMin:400]]
[2023.02.23-19.59.42:294][  0]LogConfig: Setting CVar [[r.LensFlareQuality:2]]
[2023.02.23-19.59.42:294][  0]LogConfig: Setting CVar [[r.SceneColorFringeQuality:1]]
[2023.02.23-19.59.42:294][  0]LogConfig: Setting CVar [[r.EyeAdaptationQuality:2]]
[2023.02.23-19.59.42:294][  0]LogConfig: Setting CVar [[r.BloomQuality:5]]
[2023.02.23-19.59.42:294][  0]LogConfig: Setting CVar [[r.FastBlurThreshold:100]]
[2023.02.23-19.59.42:294][  0]LogConfig: Setting CVar [[r.Upscale.Quality:3]]
[2023.02.23-19.59.42:294][  0]LogConfig: Setting CVar [[r.Tonemapper.GrainQuantization:1]]
[2023.02.23-19.59.42:294][  0]LogConfig: Setting CVar [[r.LightShaftQuality:1]]
[2023.02.23-19.59.42:295][  0]LogConfig: Setting CVar [[r.Filter.SizeScale:1]]
[2023.02.23-19.59.42:295][  0]LogConfig: Setting CVar [[r.Tonemapper.Quality:5]]
[2023.02.23-19.59.42:295][  0]LogConfig: Setting CVar [[r.DOF.Gather.AccumulatorQuality:1        ; higher gathering accumulator quality]]
[2023.02.23-19.59.42:295][  0]LogConfig: Setting CVar [[r.DOF.Gather.PostfilterMethod:1          ; Median3x3 postfilering method]]
[2023.02.23-19.59.42:295][  0]LogConfig: Setting CVar [[r.DOF.Gather.EnableBokehSettings:0       ; no bokeh simulation when gathering]]
[2023.02.23-19.59.42:295][  0]LogConfig: Setting CVar [[r.DOF.Gather.RingCount:4                 ; medium number of samples when gathering]]
[2023.02.23-19.59.42:295][  0]LogConfig: Setting CVar [[r.DOF.Scatter.ForegroundCompositing:1    ; additive foreground scattering]]
[2023.02.23-19.59.42:295][  0]LogConfig: Setting CVar [[r.DOF.Scatter.BackgroundCompositing:2    ; additive background scattering]]
[2023.02.23-19.59.42:295][  0]LogConfig: Setting CVar [[r.DOF.Scatter.EnableBokehSettings:1      ; bokeh simulation when scattering]]
[2023.02.23-19.59.42:295][  0]LogConfig: Setting CVar [[r.DOF.Scatter.MaxSpriteRatio:0.1         ; only a maximum of 10% of scattered bokeh]]
[2023.02.23-19.59.42:295][  0]LogConfig: Setting CVar [[r.DOF.Recombine.Quality:1                ; cheap slight out of focus]]
[2023.02.23-19.59.42:295][  0]LogConfig: Setting CVar [[r.DOF.Recombine.EnableBokehSettings:0    ; no bokeh simulation on slight out of focus]]
[2023.02.23-19.59.42:295][  0]LogConfig: Setting CVar [[r.DOF.TemporalAAQuality:1                ; more stable temporal accumulation]]
[2023.02.23-19.59.42:295][  0]LogConfig: Setting CVar [[r.DOF.Kernel.MaxForegroundRadius:0.025]]
[2023.02.23-19.59.42:295][  0]LogConfig: Setting CVar [[r.DOF.Kernel.MaxBackgroundRadius:0.025]]
[2023.02.23-19.59.42:295][  0]LogConfig: Applying CVar settings from Section [TextureQuality@3] File [C:/Users/beatriz.fulgencio/Documents/GitHub/Ue4-c-Course/MyProject/Saved/Config/Windows/Scalability.ini]
[2023.02.23-19.59.42:295][  0]LogConfig: Setting CVar [[r.Streaming.MipBias:0]]
[2023.02.23-19.59.42:296][  0]LogConfig: Setting CVar [[r.Streaming.AmortizeCPUToGPUCopy:0]]
[2023.02.23-19.59.42:296][  0]LogConfig: Setting CVar [[r.Streaming.MaxNumTexturesToStreamPerFrame:0]]
[2023.02.23-19.59.42:296][  0]LogConfig: Setting CVar [[r.Streaming.Boost:1]]
[2023.02.23-19.59.42:296][  0]LogConfig: Setting CVar [[r.MaxAnisotropy:8]]
[2023.02.23-19.59.42:296][  0]LogConfig: Setting CVar [[r.VT.MaxAnisotropy:8]]
[2023.02.23-19.59.42:296][  0]LogConfig: Setting CVar [[r.Streaming.LimitPoolSizeToVRAM:0]]
[2023.02.23-19.59.42:296][  0]LogConfig: Setting CVar [[r.Streaming.PoolSize:1000]]
[2023.02.23-19.59.42:296][  0]LogConfig: Setting CVar [[r.Streaming.MaxEffectiveScreenSize:0]]
[2023.02.23-19.59.42:296][  0]LogConfig: Applying CVar settings from Section [EffectsQuality@3] File [C:/Users/beatriz.fulgencio/Documents/GitHub/Ue4-c-Course/MyProject/Saved/Config/Windows/Scalability.ini]
[2023.02.23-19.59.42:296][  0]LogConfig: Setting CVar [[r.TranslucencyLightingVolumeDim:64]]
[2023.02.23-19.59.42:296][  0]LogConfig: Setting CVar [[r.RefractionQuality:2]]
[2023.02.23-19.59.42:296][  0]LogConfig: Setting CVar [[r.SSR.Quality:3]]
[2023.02.23-19.59.42:296][  0]LogConfig: Setting CVar [[r.SSR.HalfResSceneColor:0]]
[2023.02.23-19.59.42:296][  0]LogConfig: Setting CVar [[r.SceneColorFormat:4]]
[2023.02.23-19.59.42:296][  0]LogConfig: Setting CVar [[r.DetailMode:2]]
[2023.02.23-19.59.42:297][  0]LogConfig: Setting CVar [[r.TranslucencyVolumeBlur:1]]
[2023.02.23-19.59.42:297][  0]LogConfig: Setting CVar [[r.MaterialQualityLevel:1 ; High quality]]
[2023.02.23-19.59.42:297][  0]LogConfig: Setting CVar [[r.AnisotropicMaterials:1]]
[2023.02.23-19.59.42:297][  0]LogConfig: Setting CVar [[r.SSS.Scale:1]]
[2023.02.23-19.59.42:297][  0]LogConfig: Setting CVar [[r.SSS.SampleSet:2]]
[2023.02.23-19.59.42:297][  0]LogConfig: Setting CVar [[r.SSS.Quality:1]]
[2023.02.23-19.59.42:297][  0]LogConfig: Setting CVar [[r.SSS.HalfRes:0]]
[2023.02.23-19.59.42:297][  0]LogConfig: Setting CVar [[r.SSGI.Quality:3]]
[2023.02.23-19.59.42:297][  0]LogConfig: Setting CVar [[r.EmitterSpawnRateScale:1.0]]
[2023.02.23-19.59.42:297][  0]LogConfig: Setting CVar [[r.ParticleLightQuality:2]]
[2023.02.23-19.59.42:297][  0]LogConfig: Setting CVar [[r.SkyAtmosphere.AerialPerspectiveLUT.FastApplyOnOpaque:1 ; Always have FastSkyLUT 1 in this case to avoid wrong sky]]
[2023.02.23-19.59.42:297][  0]LogConfig: Setting CVar [[r.SkyAtmosphere.AerialPerspectiveLUT.SampleCountMaxPerSlice:4]]
[2023.02.23-19.59.42:297][  0]LogConfig: Setting CVar [[r.SkyAtmosphere.AerialPerspectiveLUT.DepthResolution:16.0]]
[2023.02.23-19.59.42:297][  0]LogConfig: Setting CVar [[r.SkyAtmosphere.FastSkyLUT:1]]
[2023.02.23-19.59.42:297][  0]LogConfig: Setting CVar [[r.SkyAtmosphere.FastSkyLUT.SampleCountMin:4.0]]
[2023.02.23-19.59.42:297][  0]LogConfig: Setting CVar [[r.SkyAtmosphere.FastSkyLUT.SampleCountMax:128.0]]
[2023.02.23-19.59.42:297][  0]LogConfig: Setting CVar [[r.SkyAtmosphere.SampleCountMin:4.0]]
[2023.02.23-19.59.42:297][  0]LogConfig: Setting CVar [[r.SkyAtmosphere.SampleCountMax:128.0]]
[2023.02.23-19.59.42:297][  0]LogConfig: Setting CVar [[r.SkyAtmosphere.TransmittanceLUT.UseSmallFormat:0]]
[2023.02.23-19.59.42:298][  0]LogConfig: Setting CVar [[r.SkyAtmosphere.TransmittanceLUT.SampleCount:10.0]]
[2023.02.23-19.59.42:298][  0]LogConfig: Setting CVar [[r.SkyAtmosphere.MultiScatteringLUT.SampleCount:15.0]]
[2023.02.23-19.59.42:298][  0]LogConfig: Setting CVar [[r.SkyLight.RealTimeReflectionCapture:1]]
[2023.02.23-19.59.42:298][  0]LogConfig: Applying CVar settings from Section [FoliageQuality@3] File [C:/Users/beatriz.fulgencio/Documents/GitHub/Ue4-c-Course/MyProject/Saved/Config/Windows/Scalability.ini]
[2023.02.23-19.59.42:298][  0]LogConfig: Setting CVar [[foliage.DensityScale:1.0]]
[2023.02.23-19.59.42:298][  0]LogConfig: Setting CVar [[grass.DensityScale:1.0]]
[2023.02.23-19.59.42:298][  0]LogConfig: Applying CVar settings from Section [ShadingQuality@3] File [C:/Users/beatriz.fulgencio/Documents/GitHub/Ue4-c-Course/MyProject/Saved/Config/Windows/Scalability.ini]
[2023.02.23-19.59.42:298][  0]LogConfig: Setting CVar [[r.HairStrands.SkyLighting.IntegrationType:2]]
[2023.02.23-19.59.42:298][  0]LogConfig: Setting CVar [[r.HairStrands.SkyAO.SampleCount:4]]
[2023.02.23-19.59.42:298][  0]LogConfig: Setting CVar [[r.HairStrands.Visibility.MSAA.SamplePerPixel:4]]
[2023.02.23-19.59.42:298][  0]LogConfig: Applying CVar settings from Section [Startup] File [../../../Engine/Config/ConsoleVariables.ini]
[2023.02.23-19.59.42:299][  0]LogConfig: Setting CVar [[net.UseAdaptiveNetUpdateFrequency:0]]
[2023.02.23-19.59.42:299][  0]LogConfig: Setting CVar [[p.chaos.AllowCreatePhysxBodies:1]]
[2023.02.23-19.59.42:299][  0]LogConfig: Setting CVar [[fx.SkipVectorVMBackendOptimizations:1]]
[2023.02.23-19.59.42:299][  0]LogConfig: Applying CVar settings from Section [ConsoleVariables] File [C:/Users/beatriz.fulgencio/Documents/GitHub/Ue4-c-Course/MyProject/Saved/Config/Windows/Engine.ini]
[2023.02.23-19.59.42:299][  0]LogConfig: Applying CVar settings from Section [ConsoleVariables] File [C:/Users/beatriz.fulgencio/Documents/GitHub/Ue4-c-Course/MyProject/Saved/Config/Windows/Editor.ini]
[2023.02.23-19.59.42:299][  0]LogInit: Computer: IMDESIGNS-BPC27
[2023.02.23-19.59.42:299][  0]LogInit: User: beatrizfulgencio
[2023.02.23-19.59.42:299][  0]LogInit: CPU Page size=4096, Cores=4
[2023.02.23-19.59.42:300][  0]LogInit: High frequency timer resolution =10.000000 MHz
[2023.02.23-19.59.42:300][  0]LogMemory: Memory total: Physical=23.9GB (24GB approx)
[2023.02.23-19.59.42:300][  0]LogMemory: Platform Memory Stats for Windows
[2023.02.23-19.59.42:300][  0]LogMemory: Process Physical Memory: 142.69 MB used, 142.69 MB peak
[2023.02.23-19.59.42:300][  0]LogMemory: Process Virtual Memory: 120.43 MB used, 120.43 MB peak
[2023.02.23-19.59.42:300][  0]LogMemory: Physical Memory: 12874.84 MB used,  11641.02 MB free, 24515.86 MB total
[2023.02.23-19.59.42:300][  0]LogMemory: Virtual Memory: 134175832.00 MB used,  41898.27 MB free, 134217728.00 MB total
[2023.02.23-19.59.42:331][  0]LogWindows: WindowsPlatformFeatures enabled
[2023.02.23-19.59.42:624][  0]LogInit: Physics initialised using underlying interface: PhysX
[2023.02.23-19.59.42:625][  0]LogInit: Using OS detected language (en-US).
[2023.02.23-19.59.42:626][  0]LogInit: Using OS detected locale (pt-BR).
[2023.02.23-19.59.42:630][  0]LogTextLocalizationManager: No specific localization for 'en-US' exists, so the 'en' localization will be used.
[2023.02.23-19.59.42:968][  0]LogInit: Setting process to per monitor DPI aware
[2023.02.23-19.59.43:022][  0]LogWindowsTextInputMethodSystem: Display: IME system deactivated.
[2023.02.23-19.59.43:049][  0]LogSlate: New Slate User Created.  User Index 0, Is Virtual User: 0
[2023.02.23-19.59.43:049][  0]LogSlate: Slate User Registered.  User Index 0, Is Virtual User: 0
[2023.02.23-19.59.43:224][  0]LogD3D11RHI: Loaded GFSDK_Aftermath_Lib.x64.dll
[2023.02.23-19.59.43:233][  0]LogHMD: Failed to initialize OpenVR with code 110
[2023.02.23-19.59.43:233][  0]LogD3D11RHI: D3D11 min allowed feature level: 11_0
[2023.02.23-19.59.43:233][  0]LogD3D11RHI: D3D11 max allowed feature level: 11_0
[2023.02.23-19.59.43:233][  0]LogD3D11RHI: D3D11 adapters:
[2023.02.23-19.59.43:383][  0]LogD3D11RHI:    0. 'NVIDIA GeForce GTX 1080' (Feature Level 11_0)
[2023.02.23-19.59.43:383][  0]LogD3D11RHI:       8079/0/12257 MB DedicatedVideo/DedicatedSystem/SharedSystem, Outputs:2, VendorId:0x10de
[2023.02.23-19.59.43:389][  0]LogD3D11RHI:    1. 'Microsoft Basic Render Driver' (Feature Level 11_0)
[2023.02.23-19.59.43:389][  0]LogD3D11RHI:       0/0/12257 MB DedicatedVideo/DedicatedSystem/SharedSystem, Outputs:0, VendorId:0x1414
[2023.02.23-19.59.43:389][  0]LogD3D11RHI: Chosen D3D11 Adapter:
[2023.02.23-19.59.43:389][  0]LogD3D11RHI:     Description : NVIDIA GeForce GTX 1080
[2023.02.23-19.59.43:389][  0]LogD3D11RHI:     VendorId    : 10de
[2023.02.23-19.59.43:389][  0]LogD3D11RHI:     DeviceId    : 1ba0
[2023.02.23-19.59.43:389][  0]LogD3D11RHI:     SubSysId    : 8375103c
[2023.02.23-19.59.43:390][  0]LogD3D11RHI:     Revision    : 00a1
[2023.02.23-19.59.43:390][  0]LogD3D11RHI:     DedicatedVideoMemory : 8471445504 bytes
[2023.02.23-19.59.43:390][  0]LogD3D11RHI:     DedicatedSystemMemory : 0 bytes
[2023.02.23-19.59.43:390][  0]LogD3D11RHI:     SharedSystemMemory : 12853370880 bytes
[2023.02.23-19.59.43:390][  0]LogD3D11RHI:     AdapterLuid : 0 73508
[2023.02.23-19.59.43:396][  0]LogD3D11RHI: Creating new Direct3DDevice
[2023.02.23-19.59.43:396][  0]LogD3D11RHI:     GPU DeviceId: 0x1ba0 (for the marketing name, search the web for "GPU Device Id")
[2023.02.23-19.59.43:396][  0]LogWindows: EnumDisplayDevices:
[2023.02.23-19.59.43:397][  0]LogWindows:    0. 'NVIDIA GeForce GTX 1080' (P:0 D:1)
[2023.02.23-19.59.43:397][  0]LogWindows:    1. 'NVIDIA GeForce GTX 1080' (P:1 D:1)
[2023.02.23-19.59.43:397][  0]LogWindows:    2. 'NVIDIA GeForce GTX 1080' (P:0 D:0)
[2023.02.23-19.59.43:398][  0]LogWindows:    3. 'NVIDIA GeForce GTX 1080' (P:0 D:0)
[2023.02.23-19.59.43:398][  0]LogWindows: DebugString: FoundDriverCount:4 
[2023.02.23-19.59.43:398][  0]LogD3D11RHI:     Adapter Name: NVIDIA GeForce GTX 1080
[2023.02.23-19.59.43:398][  0]LogD3D11RHI:   Driver Version: 511.65 (internal:30.0.15.1165, unified:511.65)
[2023.02.23-19.59.43:398][  0]LogD3D11RHI:      Driver Date: 1-28-2022
[2023.02.23-19.59.43:398][  0]LogRHI: Texture pool is 5655 MB (70% of 8079 MB)
[2023.02.23-19.59.43:399][  0]LogD3D11RHI: Creating D3DDevice using adapter:
[2023.02.23-19.59.43:399][  0]LogD3D11RHI:     Description : NVIDIA GeForce GTX 1080
[2023.02.23-19.59.43:399][  0]LogD3D11RHI:     VendorId    : 10de
[2023.02.23-19.59.43:399][  0]LogD3D11RHI:     DeviceId    : 1ba0
[2023.02.23-19.59.43:399][  0]LogD3D11RHI:     SubSysId    : 8375103c
[2023.02.23-19.59.43:399][  0]LogD3D11RHI:     Revision    : 00a1
[2023.02.23-19.59.43:399][  0]LogD3D11RHI:     DedicatedVideoMemory : 8471445504 bytes
[2023.02.23-19.59.43:399][  0]LogD3D11RHI:     DedicatedSystemMemory : 0 bytes
[2023.02.23-19.59.43:399][  0]LogD3D11RHI:     SharedSystemMemory : 12853370880 bytes
[2023.02.23-19.59.43:399][  0]LogD3D11RHI:     AdapterLuid : 0 73508
[2023.02.23-19.59.43:478][  0]LogD3D11RHI: RHI has support for 64 bit atomics
[2023.02.23-19.59.43:478][  0]LogD3D11RHI: Async texture creation enabled
[2023.02.23-19.59.43:478][  0]LogD3D11RHI: Array index from any shader is supported
[2023.02.23-19.59.43:498][  0]LogD3D11RHI: GPU Timing Frequency: 1000.000000 (Debug: 2 1)
[2023.02.23-19.59.43:551][  0]LogRHI: GeForceNow SDK initialized: 1
[2023.02.23-19.59.43:910][  0]LogTargetPlatformManager: Display: Loaded TargetPlatform 'AllDesktop'
[2023.02.23-19.59.43:946][  0]LogTargetPlatformManager: Display: Loaded TargetPlatform 'Android'
[2023.02.23-19.59.43:946][  0]LogTargetPlatformManager: Display: Loaded TargetPlatform 'Android_ASTC'
[2023.02.23-19.59.43:946][  0]LogTargetPlatformManager: Display: Loaded TargetPlatform 'Android_DXT'
[2023.02.23-19.59.43:946][  0]LogTargetPlatformManager: Display: Loaded TargetPlatform 'Android_ETC2'
[2023.02.23-19.59.43:946][  0]LogTargetPlatformManager: Display: Loaded TargetPlatform 'AndroidClient'
[2023.02.23-19.59.43:946][  0]LogTargetPlatformManager: Display: Loaded TargetPlatform 'Android_ASTCClient'
[2023.02.23-19.59.43:946][  0]LogTargetPlatformManager: Display: Loaded TargetPlatform 'Android_DXTClient'
[2023.02.23-19.59.43:946][  0]LogTargetPlatformManager: Display: Loaded TargetPlatform 'Android_ETC2Client'
[2023.02.23-19.59.43:946][  0]LogTargetPlatformManager: Display: Loaded TargetPlatform 'Android_Multi'
[2023.02.23-19.59.43:946][  0]LogTargetPlatformManager: Display: Loaded TargetPlatform 'Android_MultiClient'
[2023.02.23-19.59.43:983][  0]LogTargetPlatformManager: Display: Loaded TargetPlatform 'IOSClient'
[2023.02.23-19.59.43:984][  0]LogTargetPlatformManager: Display: Loaded TargetPlatform 'IOS'
[2023.02.23-19.59.44:000][  0]LogTargetPlatformManager: Display: Loaded TargetPlatform 'Linux'
[2023.02.23-19.59.44:007][  0]LogTargetPlatformManager: Display: Loaded TargetPlatform 'LinuxNoEditor'
[2023.02.23-19.59.44:016][  0]LogTargetPlatformManager: Display: Loaded TargetPlatform 'LinuxClient'
[2023.02.23-19.59.44:023][  0]LogTargetPlatformManager: Display: Loaded TargetPlatform 'LinuxServer'
[2023.02.23-19.59.44:042][  0]LogTargetPlatformManager: Display: Loaded TargetPlatform 'LinuxAArch64NoEditor'
[2023.02.23-19.59.44:081][  0]LogTargetPlatformManager: Display: Loaded TargetPlatform 'LinuxAArch64Client'
[2023.02.23-19.59.44:089][  0]LogTargetPlatformManager: Display: Loaded TargetPlatform 'LinuxAArch64Server'
[2023.02.23-19.59.44:124][  0]LogTargetPlatformManager: Display: Loaded TargetPlatform 'Lumin'
[2023.02.23-19.59.44:124][  0]LogTargetPlatformManager: Display: Loaded TargetPlatform 'LuminClient'
[2023.02.23-19.59.44:138][  0]LogTargetPlatformManager: Display: Loaded TargetPlatform 'MacNoEditor'
[2023.02.23-19.59.44:146][  0]LogTargetPlatformManager: Display: Loaded TargetPlatform 'Mac'
[2023.02.23-19.59.44:154][  0]LogTargetPlatformManager: Display: Loaded TargetPlatform 'MacClient'
[2023.02.23-19.59.44:162][  0]LogTargetPlatformManager: Display: Loaded TargetPlatform 'MacServer'
[2023.02.23-19.59.44:181][  0]LogTargetPlatformManager: Display: Loaded TargetPlatform 'TVOSClient'
[2023.02.23-19.59.44:181][  0]LogTargetPlatformManager: Display: Loaded TargetPlatform 'TVOS'
[2023.02.23-19.59.44:196][  0]LogTargetPlatformManager: Display: Loaded TargetPlatform 'WindowsNoEditor'
[2023.02.23-19.59.44:205][  0]LogTargetPlatformManager: Display: Loaded TargetPlatform 'Windows'
[2023.02.23-19.59.44:215][  0]LogTargetPlatformManager: Display: Loaded TargetPlatform 'WindowsClient'
[2023.02.23-19.59.44:223][  0]LogTargetPlatformManager: Display: Loaded TargetPlatform 'WindowsServer'
[2023.02.23-19.59.44:224][  0]LogTargetPlatformManager: Display: Building Assets For Windows
[2023.02.23-19.59.44:242][  0]LogAudioDebug: Display: Lib vorbis DLL was dynamically loaded.
[2023.02.23-19.59.44:316][  0]LogTextureFormatOodle: Display: Oodle Texture 2.9.0 init RDO Off
[2023.02.23-19.59.44:389][  0]LogRendererCore: Ray tracing is disabled. Reason: r.RayTracing=0.
[2023.02.23-19.59.44:389][  0]LogShaderCompilers: Guid format shader working directory is -23 characters bigger than the processId version (../../../../../../Users/beatriz.fulgencio/Documents/GitHub/Ue4-c-Course/MyProject/Intermediate/Shaders/WorkingDirectory/1812/).
[2023.02.23-19.59.44:389][  0]LogShaderCompilers: Cleaned the shader compiler working directory 'C:/Users/beatriz.fulgencio/AppData/Local/Temp/UnrealShaderWorkingDir/42BD3659432F3510AB2B2B91417DD27F/'.
[2023.02.23-19.59.44:390][  0]LogXGEController: Cannot use XGE Controller as Incredibuild is not installed on this machine.
[2023.02.23-19.59.44:390][  0]LogShaderCompilers: Cannot use XGE Shader Compiler as Incredibuild is not installed on this machine.
[2023.02.23-19.59.44:390][  0]LogShaderCompilers: Display: Using Local Shader Compiler.
[2023.02.23-19.59.45:262][  0]LogDerivedDataCache: Display: Max Cache Size: 512 MB
[2023.02.23-19.59.45:340][  0]LogDerivedDataCache: Loaded boot cache 0.08s 94MB C:/Users/beatriz.fulgencio/AppData/Local/UnrealEngine/4.27/DerivedDataCache/Boot.ddc.
[2023.02.23-19.59.45:340][  0]LogDerivedDataCache: Display: Loaded Boot cache: C:/Users/beatriz.fulgencio/AppData/Local/UnrealEngine/4.27/DerivedDataCache/Boot.ddc
[2023.02.23-19.59.45:340][  0]LogDerivedDataCache: FDerivedDataBackendGraph:  Pak pak cache file ../../../../../../Users/beatriz.fulgencio/Documents/GitHub/Ue4-c-Course/MyProject/DerivedDataCache/DDC.ddp not found, will not use a pak cache.
[2023.02.23-19.59.45:340][  0]LogDerivedDataCache: Unable to find inner node Pak for hierarchical cache Hierarchy.
[2023.02.23-19.59.45:341][  0]LogDerivedDataCache: FDerivedDataBackendGraph:  CompressedPak pak cache file ../../../../../../Users/beatriz.fulgencio/Documents/GitHub/Ue4-c-Course/MyProject/DerivedDataCache/Compressed.ddp not found, will not use a pak cache.
[2023.02.23-19.59.45:341][  0]LogDerivedDataCache: Unable to find inner node CompressedPak for hierarchical cache Hierarchy.
[2023.02.23-19.59.45:359][  0]LogDerivedDataCache: Display: Pak cache opened for reading ../../../Engine/DerivedDataCache/Compressed.ddp.
[2023.02.23-19.59.45:359][  0]LogDerivedDataCache: FDerivedDataBackendGraph:  EnterprisePak pak cache file ../../../Enterprise/DerivedDataCache/Compressed.ddp not found, will not use a pak cache.
[2023.02.23-19.59.45:360][  0]LogDerivedDataCache: Unable to find inner node EnterprisePak for hierarchical cache Hierarchy.
[2023.02.23-19.59.45:374][  0]LogDerivedDataCache: Speed tests for C:/Users/beatriz.fulgencio/AppData/Local/UnrealEngine/Common/DerivedDataCache took 0.01 seconds
[2023.02.23-19.59.45:374][  0]LogDerivedDataCache: Display: Performance to C:/Users/beatriz.fulgencio/AppData/Local/UnrealEngine/Common/DerivedDataCache: Latency=0.05ms. RandomReadSpeed=153.91MBs, RandomWriteSpeed=127.35MBs. Assigned SpeedClass 'Local'
[2023.02.23-19.59.45:377][  0]LogDerivedDataCache: Using Local data cache path C:/Users/beatriz.fulgencio/AppData/Local/UnrealEngine/Common/DerivedDataCache: Writable
[2023.02.23-19.59.45:377][  0]LogDerivedDataCache: Shared data cache path not found in *engine.ini, will not use an Shared cache.
[2023.02.23-19.59.45:377][  0]LogDerivedDataCache: Unable to find inner node Shared for hierarchical cache Hierarchy.
[2023.02.23-19.59.45:432][  0]LogSlate: Using FreeType 2.10.0
[2023.02.23-19.59.45:433][  0]LogSlate: SlateFontServices - WITH_FREETYPE: 1, WITH_HARFBUZZ: 1
[2023.02.23-19.59.45:470][  0]LogAssetRegistry: FAssetRegistry took 0.0068 seconds to start up
[2023.02.23-19.59.45:758][  0]LogInit: Selected Device Profile: [Windows]
[2023.02.23-19.59.45:758][  0]LogInit: Active device profile: [0000020C5594AC00][0000020C53556380 49] Windows
[2023.02.23-19.59.45:758][  0]LogInit: Profiles: [0000020C5594AC00][0000020C53556380 49] Windows, [0000020C558E1400][0000020C53474500 49] WindowsNoEditor, [0000020C5594A300][0000020C535E6680 49] WindowsServer, [0000020C558E1C00][0000020C53566800 49] WindowsClient, [0000020C5594B900][0000020C5356A980 49] IOS, [0000020C558E3400][0000020C5356EB00 49] iPadAir, [0000020C558E0500][0000020C4ADCCC40 49] iPadAir2, [0000020C5588D200][0000020C4D9F4E80 49] IPadPro, [0000020C5588D300][0000020C4D9F0EC0 49] iPadAir3, [0000020C55949400][0000020C4D9FD040 49] iPadAir4, [0000020C5588C200][0000020C4DA011C0 49] iPadMini2, [0000020C55949300][0000020C4DA05340 49] iPadMini3, [0000020C5588F100][0000020C4DA094C0 49] iPadMini4, [0000020C558E0700][0000020C4DA0D640 49] iPadMini5, [0000020C558ACB00][0000020C4AAD9900 49] iPhone6, [0000020C558ACC00][0000020C4AAD5940 49] iPodTouch6, [0000020C5588FA00][0000020C4AAE1C00 49] iPhone7, [0000020C5588F900][0000020C4AADC0C0 49] iPodTouch7, [0000020C558AC400][0000020C4AAE4240 49] iPhone5S, [0000020C5588DD00][0000020C4AAE83C0 49] iPhone6Plus, [0000020C558AD400][0000020C4AAEC540 49] iPhone6S, [0000020C5588D400][0000020C4AAF06C0 49] iPhone6SPlus, [0000020C558AFF00][0000020C4AAF4840 49] iPhone7Plus, [0000020C5588F200][0000020C4AAF89C0 49] iPhoneSE, [0000020C558ADC00][0000020C547A2B40 49] iPhone8, [0000020C5588C700][0000020C547A6CC0 49] iPhone8Plus, [0000020C558AF400][0000020C4D9F8E00 49] iPhoneX, [0000020C5588E500][0000020C547AAF40 49] iPhoneXS, [0000020C558AE300][0000020C547AF080 49] iPhoneXSMax, [0000020C5588DF00][0000020C547B31C0 49] iPhoneXR, [0000020C558AF000][0000020C547BB340 49] iPhone11, [0000020C5588E800][0000020C547BF4C0 49] iPhone11Pro, [0000020C558ACF00][0000020C547C3640 49] iPhone11ProMax, [0000020C5588D900][0000020C547C77C0 49] iPhoneSE2, [0000020C558AD700][0000020C547CB940 49] iPhone12Mini, [0000020C5588F800][0000020C547CFAC0 49] iPhone12, [0000020C558AFE00][0000020C547D20C0 49] iPhone12Pro, [0000020C5588FB00][0000020C547D6240 49] iPhone12ProMax, [0000020C558AC500][0000020C547DA3C0 49] iPadPro105, [0000020C5588DB00][0000020C547DE540 49] iPadPro129, [0000020C558AD500][0000020C547E26C0 49] iPadPro97, [0000020C5588E600][0000020C4AE60840 49] iPadPro2_129, [0000020C558AE500][0000020C4AE649C0 49] iPad5, [0000020C5588F400][0000020C4AE68B40 49] iPad6, [0000020C558ACA00][0000020C4AE6CCC0 49] iPad7, [0000020C5588F700][0000020C4AE70E40 49] iPad8, [0000020C558AF700][0000020C547B6F80 49] iPadPro11, [0000020C5588EF00][0000020C4AE750C0 49] iPadPro2_11, [0000020C558ADB00][0000020C4AE79200 49] iPadPro3_129, [0000020C5588D000][0000020C4AE7D340 49] iPadPro4_129, [0000020C558AED00][0000020C4AE854C0 49] AppleTV, [0000020C5588C600][0000020C4AE89640 49] AppleTV4K, [0000020C558AC600][0000020C4AE8D7C0 49] TVOS, [0000020C5588ED00][0000020C4AE91940 49] Mac, [0000020C558AE900][0000020C4AE95AC0 49] MacClient, [0000020C5588F000][0000020C4AE980C0 49] MacNoEditor, [0000020C558AD900][0000020C4AE9C240 49] MacServer, [0000020C5588CB00][0000020C4AEA03C0 49] Linux, [0000020C558AC700][0000020C4AEA4540 49] LinuxAArch64, [0000020C5588D500][0000020C4AEA86C0 49] LinuxNoEditor, [0000020C558AEF00][0000020C4AEAC840 49] LinuxAArch64NoEditor, [0000020C5588D800][0000020C4AEB09C0 49] LinuxClient, [0000020C558AF500][0000020C4AEB4B40 49] LinuxAArch64Client, [0000020C5588CA00][0000020C4AEB8CC0 49] LinuxServer, [0000020C558AD200][0000020C4AEBCE40 49] LinuxAArch64Server, [0000020C5588E900][0000020C4AEC0FC0 49] Android, [0000020C558AD800][0000020C4AEC5140 49] Android_Low, [0000020C5588F600][0000020C4AE81280 49] Android_Mid, [0000020C558AF200][0000020C4AEC93C0 49] Android_High, [0000020C5588D700][0000020C4AECD500 49] Android_Default, [0000020C558ACD00][0000020C4AED5680 49] Android_Adreno4xx, [0000020C5588FC00][0000020C4AED9800 49] Android_Adreno5xx_Low, [0000020C5594B600][0000020C4AEDD980 49] Android_Adreno5xx, [0000020C558E3E00][0000020C4AEE1B00 49] Android_Adreno6xx, [0000020C5594A200][0000020C4AEE4100 49] Android_Adreno6xx_Vulkan, [0000020C558E2200][0000020C4AEE8280 49] Android_Mali_T6xx, [0000020C5594B100][0000020C4AEEC400 49] Android_Mali_T7xx, [0000020C558E0E00][0000020C4AEF0580 49] Android_Mali_T8xx, [0000020C55949800][0000020C54600700 49] Android_Mali_G71, [0000020C558E0600][0000020C54604880 49] Android_Mali_G72, [0000020C55949600][0000020C54608A00 49] Android_Mali_G72_Vulkan, [0000020C558E1500][0000020C5460CB80 49] Android_Mali_G76, [0000020C5594B000][0000020C54610D00 49] Android_Mali_G76_Vulkan, [0000020C558E2300][0000020C54614E80 49] Android_Mali_G77, [0000020C55949C00][0000020C54619000 49] Android_Mali_G77_Vulkan, [0000020C558E3600][0000020C5461D180 49] Android_Mali_G78, [0000020C55948F00][0000020C54621300 49] Android_Mali_G78_Vulkan, [0000020C558E2700][0000020C4AED1440 49] Android_Mali_G710, [0000020C5594A600][0000020C54625580 49] Android_Mali_G710_Vulkan, [0000020C558E3F00][0000020C546296C0 49] Android_Vulkan_SM5, [0000020C55949D00][0000020C54631840 49] Android_PowerVR_G6xxx, [0000020C558E0200][0000020C546359C0 49] Android_PowerVR_GT7xxx, [0000020C55948700][0000020C54639B40 49] Android_PowerVR_GE8xxx, [0000020C558E3C00][0000020C5463C140 49] Android_PowerVR_GM9xxx, [0000020C55949E00][0000020C546402C0 49] Android_PowerVR_GM9xxx_Vulkan, [0000020C558E1600][0000020C54644440 49] Android_TegraK1, [0000020C55948A00][0000020C546485C0 49] Android_Unknown_Vulkan, [0000020C558E0D00][0000020C5464C740 49] Lumin, [0000020C55948500][0000020C546508C0 49] Lumin_Desktop, [0000020C558AF800][0000020C54654A40 49] HoloLens, 
[2023.02.23-19.59.45:934][  0]LogMeshReduction: Using QuadricMeshReduction for automatic static mesh reduction
[2023.02.23-19.59.45:934][  0]LogMeshReduction: Using SimplygonMeshReduction for automatic skeletal mesh reduction
[2023.02.23-19.59.45:934][  0]LogMeshReduction: Using ProxyLODMeshReduction for automatic mesh merging
[2023.02.23-19.59.45:934][  0]LogMeshReduction: No distributed automatic mesh merging module available
[2023.02.23-19.59.45:934][  0]LogMeshMerging: No distributed automatic mesh merging module available
[2023.02.23-19.59.45:958][  0]LogNetVersion: MyProject 1.0.0, NetCL: 17155196, EngineNetVer: 17, GameNetVer: 0 (Checksum: 3629800737)
[2023.02.23-19.59.46:397][  0]LogTexture: Default maximum texture size for cubemaps generated from long-lat sources has been changed from 512 to unlimited. In order to preserve old behaiour for '/Engine/MapTemplates/Sky/DaylightAmbientCubemap.DaylightAmbientCubemap', its maximum texture size has been explicitly set to 512.
[2023.02.23-19.59.46:485][  0]LogHMD: PokeAHoleMaterial loaded successfully
[2023.02.23-19.59.46:490][  0]LogUObjectArray: 17178 objects as part of root set at end of initial load.
[2023.02.23-19.59.46:491][  0]LogUObjectAllocator: 4302048 out of 0 bytes used by permanent object pool.
[2023.02.23-19.59.46:491][  0]LogUObjectArray: CloseDisregardForGC: 0/0 objects in disregard for GC pool
[2023.02.23-19.59.46:867][  0]LogNiagaraDebuggerClient: Niagara Debugger Client Initialized | Session: 6A6C607447E4F532E8B069A6BCC5ACCA | Instance: 3BE572A846ECDC7C7E27D6A18056F5B8 (IMDESIGNS-BPC27-1812).
[2023.02.23-19.59.47:104][  0]LogPython: Using Python 3.7.7
[2023.02.23-19.59.47:728][  0]LogTcpMessaging: Initializing TcpMessaging bridge
[2023.02.23-19.59.47:738][  0]LogUdpMessaging: Initializing bridge on interface 0.0.0.0:0 to multicast group 230.0.0.1:6666.
